[0.024s] Invoking command in '/home/rosuser/ddbot_ws/build/ddbot_msgs': CMAKE_PREFIX_PATH=${CMAKE_PREFIX_PATH}:/home/rosuser/ddbot_ws/install/ddbot_py_examples:/opt/ros/humble /usr/bin/cmake --build /home/rosuser/ddbot_ws/build/ddbot_msgs -- -j8 -l8
[0.051s] -- Found ament_cmake: 1.3.10 (/opt/ros/humble/share/ament_cmake/cmake)
[0.171s] -- Found std_msgs: 4.2.4 (/opt/ros/humble/share/std_msgs/cmake)
[0.204s] -- Found rosidl_generator_c: 3.1.5 (/opt/ros/humble/share/rosidl_generator_c/cmake)
[0.208s] -- Found rosidl_adapter: 3.1.5 (/opt/ros/humble/share/rosidl_adapter/cmake)
[0.217s] -- Found rosidl_generator_cpp: 3.1.5 (/opt/ros/humble/share/rosidl_generator_cpp/cmake)
[0.231s] -- Using all available rosidl_typesupport_c: rosidl_typesupport_fastrtps_c;rosidl_typesupport_introspection_c
[0.250s] -- Using all available rosidl_typesupport_cpp: rosidl_typesupport_fastrtps_cpp;rosidl_typesupport_introspection_cpp
[0.277s] -- Found rosidl_default_generators: 1.2.0 (/opt/ros/humble/share/rosidl_default_generators/cmake)
[0.536s] -- Found ament_cmake_ros: 0.10.0 (/opt/ros/humble/share/ament_cmake_ros/cmake)
[0.786s] -- Using all available rosidl_typesupport_c: rosidl_typesupport_fastrtps_c;rosidl_typesupport_introspection_c
[0.878s] -- Using all available rosidl_typesupport_cpp: rosidl_typesupport_fastrtps_cpp;rosidl_typesupport_introspection_cpp
[0.897s] -- Found python_cmake_module: 0.10.0 (/opt/ros/humble/share/python_cmake_module/cmake)
[0.916s] -- Using PYTHON_EXECUTABLE: /usr/bin/python3
[0.916s] -- Using PYTHON_INCLUDE_DIRS: /usr/include/python3.10
[0.916s] -- Using PYTHON_LIBRARIES: /usr/lib/x86_64-linux-gnu/libpython3.10.so
[0.925s] -- Found ament_lint_auto: 0.12.11 (/opt/ros/humble/share/ament_lint_auto/cmake)
[0.934s] -- Added test 'lint_cmake' to check CMake code style
[0.935s] -- Added test 'xmllint' to check XML markup files
[0.936s] -- Configuring done
[0.960s] -- Generating done
[0.963s] -- Build files have been written to: /home/rosuser/ddbot_ws/build/ddbot_msgs
[0.984s] [35m[1mConsolidate compiler generated dependencies of target ddbot_msgs__rosidl_generator_c[0m
[0.993s] [  3%] Built target ddbot_msgs__cpp
[0.994s] [ 12%] Built target ddbot_msgs__rosidl_generator_c
[1.006s] [35m[1mConsolidate compiler generated dependencies of target ddbot_msgs__rosidl_typesupport_introspection_c[0m
[1.006s] [35m[1mConsolidate compiler generated dependencies of target ddbot_msgs__rosidl_typesupport_cpp[0m
[1.006s] [35m[1mConsolidate compiler generated dependencies of target ddbot_msgs__rosidl_typesupport_fastrtps_cpp[0m
[1.006s] [35m[1mConsolidate compiler generated dependencies of target ddbot_msgs__rosidl_typesupport_c[0m
[1.008s] [35m[1mConsolidate compiler generated dependencies of target ddbot_msgs__rosidl_typesupport_introspection_cpp[0m
[1.009s] [ 12%] Built target ament_cmake_python_copy_ddbot_msgs
[1.021s] [ 22%] Built target ddbot_msgs__rosidl_typesupport_introspection_c
[1.021s] [ 32%] Built target ddbot_msgs__rosidl_typesupport_fastrtps_cpp
[1.021s] [ 41%] Built target ddbot_msgs__rosidl_typesupport_c
[1.023s] [ 51%] Built target ddbot_msgs__rosidl_typesupport_introspection_cpp
[1.024s] [35m[1mConsolidate compiler generated dependencies of target ddbot_msgs__rosidl_typesupport_fastrtps_c[0m
[1.024s] [ 61%] Built target ddbot_msgs__rosidl_typesupport_cpp
[1.035s] [ 70%] Built target ddbot_msgs__rosidl_typesupport_fastrtps_c
[1.052s] [ 70%] Built target ddbot_msgs
[1.069s] [ 74%] Built target ddbot_msgs__py
[1.080s] [35m[1mConsolidate compiler generated dependencies of target ddbot_msgs__rosidl_generator_py[0m
[1.094s] [ 80%] Built target ddbot_msgs__rosidl_generator_py
[1.103s] [35m[1mConsolidate compiler generated dependencies of target ddbot_msgs__rosidl_typesupport_c__pyext[0m
[1.106s] [35m[1mConsolidate compiler generated dependencies of target ddbot_msgs__rosidl_typesupport_introspection_c__pyext[0m
[1.106s] [35m[1mConsolidate compiler generated dependencies of target ddbot_msgs__rosidl_typesupport_fastrtps_c__pyext[0m
[1.116s] [ 87%] Built target ddbot_msgs__rosidl_typesupport_c__pyext
[1.119s] [ 93%] Built target ddbot_msgs__rosidl_typesupport_fastrtps_c__pyext
[1.119s] [100%] Built target ddbot_msgs__rosidl_typesupport_introspection_c__pyext
[1.258s] running egg_info
[1.259s] writing ddbot_msgs.egg-info/PKG-INFO
[1.259s] writing dependency_links to ddbot_msgs.egg-info/dependency_links.txt
[1.259s] writing top-level names to ddbot_msgs.egg-info/top_level.txt
[1.262s] reading manifest file 'ddbot_msgs.egg-info/SOURCES.txt'
[1.263s] writing manifest file 'ddbot_msgs.egg-info/SOURCES.txt'
[1.285s] [100%] Built target ament_cmake_python_build_ddbot_msgs_egg
[1.296s] Invoked command in '/home/rosuser/ddbot_ws/build/ddbot_msgs' returned '0': CMAKE_PREFIX_PATH=${CMAKE_PREFIX_PATH}:/home/rosuser/ddbot_ws/install/ddbot_py_examples:/opt/ros/humble /usr/bin/cmake --build /home/rosuser/ddbot_ws/build/ddbot_msgs -- -j8 -l8
[1.357s] Invoking command in '/home/rosuser/ddbot_ws/build/ddbot_msgs': CMAKE_PREFIX_PATH=${CMAKE_PREFIX_PATH}:/home/rosuser/ddbot_ws/install/ddbot_py_examples:/opt/ros/humble /usr/bin/cmake --install /home/rosuser/ddbot_ws/build/ddbot_msgs
[1.364s] -- Install configuration: ""
[1.365s] -- Up-to-date: /home/rosuser/ddbot_ws/install/ddbot_msgs/share/ament_index/resource_index/rosidl_interfaces/ddbot_msgs
[1.365s] -- Up-to-date: /home/rosuser/ddbot_ws/install/ddbot_msgs/include/ddbot_msgs/ddbot_msgs
[1.365s] -- Up-to-date: /home/rosuser/ddbot_ws/install/ddbot_msgs/include/ddbot_msgs/ddbot_msgs/srv
[1.365s] -- Up-to-date: /home/rosuser/ddbot_ws/install/ddbot_msgs/include/ddbot_msgs/ddbot_msgs/srv/detail
[1.365s] -- Up-to-date: /home/rosuser/ddbot_ws/install/ddbot_msgs/include/ddbot_msgs/ddbot_msgs/srv/detail/add_two_ints__functions.h
[1.365s] -- Up-to-date: /home/rosuser/ddbot_ws/install/ddbot_msgs/include/ddbot_msgs/ddbot_msgs/srv/detail/add_two_ints__type_support.h
[1.365s] -- Up-to-date: /home/rosuser/ddbot_ws/install/ddbot_msgs/include/ddbot_msgs/ddbot_msgs/srv/detail/add_two_ints__functions.c
[1.365s] -- Up-to-date: /home/rosuser/ddbot_ws/install/ddbot_msgs/include/ddbot_msgs/ddbot_msgs/srv/detail/add_two_ints__struct.h
[1.365s] -- Up-to-date: /home/rosuser/ddbot_ws/install/ddbot_msgs/include/ddbot_msgs/ddbot_msgs/srv/add_two_ints.h
[1.366s] -- Up-to-date: /home/rosuser/ddbot_ws/install/ddbot_msgs/include/ddbot_msgs/ddbot_msgs/msg
[1.366s] -- Up-to-date: /home/rosuser/ddbot_ws/install/ddbot_msgs/include/ddbot_msgs/ddbot_msgs/msg/rosidl_generator_c__visibility_control.h
[1.366s] -- Up-to-date: /home/rosuser/ddbot_ws/install/ddbot_msgs/share/ddbot_msgs/environment/library_path.sh
[1.366s] -- Installing: /home/rosuser/ddbot_ws/install/ddbot_msgs/share/ddbot_msgs/environment/library_path.dsv
[1.366s] -- Up-to-date: /home/rosuser/ddbot_ws/install/ddbot_msgs/lib/libddbot_msgs__rosidl_generator_c.so
[1.366s] -- Up-to-date: /home/rosuser/ddbot_ws/install/ddbot_msgs/include/ddbot_msgs/ddbot_msgs
[1.366s] -- Up-to-date: /home/rosuser/ddbot_ws/install/ddbot_msgs/include/ddbot_msgs/ddbot_msgs/srv
[1.366s] -- Up-to-date: /home/rosuser/ddbot_ws/install/ddbot_msgs/include/ddbot_msgs/ddbot_msgs/srv/detail
[1.366s] -- Up-to-date: /home/rosuser/ddbot_ws/install/ddbot_msgs/include/ddbot_msgs/ddbot_msgs/srv/detail/add_two_ints__rosidl_typesupport_fastrtps_c.h
[1.367s] -- Up-to-date: /home/rosuser/ddbot_ws/install/ddbot_msgs/include/ddbot_msgs/ddbot_msgs/msg
[1.367s] -- Up-to-date: /home/rosuser/ddbot_ws/install/ddbot_msgs/include/ddbot_msgs/ddbot_msgs/msg/rosidl_typesupport_fastrtps_c__visibility_control.h
[1.367s] -- Up-to-date: /home/rosuser/ddbot_ws/install/ddbot_msgs/lib/libddbot_msgs__rosidl_typesupport_fastrtps_c.so
[1.367s] -- Up-to-date: /home/rosuser/ddbot_ws/install/ddbot_msgs/include/ddbot_msgs/ddbot_msgs
[1.367s] -- Up-to-date: /home/rosuser/ddbot_ws/install/ddbot_msgs/include/ddbot_msgs/ddbot_msgs/srv
[1.367s] -- Up-to-date: /home/rosuser/ddbot_ws/install/ddbot_msgs/include/ddbot_msgs/ddbot_msgs/srv/add_two_ints.hpp
[1.367s] -- Up-to-date: /home/rosuser/ddbot_ws/install/ddbot_msgs/include/ddbot_msgs/ddbot_msgs/srv/detail
[1.367s] -- Up-to-date: /home/rosuser/ddbot_ws/install/ddbot_msgs/include/ddbot_msgs/ddbot_msgs/srv/detail/add_two_ints__struct.hpp
[1.368s] -- Up-to-date: /home/rosuser/ddbot_ws/install/ddbot_msgs/include/ddbot_msgs/ddbot_msgs/srv/detail/add_two_ints__builder.hpp
[1.368s] -- Up-to-date: /home/rosuser/ddbot_ws/install/ddbot_msgs/include/ddbot_msgs/ddbot_msgs/srv/detail/add_two_ints__traits.hpp
[1.368s] -- Up-to-date: /home/rosuser/ddbot_ws/install/ddbot_msgs/include/ddbot_msgs/ddbot_msgs
[1.368s] -- Up-to-date: /home/rosuser/ddbot_ws/install/ddbot_msgs/include/ddbot_msgs/ddbot_msgs/srv
[1.368s] -- Up-to-date: /home/rosuser/ddbot_ws/install/ddbot_msgs/include/ddbot_msgs/ddbot_msgs/srv/detail
[1.368s] -- Up-to-date: /home/rosuser/ddbot_ws/install/ddbot_msgs/include/ddbot_msgs/ddbot_msgs/srv/detail/dds_fastrtps
[1.368s] -- Up-to-date: /home/rosuser/ddbot_ws/install/ddbot_msgs/include/ddbot_msgs/ddbot_msgs/srv/detail/add_two_ints__rosidl_typesupport_fastrtps_cpp.hpp
[1.368s] -- Up-to-date: /home/rosuser/ddbot_ws/install/ddbot_msgs/include/ddbot_msgs/ddbot_msgs/msg
[1.368s] -- Up-to-date: /home/rosuser/ddbot_ws/install/ddbot_msgs/include/ddbot_msgs/ddbot_msgs/msg/rosidl_typesupport_fastrtps_cpp__visibility_control.h
[1.368s] -- Up-to-date: /home/rosuser/ddbot_ws/install/ddbot_msgs/lib/libddbot_msgs__rosidl_typesupport_fastrtps_cpp.so
[1.368s] -- Up-to-date: /home/rosuser/ddbot_ws/install/ddbot_msgs/include/ddbot_msgs/ddbot_msgs
[1.368s] -- Up-to-date: /home/rosuser/ddbot_ws/install/ddbot_msgs/include/ddbot_msgs/ddbot_msgs/srv
[1.369s] -- Up-to-date: /home/rosuser/ddbot_ws/install/ddbot_msgs/include/ddbot_msgs/ddbot_msgs/srv/detail
[1.369s] -- Up-to-date: /home/rosuser/ddbot_ws/install/ddbot_msgs/include/ddbot_msgs/ddbot_msgs/srv/detail/add_two_ints__type_support.c
[1.369s] -- Up-to-date: /home/rosuser/ddbot_ws/install/ddbot_msgs/include/ddbot_msgs/ddbot_msgs/srv/detail/add_two_ints__rosidl_typesupport_introspection_c.h
[1.369s] -- Up-to-date: /home/rosuser/ddbot_ws/install/ddbot_msgs/include/ddbot_msgs/ddbot_msgs/msg
[1.369s] -- Up-to-date: /home/rosuser/ddbot_ws/install/ddbot_msgs/include/ddbot_msgs/ddbot_msgs/msg/rosidl_typesupport_introspection_c__visibility_control.h
[1.369s] -- Up-to-date: /home/rosuser/ddbot_ws/install/ddbot_msgs/lib/libddbot_msgs__rosidl_typesupport_introspection_c.so
[1.369s] -- Up-to-date: /home/rosuser/ddbot_ws/install/ddbot_msgs/lib/libddbot_msgs__rosidl_typesupport_c.so
[1.369s] -- Up-to-date: /home/rosuser/ddbot_ws/install/ddbot_msgs/include/ddbot_msgs/ddbot_msgs
[1.369s] -- Up-to-date: /home/rosuser/ddbot_ws/install/ddbot_msgs/include/ddbot_msgs/ddbot_msgs/srv
[1.369s] -- Up-to-date: /home/rosuser/ddbot_ws/install/ddbot_msgs/include/ddbot_msgs/ddbot_msgs/srv/detail
[1.369s] -- Up-to-date: /home/rosuser/ddbot_ws/install/ddbot_msgs/include/ddbot_msgs/ddbot_msgs/srv/detail/add_two_ints__rosidl_typesupport_introspection_cpp.hpp
[1.370s] -- Up-to-date: /home/rosuser/ddbot_ws/install/ddbot_msgs/include/ddbot_msgs/ddbot_msgs/srv/detail/add_two_ints__type_support.cpp
[1.370s] -- Up-to-date: /home/rosuser/ddbot_ws/install/ddbot_msgs/lib/libddbot_msgs__rosidl_typesupport_introspection_cpp.so
[1.370s] -- Up-to-date: /home/rosuser/ddbot_ws/install/ddbot_msgs/lib/libddbot_msgs__rosidl_typesupport_cpp.so
[1.370s] -- Up-to-date: /home/rosuser/ddbot_ws/install/ddbot_msgs/share/ddbot_msgs/environment/pythonpath.sh
[1.370s] -- Installing: /home/rosuser/ddbot_ws/install/ddbot_msgs/share/ddbot_msgs/environment/pythonpath.dsv
[1.370s] -- Up-to-date: /home/rosuser/ddbot_ws/install/ddbot_msgs/local/lib/python3.10/dist-packages/ddbot_msgs-0.0.0-py3.10.egg-info
[1.370s] -- Installing: /home/rosuser/ddbot_ws/install/ddbot_msgs/local/lib/python3.10/dist-packages/ddbot_msgs-0.0.0-py3.10.egg-info/SOURCES.txt
[1.370s] -- Installing: /home/rosuser/ddbot_ws/install/ddbot_msgs/local/lib/python3.10/dist-packages/ddbot_msgs-0.0.0-py3.10.egg-info/dependency_links.txt
[1.370s] -- Installing: /home/rosuser/ddbot_ws/install/ddbot_msgs/local/lib/python3.10/dist-packages/ddbot_msgs-0.0.0-py3.10.egg-info/PKG-INFO
[1.370s] -- Installing: /home/rosuser/ddbot_ws/install/ddbot_msgs/local/lib/python3.10/dist-packages/ddbot_msgs-0.0.0-py3.10.egg-info/top_level.txt
[1.370s] -- Up-to-date: /home/rosuser/ddbot_ws/install/ddbot_msgs/local/lib/python3.10/dist-packages/ddbot_msgs
[1.370s] -- Up-to-date: /home/rosuser/ddbot_ws/install/ddbot_msgs/local/lib/python3.10/dist-packages/ddbot_msgs/_ddbot_msgs_s.ep.rosidl_typesupport_fastrtps_c.c
[1.371s] -- Up-to-date: /home/rosuser/ddbot_ws/install/ddbot_msgs/local/lib/python3.10/dist-packages/ddbot_msgs/_ddbot_msgs_s.ep.rosidl_typesupport_introspection_c.c
[1.371s] -- Up-to-date: /home/rosuser/ddbot_ws/install/ddbot_msgs/local/lib/python3.10/dist-packages/ddbot_msgs/srv
[1.371s] -- Up-to-date: /home/rosuser/ddbot_ws/install/ddbot_msgs/local/lib/python3.10/dist-packages/ddbot_msgs/srv/_add_two_ints.py
[1.371s] -- Up-to-date: /home/rosuser/ddbot_ws/install/ddbot_msgs/local/lib/python3.10/dist-packages/ddbot_msgs/srv/_add_two_ints_s.c
[1.371s] -- Up-to-date: /home/rosuser/ddbot_ws/install/ddbot_msgs/local/lib/python3.10/dist-packages/ddbot_msgs/srv/__init__.py
[1.371s] -- Up-to-date: /home/rosuser/ddbot_ws/install/ddbot_msgs/local/lib/python3.10/dist-packages/ddbot_msgs/ddbot_msgs_s__rosidl_typesupport_fastrtps_c.cpython-310-x86_64-linux-gnu.so
[1.371s] -- Up-to-date: /home/rosuser/ddbot_ws/install/ddbot_msgs/local/lib/python3.10/dist-packages/ddbot_msgs/ddbot_msgs_s__rosidl_typesupport_introspection_c.cpython-310-x86_64-linux-gnu.so
[1.371s] -- Up-to-date: /home/rosuser/ddbot_ws/install/ddbot_msgs/local/lib/python3.10/dist-packages/ddbot_msgs/ddbot_msgs_s__rosidl_typesupport_c.cpython-310-x86_64-linux-gnu.so
[1.371s] -- Up-to-date: /home/rosuser/ddbot_ws/install/ddbot_msgs/local/lib/python3.10/dist-packages/ddbot_msgs/_ddbot_msgs_s.ep.rosidl_typesupport_c.c
[1.371s] -- Up-to-date: /home/rosuser/ddbot_ws/install/ddbot_msgs/local/lib/python3.10/dist-packages/ddbot_msgs/libddbot_msgs__rosidl_generator_py.so
[1.371s] -- Installing: /home/rosuser/ddbot_ws/install/ddbot_msgs/local/lib/python3.10/dist-packages/ddbot_msgs/__init__.py
[1.408s] Listing '/home/rosuser/ddbot_ws/install/ddbot_msgs/local/lib/python3.10/dist-packages/ddbot_msgs'...
[1.408s] Compiling '/home/rosuser/ddbot_ws/install/ddbot_msgs/local/lib/python3.10/dist-packages/ddbot_msgs/__init__.py'...
[1.408s] Listing '/home/rosuser/ddbot_ws/install/ddbot_msgs/local/lib/python3.10/dist-packages/ddbot_msgs/srv'...
[1.413s] -- Up-to-date: /home/rosuser/ddbot_ws/install/ddbot_msgs/local/lib/python3.10/dist-packages/ddbot_msgs/ddbot_msgs_s__rosidl_typesupport_fastrtps_c.cpython-310-x86_64-linux-gnu.so
[1.414s] -- Up-to-date: /home/rosuser/ddbot_ws/install/ddbot_msgs/local/lib/python3.10/dist-packages/ddbot_msgs/ddbot_msgs_s__rosidl_typesupport_introspection_c.cpython-310-x86_64-linux-gnu.so
[1.414s] -- Up-to-date: /home/rosuser/ddbot_ws/install/ddbot_msgs/local/lib/python3.10/dist-packages/ddbot_msgs/ddbot_msgs_s__rosidl_typesupport_c.cpython-310-x86_64-linux-gnu.so
[1.414s] -- Up-to-date: /home/rosuser/ddbot_ws/install/ddbot_msgs/lib/libddbot_msgs__rosidl_generator_py.so
[1.415s] -- Up-to-date: /home/rosuser/ddbot_ws/install/ddbot_msgs/share/ddbot_msgs/srv/AddTwoInts.idl
[1.415s] -- Up-to-date: /home/rosuser/ddbot_ws/install/ddbot_msgs/share/ddbot_msgs/srv/AddTwoInts.srv
[1.415s] -- Up-to-date: /home/rosuser/ddbot_ws/install/ddbot_msgs/share/ddbot_msgs/srv/AddTwoInts_Request.msg
[1.415s] -- Up-to-date: /home/rosuser/ddbot_ws/install/ddbot_msgs/share/ddbot_msgs/srv/AddTwoInts_Response.msg
[1.415s] -- Up-to-date: /home/rosuser/ddbot_ws/install/ddbot_msgs/share/ament_index/resource_index/package_run_dependencies/ddbot_msgs
[1.416s] -- Up-to-date: /home/rosuser/ddbot_ws/install/ddbot_msgs/share/ament_index/resource_index/parent_prefix_path/ddbot_msgs
[1.416s] -- Up-to-date: /home/rosuser/ddbot_ws/install/ddbot_msgs/share/ddbot_msgs/environment/ament_prefix_path.sh
[1.416s] -- Installing: /home/rosuser/ddbot_ws/install/ddbot_msgs/share/ddbot_msgs/environment/ament_prefix_path.dsv
[1.416s] -- Up-to-date: /home/rosuser/ddbot_ws/install/ddbot_msgs/share/ddbot_msgs/environment/path.sh
[1.416s] -- Installing: /home/rosuser/ddbot_ws/install/ddbot_msgs/share/ddbot_msgs/environment/path.dsv
[1.416s] -- Up-to-date: /home/rosuser/ddbot_ws/install/ddbot_msgs/share/ddbot_msgs/local_setup.bash
[1.417s] -- Up-to-date: /home/rosuser/ddbot_ws/install/ddbot_msgs/share/ddbot_msgs/local_setup.sh
[1.417s] -- Up-to-date: /home/rosuser/ddbot_ws/install/ddbot_msgs/share/ddbot_msgs/local_setup.zsh
[1.417s] -- Installing: /home/rosuser/ddbot_ws/install/ddbot_msgs/share/ddbot_msgs/local_setup.dsv
[1.417s] -- Installing: /home/rosuser/ddbot_ws/install/ddbot_msgs/share/ddbot_msgs/package.dsv
[1.417s] -- Up-to-date: /home/rosuser/ddbot_ws/install/ddbot_msgs/share/ament_index/resource_index/packages/ddbot_msgs
[1.417s] -- Up-to-date: /home/rosuser/ddbot_ws/install/ddbot_msgs/share/ddbot_msgs/cmake/export_ddbot_msgs__rosidl_generator_cExport.cmake
[1.417s] -- Up-to-date: /home/rosuser/ddbot_ws/install/ddbot_msgs/share/ddbot_msgs/cmake/export_ddbot_msgs__rosidl_generator_cExport-noconfig.cmake
[1.418s] -- Up-to-date: /home/rosuser/ddbot_ws/install/ddbot_msgs/share/ddbot_msgs/cmake/export_ddbot_msgs__rosidl_typesupport_fastrtps_cExport.cmake
[1.418s] -- Up-to-date: /home/rosuser/ddbot_ws/install/ddbot_msgs/share/ddbot_msgs/cmake/export_ddbot_msgs__rosidl_typesupport_fastrtps_cExport-noconfig.cmake
[1.418s] -- Up-to-date: /home/rosuser/ddbot_ws/install/ddbot_msgs/share/ddbot_msgs/cmake/export_ddbot_msgs__rosidl_generator_cppExport.cmake
[1.418s] -- Up-to-date: /home/rosuser/ddbot_ws/install/ddbot_msgs/share/ddbot_msgs/cmake/export_ddbot_msgs__rosidl_typesupport_fastrtps_cppExport.cmake
[1.418s] -- Up-to-date: /home/rosuser/ddbot_ws/install/ddbot_msgs/share/ddbot_msgs/cmake/export_ddbot_msgs__rosidl_typesupport_fastrtps_cppExport-noconfig.cmake
[1.418s] -- Up-to-date: /home/rosuser/ddbot_ws/install/ddbot_msgs/share/ddbot_msgs/cmake/ddbot_msgs__rosidl_typesupport_introspection_cExport.cmake
[1.418s] -- Up-to-date: /home/rosuser/ddbot_ws/install/ddbot_msgs/share/ddbot_msgs/cmake/ddbot_msgs__rosidl_typesupport_introspection_cExport-noconfig.cmake
[1.419s] -- Up-to-date: /home/rosuser/ddbot_ws/install/ddbot_msgs/share/ddbot_msgs/cmake/ddbot_msgs__rosidl_typesupport_cExport.cmake
[1.419s] -- Up-to-date: /home/rosuser/ddbot_ws/install/ddbot_msgs/share/ddbot_msgs/cmake/ddbot_msgs__rosidl_typesupport_cExport-noconfig.cmake
[1.419s] -- Up-to-date: /home/rosuser/ddbot_ws/install/ddbot_msgs/share/ddbot_msgs/cmake/ddbot_msgs__rosidl_typesupport_introspection_cppExport.cmake
[1.419s] -- Up-to-date: /home/rosuser/ddbot_ws/install/ddbot_msgs/share/ddbot_msgs/cmake/ddbot_msgs__rosidl_typesupport_introspection_cppExport-noconfig.cmake
[1.419s] -- Up-to-date: /home/rosuser/ddbot_ws/install/ddbot_msgs/share/ddbot_msgs/cmake/ddbot_msgs__rosidl_typesupport_cppExport.cmake
[1.419s] -- Up-to-date: /home/rosuser/ddbot_ws/install/ddbot_msgs/share/ddbot_msgs/cmake/ddbot_msgs__rosidl_typesupport_cppExport-noconfig.cmake
[1.419s] -- Up-to-date: /home/rosuser/ddbot_ws/install/ddbot_msgs/share/ddbot_msgs/cmake/export_ddbot_msgs__rosidl_generator_pyExport.cmake
[1.419s] -- Up-to-date: /home/rosuser/ddbot_ws/install/ddbot_msgs/share/ddbot_msgs/cmake/export_ddbot_msgs__rosidl_generator_pyExport-noconfig.cmake
[1.420s] -- Up-to-date: /home/rosuser/ddbot_ws/install/ddbot_msgs/share/ddbot_msgs/cmake/rosidl_cmake-extras.cmake
[1.420s] -- Up-to-date: /home/rosuser/ddbot_ws/install/ddbot_msgs/share/ddbot_msgs/cmake/ament_cmake_export_include_directories-extras.cmake
[1.420s] -- Up-to-date: /home/rosuser/ddbot_ws/install/ddbot_msgs/share/ddbot_msgs/cmake/ament_cmake_export_libraries-extras.cmake
[1.420s] -- Up-to-date: /home/rosuser/ddbot_ws/install/ddbot_msgs/share/ddbot_msgs/cmake/ament_cmake_export_targets-extras.cmake
[1.420s] -- Up-to-date: /home/rosuser/ddbot_ws/install/ddbot_msgs/share/ddbot_msgs/cmake/rosidl_cmake_export_typesupport_targets-extras.cmake
[1.420s] -- Up-to-date: /home/rosuser/ddbot_ws/install/ddbot_msgs/share/ddbot_msgs/cmake/ament_cmake_export_dependencies-extras.cmake
[1.420s] -- Up-to-date: /home/rosuser/ddbot_ws/install/ddbot_msgs/share/ddbot_msgs/cmake/rosidl_cmake_export_typesupport_libraries-extras.cmake
[1.420s] -- Up-to-date: /home/rosuser/ddbot_ws/install/ddbot_msgs/share/ddbot_msgs/cmake/ddbot_msgsConfig.cmake
[1.421s] -- Up-to-date: /home/rosuser/ddbot_ws/install/ddbot_msgs/share/ddbot_msgs/cmake/ddbot_msgsConfig-version.cmake
[1.421s] -- Installing: /home/rosuser/ddbot_ws/install/ddbot_msgs/share/ddbot_msgs/package.xml
[1.422s] Invoked command in '/home/rosuser/ddbot_ws/build/ddbot_msgs' returned '0': CMAKE_PREFIX_PATH=${CMAKE_PREFIX_PATH}:/home/rosuser/ddbot_ws/install/ddbot_py_examples:/opt/ros/humble /usr/bin/cmake --install /home/rosuser/ddbot_ws/build/ddbot_msgs
