[0.021s] Invoking command in '/home/rosuser/ddbot_ws/build/ddbot_controller': CMAKE_PREFIX_PATH=/opt/ros/humble /usr/bin/cmake --build /home/rosuser/ddbot_ws/build/ddbot_controller -- -j8 -l8
[0.068s] Built target ament_cmake_python_copy_ddbot_controller
[0.324s] running egg_info
[0.327s] writing ddbot_controller.egg-info/PKG-INFO
[0.327s] writing dependency_links to ddbot_controller.egg-info/dependency_links.txt
[0.327s] writing top-level names to ddbot_controller.egg-info/top_level.txt
[0.328s] reading manifest file 'ddbot_controller.egg-info/SOURCES.txt'
[0.329s] writing manifest file 'ddbot_controller.egg-info/SOURCES.txt'
[0.350s] Built target ament_cmake_python_build_ddbot_controller_egg
[0.359s] Invoked command in '/home/rosuser/ddbot_ws/build/ddbot_controller' returned '0': CMAKE_PREFIX_PATH=/opt/ros/humble /usr/bin/cmake --build /home/rosuser/ddbot_ws/build/ddbot_controller -- -j8 -l8
[0.378s] Invoking command in '/home/rosuser/ddbot_ws/build/ddbot_controller': CMAKE_PREFIX_PATH=/opt/ros/humble /usr/bin/cmake --install /home/rosuser/ddbot_ws/build/ddbot_controller
[0.384s] -- Install configuration: ""
[0.384s] -- Up-to-date: /home/rosuser/ddbot_ws/install/ddbot_controller/share/ddbot_controller/environment/pythonpath.sh
[0.384s] -- Up-to-date: /home/rosuser/ddbot_ws/install/ddbot_controller/share/ddbot_controller/environment/pythonpath.dsv
[0.384s] -- Up-to-date: /home/rosuser/ddbot_ws/install/ddbot_controller/local/lib/python3.10/dist-packages/ddbot_controller-0.0.0-py3.10.egg-info
[0.385s] -- Installing: /home/rosuser/ddbot_ws/install/ddbot_controller/local/lib/python3.10/dist-packages/ddbot_controller-0.0.0-py3.10.egg-info/SOURCES.txt
[0.385s] -- Installing: /home/rosuser/ddbot_ws/install/ddbot_controller/local/lib/python3.10/dist-packages/ddbot_controller-0.0.0-py3.10.egg-info/dependency_links.txt
[0.385s] -- Installing: /home/rosuser/ddbot_ws/install/ddbot_controller/local/lib/python3.10/dist-packages/ddbot_controller-0.0.0-py3.10.egg-info/PKG-INFO
[0.385s] -- Installing: /home/rosuser/ddbot_ws/install/ddbot_controller/local/lib/python3.10/dist-packages/ddbot_controller-0.0.0-py3.10.egg-info/top_level.txt
[0.385s] -- Up-to-date: /home/rosuser/ddbot_ws/install/ddbot_controller/local/lib/python3.10/dist-packages/ddbot_controller
[0.385s] -- Up-to-date: /home/rosuser/ddbot_ws/install/ddbot_controller/local/lib/python3.10/dist-packages/ddbot_controller/simple_controller.py
[0.385s] -- Up-to-date: /home/rosuser/ddbot_ws/install/ddbot_controller/local/lib/python3.10/dist-packages/ddbot_controller/__init__.py
[0.409s] Listing '/home/rosuser/ddbot_ws/install/ddbot_controller/local/lib/python3.10/dist-packages/ddbot_controller'...
[0.412s] -- Up-to-date: /home/rosuser/ddbot_ws/install/ddbot_controller/share/ddbot_controller/config
[0.413s] -- Up-to-date: /home/rosuser/ddbot_ws/install/ddbot_controller/share/ddbot_controller/config/ddbot_controllers.yaml
[0.413s] -- Up-to-date: /home/rosuser/ddbot_ws/install/ddbot_controller/share/ddbot_controller/launch
[0.413s] -- Installing: /home/rosuser/ddbot_ws/install/ddbot_controller/share/ddbot_controller/launch/controller.launch.py
[0.413s] -- Up-to-date: /home/rosuser/ddbot_ws/install/ddbot_controller/lib/ddbot_controller/simple_controller.py
[0.413s] -- Up-to-date: /home/rosuser/ddbot_ws/install/ddbot_controller/share/ament_index/resource_index/package_run_dependencies/ddbot_controller
[0.413s] -- Up-to-date: /home/rosuser/ddbot_ws/install/ddbot_controller/share/ament_index/resource_index/parent_prefix_path/ddbot_controller
[0.413s] -- Up-to-date: /home/rosuser/ddbot_ws/install/ddbot_controller/share/ddbot_controller/environment/ament_prefix_path.sh
[0.414s] -- Up-to-date: /home/rosuser/ddbot_ws/install/ddbot_controller/share/ddbot_controller/environment/ament_prefix_path.dsv
[0.414s] -- Up-to-date: /home/rosuser/ddbot_ws/install/ddbot_controller/share/ddbot_controller/environment/path.sh
[0.414s] -- Up-to-date: /home/rosuser/ddbot_ws/install/ddbot_controller/share/ddbot_controller/environment/path.dsv
[0.414s] -- Up-to-date: /home/rosuser/ddbot_ws/install/ddbot_controller/share/ddbot_controller/local_setup.bash
[0.414s] -- Up-to-date: /home/rosuser/ddbot_ws/install/ddbot_controller/share/ddbot_controller/local_setup.sh
[0.414s] -- Up-to-date: /home/rosuser/ddbot_ws/install/ddbot_controller/share/ddbot_controller/local_setup.zsh
[0.414s] -- Up-to-date: /home/rosuser/ddbot_ws/install/ddbot_controller/share/ddbot_controller/local_setup.dsv
[0.414s] -- Installing: /home/rosuser/ddbot_ws/install/ddbot_controller/share/ddbot_controller/package.dsv
[0.414s] -- Up-to-date: /home/rosuser/ddbot_ws/install/ddbot_controller/share/ament_index/resource_index/packages/ddbot_controller
[0.415s] -- Up-to-date: /home/rosuser/ddbot_ws/install/ddbot_controller/share/ddbot_controller/cmake/ddbot_controllerConfig.cmake
[0.415s] -- Up-to-date: /home/rosuser/ddbot_ws/install/ddbot_controller/share/ddbot_controller/cmake/ddbot_controllerConfig-version.cmake
[0.415s] -- Up-to-date: /home/rosuser/ddbot_ws/install/ddbot_controller/share/ddbot_controller/package.xml
[0.416s] Invoked command in '/home/rosuser/ddbot_ws/build/ddbot_controller' returned '0': CMAKE_PREFIX_PATH=/opt/ros/humble /usr/bin/cmake --install /home/rosuser/ddbot_ws/build/ddbot_controller
