[0.684s] Invoking command in '/home/rosuser/ddbot_ws/src/ddbot_py_examples': AMENT_PREFIX_PATH=/home/rosuser/ddbot_ws/install/ddbot_msgs:${AMENT_PREFIX_PATH} CMAKE_PREFIX_PATH=/home/rosuser/ddbot_ws/install/ddbot_msgs LD_LIBRARY_PATH=/home/rosuser/ddbot_ws/install/ddbot_msgs/lib:${LD_LIBRARY_PATH} PYTHONPATH=/home/rosuser/ddbot_ws/build/ddbot_py_examples/prefix_override:/usr/lib/python3/dist-packages/colcon_core/task/python/colcon_distutils_commands:/home/rosuser/ddbot_ws/install/ddbot_py_examples/lib/python3.10/site-packages:/home/rosuser/ddbot_ws/install/ddbot_msgs/local/lib/python3.10/dist-packages:${PYTHONPATH} /usr/bin/python3 -W ignore:setup.py install is deprecated setup.py egg_info --egg-base ../../build/ddbot_py_examples build --build-base /home/rosuser/ddbot_ws/build/ddbot_py_examples/build install --record /home/rosuser/ddbot_ws/build/ddbot_py_examples/install.log --single-version-externally-managed install_data
[0.961s] running egg_info
[0.962s] writing ../../build/ddbot_py_examples/ddbot_py_examples.egg-info/PKG-INFO
[0.962s] writing dependency_links to ../../build/ddbot_py_examples/ddbot_py_examples.egg-info/dependency_links.txt
[0.962s] writing entry points to ../../build/ddbot_py_examples/ddbot_py_examples.egg-info/entry_points.txt
[0.963s] writing requirements to ../../build/ddbot_py_examples/ddbot_py_examples.egg-info/requires.txt
[0.963s] writing top-level names to ../../build/ddbot_py_examples/ddbot_py_examples.egg-info/top_level.txt
[0.965s] reading manifest file '../../build/ddbot_py_examples/ddbot_py_examples.egg-info/SOURCES.txt'
[0.966s] writing manifest file '../../build/ddbot_py_examples/ddbot_py_examples.egg-info/SOURCES.txt'
[0.967s] running build
[0.967s] running build_py
[0.968s] running install
[0.968s] running install_lib
[0.969s] running install_data
[0.969s] running install_egg_info
[0.972s] removing '/home/rosuser/ddbot_ws/install/ddbot_py_examples/lib/python3.10/site-packages/ddbot_py_examples-0.0.0-py3.10.egg-info' (and everything under it)
[0.972s] Copying ../../build/ddbot_py_examples/ddbot_py_examples.egg-info to /home/rosuser/ddbot_ws/install/ddbot_py_examples/lib/python3.10/site-packages/ddbot_py_examples-0.0.0-py3.10.egg-info
[0.973s] running install_scripts
[0.996s] Installing simple_parameter script to /home/rosuser/ddbot_ws/install/ddbot_py_examples/lib/ddbot_py_examples
[0.996s] Installing simple_publisher script to /home/rosuser/ddbot_ws/install/ddbot_py_examples/lib/ddbot_py_examples
[0.997s] Installing simple_service_client script to /home/rosuser/ddbot_ws/install/ddbot_py_examples/lib/ddbot_py_examples
[0.997s] Installing simple_service_server script to /home/rosuser/ddbot_ws/install/ddbot_py_examples/lib/ddbot_py_examples
[0.997s] Installing simple_subscriber script to /home/rosuser/ddbot_ws/install/ddbot_py_examples/lib/ddbot_py_examples
[0.997s] Installing simple_tf_kinematics script to /home/rosuser/ddbot_ws/install/ddbot_py_examples/lib/ddbot_py_examples
[0.997s] writing list of installed files to '/home/rosuser/ddbot_ws/build/ddbot_py_examples/install.log'
[1.028s] Invoked command in '/home/rosuser/ddbot_ws/src/ddbot_py_examples' returned '0': AMENT_PREFIX_PATH=/home/rosuser/ddbot_ws/install/ddbot_msgs:${AMENT_PREFIX_PATH} CMAKE_PREFIX_PATH=/home/rosuser/ddbot_ws/install/ddbot_msgs LD_LIBRARY_PATH=/home/rosuser/ddbot_ws/install/ddbot_msgs/lib:${LD_LIBRARY_PATH} PYTHONPATH=/home/rosuser/ddbot_ws/build/ddbot_py_examples/prefix_override:/usr/lib/python3/dist-packages/colcon_core/task/python/colcon_distutils_commands:/home/rosuser/ddbot_ws/install/ddbot_py_examples/lib/python3.10/site-packages:/home/rosuser/ddbot_ws/install/ddbot_msgs/local/lib/python3.10/dist-packages:${PYTHONPATH} /usr/bin/python3 -W ignore:setup.py install is deprecated setup.py egg_info --egg-base ../../build/ddbot_py_examples build --build-base /home/rosuser/ddbot_ws/build/ddbot_py_examples/build install --record /home/rosuser/ddbot_ws/build/ddbot_py_examples/install.log --single-version-externally-managed install_data
