[0.089s] DEBUG:colcon:Command line arguments: ['/usr/bin/colcon', 'build']
[0.089s] DEBUG:colcon:Parsed command line arguments: Namespace(log_base=None, log_level=None, verb_name='build', build_base='build', install_base='install', merge_install=False, symlink_install=False, test_result_base=None, continue_on_error=False, executor='parallel', parallel_workers=8, event_handlers=None, ignore_user_meta=False, metas=['./colcon.meta'], base_paths=['.'], packages_ignore=None, packages_ignore_regex=None, paths=None, packages_up_to=None, packages_up_to_regex=None, packages_above=None, packages_above_and_dependencies=None, packages_above_depth=None, packages_select_by_dep=None, packages_skip_by_dep=None, packages_skip_up_to=None, packages_select_build_failed=False, packages_skip_build_finished=False, packages_select_test_failures=False, packages_skip_test_passed=False, packages_select=None, packages_skip=None, packages_select_regex=None, packages_skip_regex=None, packages_start=None, packages_end=None, allow_overriding=[], cmake_args=None, cmake_target=None, cmake_target_skip_unavailable=False, cmake_clean_cache=False, cmake_clean_first=False, cmake_force_configure=False, ament_cmake_args=None, catkin_cmake_args=None, catkin_skip_building_tests=False, mixin_files=None, mixin=None, verb_parser=<colcon_mixin.mixin.mixin_argument.MixinArgumentDecorator object at 0x7f2f6f9758d0>, verb_extension=<colcon_core.verb.build.BuildVerb object at 0x7f2f6f9753c0>, main=<bound method BuildVerb.main of <colcon_core.verb.build.BuildVerb object at 0x7f2f6f9753c0>>, mixin_verb=('build',))
[0.232s] Level 1:colcon.colcon_core.package_discovery:discover_packages(colcon_meta) check parameters
[0.232s] Level 1:colcon.colcon_core.package_discovery:discover_packages(recursive) check parameters
[0.232s] Level 1:colcon.colcon_core.package_discovery:discover_packages(ignore) check parameters
[0.232s] Level 1:colcon.colcon_core.package_discovery:discover_packages(path) check parameters
[0.232s] Level 1:colcon.colcon_core.package_discovery:discover_packages(colcon_meta) discover
[0.232s] Level 1:colcon.colcon_core.package_discovery:discover_packages(recursive) discover
[0.232s] INFO:colcon.colcon_core.package_discovery:Crawling recursively for packages in '/home/rosuser/ddbot_ws'
[0.232s] Level 1:colcon.colcon_core.package_identification:_identify(.) by extensions ['ignore', 'ignore_ament_install']
[0.232s] Level 1:colcon.colcon_core.package_identification:_identify(.) by extension 'ignore'
[0.232s] Level 1:colcon.colcon_core.package_identification:_identify(.) by extension 'ignore_ament_install'
[0.232s] Level 1:colcon.colcon_core.package_identification:_identify(.) by extensions ['colcon_pkg']
[0.232s] Level 1:colcon.colcon_core.package_identification:_identify(.) by extension 'colcon_pkg'
[0.232s] Level 1:colcon.colcon_core.package_identification:_identify(.) by extensions ['colcon_meta']
[0.232s] Level 1:colcon.colcon_core.package_identification:_identify(.) by extension 'colcon_meta'
[0.232s] Level 1:colcon.colcon_core.package_identification:_identify(.) by extensions ['ros']
[0.232s] Level 1:colcon.colcon_core.package_identification:_identify(.) by extension 'ros'
[0.241s] Level 1:colcon.colcon_core.package_identification:_identify(.) by extensions ['cmake', 'python']
[0.241s] Level 1:colcon.colcon_core.package_identification:_identify(.) by extension 'cmake'
[0.241s] Level 1:colcon.colcon_core.package_identification:_identify(.) by extension 'python'
[0.241s] Level 1:colcon.colcon_core.package_identification:_identify(.) by extensions ['python_setup_py']
[0.241s] Level 1:colcon.colcon_core.package_identification:_identify(.) by extension 'python_setup_py'
[0.241s] Level 1:colcon.colcon_core.package_identification:_identify(build) by extensions ['ignore', 'ignore_ament_install']
[0.241s] Level 1:colcon.colcon_core.package_identification:_identify(build) by extension 'ignore'
[0.241s] Level 1:colcon.colcon_core.package_identification:_identify(build) ignored
[0.242s] Level 1:colcon.colcon_core.package_identification:_identify(install) by extensions ['ignore', 'ignore_ament_install']
[0.242s] Level 1:colcon.colcon_core.package_identification:_identify(install) by extension 'ignore'
[0.242s] Level 1:colcon.colcon_core.package_identification:_identify(install) ignored
[0.242s] Level 1:colcon.colcon_core.package_identification:_identify(log) by extensions ['ignore', 'ignore_ament_install']
[0.242s] Level 1:colcon.colcon_core.package_identification:_identify(log) by extension 'ignore'
[0.242s] Level 1:colcon.colcon_core.package_identification:_identify(log) ignored
[0.242s] Level 1:colcon.colcon_core.package_identification:_identify(src) by extensions ['ignore', 'ignore_ament_install']
[0.242s] Level 1:colcon.colcon_core.package_identification:_identify(src) by extension 'ignore'
[0.242s] Level 1:colcon.colcon_core.package_identification:_identify(src) by extension 'ignore_ament_install'
[0.242s] Level 1:colcon.colcon_core.package_identification:_identify(src) by extensions ['colcon_pkg']
[0.242s] Level 1:colcon.colcon_core.package_identification:_identify(src) by extension 'colcon_pkg'
[0.242s] Level 1:colcon.colcon_core.package_identification:_identify(src) by extensions ['colcon_meta']
[0.242s] Level 1:colcon.colcon_core.package_identification:_identify(src) by extension 'colcon_meta'
[0.242s] Level 1:colcon.colcon_core.package_identification:_identify(src) by extensions ['ros']
[0.242s] Level 1:colcon.colcon_core.package_identification:_identify(src) by extension 'ros'
[0.242s] Level 1:colcon.colcon_core.package_identification:_identify(src) by extensions ['cmake', 'python']
[0.242s] Level 1:colcon.colcon_core.package_identification:_identify(src) by extension 'cmake'
[0.242s] Level 1:colcon.colcon_core.package_identification:_identify(src) by extension 'python'
[0.243s] Level 1:colcon.colcon_core.package_identification:_identify(src) by extensions ['python_setup_py']
[0.243s] Level 1:colcon.colcon_core.package_identification:_identify(src) by extension 'python_setup_py'
[0.243s] Level 1:colcon.colcon_core.package_identification:_identify(src/ddbot_controller) by extensions ['ignore', 'ignore_ament_install']
[0.243s] Level 1:colcon.colcon_core.package_identification:_identify(src/ddbot_controller) by extension 'ignore'
[0.243s] Level 1:colcon.colcon_core.package_identification:_identify(src/ddbot_controller) by extension 'ignore_ament_install'
[0.243s] Level 1:colcon.colcon_core.package_identification:_identify(src/ddbot_controller) by extensions ['colcon_pkg']
[0.243s] Level 1:colcon.colcon_core.package_identification:_identify(src/ddbot_controller) by extension 'colcon_pkg'
[0.243s] Level 1:colcon.colcon_core.package_identification:_identify(src/ddbot_controller) by extensions ['colcon_meta']
[0.243s] Level 1:colcon.colcon_core.package_identification:_identify(src/ddbot_controller) by extension 'colcon_meta'
[0.243s] Level 1:colcon.colcon_core.package_identification:_identify(src/ddbot_controller) by extensions ['ros']
[0.243s] Level 1:colcon.colcon_core.package_identification:_identify(src/ddbot_controller) by extension 'ros'
[0.245s] DEBUG:colcon.colcon_core.package_identification:Package 'src/ddbot_controller' with type 'ros.ament_cmake' and name 'ddbot_controller'
[0.245s] Level 1:colcon.colcon_core.package_identification:_identify(src/ddbot_cpp_examples) by extensions ['ignore', 'ignore_ament_install']
[0.245s] Level 1:colcon.colcon_core.package_identification:_identify(src/ddbot_cpp_examples) by extension 'ignore'
[0.245s] Level 1:colcon.colcon_core.package_identification:_identify(src/ddbot_cpp_examples) by extension 'ignore_ament_install'
[0.245s] Level 1:colcon.colcon_core.package_identification:_identify(src/ddbot_cpp_examples) by extensions ['colcon_pkg']
[0.245s] Level 1:colcon.colcon_core.package_identification:_identify(src/ddbot_cpp_examples) by extension 'colcon_pkg'
[0.245s] Level 1:colcon.colcon_core.package_identification:_identify(src/ddbot_cpp_examples) by extensions ['colcon_meta']
[0.245s] Level 1:colcon.colcon_core.package_identification:_identify(src/ddbot_cpp_examples) by extension 'colcon_meta'
[0.245s] Level 1:colcon.colcon_core.package_identification:_identify(src/ddbot_cpp_examples) by extensions ['ros']
[0.245s] Level 1:colcon.colcon_core.package_identification:_identify(src/ddbot_cpp_examples) by extension 'ros'
[0.246s] DEBUG:colcon.colcon_core.package_identification:Package 'src/ddbot_cpp_examples' with type 'ros.ament_cmake' and name 'ddbot_cpp_examples'
[0.246s] Level 1:colcon.colcon_core.package_identification:_identify(src/ddbot_description) by extensions ['ignore', 'ignore_ament_install']
[0.246s] Level 1:colcon.colcon_core.package_identification:_identify(src/ddbot_description) by extension 'ignore'
[0.246s] Level 1:colcon.colcon_core.package_identification:_identify(src/ddbot_description) by extension 'ignore_ament_install'
[0.246s] Level 1:colcon.colcon_core.package_identification:_identify(src/ddbot_description) by extensions ['colcon_pkg']
[0.246s] Level 1:colcon.colcon_core.package_identification:_identify(src/ddbot_description) by extension 'colcon_pkg'
[0.246s] Level 1:colcon.colcon_core.package_identification:_identify(src/ddbot_description) by extensions ['colcon_meta']
[0.246s] Level 1:colcon.colcon_core.package_identification:_identify(src/ddbot_description) by extension 'colcon_meta'
[0.246s] Level 1:colcon.colcon_core.package_identification:_identify(src/ddbot_description) by extensions ['ros']
[0.246s] Level 1:colcon.colcon_core.package_identification:_identify(src/ddbot_description) by extension 'ros'
[0.247s] DEBUG:colcon.colcon_core.package_identification:Package 'src/ddbot_description' with type 'ros.ament_cmake' and name 'ddbot_description'
[0.247s] Level 1:colcon.colcon_core.package_identification:_identify(src/ddbot_msgs) by extensions ['ignore', 'ignore_ament_install']
[0.247s] Level 1:colcon.colcon_core.package_identification:_identify(src/ddbot_msgs) by extension 'ignore'
[0.247s] Level 1:colcon.colcon_core.package_identification:_identify(src/ddbot_msgs) by extension 'ignore_ament_install'
[0.247s] Level 1:colcon.colcon_core.package_identification:_identify(src/ddbot_msgs) by extensions ['colcon_pkg']
[0.247s] Level 1:colcon.colcon_core.package_identification:_identify(src/ddbot_msgs) by extension 'colcon_pkg'
[0.247s] Level 1:colcon.colcon_core.package_identification:_identify(src/ddbot_msgs) by extensions ['colcon_meta']
[0.247s] Level 1:colcon.colcon_core.package_identification:_identify(src/ddbot_msgs) by extension 'colcon_meta'
[0.247s] Level 1:colcon.colcon_core.package_identification:_identify(src/ddbot_msgs) by extensions ['ros']
[0.247s] Level 1:colcon.colcon_core.package_identification:_identify(src/ddbot_msgs) by extension 'ros'
[0.248s] DEBUG:colcon.colcon_core.package_identification:Package 'src/ddbot_msgs' with type 'ros.ament_cmake' and name 'ddbot_msgs'
[0.248s] Level 1:colcon.colcon_core.package_identification:_identify(src/ddbot_py_examples) by extensions ['ignore', 'ignore_ament_install']
[0.248s] Level 1:colcon.colcon_core.package_identification:_identify(src/ddbot_py_examples) by extension 'ignore'
[0.248s] Level 1:colcon.colcon_core.package_identification:_identify(src/ddbot_py_examples) by extension 'ignore_ament_install'
[0.248s] Level 1:colcon.colcon_core.package_identification:_identify(src/ddbot_py_examples) by extensions ['colcon_pkg']
[0.248s] Level 1:colcon.colcon_core.package_identification:_identify(src/ddbot_py_examples) by extension 'colcon_pkg'
[0.248s] Level 1:colcon.colcon_core.package_identification:_identify(src/ddbot_py_examples) by extensions ['colcon_meta']
[0.248s] Level 1:colcon.colcon_core.package_identification:_identify(src/ddbot_py_examples) by extension 'colcon_meta'
[0.248s] Level 1:colcon.colcon_core.package_identification:_identify(src/ddbot_py_examples) by extensions ['ros']
[0.248s] Level 1:colcon.colcon_core.package_identification:_identify(src/ddbot_py_examples) by extension 'ros'
[0.249s] DEBUG:colcon.colcon_core.package_identification:Package 'src/ddbot_py_examples' with type 'ros.ament_python' and name 'ddbot_py_examples'
[0.249s] Level 1:colcon.colcon_core.package_discovery:discover_packages(recursive) using defaults
[0.249s] Level 1:colcon.colcon_core.package_discovery:discover_packages(ignore) discover
[0.249s] Level 1:colcon.colcon_core.package_discovery:discover_packages(ignore) using defaults
[0.249s] Level 1:colcon.colcon_core.package_discovery:discover_packages(path) discover
[0.249s] Level 1:colcon.colcon_core.package_discovery:discover_packages(path) using defaults
[0.272s] Level 1:colcon.colcon_core.package_discovery:discover_packages(prefix_path) check parameters
[0.272s] Level 1:colcon.colcon_core.package_discovery:discover_packages(prefix_path) discover
[0.275s] DEBUG:colcon.colcon_installed_package_information.package_discovery:Found 446 installed packages in /opt/ros/humble
[0.277s] Level 1:colcon.colcon_core.package_discovery:discover_packages(prefix_path) using defaults
[0.322s] Level 5:colcon.colcon_core.verb:set package 'ddbot_controller' build argument 'cmake_args' from command line to 'None'
[0.322s] Level 5:colcon.colcon_core.verb:set package 'ddbot_controller' build argument 'cmake_target' from command line to 'None'
[0.322s] Level 5:colcon.colcon_core.verb:set package 'ddbot_controller' build argument 'cmake_target_skip_unavailable' from command line to 'False'
[0.322s] Level 5:colcon.colcon_core.verb:set package 'ddbot_controller' build argument 'cmake_clean_cache' from command line to 'False'
[0.322s] Level 5:colcon.colcon_core.verb:set package 'ddbot_controller' build argument 'cmake_clean_first' from command line to 'False'
[0.322s] Level 5:colcon.colcon_core.verb:set package 'ddbot_controller' build argument 'cmake_force_configure' from command line to 'False'
[0.322s] Level 5:colcon.colcon_core.verb:set package 'ddbot_controller' build argument 'ament_cmake_args' from command line to 'None'
[0.322s] Level 5:colcon.colcon_core.verb:set package 'ddbot_controller' build argument 'catkin_cmake_args' from command line to 'None'
[0.322s] Level 5:colcon.colcon_core.verb:set package 'ddbot_controller' build argument 'catkin_skip_building_tests' from command line to 'False'
[0.323s] DEBUG:colcon.colcon_core.verb:Building package 'ddbot_controller' with the following arguments: {'ament_cmake_args': None, 'build_base': '/home/rosuser/ddbot_ws/build/ddbot_controller', 'catkin_cmake_args': None, 'catkin_skip_building_tests': False, 'cmake_args': None, 'cmake_clean_cache': False, 'cmake_clean_first': False, 'cmake_force_configure': False, 'cmake_target': None, 'cmake_target_skip_unavailable': False, 'install_base': '/home/rosuser/ddbot_ws/install/ddbot_controller', 'merge_install': False, 'path': '/home/rosuser/ddbot_ws/src/ddbot_controller', 'symlink_install': False, 'test_result_base': None}
[0.323s] Level 5:colcon.colcon_core.verb:set package 'ddbot_cpp_examples' build argument 'cmake_args' from command line to 'None'
[0.323s] Level 5:colcon.colcon_core.verb:set package 'ddbot_cpp_examples' build argument 'cmake_target' from command line to 'None'
[0.323s] Level 5:colcon.colcon_core.verb:set package 'ddbot_cpp_examples' build argument 'cmake_target_skip_unavailable' from command line to 'False'
[0.323s] Level 5:colcon.colcon_core.verb:set package 'ddbot_cpp_examples' build argument 'cmake_clean_cache' from command line to 'False'
[0.323s] Level 5:colcon.colcon_core.verb:set package 'ddbot_cpp_examples' build argument 'cmake_clean_first' from command line to 'False'
[0.323s] Level 5:colcon.colcon_core.verb:set package 'ddbot_cpp_examples' build argument 'cmake_force_configure' from command line to 'False'
[0.323s] Level 5:colcon.colcon_core.verb:set package 'ddbot_cpp_examples' build argument 'ament_cmake_args' from command line to 'None'
[0.323s] Level 5:colcon.colcon_core.verb:set package 'ddbot_cpp_examples' build argument 'catkin_cmake_args' from command line to 'None'
[0.323s] Level 5:colcon.colcon_core.verb:set package 'ddbot_cpp_examples' build argument 'catkin_skip_building_tests' from command line to 'False'
[0.323s] DEBUG:colcon.colcon_core.verb:Building package 'ddbot_cpp_examples' with the following arguments: {'ament_cmake_args': None, 'build_base': '/home/rosuser/ddbot_ws/build/ddbot_cpp_examples', 'catkin_cmake_args': None, 'catkin_skip_building_tests': False, 'cmake_args': None, 'cmake_clean_cache': False, 'cmake_clean_first': False, 'cmake_force_configure': False, 'cmake_target': None, 'cmake_target_skip_unavailable': False, 'install_base': '/home/rosuser/ddbot_ws/install/ddbot_cpp_examples', 'merge_install': False, 'path': '/home/rosuser/ddbot_ws/src/ddbot_cpp_examples', 'symlink_install': False, 'test_result_base': None}
[0.323s] Level 5:colcon.colcon_core.verb:set package 'ddbot_description' build argument 'cmake_args' from command line to 'None'
[0.323s] Level 5:colcon.colcon_core.verb:set package 'ddbot_description' build argument 'cmake_target' from command line to 'None'
[0.323s] Level 5:colcon.colcon_core.verb:set package 'ddbot_description' build argument 'cmake_target_skip_unavailable' from command line to 'False'
[0.323s] Level 5:colcon.colcon_core.verb:set package 'ddbot_description' build argument 'cmake_clean_cache' from command line to 'False'
[0.323s] Level 5:colcon.colcon_core.verb:set package 'ddbot_description' build argument 'cmake_clean_first' from command line to 'False'
[0.323s] Level 5:colcon.colcon_core.verb:set package 'ddbot_description' build argument 'cmake_force_configure' from command line to 'False'
[0.324s] Level 5:colcon.colcon_core.verb:set package 'ddbot_description' build argument 'ament_cmake_args' from command line to 'None'
[0.324s] Level 5:colcon.colcon_core.verb:set package 'ddbot_description' build argument 'catkin_cmake_args' from command line to 'None'
[0.324s] Level 5:colcon.colcon_core.verb:set package 'ddbot_description' build argument 'catkin_skip_building_tests' from command line to 'False'
[0.324s] DEBUG:colcon.colcon_core.verb:Building package 'ddbot_description' with the following arguments: {'ament_cmake_args': None, 'build_base': '/home/rosuser/ddbot_ws/build/ddbot_description', 'catkin_cmake_args': None, 'catkin_skip_building_tests': False, 'cmake_args': None, 'cmake_clean_cache': False, 'cmake_clean_first': False, 'cmake_force_configure': False, 'cmake_target': None, 'cmake_target_skip_unavailable': False, 'install_base': '/home/rosuser/ddbot_ws/install/ddbot_description', 'merge_install': False, 'path': '/home/rosuser/ddbot_ws/src/ddbot_description', 'symlink_install': False, 'test_result_base': None}
[0.324s] Level 5:colcon.colcon_core.verb:set package 'ddbot_msgs' build argument 'cmake_args' from command line to 'None'
[0.324s] Level 5:colcon.colcon_core.verb:set package 'ddbot_msgs' build argument 'cmake_target' from command line to 'None'
[0.324s] Level 5:colcon.colcon_core.verb:set package 'ddbot_msgs' build argument 'cmake_target_skip_unavailable' from command line to 'False'
[0.324s] Level 5:colcon.colcon_core.verb:set package 'ddbot_msgs' build argument 'cmake_clean_cache' from command line to 'False'
[0.324s] Level 5:colcon.colcon_core.verb:set package 'ddbot_msgs' build argument 'cmake_clean_first' from command line to 'False'
[0.324s] Level 5:colcon.colcon_core.verb:set package 'ddbot_msgs' build argument 'cmake_force_configure' from command line to 'False'
[0.324s] Level 5:colcon.colcon_core.verb:set package 'ddbot_msgs' build argument 'ament_cmake_args' from command line to 'None'
[0.324s] Level 5:colcon.colcon_core.verb:set package 'ddbot_msgs' build argument 'catkin_cmake_args' from command line to 'None'
[0.324s] Level 5:colcon.colcon_core.verb:set package 'ddbot_msgs' build argument 'catkin_skip_building_tests' from command line to 'False'
[0.324s] DEBUG:colcon.colcon_core.verb:Building package 'ddbot_msgs' with the following arguments: {'ament_cmake_args': None, 'build_base': '/home/rosuser/ddbot_ws/build/ddbot_msgs', 'catkin_cmake_args': None, 'catkin_skip_building_tests': False, 'cmake_args': None, 'cmake_clean_cache': False, 'cmake_clean_first': False, 'cmake_force_configure': False, 'cmake_target': None, 'cmake_target_skip_unavailable': False, 'install_base': '/home/rosuser/ddbot_ws/install/ddbot_msgs', 'merge_install': False, 'path': '/home/rosuser/ddbot_ws/src/ddbot_msgs', 'symlink_install': False, 'test_result_base': None}
[0.324s] Level 5:colcon.colcon_core.verb:set package 'ddbot_py_examples' build argument 'cmake_args' from command line to 'None'
[0.324s] Level 5:colcon.colcon_core.verb:set package 'ddbot_py_examples' build argument 'cmake_target' from command line to 'None'
[0.324s] Level 5:colcon.colcon_core.verb:set package 'ddbot_py_examples' build argument 'cmake_target_skip_unavailable' from command line to 'False'
[0.324s] Level 5:colcon.colcon_core.verb:set package 'ddbot_py_examples' build argument 'cmake_clean_cache' from command line to 'False'
[0.324s] Level 5:colcon.colcon_core.verb:set package 'ddbot_py_examples' build argument 'cmake_clean_first' from command line to 'False'
[0.324s] Level 5:colcon.colcon_core.verb:set package 'ddbot_py_examples' build argument 'cmake_force_configure' from command line to 'False'
[0.325s] Level 5:colcon.colcon_core.verb:set package 'ddbot_py_examples' build argument 'ament_cmake_args' from command line to 'None'
[0.325s] Level 5:colcon.colcon_core.verb:set package 'ddbot_py_examples' build argument 'catkin_cmake_args' from command line to 'None'
[0.325s] Level 5:colcon.colcon_core.verb:set package 'ddbot_py_examples' build argument 'catkin_skip_building_tests' from command line to 'False'
[0.325s] DEBUG:colcon.colcon_core.verb:Building package 'ddbot_py_examples' with the following arguments: {'ament_cmake_args': None, 'build_base': '/home/rosuser/ddbot_ws/build/ddbot_py_examples', 'catkin_cmake_args': None, 'catkin_skip_building_tests': False, 'cmake_args': None, 'cmake_clean_cache': False, 'cmake_clean_first': False, 'cmake_force_configure': False, 'cmake_target': None, 'cmake_target_skip_unavailable': False, 'install_base': '/home/rosuser/ddbot_ws/install/ddbot_py_examples', 'merge_install': False, 'path': '/home/rosuser/ddbot_ws/src/ddbot_py_examples', 'symlink_install': False, 'test_result_base': None}
[0.325s] INFO:colcon.colcon_core.executor:Executing jobs using 'parallel' executor
[0.326s] DEBUG:colcon.colcon_parallel_executor.executor.parallel:run_until_complete
[0.326s] INFO:colcon.colcon_ros.task.ament_cmake.build:Building ROS package in '/home/rosuser/ddbot_ws/src/ddbot_msgs' with build type 'ament_cmake'
[0.326s] INFO:colcon.colcon_cmake.task.cmake.build:Building CMake package in '/home/rosuser/ddbot_ws/src/ddbot_msgs'
[0.328s] INFO:colcon.colcon_core.plugin_system:Skipping extension 'colcon_core.shell.bat': Not used on non-Windows systems
[0.328s] INFO:colcon.colcon_core.shell:Skip shell extension 'powershell' for command environment: Not usable outside of PowerShell
[0.328s] DEBUG:colcon.colcon_core.shell:Skip shell extension 'dsv' for command environment
[0.330s] INFO:colcon.colcon_ros.task.ament_cmake.build:Building ROS package in '/home/rosuser/ddbot_ws/src/ddbot_controller' with build type 'ament_cmake'
[0.330s] INFO:colcon.colcon_cmake.task.cmake.build:Building CMake package in '/home/rosuser/ddbot_ws/src/ddbot_controller'
[0.331s] INFO:colcon.colcon_core.shell:Skip shell extension 'powershell' for command environment: Not usable outside of PowerShell
[0.331s] DEBUG:colcon.colcon_core.shell:Skip shell extension 'dsv' for command environment
[0.333s] INFO:colcon.colcon_ros.task.ament_cmake.build:Building ROS package in '/home/rosuser/ddbot_ws/src/ddbot_cpp_examples' with build type 'ament_cmake'
[0.333s] INFO:colcon.colcon_cmake.task.cmake.build:Building CMake package in '/home/rosuser/ddbot_ws/src/ddbot_cpp_examples'
[0.333s] INFO:colcon.colcon_core.shell:Skip shell extension 'powershell' for command environment: Not usable outside of PowerShell
[0.333s] DEBUG:colcon.colcon_core.shell:Skip shell extension 'dsv' for command environment
[0.336s] INFO:colcon.colcon_ros.task.ament_cmake.build:Building ROS package in '/home/rosuser/ddbot_ws/src/ddbot_description' with build type 'ament_cmake'
[0.336s] INFO:colcon.colcon_cmake.task.cmake.build:Building CMake package in '/home/rosuser/ddbot_ws/src/ddbot_description'
[0.336s] INFO:colcon.colcon_core.shell:Skip shell extension 'powershell' for command environment: Not usable outside of PowerShell
[0.336s] DEBUG:colcon.colcon_core.shell:Skip shell extension 'dsv' for command environment
[0.344s] DEBUG:colcon.colcon_core.event_handler.log_command:Invoking command in '/home/rosuser/ddbot_ws/build/ddbot_msgs': CMAKE_PREFIX_PATH=/opt/ros/humble /usr/bin/cmake --build /home/rosuser/ddbot_ws/build/ddbot_msgs -- -j8 -l8
[0.347s] DEBUG:colcon.colcon_core.event_handler.log_command:Invoking command in '/home/rosuser/ddbot_ws/build/ddbot_controller': CMAKE_PREFIX_PATH=/opt/ros/humble /usr/bin/cmake --build /home/rosuser/ddbot_ws/build/ddbot_controller -- -j8 -l8
[0.351s] DEBUG:colcon.colcon_core.event_handler.log_command:Invoking command in '/home/rosuser/ddbot_ws/build/ddbot_cpp_examples': CMAKE_PREFIX_PATH=/opt/ros/humble /usr/bin/cmake --build /home/rosuser/ddbot_ws/build/ddbot_cpp_examples -- -j8 -l8
[0.354s] DEBUG:colcon.colcon_core.event_handler.log_command:Invoking command in '/home/rosuser/ddbot_ws/build/ddbot_description': CMAKE_PREFIX_PATH=/opt/ros/humble /usr/bin/cmake --build /home/rosuser/ddbot_ws/build/ddbot_description -- -j8 -l8
[0.384s] DEBUG:colcon.colcon_core.event_handler.log_command:Invoked command in '/home/rosuser/ddbot_ws/build/ddbot_cpp_examples' returned '0': CMAKE_PREFIX_PATH=/opt/ros/humble /usr/bin/cmake --build /home/rosuser/ddbot_ws/build/ddbot_cpp_examples -- -j8 -l8
[0.386s] DEBUG:colcon.colcon_core.event_handler.log_command:Invoked command in '/home/rosuser/ddbot_ws/build/ddbot_description' returned '0': CMAKE_PREFIX_PATH=/opt/ros/humble /usr/bin/cmake --build /home/rosuser/ddbot_ws/build/ddbot_description -- -j8 -l8
[0.421s] DEBUG:colcon.colcon_core.event_handler.log_command:Invoking command in '/home/rosuser/ddbot_ws/build/ddbot_cpp_examples': CMAKE_PREFIX_PATH=/opt/ros/humble /usr/bin/cmake --install /home/rosuser/ddbot_ws/build/ddbot_cpp_examples
[0.424s] DEBUG:colcon.colcon_core.event_handler.log_command:Invoking command in '/home/rosuser/ddbot_ws/build/ddbot_description': CMAKE_PREFIX_PATH=/opt/ros/humble /usr/bin/cmake --install /home/rosuser/ddbot_ws/build/ddbot_description
[0.431s] Level 1:colcon.colcon_core.environment:create_environment_scripts_only(ddbot_cpp_examples)
[0.434s] Level 1:colcon.colcon_core.environment:checking '/home/rosuser/ddbot_ws/install/ddbot_cpp_examples' for CMake module files
[0.435s] Level 1:colcon.colcon_core.environment:checking '/home/rosuser/ddbot_ws/install/ddbot_cpp_examples' for CMake config files
[0.435s] Level 1:colcon.colcon_core.shell:create_environment_hook('ddbot_cpp_examples', 'cmake_prefix_path')
[0.435s] INFO:colcon.colcon_core.shell:Creating environment hook '/home/rosuser/ddbot_ws/install/ddbot_cpp_examples/share/ddbot_cpp_examples/hook/cmake_prefix_path.ps1'
[0.437s] DEBUG:colcon.colcon_core.event_handler.log_command:Invoked command in '/home/rosuser/ddbot_ws/build/ddbot_cpp_examples' returned '0': CMAKE_PREFIX_PATH=/opt/ros/humble /usr/bin/cmake --install /home/rosuser/ddbot_ws/build/ddbot_cpp_examples
[0.437s] INFO:colcon.colcon_core.shell:Creating environment descriptor '/home/rosuser/ddbot_ws/install/ddbot_cpp_examples/share/ddbot_cpp_examples/hook/cmake_prefix_path.dsv'
[0.438s] INFO:colcon.colcon_core.shell:Creating environment hook '/home/rosuser/ddbot_ws/install/ddbot_cpp_examples/share/ddbot_cpp_examples/hook/cmake_prefix_path.sh'
[0.439s] Level 1:colcon.colcon_core.environment:checking '/home/rosuser/ddbot_ws/install/ddbot_cpp_examples/bin'
[0.439s] Level 1:colcon.colcon_core.environment:checking '/home/rosuser/ddbot_ws/install/ddbot_cpp_examples/lib/pkgconfig/ddbot_cpp_examples.pc'
[0.440s] Level 1:colcon.colcon_core.environment:checking '/home/rosuser/ddbot_ws/install/ddbot_cpp_examples/lib/python3.10/site-packages'
[0.440s] Level 1:colcon.colcon_core.environment:checking '/home/rosuser/ddbot_ws/install/ddbot_cpp_examples/bin'
[0.440s] INFO:colcon.colcon_core.shell:Creating package script '/home/rosuser/ddbot_ws/install/ddbot_cpp_examples/share/ddbot_cpp_examples/package.ps1'
[0.442s] INFO:colcon.colcon_core.shell:Creating package descriptor '/home/rosuser/ddbot_ws/install/ddbot_cpp_examples/share/ddbot_cpp_examples/package.dsv'
[0.444s] INFO:colcon.colcon_core.shell:Creating package script '/home/rosuser/ddbot_ws/install/ddbot_cpp_examples/share/ddbot_cpp_examples/package.sh'
[0.447s] INFO:colcon.colcon_core.shell:Creating package script '/home/rosuser/ddbot_ws/install/ddbot_cpp_examples/share/ddbot_cpp_examples/package.bash'
[0.448s] INFO:colcon.colcon_core.shell:Creating package script '/home/rosuser/ddbot_ws/install/ddbot_cpp_examples/share/ddbot_cpp_examples/package.zsh'
[0.449s] Level 1:colcon.colcon_core.environment:create_file_with_runtime_dependencies(/home/rosuser/ddbot_ws/install/ddbot_cpp_examples/share/colcon-core/packages/ddbot_cpp_examples)
[0.451s] Level 1:colcon.colcon_core.environment:create_environment_scripts_only(ddbot_description)
[0.451s] Level 1:colcon.colcon_core.environment:checking '/home/rosuser/ddbot_ws/install/ddbot_description' for CMake module files
[0.452s] DEBUG:colcon.colcon_core.event_handler.log_command:Invoked command in '/home/rosuser/ddbot_ws/build/ddbot_description' returned '0': CMAKE_PREFIX_PATH=/opt/ros/humble /usr/bin/cmake --install /home/rosuser/ddbot_ws/build/ddbot_description
[0.453s] Level 1:colcon.colcon_core.environment:checking '/home/rosuser/ddbot_ws/install/ddbot_description' for CMake config files
[0.453s] Level 1:colcon.colcon_core.shell:create_environment_hook('ddbot_description', 'cmake_prefix_path')
[0.453s] INFO:colcon.colcon_core.shell:Creating environment hook '/home/rosuser/ddbot_ws/install/ddbot_description/share/ddbot_description/hook/cmake_prefix_path.ps1'
[0.454s] INFO:colcon.colcon_core.shell:Creating environment descriptor '/home/rosuser/ddbot_ws/install/ddbot_description/share/ddbot_description/hook/cmake_prefix_path.dsv'
[0.454s] INFO:colcon.colcon_core.shell:Creating environment hook '/home/rosuser/ddbot_ws/install/ddbot_description/share/ddbot_description/hook/cmake_prefix_path.sh'
[0.455s] Level 1:colcon.colcon_core.environment:checking '/home/rosuser/ddbot_ws/install/ddbot_description/bin'
[0.455s] Level 1:colcon.colcon_core.environment:checking '/home/rosuser/ddbot_ws/install/ddbot_description/lib/pkgconfig/ddbot_description.pc'
[0.455s] Level 1:colcon.colcon_core.environment:checking '/home/rosuser/ddbot_ws/install/ddbot_description/lib/python3.10/site-packages'
[0.455s] Level 1:colcon.colcon_core.environment:checking '/home/rosuser/ddbot_ws/install/ddbot_description/bin'
[0.456s] INFO:colcon.colcon_core.shell:Creating package script '/home/rosuser/ddbot_ws/install/ddbot_description/share/ddbot_description/package.ps1'
[0.456s] INFO:colcon.colcon_core.shell:Creating package descriptor '/home/rosuser/ddbot_ws/install/ddbot_description/share/ddbot_description/package.dsv'
[0.457s] INFO:colcon.colcon_core.shell:Creating package script '/home/rosuser/ddbot_ws/install/ddbot_description/share/ddbot_description/package.sh'
[0.457s] INFO:colcon.colcon_core.shell:Creating package script '/home/rosuser/ddbot_ws/install/ddbot_description/share/ddbot_description/package.bash'
[0.458s] INFO:colcon.colcon_core.shell:Creating package script '/home/rosuser/ddbot_ws/install/ddbot_description/share/ddbot_description/package.zsh'
[0.458s] Level 1:colcon.colcon_core.environment:create_file_with_runtime_dependencies(/home/rosuser/ddbot_ws/install/ddbot_description/share/colcon-core/packages/ddbot_description)
[0.472s] Level 1:colcon.colcon_core.environment:create_environment_scripts_only(ddbot_cpp_examples)
[0.472s] Level 1:colcon.colcon_core.environment:checking '/home/rosuser/ddbot_ws/install/ddbot_cpp_examples' for CMake module files
[0.473s] Level 1:colcon.colcon_core.environment:checking '/home/rosuser/ddbot_ws/install/ddbot_cpp_examples' for CMake config files
[0.473s] Level 1:colcon.colcon_core.shell:create_environment_hook('ddbot_cpp_examples', 'cmake_prefix_path')
[0.473s] INFO:colcon.colcon_core.shell:Creating environment hook '/home/rosuser/ddbot_ws/install/ddbot_cpp_examples/share/ddbot_cpp_examples/hook/cmake_prefix_path.ps1'
[0.474s] INFO:colcon.colcon_core.shell:Creating environment descriptor '/home/rosuser/ddbot_ws/install/ddbot_cpp_examples/share/ddbot_cpp_examples/hook/cmake_prefix_path.dsv'
[0.474s] INFO:colcon.colcon_core.shell:Creating environment hook '/home/rosuser/ddbot_ws/install/ddbot_cpp_examples/share/ddbot_cpp_examples/hook/cmake_prefix_path.sh'
[0.475s] Level 1:colcon.colcon_core.environment:checking '/home/rosuser/ddbot_ws/install/ddbot_cpp_examples/bin'
[0.475s] Level 1:colcon.colcon_core.environment:checking '/home/rosuser/ddbot_ws/install/ddbot_cpp_examples/lib/pkgconfig/ddbot_cpp_examples.pc'
[0.475s] Level 1:colcon.colcon_core.environment:checking '/home/rosuser/ddbot_ws/install/ddbot_cpp_examples/lib/python3.10/site-packages'
[0.475s] Level 1:colcon.colcon_core.environment:checking '/home/rosuser/ddbot_ws/install/ddbot_cpp_examples/bin'
[0.476s] INFO:colcon.colcon_core.shell:Creating package script '/home/rosuser/ddbot_ws/install/ddbot_cpp_examples/share/ddbot_cpp_examples/package.ps1'
[0.477s] INFO:colcon.colcon_core.shell:Creating package descriptor '/home/rosuser/ddbot_ws/install/ddbot_cpp_examples/share/ddbot_cpp_examples/package.dsv'
[0.477s] INFO:colcon.colcon_core.shell:Creating package script '/home/rosuser/ddbot_ws/install/ddbot_cpp_examples/share/ddbot_cpp_examples/package.sh'
[0.478s] INFO:colcon.colcon_core.shell:Creating package script '/home/rosuser/ddbot_ws/install/ddbot_cpp_examples/share/ddbot_cpp_examples/package.bash'
[0.478s] INFO:colcon.colcon_core.shell:Creating package script '/home/rosuser/ddbot_ws/install/ddbot_cpp_examples/share/ddbot_cpp_examples/package.zsh'
[0.478s] Level 1:colcon.colcon_core.environment:create_file_with_runtime_dependencies(/home/rosuser/ddbot_ws/install/ddbot_cpp_examples/share/colcon-core/packages/ddbot_cpp_examples)
[0.481s] Level 1:colcon.colcon_core.environment:create_environment_scripts_only(ddbot_description)
[0.482s] Level 1:colcon.colcon_core.environment:checking '/home/rosuser/ddbot_ws/install/ddbot_description' for CMake module files
[0.482s] Level 1:colcon.colcon_core.environment:checking '/home/rosuser/ddbot_ws/install/ddbot_description' for CMake config files
[0.483s] Level 1:colcon.colcon_core.shell:create_environment_hook('ddbot_description', 'cmake_prefix_path')
[0.483s] INFO:colcon.colcon_core.shell:Creating environment hook '/home/rosuser/ddbot_ws/install/ddbot_description/share/ddbot_description/hook/cmake_prefix_path.ps1'
[0.484s] INFO:colcon.colcon_core.shell:Creating environment descriptor '/home/rosuser/ddbot_ws/install/ddbot_description/share/ddbot_description/hook/cmake_prefix_path.dsv'
[0.484s] INFO:colcon.colcon_core.shell:Creating environment hook '/home/rosuser/ddbot_ws/install/ddbot_description/share/ddbot_description/hook/cmake_prefix_path.sh'
[0.484s] Level 1:colcon.colcon_core.environment:checking '/home/rosuser/ddbot_ws/install/ddbot_description/bin'
[0.485s] Level 1:colcon.colcon_core.environment:checking '/home/rosuser/ddbot_ws/install/ddbot_description/lib/pkgconfig/ddbot_description.pc'
[0.485s] Level 1:colcon.colcon_core.environment:checking '/home/rosuser/ddbot_ws/install/ddbot_description/lib/python3.10/site-packages'
[0.485s] Level 1:colcon.colcon_core.environment:checking '/home/rosuser/ddbot_ws/install/ddbot_description/bin'
[0.486s] INFO:colcon.colcon_core.shell:Creating package script '/home/rosuser/ddbot_ws/install/ddbot_description/share/ddbot_description/package.ps1'
[0.487s] INFO:colcon.colcon_core.shell:Creating package descriptor '/home/rosuser/ddbot_ws/install/ddbot_description/share/ddbot_description/package.dsv'
[0.487s] INFO:colcon.colcon_core.shell:Creating package script '/home/rosuser/ddbot_ws/install/ddbot_description/share/ddbot_description/package.sh'
[0.488s] INFO:colcon.colcon_core.shell:Creating package script '/home/rosuser/ddbot_ws/install/ddbot_description/share/ddbot_description/package.bash'
[0.488s] INFO:colcon.colcon_core.shell:Creating package script '/home/rosuser/ddbot_ws/install/ddbot_description/share/ddbot_description/package.zsh'
[0.488s] Level 1:colcon.colcon_core.environment:create_file_with_runtime_dependencies(/home/rosuser/ddbot_ws/install/ddbot_description/share/colcon-core/packages/ddbot_description)
[0.714s] DEBUG:colcon.colcon_core.event_handler.log_command:Invoked command in '/home/rosuser/ddbot_ws/build/ddbot_msgs' returned '0': CMAKE_PREFIX_PATH=/opt/ros/humble /usr/bin/cmake --build /home/rosuser/ddbot_ws/build/ddbot_msgs -- -j8 -l8
[0.726s] DEBUG:colcon.colcon_core.event_handler.log_command:Invoked command in '/home/rosuser/ddbot_ws/build/ddbot_controller' returned '0': CMAKE_PREFIX_PATH=/opt/ros/humble /usr/bin/cmake --build /home/rosuser/ddbot_ws/build/ddbot_controller -- -j8 -l8
[0.748s] DEBUG:colcon.colcon_core.event_handler.log_command:Invoking command in '/home/rosuser/ddbot_ws/build/ddbot_controller': CMAKE_PREFIX_PATH=/opt/ros/humble /usr/bin/cmake --install /home/rosuser/ddbot_ws/build/ddbot_controller
[0.802s] DEBUG:colcon.colcon_core.event_handler.log_command:Invoking command in '/home/rosuser/ddbot_ws/build/ddbot_msgs': CMAKE_PREFIX_PATH=/opt/ros/humble /usr/bin/cmake --install /home/rosuser/ddbot_ws/build/ddbot_msgs
[0.807s] Level 1:colcon.colcon_core.environment:create_environment_scripts_only(ddbot_controller)
[0.807s] Level 1:colcon.colcon_core.environment:checking '/home/rosuser/ddbot_ws/install/ddbot_controller' for CMake module files
[0.808s] DEBUG:colcon.colcon_core.event_handler.log_command:Invoked command in '/home/rosuser/ddbot_ws/build/ddbot_controller' returned '0': CMAKE_PREFIX_PATH=/opt/ros/humble /usr/bin/cmake --install /home/rosuser/ddbot_ws/build/ddbot_controller
[0.809s] Level 1:colcon.colcon_core.environment:checking '/home/rosuser/ddbot_ws/install/ddbot_controller' for CMake config files
[0.809s] Level 1:colcon.colcon_core.shell:create_environment_hook('ddbot_controller', 'cmake_prefix_path')
[0.809s] INFO:colcon.colcon_core.shell:Creating environment hook '/home/rosuser/ddbot_ws/install/ddbot_controller/share/ddbot_controller/hook/cmake_prefix_path.ps1'
[0.810s] INFO:colcon.colcon_core.shell:Creating environment descriptor '/home/rosuser/ddbot_ws/install/ddbot_controller/share/ddbot_controller/hook/cmake_prefix_path.dsv'
[0.814s] INFO:colcon.colcon_core.shell:Creating environment hook '/home/rosuser/ddbot_ws/install/ddbot_controller/share/ddbot_controller/hook/cmake_prefix_path.sh'
[0.818s] Level 1:colcon.colcon_core.environment:checking '/home/rosuser/ddbot_ws/install/ddbot_controller/lib'
[0.818s] Level 1:colcon.colcon_core.environment:checking '/home/rosuser/ddbot_ws/install/ddbot_controller/bin'
[0.818s] Level 1:colcon.colcon_core.environment:checking '/home/rosuser/ddbot_ws/install/ddbot_controller/lib/pkgconfig/ddbot_controller.pc'
[0.818s] Level 1:colcon.colcon_core.environment:checking '/home/rosuser/ddbot_ws/install/ddbot_controller/lib/python3.10/site-packages'
[0.819s] Level 1:colcon.colcon_core.environment:checking '/home/rosuser/ddbot_ws/install/ddbot_controller/bin'
[0.819s] INFO:colcon.colcon_core.shell:Creating package script '/home/rosuser/ddbot_ws/install/ddbot_controller/share/ddbot_controller/package.ps1'
[0.820s] INFO:colcon.colcon_core.shell:Creating package descriptor '/home/rosuser/ddbot_ws/install/ddbot_controller/share/ddbot_controller/package.dsv'
[0.821s] INFO:colcon.colcon_core.shell:Creating package script '/home/rosuser/ddbot_ws/install/ddbot_controller/share/ddbot_controller/package.sh'
[0.821s] INFO:colcon.colcon_core.shell:Creating package script '/home/rosuser/ddbot_ws/install/ddbot_controller/share/ddbot_controller/package.bash'
[0.822s] INFO:colcon.colcon_core.shell:Creating package script '/home/rosuser/ddbot_ws/install/ddbot_controller/share/ddbot_controller/package.zsh'
[0.822s] Level 1:colcon.colcon_core.environment:create_file_with_runtime_dependencies(/home/rosuser/ddbot_ws/install/ddbot_controller/share/colcon-core/packages/ddbot_controller)
[0.846s] Level 1:colcon.colcon_core.environment:create_environment_scripts_only(ddbot_controller)
[0.846s] Level 1:colcon.colcon_core.environment:checking '/home/rosuser/ddbot_ws/install/ddbot_controller' for CMake module files
[0.847s] Level 1:colcon.colcon_core.environment:checking '/home/rosuser/ddbot_ws/install/ddbot_controller' for CMake config files
[0.847s] Level 1:colcon.colcon_core.shell:create_environment_hook('ddbot_controller', 'cmake_prefix_path')
[0.847s] INFO:colcon.colcon_core.shell:Creating environment hook '/home/rosuser/ddbot_ws/install/ddbot_controller/share/ddbot_controller/hook/cmake_prefix_path.ps1'
[0.848s] INFO:colcon.colcon_core.shell:Creating environment descriptor '/home/rosuser/ddbot_ws/install/ddbot_controller/share/ddbot_controller/hook/cmake_prefix_path.dsv'
[0.848s] INFO:colcon.colcon_core.shell:Creating environment hook '/home/rosuser/ddbot_ws/install/ddbot_controller/share/ddbot_controller/hook/cmake_prefix_path.sh'
[0.849s] Level 1:colcon.colcon_core.environment:checking '/home/rosuser/ddbot_ws/install/ddbot_controller/lib'
[0.849s] Level 1:colcon.colcon_core.environment:checking '/home/rosuser/ddbot_ws/install/ddbot_controller/bin'
[0.849s] Level 1:colcon.colcon_core.environment:checking '/home/rosuser/ddbot_ws/install/ddbot_controller/lib/pkgconfig/ddbot_controller.pc'
[0.849s] Level 1:colcon.colcon_core.environment:checking '/home/rosuser/ddbot_ws/install/ddbot_controller/lib/python3.10/site-packages'
[0.849s] Level 1:colcon.colcon_core.environment:checking '/home/rosuser/ddbot_ws/install/ddbot_controller/bin'
[0.850s] INFO:colcon.colcon_core.shell:Creating package script '/home/rosuser/ddbot_ws/install/ddbot_controller/share/ddbot_controller/package.ps1'
[0.851s] INFO:colcon.colcon_core.shell:Creating package descriptor '/home/rosuser/ddbot_ws/install/ddbot_controller/share/ddbot_controller/package.dsv'
[0.851s] INFO:colcon.colcon_core.shell:Creating package script '/home/rosuser/ddbot_ws/install/ddbot_controller/share/ddbot_controller/package.sh'
[0.852s] INFO:colcon.colcon_core.shell:Creating package script '/home/rosuser/ddbot_ws/install/ddbot_controller/share/ddbot_controller/package.bash'
[0.852s] INFO:colcon.colcon_core.shell:Creating package script '/home/rosuser/ddbot_ws/install/ddbot_controller/share/ddbot_controller/package.zsh'
[0.853s] Level 1:colcon.colcon_core.environment:create_file_with_runtime_dependencies(/home/rosuser/ddbot_ws/install/ddbot_controller/share/colcon-core/packages/ddbot_controller)
[0.861s] Level 1:colcon.colcon_core.environment:create_environment_scripts_only(ddbot_msgs)
[0.861s] Level 1:colcon.colcon_core.environment:checking '/home/rosuser/ddbot_ws/install/ddbot_msgs' for CMake module files
[0.862s] DEBUG:colcon.colcon_core.event_handler.log_command:Invoked command in '/home/rosuser/ddbot_ws/build/ddbot_msgs' returned '0': CMAKE_PREFIX_PATH=/opt/ros/humble /usr/bin/cmake --install /home/rosuser/ddbot_ws/build/ddbot_msgs
[0.862s] Level 1:colcon.colcon_core.environment:checking '/home/rosuser/ddbot_ws/install/ddbot_msgs' for CMake config files
[0.862s] Level 1:colcon.colcon_core.shell:create_environment_hook('ddbot_msgs', 'cmake_prefix_path')
[0.863s] INFO:colcon.colcon_core.shell:Creating environment hook '/home/rosuser/ddbot_ws/install/ddbot_msgs/share/ddbot_msgs/hook/cmake_prefix_path.ps1'
[0.863s] INFO:colcon.colcon_core.shell:Creating environment descriptor '/home/rosuser/ddbot_ws/install/ddbot_msgs/share/ddbot_msgs/hook/cmake_prefix_path.dsv'
[0.863s] INFO:colcon.colcon_core.shell:Creating environment hook '/home/rosuser/ddbot_ws/install/ddbot_msgs/share/ddbot_msgs/hook/cmake_prefix_path.sh'
[0.864s] Level 1:colcon.colcon_core.environment:checking '/home/rosuser/ddbot_ws/install/ddbot_msgs/lib'
[0.864s] Level 1:colcon.colcon_core.shell:create_environment_hook('ddbot_msgs', 'ld_library_path_lib')
[0.864s] INFO:colcon.colcon_core.shell:Creating environment hook '/home/rosuser/ddbot_ws/install/ddbot_msgs/share/ddbot_msgs/hook/ld_library_path_lib.ps1'
[0.864s] INFO:colcon.colcon_core.shell:Creating environment descriptor '/home/rosuser/ddbot_ws/install/ddbot_msgs/share/ddbot_msgs/hook/ld_library_path_lib.dsv'
[0.864s] INFO:colcon.colcon_core.shell:Creating environment hook '/home/rosuser/ddbot_ws/install/ddbot_msgs/share/ddbot_msgs/hook/ld_library_path_lib.sh'
[0.865s] Level 1:colcon.colcon_core.environment:checking '/home/rosuser/ddbot_ws/install/ddbot_msgs/bin'
[0.865s] Level 1:colcon.colcon_core.environment:checking '/home/rosuser/ddbot_ws/install/ddbot_msgs/lib/pkgconfig/ddbot_msgs.pc'
[0.865s] Level 1:colcon.colcon_core.environment:checking '/home/rosuser/ddbot_ws/install/ddbot_msgs/lib/python3.10/site-packages'
[0.865s] Level 1:colcon.colcon_core.environment:checking '/home/rosuser/ddbot_ws/install/ddbot_msgs/bin'
[0.866s] INFO:colcon.colcon_core.shell:Creating package script '/home/rosuser/ddbot_ws/install/ddbot_msgs/share/ddbot_msgs/package.ps1'
[0.866s] INFO:colcon.colcon_core.shell:Creating package descriptor '/home/rosuser/ddbot_ws/install/ddbot_msgs/share/ddbot_msgs/package.dsv'
[0.867s] INFO:colcon.colcon_core.shell:Creating package script '/home/rosuser/ddbot_ws/install/ddbot_msgs/share/ddbot_msgs/package.sh'
[0.867s] INFO:colcon.colcon_core.shell:Creating package script '/home/rosuser/ddbot_ws/install/ddbot_msgs/share/ddbot_msgs/package.bash'
[0.867s] INFO:colcon.colcon_core.shell:Creating package script '/home/rosuser/ddbot_ws/install/ddbot_msgs/share/ddbot_msgs/package.zsh'
[0.868s] Level 1:colcon.colcon_core.environment:create_file_with_runtime_dependencies(/home/rosuser/ddbot_ws/install/ddbot_msgs/share/colcon-core/packages/ddbot_msgs)
[0.931s] Level 1:colcon.colcon_core.environment:create_environment_scripts_only(ddbot_msgs)
[0.931s] Level 1:colcon.colcon_core.environment:checking '/home/rosuser/ddbot_ws/install/ddbot_msgs' for CMake module files
[0.932s] Level 1:colcon.colcon_core.environment:checking '/home/rosuser/ddbot_ws/install/ddbot_msgs' for CMake config files
[0.932s] Level 1:colcon.colcon_core.shell:create_environment_hook('ddbot_msgs', 'cmake_prefix_path')
[0.933s] INFO:colcon.colcon_core.shell:Creating environment hook '/home/rosuser/ddbot_ws/install/ddbot_msgs/share/ddbot_msgs/hook/cmake_prefix_path.ps1'
[0.933s] INFO:colcon.colcon_core.shell:Creating environment descriptor '/home/rosuser/ddbot_ws/install/ddbot_msgs/share/ddbot_msgs/hook/cmake_prefix_path.dsv'
[0.934s] INFO:colcon.colcon_core.shell:Creating environment hook '/home/rosuser/ddbot_ws/install/ddbot_msgs/share/ddbot_msgs/hook/cmake_prefix_path.sh'
[0.934s] Level 1:colcon.colcon_core.environment:checking '/home/rosuser/ddbot_ws/install/ddbot_msgs/lib'
[0.934s] Level 1:colcon.colcon_core.shell:create_environment_hook('ddbot_msgs', 'ld_library_path_lib')
[0.935s] INFO:colcon.colcon_core.shell:Creating environment hook '/home/rosuser/ddbot_ws/install/ddbot_msgs/share/ddbot_msgs/hook/ld_library_path_lib.ps1'
[0.935s] INFO:colcon.colcon_core.shell:Creating environment descriptor '/home/rosuser/ddbot_ws/install/ddbot_msgs/share/ddbot_msgs/hook/ld_library_path_lib.dsv'
[0.936s] INFO:colcon.colcon_core.shell:Creating environment hook '/home/rosuser/ddbot_ws/install/ddbot_msgs/share/ddbot_msgs/hook/ld_library_path_lib.sh'
[0.936s] Level 1:colcon.colcon_core.environment:checking '/home/rosuser/ddbot_ws/install/ddbot_msgs/bin'
[0.936s] Level 1:colcon.colcon_core.environment:checking '/home/rosuser/ddbot_ws/install/ddbot_msgs/lib/pkgconfig/ddbot_msgs.pc'
[0.937s] Level 1:colcon.colcon_core.environment:checking '/home/rosuser/ddbot_ws/install/ddbot_msgs/lib/python3.10/site-packages'
[0.937s] Level 1:colcon.colcon_core.environment:checking '/home/rosuser/ddbot_ws/install/ddbot_msgs/bin'
[0.937s] INFO:colcon.colcon_core.shell:Creating package script '/home/rosuser/ddbot_ws/install/ddbot_msgs/share/ddbot_msgs/package.ps1'
[0.938s] INFO:colcon.colcon_core.shell:Creating package descriptor '/home/rosuser/ddbot_ws/install/ddbot_msgs/share/ddbot_msgs/package.dsv'
[0.938s] INFO:colcon.colcon_core.shell:Creating package script '/home/rosuser/ddbot_ws/install/ddbot_msgs/share/ddbot_msgs/package.sh'
[0.939s] INFO:colcon.colcon_core.shell:Creating package script '/home/rosuser/ddbot_ws/install/ddbot_msgs/share/ddbot_msgs/package.bash'
[0.940s] INFO:colcon.colcon_core.shell:Creating package script '/home/rosuser/ddbot_ws/install/ddbot_msgs/share/ddbot_msgs/package.zsh'
[0.940s] Level 1:colcon.colcon_core.environment:create_file_with_runtime_dependencies(/home/rosuser/ddbot_ws/install/ddbot_msgs/share/colcon-core/packages/ddbot_msgs)
[0.941s] INFO:colcon.colcon_ros.task.ament_python.build:Building ROS package in '/home/rosuser/ddbot_ws/src/ddbot_py_examples' with build type 'ament_python'
[0.941s] Level 1:colcon.colcon_core.shell:create_environment_hook('ddbot_py_examples', 'ament_prefix_path')
[0.941s] INFO:colcon.colcon_core.shell:Creating environment hook '/home/rosuser/ddbot_ws/install/ddbot_py_examples/share/ddbot_py_examples/hook/ament_prefix_path.ps1'
[0.942s] INFO:colcon.colcon_core.shell:Creating environment descriptor '/home/rosuser/ddbot_ws/install/ddbot_py_examples/share/ddbot_py_examples/hook/ament_prefix_path.dsv'
[0.942s] INFO:colcon.colcon_core.shell:Creating environment hook '/home/rosuser/ddbot_ws/install/ddbot_py_examples/share/ddbot_py_examples/hook/ament_prefix_path.sh'
[0.943s] INFO:colcon.colcon_core.shell:Skip shell extension 'powershell' for command environment: Not usable outside of PowerShell
[0.943s] DEBUG:colcon.colcon_core.shell:Skip shell extension 'dsv' for command environment
[1.207s] INFO:colcon.colcon_core.task.python.build:Building Python package in '/home/rosuser/ddbot_ws/src/ddbot_py_examples'
[1.208s] INFO:colcon.colcon_core.shell:Skip shell extension 'powershell' for command environment: Not usable outside of PowerShell
[1.208s] DEBUG:colcon.colcon_core.shell:Skip shell extension 'dsv' for command environment
[1.612s] DEBUG:colcon.colcon_core.event_handler.log_command:Invoking command in '/home/rosuser/ddbot_ws/src/ddbot_py_examples': AMENT_PREFIX_PATH=/home/rosuser/ddbot_ws/install/ddbot_msgs:${AMENT_PREFIX_PATH} CMAKE_PREFIX_PATH=/home/rosuser/ddbot_ws/install/ddbot_msgs LD_LIBRARY_PATH=/home/rosuser/ddbot_ws/install/ddbot_msgs/lib:${LD_LIBRARY_PATH} PYTHONPATH=/home/rosuser/ddbot_ws/build/ddbot_py_examples/prefix_override:/usr/lib/python3/dist-packages/colcon_core/task/python/colcon_distutils_commands:/home/rosuser/ddbot_ws/install/ddbot_py_examples/lib/python3.10/site-packages:/home/rosuser/ddbot_ws/install/ddbot_msgs/local/lib/python3.10/dist-packages:${PYTHONPATH} /usr/bin/python3 -W ignore:setup.py install is deprecated setup.py egg_info --egg-base ../../build/ddbot_py_examples build --build-base /home/rosuser/ddbot_ws/build/ddbot_py_examples/build install --record /home/rosuser/ddbot_ws/build/ddbot_py_examples/install.log --single-version-externally-managed install_data
[1.942s] Level 1:colcon.colcon_core.environment:checking '/home/rosuser/ddbot_ws/install/ddbot_py_examples' for CMake module files
[1.942s] DEBUG:colcon.colcon_core.event_handler.log_command:Invoked command in '/home/rosuser/ddbot_ws/src/ddbot_py_examples' returned '0': AMENT_PREFIX_PATH=/home/rosuser/ddbot_ws/install/ddbot_msgs:${AMENT_PREFIX_PATH} CMAKE_PREFIX_PATH=/home/rosuser/ddbot_ws/install/ddbot_msgs LD_LIBRARY_PATH=/home/rosuser/ddbot_ws/install/ddbot_msgs/lib:${LD_LIBRARY_PATH} PYTHONPATH=/home/rosuser/ddbot_ws/build/ddbot_py_examples/prefix_override:/usr/lib/python3/dist-packages/colcon_core/task/python/colcon_distutils_commands:/home/rosuser/ddbot_ws/install/ddbot_py_examples/lib/python3.10/site-packages:/home/rosuser/ddbot_ws/install/ddbot_msgs/local/lib/python3.10/dist-packages:${PYTHONPATH} /usr/bin/python3 -W ignore:setup.py install is deprecated setup.py egg_info --egg-base ../../build/ddbot_py_examples build --build-base /home/rosuser/ddbot_ws/build/ddbot_py_examples/build install --record /home/rosuser/ddbot_ws/build/ddbot_py_examples/install.log --single-version-externally-managed install_data
[1.943s] Level 1:colcon.colcon_core.environment:checking '/home/rosuser/ddbot_ws/install/ddbot_py_examples' for CMake config files
[1.944s] Level 1:colcon.colcon_core.environment:checking '/home/rosuser/ddbot_ws/install/ddbot_py_examples/lib'
[1.944s] Level 1:colcon.colcon_core.environment:checking '/home/rosuser/ddbot_ws/install/ddbot_py_examples/bin'
[1.944s] Level 1:colcon.colcon_core.environment:checking '/home/rosuser/ddbot_ws/install/ddbot_py_examples/lib/pkgconfig/ddbot_py_examples.pc'
[1.944s] Level 1:colcon.colcon_core.environment:checking '/home/rosuser/ddbot_ws/install/ddbot_py_examples/lib/python3.10/site-packages'
[1.944s] Level 1:colcon.colcon_core.shell:create_environment_hook('ddbot_py_examples', 'pythonpath')
[1.944s] INFO:colcon.colcon_core.shell:Creating environment hook '/home/rosuser/ddbot_ws/install/ddbot_py_examples/share/ddbot_py_examples/hook/pythonpath.ps1'
[1.945s] INFO:colcon.colcon_core.shell:Creating environment descriptor '/home/rosuser/ddbot_ws/install/ddbot_py_examples/share/ddbot_py_examples/hook/pythonpath.dsv'
[1.945s] INFO:colcon.colcon_core.shell:Creating environment hook '/home/rosuser/ddbot_ws/install/ddbot_py_examples/share/ddbot_py_examples/hook/pythonpath.sh'
[1.946s] Level 1:colcon.colcon_core.environment:checking '/home/rosuser/ddbot_ws/install/ddbot_py_examples/bin'
[1.946s] Level 1:colcon.colcon_core.environment:create_environment_scripts_only(ddbot_py_examples)
[1.946s] INFO:colcon.colcon_core.shell:Creating package script '/home/rosuser/ddbot_ws/install/ddbot_py_examples/share/ddbot_py_examples/package.ps1'
[1.947s] INFO:colcon.colcon_core.shell:Creating package descriptor '/home/rosuser/ddbot_ws/install/ddbot_py_examples/share/ddbot_py_examples/package.dsv'
[1.947s] INFO:colcon.colcon_core.shell:Creating package script '/home/rosuser/ddbot_ws/install/ddbot_py_examples/share/ddbot_py_examples/package.sh'
[1.948s] INFO:colcon.colcon_core.shell:Creating package script '/home/rosuser/ddbot_ws/install/ddbot_py_examples/share/ddbot_py_examples/package.bash'
[1.948s] INFO:colcon.colcon_core.shell:Creating package script '/home/rosuser/ddbot_ws/install/ddbot_py_examples/share/ddbot_py_examples/package.zsh'
[1.949s] Level 1:colcon.colcon_core.environment:create_file_with_runtime_dependencies(/home/rosuser/ddbot_ws/install/ddbot_py_examples/share/colcon-core/packages/ddbot_py_examples)
[1.949s] DEBUG:colcon.colcon_parallel_executor.executor.parallel:closing loop
[1.949s] DEBUG:colcon.colcon_parallel_executor.executor.parallel:loop closed
[1.949s] DEBUG:colcon.colcon_parallel_executor.executor.parallel:run_until_complete finished with '0'
[1.949s] DEBUG:colcon.colcon_core.event_reactor:joining thread
[1.954s] INFO:colcon.colcon_core.plugin_system:Skipping extension 'colcon_notification.desktop_notification.terminal_notifier': Not used on non-Darwin systems
[1.954s] INFO:colcon.colcon_core.plugin_system:Skipping extension 'colcon_notification.desktop_notification.win32': Not used on non-Windows systems
[1.954s] INFO:colcon.colcon_notification.desktop_notification:Sending desktop notification using 'notify2'
[1.967s] DEBUG:colcon.colcon_core.event_reactor:joined thread
[1.968s] INFO:colcon.colcon_core.shell:Creating prefix script '/home/rosuser/ddbot_ws/install/local_setup.ps1'
[1.969s] INFO:colcon.colcon_core.shell:Creating prefix util module '/home/rosuser/ddbot_ws/install/_local_setup_util_ps1.py'
[1.971s] INFO:colcon.colcon_core.shell:Creating prefix chain script '/home/rosuser/ddbot_ws/install/setup.ps1'
[1.972s] INFO:colcon.colcon_core.shell:Creating prefix script '/home/rosuser/ddbot_ws/install/local_setup.sh'
[1.972s] INFO:colcon.colcon_core.shell:Creating prefix util module '/home/rosuser/ddbot_ws/install/_local_setup_util_sh.py'
[1.973s] INFO:colcon.colcon_core.shell:Creating prefix chain script '/home/rosuser/ddbot_ws/install/setup.sh'
[1.975s] INFO:colcon.colcon_core.shell:Creating prefix script '/home/rosuser/ddbot_ws/install/local_setup.bash'
[1.975s] INFO:colcon.colcon_core.shell:Creating prefix chain script '/home/rosuser/ddbot_ws/install/setup.bash'
[1.976s] INFO:colcon.colcon_core.shell:Creating prefix script '/home/rosuser/ddbot_ws/install/local_setup.zsh'
[1.977s] INFO:colcon.colcon_core.shell:Creating prefix chain script '/home/rosuser/ddbot_ws/install/setup.zsh'
