[0.023s] Invoking command in '/home/rosuser/ddbot_ws/build/ddbot_msgs': CMAKE_PREFIX_PATH=${CMAKE_PREFIX_PATH}:/home/rosuser/ddbot_ws/install/ddbot_py_examples:/opt/ros/humble /usr/bin/cmake --build /home/rosuser/ddbot_ws/build/ddbot_msgs -- -j8 -l8
[0.076s] [  2%] Built target ddbot_msgs__cpp
[0.080s] [ 12%] Built target ddbot_msgs__rosidl_generator_c
[0.088s] [ 12%] Built target ament_cmake_python_copy_ddbot_msgs
[0.116s] [ 23%] Built target ddbot_msgs__rosidl_typesupport_cpp
[0.116s] [ 33%] Built target ddbot_msgs__rosidl_typesupport_introspection_cpp
[0.116s] [ 43%] Built target ddbot_msgs__rosidl_typesupport_introspection_c
[0.121s] [ 53%] Built target ddbot_msgs__rosidl_typesupport_fastrtps_cpp
[0.122s] [ 64%] Built target ddbot_msgs__rosidl_typesupport_fastrtps_c
[0.126s] [ 74%] Built target ddbot_msgs__rosidl_typesupport_c
[0.144s] [ 74%] Built target ddbot_msgs
[0.163s] [ 76%] Built target ddbot_msgs__py
[0.187s] [ 84%] Built target ddbot_msgs__rosidl_generator_py
[0.209s] [ 89%] Built target ddbot_msgs__rosidl_typesupport_fastrtps_c__pyext
[0.211s] [ 94%] Built target ddbot_msgs__rosidl_typesupport_introspection_c__pyext
[0.213s] [100%] Built target ddbot_msgs__rosidl_typesupport_c__pyext
[0.379s] running egg_info
[0.379s] writing ddbot_msgs.egg-info/PKG-INFO
[0.380s] writing dependency_links to ddbot_msgs.egg-info/dependency_links.txt
[0.380s] writing top-level names to ddbot_msgs.egg-info/top_level.txt
[0.383s] reading manifest file 'ddbot_msgs.egg-info/SOURCES.txt'
[0.383s] writing manifest file 'ddbot_msgs.egg-info/SOURCES.txt'
[0.412s] [100%] Built target ament_cmake_python_build_ddbot_msgs_egg
[0.422s] Invoked command in '/home/rosuser/ddbot_ws/build/ddbot_msgs' returned '0': CMAKE_PREFIX_PATH=${CMAKE_PREFIX_PATH}:/home/rosuser/ddbot_ws/install/ddbot_py_examples:/opt/ros/humble /usr/bin/cmake --build /home/rosuser/ddbot_ws/build/ddbot_msgs -- -j8 -l8
[0.492s] Invoking command in '/home/rosuser/ddbot_ws/build/ddbot_msgs': CMAKE_PREFIX_PATH=${CMAKE_PREFIX_PATH}:/home/rosuser/ddbot_ws/install/ddbot_py_examples:/opt/ros/humble /usr/bin/cmake --install /home/rosuser/ddbot_ws/build/ddbot_msgs
[0.499s] -- Install configuration: ""
[0.499s] -- Up-to-date: /home/rosuser/ddbot_ws/install/ddbot_msgs/share/ament_index/resource_index/rosidl_interfaces/ddbot_msgs
[0.499s] -- Up-to-date: /home/rosuser/ddbot_ws/install/ddbot_msgs/include/ddbot_msgs/ddbot_msgs
[0.499s] -- Up-to-date: /home/rosuser/ddbot_ws/install/ddbot_msgs/include/ddbot_msgs/ddbot_msgs/srv
[0.499s] -- Up-to-date: /home/rosuser/ddbot_ws/install/ddbot_msgs/include/ddbot_msgs/ddbot_msgs/srv/detail
[0.499s] -- Up-to-date: /home/rosuser/ddbot_ws/install/ddbot_msgs/include/ddbot_msgs/ddbot_msgs/srv/detail/add_two_ints__functions.h
[0.499s] -- Up-to-date: /home/rosuser/ddbot_ws/install/ddbot_msgs/include/ddbot_msgs/ddbot_msgs/srv/detail/add_two_ints__type_support.h
[0.499s] -- Up-to-date: /home/rosuser/ddbot_ws/install/ddbot_msgs/include/ddbot_msgs/ddbot_msgs/srv/detail/get_transform__struct.h
[0.499s] -- Up-to-date: /home/rosuser/ddbot_ws/install/ddbot_msgs/include/ddbot_msgs/ddbot_msgs/srv/detail/add_two_ints__functions.c
[0.500s] -- Up-to-date: /home/rosuser/ddbot_ws/install/ddbot_msgs/include/ddbot_msgs/ddbot_msgs/srv/detail/add_two_ints__struct.h
[0.500s] -- Up-to-date: /home/rosuser/ddbot_ws/install/ddbot_msgs/include/ddbot_msgs/ddbot_msgs/srv/detail/get_transform__functions.c
[0.500s] -- Up-to-date: /home/rosuser/ddbot_ws/install/ddbot_msgs/include/ddbot_msgs/ddbot_msgs/srv/detail/get_transform__functions.h
[0.500s] -- Up-to-date: /home/rosuser/ddbot_ws/install/ddbot_msgs/include/ddbot_msgs/ddbot_msgs/srv/detail/get_transform__type_support.h
[0.500s] -- Up-to-date: /home/rosuser/ddbot_ws/install/ddbot_msgs/include/ddbot_msgs/ddbot_msgs/srv/add_two_ints.h
[0.500s] -- Up-to-date: /home/rosuser/ddbot_ws/install/ddbot_msgs/include/ddbot_msgs/ddbot_msgs/srv/get_transform.h
[0.500s] -- Up-to-date: /home/rosuser/ddbot_ws/install/ddbot_msgs/include/ddbot_msgs/ddbot_msgs/msg
[0.500s] -- Up-to-date: /home/rosuser/ddbot_ws/install/ddbot_msgs/include/ddbot_msgs/ddbot_msgs/msg/rosidl_generator_c__visibility_control.h
[0.500s] -- Up-to-date: /home/rosuser/ddbot_ws/install/ddbot_msgs/share/ddbot_msgs/environment/library_path.sh
[0.500s] -- Up-to-date: /home/rosuser/ddbot_ws/install/ddbot_msgs/share/ddbot_msgs/environment/library_path.dsv
[0.500s] -- Up-to-date: /home/rosuser/ddbot_ws/install/ddbot_msgs/lib/libddbot_msgs__rosidl_generator_c.so
[0.500s] -- Up-to-date: /home/rosuser/ddbot_ws/install/ddbot_msgs/include/ddbot_msgs/ddbot_msgs
[0.501s] -- Up-to-date: /home/rosuser/ddbot_ws/install/ddbot_msgs/include/ddbot_msgs/ddbot_msgs/srv
[0.501s] -- Up-to-date: /home/rosuser/ddbot_ws/install/ddbot_msgs/include/ddbot_msgs/ddbot_msgs/srv/detail
[0.501s] -- Up-to-date: /home/rosuser/ddbot_ws/install/ddbot_msgs/include/ddbot_msgs/ddbot_msgs/srv/detail/get_transform__rosidl_typesupport_fastrtps_c.h
[0.501s] -- Up-to-date: /home/rosuser/ddbot_ws/install/ddbot_msgs/include/ddbot_msgs/ddbot_msgs/srv/detail/add_two_ints__rosidl_typesupport_fastrtps_c.h
[0.501s] -- Up-to-date: /home/rosuser/ddbot_ws/install/ddbot_msgs/include/ddbot_msgs/ddbot_msgs/msg
[0.501s] -- Up-to-date: /home/rosuser/ddbot_ws/install/ddbot_msgs/include/ddbot_msgs/ddbot_msgs/msg/rosidl_typesupport_fastrtps_c__visibility_control.h
[0.501s] -- Up-to-date: /home/rosuser/ddbot_ws/install/ddbot_msgs/lib/libddbot_msgs__rosidl_typesupport_fastrtps_c.so
[0.501s] -- Up-to-date: /home/rosuser/ddbot_ws/install/ddbot_msgs/include/ddbot_msgs/ddbot_msgs
[0.501s] -- Up-to-date: /home/rosuser/ddbot_ws/install/ddbot_msgs/include/ddbot_msgs/ddbot_msgs/srv
[0.501s] -- Up-to-date: /home/rosuser/ddbot_ws/install/ddbot_msgs/include/ddbot_msgs/ddbot_msgs/srv/add_two_ints.hpp
[0.502s] -- Up-to-date: /home/rosuser/ddbot_ws/install/ddbot_msgs/include/ddbot_msgs/ddbot_msgs/srv/get_transform.hpp
[0.502s] -- Up-to-date: /home/rosuser/ddbot_ws/install/ddbot_msgs/include/ddbot_msgs/ddbot_msgs/srv/detail
[0.502s] -- Up-to-date: /home/rosuser/ddbot_ws/install/ddbot_msgs/include/ddbot_msgs/ddbot_msgs/srv/detail/get_transform__builder.hpp
[0.502s] -- Up-to-date: /home/rosuser/ddbot_ws/install/ddbot_msgs/include/ddbot_msgs/ddbot_msgs/srv/detail/add_two_ints__struct.hpp
[0.502s] -- Up-to-date: /home/rosuser/ddbot_ws/install/ddbot_msgs/include/ddbot_msgs/ddbot_msgs/srv/detail/get_transform__struct.hpp
[0.502s] -- Up-to-date: /home/rosuser/ddbot_ws/install/ddbot_msgs/include/ddbot_msgs/ddbot_msgs/srv/detail/add_two_ints__builder.hpp
[0.502s] -- Up-to-date: /home/rosuser/ddbot_ws/install/ddbot_msgs/include/ddbot_msgs/ddbot_msgs/srv/detail/add_two_ints__traits.hpp
[0.502s] -- Up-to-date: /home/rosuser/ddbot_ws/install/ddbot_msgs/include/ddbot_msgs/ddbot_msgs/srv/detail/get_transform__traits.hpp
[0.502s] -- Up-to-date: /home/rosuser/ddbot_ws/install/ddbot_msgs/include/ddbot_msgs/ddbot_msgs
[0.502s] -- Up-to-date: /home/rosuser/ddbot_ws/install/ddbot_msgs/include/ddbot_msgs/ddbot_msgs/srv
[0.502s] -- Up-to-date: /home/rosuser/ddbot_ws/install/ddbot_msgs/include/ddbot_msgs/ddbot_msgs/srv/detail
[0.503s] -- Up-to-date: /home/rosuser/ddbot_ws/install/ddbot_msgs/include/ddbot_msgs/ddbot_msgs/srv/detail/dds_fastrtps
[0.503s] -- Up-to-date: /home/rosuser/ddbot_ws/install/ddbot_msgs/include/ddbot_msgs/ddbot_msgs/srv/detail/add_two_ints__rosidl_typesupport_fastrtps_cpp.hpp
[0.503s] -- Up-to-date: /home/rosuser/ddbot_ws/install/ddbot_msgs/include/ddbot_msgs/ddbot_msgs/srv/detail/get_transform__rosidl_typesupport_fastrtps_cpp.hpp
[0.503s] -- Up-to-date: /home/rosuser/ddbot_ws/install/ddbot_msgs/include/ddbot_msgs/ddbot_msgs/msg
[0.503s] -- Up-to-date: /home/rosuser/ddbot_ws/install/ddbot_msgs/include/ddbot_msgs/ddbot_msgs/msg/rosidl_typesupport_fastrtps_cpp__visibility_control.h
[0.503s] -- Up-to-date: /home/rosuser/ddbot_ws/install/ddbot_msgs/lib/libddbot_msgs__rosidl_typesupport_fastrtps_cpp.so
[0.503s] -- Up-to-date: /home/rosuser/ddbot_ws/install/ddbot_msgs/include/ddbot_msgs/ddbot_msgs
[0.503s] -- Up-to-date: /home/rosuser/ddbot_ws/install/ddbot_msgs/include/ddbot_msgs/ddbot_msgs/srv
[0.503s] -- Up-to-date: /home/rosuser/ddbot_ws/install/ddbot_msgs/include/ddbot_msgs/ddbot_msgs/srv/detail
[0.503s] -- Up-to-date: /home/rosuser/ddbot_ws/install/ddbot_msgs/include/ddbot_msgs/ddbot_msgs/srv/detail/add_two_ints__type_support.c
[0.504s] -- Up-to-date: /home/rosuser/ddbot_ws/install/ddbot_msgs/include/ddbot_msgs/ddbot_msgs/srv/detail/get_transform__rosidl_typesupport_introspection_c.h
[0.504s] -- Up-to-date: /home/rosuser/ddbot_ws/install/ddbot_msgs/include/ddbot_msgs/ddbot_msgs/srv/detail/get_transform__type_support.c
[0.504s] -- Up-to-date: /home/rosuser/ddbot_ws/install/ddbot_msgs/include/ddbot_msgs/ddbot_msgs/srv/detail/add_two_ints__rosidl_typesupport_introspection_c.h
[0.504s] -- Up-to-date: /home/rosuser/ddbot_ws/install/ddbot_msgs/include/ddbot_msgs/ddbot_msgs/msg
[0.504s] -- Up-to-date: /home/rosuser/ddbot_ws/install/ddbot_msgs/include/ddbot_msgs/ddbot_msgs/msg/rosidl_typesupport_introspection_c__visibility_control.h
[0.504s] -- Up-to-date: /home/rosuser/ddbot_ws/install/ddbot_msgs/lib/libddbot_msgs__rosidl_typesupport_introspection_c.so
[0.504s] -- Up-to-date: /home/rosuser/ddbot_ws/install/ddbot_msgs/lib/libddbot_msgs__rosidl_typesupport_c.so
[0.504s] -- Up-to-date: /home/rosuser/ddbot_ws/install/ddbot_msgs/include/ddbot_msgs/ddbot_msgs
[0.504s] -- Up-to-date: /home/rosuser/ddbot_ws/install/ddbot_msgs/include/ddbot_msgs/ddbot_msgs/srv
[0.505s] -- Up-to-date: /home/rosuser/ddbot_ws/install/ddbot_msgs/include/ddbot_msgs/ddbot_msgs/srv/detail
[0.505s] -- Up-to-date: /home/rosuser/ddbot_ws/install/ddbot_msgs/include/ddbot_msgs/ddbot_msgs/srv/detail/add_two_ints__rosidl_typesupport_introspection_cpp.hpp
[0.505s] -- Up-to-date: /home/rosuser/ddbot_ws/install/ddbot_msgs/include/ddbot_msgs/ddbot_msgs/srv/detail/add_two_ints__type_support.cpp
[0.505s] -- Up-to-date: /home/rosuser/ddbot_ws/install/ddbot_msgs/include/ddbot_msgs/ddbot_msgs/srv/detail/get_transform__type_support.cpp
[0.505s] -- Up-to-date: /home/rosuser/ddbot_ws/install/ddbot_msgs/include/ddbot_msgs/ddbot_msgs/srv/detail/get_transform__rosidl_typesupport_introspection_cpp.hpp
[0.505s] -- Up-to-date: /home/rosuser/ddbot_ws/install/ddbot_msgs/lib/libddbot_msgs__rosidl_typesupport_introspection_cpp.so
[0.505s] -- Up-to-date: /home/rosuser/ddbot_ws/install/ddbot_msgs/lib/libddbot_msgs__rosidl_typesupport_cpp.so
[0.505s] -- Up-to-date: /home/rosuser/ddbot_ws/install/ddbot_msgs/share/ddbot_msgs/environment/pythonpath.sh
[0.505s] -- Up-to-date: /home/rosuser/ddbot_ws/install/ddbot_msgs/share/ddbot_msgs/environment/pythonpath.dsv
[0.505s] -- Up-to-date: /home/rosuser/ddbot_ws/install/ddbot_msgs/local/lib/python3.10/dist-packages/ddbot_msgs-0.0.0-py3.10.egg-info
[0.505s] -- Installing: /home/rosuser/ddbot_ws/install/ddbot_msgs/local/lib/python3.10/dist-packages/ddbot_msgs-0.0.0-py3.10.egg-info/SOURCES.txt
[0.505s] -- Installing: /home/rosuser/ddbot_ws/install/ddbot_msgs/local/lib/python3.10/dist-packages/ddbot_msgs-0.0.0-py3.10.egg-info/dependency_links.txt
[0.506s] -- Installing: /home/rosuser/ddbot_ws/install/ddbot_msgs/local/lib/python3.10/dist-packages/ddbot_msgs-0.0.0-py3.10.egg-info/PKG-INFO
[0.506s] -- Installing: /home/rosuser/ddbot_ws/install/ddbot_msgs/local/lib/python3.10/dist-packages/ddbot_msgs-0.0.0-py3.10.egg-info/top_level.txt
[0.506s] -- Up-to-date: /home/rosuser/ddbot_ws/install/ddbot_msgs/local/lib/python3.10/dist-packages/ddbot_msgs
[0.506s] -- Up-to-date: /home/rosuser/ddbot_ws/install/ddbot_msgs/local/lib/python3.10/dist-packages/ddbot_msgs/_ddbot_msgs_s.ep.rosidl_typesupport_fastrtps_c.c
[0.506s] -- Up-to-date: /home/rosuser/ddbot_ws/install/ddbot_msgs/local/lib/python3.10/dist-packages/ddbot_msgs/_ddbot_msgs_s.ep.rosidl_typesupport_introspection_c.c
[0.506s] -- Up-to-date: /home/rosuser/ddbot_ws/install/ddbot_msgs/local/lib/python3.10/dist-packages/ddbot_msgs/srv
[0.506s] -- Up-to-date: /home/rosuser/ddbot_ws/install/ddbot_msgs/local/lib/python3.10/dist-packages/ddbot_msgs/srv/_add_two_ints.py
[0.506s] -- Up-to-date: /home/rosuser/ddbot_ws/install/ddbot_msgs/local/lib/python3.10/dist-packages/ddbot_msgs/srv/_add_two_ints_s.c
[0.506s] -- Up-to-date: /home/rosuser/ddbot_ws/install/ddbot_msgs/local/lib/python3.10/dist-packages/ddbot_msgs/srv/_get_transform.py
[0.506s] -- Up-to-date: /home/rosuser/ddbot_ws/install/ddbot_msgs/local/lib/python3.10/dist-packages/ddbot_msgs/srv/_get_transform_s.c
[0.506s] -- Up-to-date: /home/rosuser/ddbot_ws/install/ddbot_msgs/local/lib/python3.10/dist-packages/ddbot_msgs/srv/__init__.py
[0.506s] -- Up-to-date: /home/rosuser/ddbot_ws/install/ddbot_msgs/local/lib/python3.10/dist-packages/ddbot_msgs/ddbot_msgs_s__rosidl_typesupport_fastrtps_c.cpython-310-x86_64-linux-gnu.so
[0.507s] -- Up-to-date: /home/rosuser/ddbot_ws/install/ddbot_msgs/local/lib/python3.10/dist-packages/ddbot_msgs/ddbot_msgs_s__rosidl_typesupport_introspection_c.cpython-310-x86_64-linux-gnu.so
[0.507s] -- Up-to-date: /home/rosuser/ddbot_ws/install/ddbot_msgs/local/lib/python3.10/dist-packages/ddbot_msgs/ddbot_msgs_s__rosidl_typesupport_c.cpython-310-x86_64-linux-gnu.so
[0.507s] -- Up-to-date: /home/rosuser/ddbot_ws/install/ddbot_msgs/local/lib/python3.10/dist-packages/ddbot_msgs/_ddbot_msgs_s.ep.rosidl_typesupport_c.c
[0.507s] -- Up-to-date: /home/rosuser/ddbot_ws/install/ddbot_msgs/local/lib/python3.10/dist-packages/ddbot_msgs/libddbot_msgs__rosidl_generator_py.so
[0.507s] -- Up-to-date: /home/rosuser/ddbot_ws/install/ddbot_msgs/local/lib/python3.10/dist-packages/ddbot_msgs/__init__.py
[0.531s] Listing '/home/rosuser/ddbot_ws/install/ddbot_msgs/local/lib/python3.10/dist-packages/ddbot_msgs'...
[0.531s] Listing '/home/rosuser/ddbot_ws/install/ddbot_msgs/local/lib/python3.10/dist-packages/ddbot_msgs/srv'...
[0.535s] -- Up-to-date: /home/rosuser/ddbot_ws/install/ddbot_msgs/local/lib/python3.10/dist-packages/ddbot_msgs/ddbot_msgs_s__rosidl_typesupport_fastrtps_c.cpython-310-x86_64-linux-gnu.so
[0.535s] -- Up-to-date: /home/rosuser/ddbot_ws/install/ddbot_msgs/local/lib/python3.10/dist-packages/ddbot_msgs/ddbot_msgs_s__rosidl_typesupport_introspection_c.cpython-310-x86_64-linux-gnu.so
[0.535s] -- Up-to-date: /home/rosuser/ddbot_ws/install/ddbot_msgs/local/lib/python3.10/dist-packages/ddbot_msgs/ddbot_msgs_s__rosidl_typesupport_c.cpython-310-x86_64-linux-gnu.so
[0.536s] -- Up-to-date: /home/rosuser/ddbot_ws/install/ddbot_msgs/lib/libddbot_msgs__rosidl_generator_py.so
[0.536s] -- Up-to-date: /home/rosuser/ddbot_ws/install/ddbot_msgs/share/ddbot_msgs/srv/AddTwoInts.idl
[0.536s] -- Up-to-date: /home/rosuser/ddbot_ws/install/ddbot_msgs/share/ddbot_msgs/srv/GetTransform.idl
[0.536s] -- Up-to-date: /home/rosuser/ddbot_ws/install/ddbot_msgs/share/ddbot_msgs/srv/AddTwoInts.srv
[0.536s] -- Up-to-date: /home/rosuser/ddbot_ws/install/ddbot_msgs/share/ddbot_msgs/srv/AddTwoInts_Request.msg
[0.537s] -- Up-to-date: /home/rosuser/ddbot_ws/install/ddbot_msgs/share/ddbot_msgs/srv/AddTwoInts_Response.msg
[0.537s] -- Up-to-date: /home/rosuser/ddbot_ws/install/ddbot_msgs/share/ddbot_msgs/srv/GetTransform.srv
[0.537s] -- Up-to-date: /home/rosuser/ddbot_ws/install/ddbot_msgs/share/ddbot_msgs/srv/GetTransform_Request.msg
[0.537s] -- Up-to-date: /home/rosuser/ddbot_ws/install/ddbot_msgs/share/ddbot_msgs/srv/GetTransform_Response.msg
[0.537s] -- Up-to-date: /home/rosuser/ddbot_ws/install/ddbot_msgs/share/ament_index/resource_index/package_run_dependencies/ddbot_msgs
[0.537s] -- Up-to-date: /home/rosuser/ddbot_ws/install/ddbot_msgs/share/ament_index/resource_index/parent_prefix_path/ddbot_msgs
[0.537s] -- Up-to-date: /home/rosuser/ddbot_ws/install/ddbot_msgs/share/ddbot_msgs/environment/ament_prefix_path.sh
[0.537s] -- Up-to-date: /home/rosuser/ddbot_ws/install/ddbot_msgs/share/ddbot_msgs/environment/ament_prefix_path.dsv
[0.537s] -- Up-to-date: /home/rosuser/ddbot_ws/install/ddbot_msgs/share/ddbot_msgs/environment/path.sh
[0.537s] -- Up-to-date: /home/rosuser/ddbot_ws/install/ddbot_msgs/share/ddbot_msgs/environment/path.dsv
[0.537s] -- Up-to-date: /home/rosuser/ddbot_ws/install/ddbot_msgs/share/ddbot_msgs/local_setup.bash
[0.538s] -- Up-to-date: /home/rosuser/ddbot_ws/install/ddbot_msgs/share/ddbot_msgs/local_setup.sh
[0.538s] -- Up-to-date: /home/rosuser/ddbot_ws/install/ddbot_msgs/share/ddbot_msgs/local_setup.zsh
[0.538s] -- Up-to-date: /home/rosuser/ddbot_ws/install/ddbot_msgs/share/ddbot_msgs/local_setup.dsv
[0.538s] -- Installing: /home/rosuser/ddbot_ws/install/ddbot_msgs/share/ddbot_msgs/package.dsv
[0.538s] -- Up-to-date: /home/rosuser/ddbot_ws/install/ddbot_msgs/share/ament_index/resource_index/packages/ddbot_msgs
[0.538s] -- Up-to-date: /home/rosuser/ddbot_ws/install/ddbot_msgs/share/ddbot_msgs/cmake/export_ddbot_msgs__rosidl_generator_cExport.cmake
[0.538s] -- Up-to-date: /home/rosuser/ddbot_ws/install/ddbot_msgs/share/ddbot_msgs/cmake/export_ddbot_msgs__rosidl_generator_cExport-noconfig.cmake
[0.538s] -- Up-to-date: /home/rosuser/ddbot_ws/install/ddbot_msgs/share/ddbot_msgs/cmake/export_ddbot_msgs__rosidl_typesupport_fastrtps_cExport.cmake
[0.538s] -- Up-to-date: /home/rosuser/ddbot_ws/install/ddbot_msgs/share/ddbot_msgs/cmake/export_ddbot_msgs__rosidl_typesupport_fastrtps_cExport-noconfig.cmake
[0.538s] -- Up-to-date: /home/rosuser/ddbot_ws/install/ddbot_msgs/share/ddbot_msgs/cmake/export_ddbot_msgs__rosidl_generator_cppExport.cmake
[0.539s] -- Up-to-date: /home/rosuser/ddbot_ws/install/ddbot_msgs/share/ddbot_msgs/cmake/export_ddbot_msgs__rosidl_typesupport_fastrtps_cppExport.cmake
[0.539s] -- Up-to-date: /home/rosuser/ddbot_ws/install/ddbot_msgs/share/ddbot_msgs/cmake/export_ddbot_msgs__rosidl_typesupport_fastrtps_cppExport-noconfig.cmake
[0.539s] -- Up-to-date: /home/rosuser/ddbot_ws/install/ddbot_msgs/share/ddbot_msgs/cmake/ddbot_msgs__rosidl_typesupport_introspection_cExport.cmake
[0.539s] -- Up-to-date: /home/rosuser/ddbot_ws/install/ddbot_msgs/share/ddbot_msgs/cmake/ddbot_msgs__rosidl_typesupport_introspection_cExport-noconfig.cmake
[0.539s] -- Up-to-date: /home/rosuser/ddbot_ws/install/ddbot_msgs/share/ddbot_msgs/cmake/ddbot_msgs__rosidl_typesupport_cExport.cmake
[0.539s] -- Up-to-date: /home/rosuser/ddbot_ws/install/ddbot_msgs/share/ddbot_msgs/cmake/ddbot_msgs__rosidl_typesupport_cExport-noconfig.cmake
[0.539s] -- Up-to-date: /home/rosuser/ddbot_ws/install/ddbot_msgs/share/ddbot_msgs/cmake/ddbot_msgs__rosidl_typesupport_introspection_cppExport.cmake
[0.539s] -- Up-to-date: /home/rosuser/ddbot_ws/install/ddbot_msgs/share/ddbot_msgs/cmake/ddbot_msgs__rosidl_typesupport_introspection_cppExport-noconfig.cmake
[0.540s] -- Up-to-date: /home/rosuser/ddbot_ws/install/ddbot_msgs/share/ddbot_msgs/cmake/ddbot_msgs__rosidl_typesupport_cppExport.cmake
[0.540s] -- Up-to-date: /home/rosuser/ddbot_ws/install/ddbot_msgs/share/ddbot_msgs/cmake/ddbot_msgs__rosidl_typesupport_cppExport-noconfig.cmake
[0.540s] -- Up-to-date: /home/rosuser/ddbot_ws/install/ddbot_msgs/share/ddbot_msgs/cmake/export_ddbot_msgs__rosidl_generator_pyExport.cmake
[0.540s] -- Up-to-date: /home/rosuser/ddbot_ws/install/ddbot_msgs/share/ddbot_msgs/cmake/export_ddbot_msgs__rosidl_generator_pyExport-noconfig.cmake
[0.540s] -- Up-to-date: /home/rosuser/ddbot_ws/install/ddbot_msgs/share/ddbot_msgs/cmake/rosidl_cmake-extras.cmake
[0.540s] -- Up-to-date: /home/rosuser/ddbot_ws/install/ddbot_msgs/share/ddbot_msgs/cmake/ament_cmake_export_dependencies-extras.cmake
[0.540s] -- Up-to-date: /home/rosuser/ddbot_ws/install/ddbot_msgs/share/ddbot_msgs/cmake/ament_cmake_export_include_directories-extras.cmake
[0.541s] -- Up-to-date: /home/rosuser/ddbot_ws/install/ddbot_msgs/share/ddbot_msgs/cmake/ament_cmake_export_libraries-extras.cmake
[0.542s] -- Up-to-date: /home/rosuser/ddbot_ws/install/ddbot_msgs/share/ddbot_msgs/cmake/ament_cmake_export_targets-extras.cmake
[0.542s] -- Up-to-date: /home/rosuser/ddbot_ws/install/ddbot_msgs/share/ddbot_msgs/cmake/rosidl_cmake_export_typesupport_targets-extras.cmake
[0.542s] -- Up-to-date: /home/rosuser/ddbot_ws/install/ddbot_msgs/share/ddbot_msgs/cmake/rosidl_cmake_export_typesupport_libraries-extras.cmake
[0.542s] -- Up-to-date: /home/rosuser/ddbot_ws/install/ddbot_msgs/share/ddbot_msgs/cmake/ddbot_msgsConfig.cmake
[0.542s] -- Up-to-date: /home/rosuser/ddbot_ws/install/ddbot_msgs/share/ddbot_msgs/cmake/ddbot_msgsConfig-version.cmake
[0.543s] -- Up-to-date: /home/rosuser/ddbot_ws/install/ddbot_msgs/share/ddbot_msgs/package.xml
[0.543s] Invoked command in '/home/rosuser/ddbot_ws/build/ddbot_msgs' returned '0': CMAKE_PREFIX_PATH=${CMAKE_PREFIX_PATH}:/home/rosuser/ddbot_ws/install/ddbot_py_examples:/opt/ros/humble /usr/bin/cmake --install /home/rosuser/ddbot_ws/build/ddbot_msgs
