[0.016s] Invoking command in '/home/rosuser/ddbot_ws/build/ddbot_controller': CMAKE_PREFIX_PATH=/opt/ros/humble /usr/bin/cmake --build /home/rosuser/ddbot_ws/build/ddbot_controller -- -j8 -l8
[0.075s] Built target ament_cmake_python_copy_ddbot_controller
[0.330s] running egg_info
[0.330s] writing ddbot_controller.egg-info/PKG-INFO
[0.331s] writing dependency_links to ddbot_controller.egg-info/dependency_links.txt
[0.332s] writing top-level names to ddbot_controller.egg-info/top_level.txt
[0.335s] reading manifest file 'ddbot_controller.egg-info/SOURCES.txt'
[0.335s] writing manifest file 'ddbot_controller.egg-info/SOURCES.txt'
[0.371s] Built target ament_cmake_python_build_ddbot_controller_egg
[0.396s] Invoked command in '/home/rosuser/ddbot_ws/build/ddbot_controller' returned '0': CMAKE_PREFIX_PATH=/opt/ros/humble /usr/bin/cmake --build /home/rosuser/ddbot_ws/build/ddbot_controller -- -j8 -l8
[0.417s] Invoking command in '/home/rosuser/ddbot_ws/build/ddbot_controller': CMAKE_PREFIX_PATH=/opt/ros/humble /usr/bin/cmake --install /home/rosuser/ddbot_ws/build/ddbot_controller
[0.427s] -- Install configuration: ""
[0.427s] -- Up-to-date: /home/rosuser/ddbot_ws/install/ddbot_controller/share/ddbot_controller/environment/pythonpath.sh
[0.427s] -- Up-to-date: /home/rosuser/ddbot_ws/install/ddbot_controller/share/ddbot_controller/environment/pythonpath.dsv
[0.427s] -- Up-to-date: /home/rosuser/ddbot_ws/install/ddbot_controller/local/lib/python3.10/dist-packages/ddbot_controller-0.0.0-py3.10.egg-info
[0.427s] -- Installing: /home/rosuser/ddbot_ws/install/ddbot_controller/local/lib/python3.10/dist-packages/ddbot_controller-0.0.0-py3.10.egg-info/SOURCES.txt
[0.427s] -- Installing: /home/rosuser/ddbot_ws/install/ddbot_controller/local/lib/python3.10/dist-packages/ddbot_controller-0.0.0-py3.10.egg-info/dependency_links.txt
[0.427s] -- Installing: /home/rosuser/ddbot_ws/install/ddbot_controller/local/lib/python3.10/dist-packages/ddbot_controller-0.0.0-py3.10.egg-info/PKG-INFO
[0.428s] -- Installing: /home/rosuser/ddbot_ws/install/ddbot_controller/local/lib/python3.10/dist-packages/ddbot_controller-0.0.0-py3.10.egg-info/top_level.txt
[0.428s] -- Up-to-date: /home/rosuser/ddbot_ws/install/ddbot_controller/local/lib/python3.10/dist-packages/ddbot_controller
[0.428s] -- Installing: /home/rosuser/ddbot_ws/install/ddbot_controller/local/lib/python3.10/dist-packages/ddbot_controller/simple_controller.py
[0.428s] -- Up-to-date: /home/rosuser/ddbot_ws/install/ddbot_controller/local/lib/python3.10/dist-packages/ddbot_controller/__init__.py
[0.468s] Listing '/home/rosuser/ddbot_ws/install/ddbot_controller/local/lib/python3.10/dist-packages/ddbot_controller'...
[0.468s] Compiling '/home/rosuser/ddbot_ws/install/ddbot_controller/local/lib/python3.10/dist-packages/ddbot_controller/simple_controller.py'...
[0.473s] -- Up-to-date: /home/rosuser/ddbot_ws/install/ddbot_controller/share/ddbot_controller/config
[0.473s] -- Up-to-date: /home/rosuser/ddbot_ws/install/ddbot_controller/share/ddbot_controller/config/joy_teleop.yaml
[0.474s] -- Up-to-date: /home/rosuser/ddbot_ws/install/ddbot_controller/share/ddbot_controller/config/ddbot_controllers.yaml
[0.474s] -- Up-to-date: /home/rosuser/ddbot_ws/install/ddbot_controller/share/ddbot_controller/config/joy_config.yaml
[0.474s] -- Up-to-date: /home/rosuser/ddbot_ws/install/ddbot_controller/share/ddbot_controller/launch
[0.474s] -- Up-to-date: /home/rosuser/ddbot_ws/install/ddbot_controller/share/ddbot_controller/launch/joystick_teleop.launch.py
[0.474s] -- Up-to-date: /home/rosuser/ddbot_ws/install/ddbot_controller/share/ddbot_controller/launch/controller.launch.py
[0.474s] -- Installing: /home/rosuser/ddbot_ws/install/ddbot_controller/lib/ddbot_controller/simple_controller.py
[0.475s] -- Up-to-date: /home/rosuser/ddbot_ws/install/ddbot_controller/share/ament_index/resource_index/package_run_dependencies/ddbot_controller
[0.475s] -- Up-to-date: /home/rosuser/ddbot_ws/install/ddbot_controller/share/ament_index/resource_index/parent_prefix_path/ddbot_controller
[0.475s] -- Up-to-date: /home/rosuser/ddbot_ws/install/ddbot_controller/share/ddbot_controller/environment/ament_prefix_path.sh
[0.475s] -- Up-to-date: /home/rosuser/ddbot_ws/install/ddbot_controller/share/ddbot_controller/environment/ament_prefix_path.dsv
[0.475s] -- Up-to-date: /home/rosuser/ddbot_ws/install/ddbot_controller/share/ddbot_controller/environment/path.sh
[0.475s] -- Up-to-date: /home/rosuser/ddbot_ws/install/ddbot_controller/share/ddbot_controller/environment/path.dsv
[0.475s] -- Up-to-date: /home/rosuser/ddbot_ws/install/ddbot_controller/share/ddbot_controller/local_setup.bash
[0.475s] -- Up-to-date: /home/rosuser/ddbot_ws/install/ddbot_controller/share/ddbot_controller/local_setup.sh
[0.475s] -- Up-to-date: /home/rosuser/ddbot_ws/install/ddbot_controller/share/ddbot_controller/local_setup.zsh
[0.475s] -- Up-to-date: /home/rosuser/ddbot_ws/install/ddbot_controller/share/ddbot_controller/local_setup.dsv
[0.476s] -- Up-to-date: /home/rosuser/ddbot_ws/install/ddbot_controller/share/ddbot_controller/package.dsv
[0.476s] -- Up-to-date: /home/rosuser/ddbot_ws/install/ddbot_controller/share/ament_index/resource_index/packages/ddbot_controller
[0.476s] -- Up-to-date: /home/rosuser/ddbot_ws/install/ddbot_controller/share/ddbot_controller/cmake/ddbot_controllerConfig.cmake
[0.477s] -- Up-to-date: /home/rosuser/ddbot_ws/install/ddbot_controller/share/ddbot_controller/cmake/ddbot_controllerConfig-version.cmake
[0.477s] -- Up-to-date: /home/rosuser/ddbot_ws/install/ddbot_controller/share/ddbot_controller/package.xml
[0.478s] Invoked command in '/home/rosuser/ddbot_ws/build/ddbot_controller' returned '0': CMAKE_PREFIX_PATH=/opt/ros/humble /usr/bin/cmake --install /home/rosuser/ddbot_ws/build/ddbot_controller
