-- Found ament_cmake: 1.3.10 (/opt/ros/humble/share/ament_cmake/cmake)
-- Found rclpy: 3.3.14 (/opt/ros/humble/share/rclpy/cmake)
-- Found std_msgs: 4.2.4 (/opt/ros/humble/share/std_msgs/cmake)
-- Found rosidl_generator_c: 3.1.5 (/opt/ros/humble/share/rosidl_generator_c/cmake)
-- Found rosidl_adapter: 3.1.5 (/opt/ros/humble/share/rosidl_adapter/cmake)
-- Found rosidl_generator_cpp: 3.1.5 (/opt/ros/humble/share/rosidl_generator_cpp/cmake)
-- Using all available rosidl_typesupport_c: rosidl_typesupport_fastrtps_c;rosidl_typesupport_introspection_c
-- Using all available rosidl_typesupport_cpp: rosidl_typesupport_fastrtps_cpp;rosidl_typesupport_introspection_cpp
-- Found geometry_msgs: 4.2.4 (/opt/ros/humble/share/geometry_msgs/cmake)
-- Configuring done
-- Generating done
-- Build files have been written to: /home/rosuser/ddbot_ws/build/ddbot_controller
Built target ament_cmake_python_copy_ddbot_controller
running egg_info
creating ddbot_controller.egg-info
writing ddbot_controller.egg-info/PKG-INFO
writing dependency_links to ddbot_controller.egg-info/dependency_links.txt
writing top-level names to ddbot_controller.egg-info/top_level.txt
writing manifest file 'ddbot_controller.egg-info/SOURCES.txt'
reading manifest file 'ddbot_controller.egg-info/SOURCES.txt'
writing manifest file 'ddbot_controller.egg-info/SOURCES.txt'
Built target ament_cmake_python_build_ddbot_controller_egg
-- Install configuration: ""
-- Installing: /home/rosuser/ddbot_ws/install/ddbot_controller/share/ddbot_controller/environment/pythonpath.sh
-- Installing: /home/rosuser/ddbot_ws/install/ddbot_controller/share/ddbot_controller/environment/pythonpath.dsv
-- Installing: /home/rosuser/ddbot_ws/install/ddbot_controller/local/lib/python3.10/dist-packages/ddbot_controller-0.0.0-py3.10.egg-info
-- Installing: /home/rosuser/ddbot_ws/install/ddbot_controller/local/lib/python3.10/dist-packages/ddbot_controller-0.0.0-py3.10.egg-info/SOURCES.txt
-- Installing: /home/rosuser/ddbot_ws/install/ddbot_controller/local/lib/python3.10/dist-packages/ddbot_controller-0.0.0-py3.10.egg-info/dependency_links.txt
-- Installing: /home/rosuser/ddbot_ws/install/ddbot_controller/local/lib/python3.10/dist-packages/ddbot_controller-0.0.0-py3.10.egg-info/PKG-INFO
-- Installing: /home/rosuser/ddbot_ws/install/ddbot_controller/local/lib/python3.10/dist-packages/ddbot_controller-0.0.0-py3.10.egg-info/top_level.txt
-- Installing: /home/rosuser/ddbot_ws/install/ddbot_controller/local/lib/python3.10/dist-packages/ddbot_controller
-- Installing: /home/rosuser/ddbot_ws/install/ddbot_controller/local/lib/python3.10/dist-packages/ddbot_controller/simple_controller.py
-- Installing: /home/rosuser/ddbot_ws/install/ddbot_controller/local/lib/python3.10/dist-packages/ddbot_controller/__init__.py
Listing '/home/rosuser/ddbot_ws/install/ddbot_controller/local/lib/python3.10/dist-packages/ddbot_controller'...
Compiling '/home/rosuser/ddbot_ws/install/ddbot_controller/local/lib/python3.10/dist-packages/ddbot_controller/__init__.py'...
Compiling '/home/rosuser/ddbot_ws/install/ddbot_controller/local/lib/python3.10/dist-packages/ddbot_controller/simple_controller.py'...
-- Up-to-date: /home/rosuser/ddbot_ws/install/ddbot_controller/share/ddbot_controller/config
-- Up-to-date: /home/rosuser/ddbot_ws/install/ddbot_controller/share/ddbot_controller/config/ddbot_controllers.yaml
-- Up-to-date: /home/rosuser/ddbot_ws/install/ddbot_controller/share/ddbot_controller/launch
-- Installing: /home/rosuser/ddbot_ws/install/ddbot_controller/share/ddbot_controller/launch/controller.launch.py
-- Installing: /home/rosuser/ddbot_ws/install/ddbot_controller/lib/ddbot_controller/simple_controller.py
-- Installing: /home/rosuser/ddbot_ws/install/ddbot_controller/share/ament_index/resource_index/package_run_dependencies/ddbot_controller
-- Up-to-date: /home/rosuser/ddbot_ws/install/ddbot_controller/share/ament_index/resource_index/parent_prefix_path/ddbot_controller
-- Up-to-date: /home/rosuser/ddbot_ws/install/ddbot_controller/share/ddbot_controller/environment/ament_prefix_path.sh
-- Installing: /home/rosuser/ddbot_ws/install/ddbot_controller/share/ddbot_controller/environment/ament_prefix_path.dsv
-- Up-to-date: /home/rosuser/ddbot_ws/install/ddbot_controller/share/ddbot_controller/environment/path.sh
-- Installing: /home/rosuser/ddbot_ws/install/ddbot_controller/share/ddbot_controller/environment/path.dsv
-- Up-to-date: /home/rosuser/ddbot_ws/install/ddbot_controller/share/ddbot_controller/local_setup.bash
-- Installing: /home/rosuser/ddbot_ws/install/ddbot_controller/share/ddbot_controller/local_setup.sh
-- Up-to-date: /home/rosuser/ddbot_ws/install/ddbot_controller/share/ddbot_controller/local_setup.zsh
-- Installing: /home/rosuser/ddbot_ws/install/ddbot_controller/share/ddbot_controller/local_setup.dsv
-- Installing: /home/rosuser/ddbot_ws/install/ddbot_controller/share/ddbot_controller/package.dsv
-- Up-to-date: /home/rosuser/ddbot_ws/install/ddbot_controller/share/ament_index/resource_index/packages/ddbot_controller
-- Up-to-date: /home/rosuser/ddbot_ws/install/ddbot_controller/share/ddbot_controller/cmake/ddbot_controllerConfig.cmake
-- Up-to-date: /home/rosuser/ddbot_ws/install/ddbot_controller/share/ddbot_controller/cmake/ddbot_controllerConfig-version.cmake
-- Installing: /home/rosuser/ddbot_ws/install/ddbot_controller/share/ddbot_controller/package.xml
