[0.024s] Invoking command in '/home/rosuser/ddbot_ws/build/ddbot_msgs': CMAKE_PREFIX_PATH=${CMAKE_PREFIX_PATH}:/home/rosuser/ddbot_ws/install/ddbot_py_examples:/opt/ros/humble /usr/bin/cmake --build /home/rosuser/ddbot_ws/build/ddbot_msgs -- -j8 -l8
[0.047s] -- Found ament_cmake: 1.3.10 (/opt/ros/humble/share/ament_cmake/cmake)
[0.162s] -- Found std_msgs: 4.2.4 (/opt/ros/humble/share/std_msgs/cmake)
[0.182s] -- Found rosidl_generator_c: 3.1.5 (/opt/ros/humble/share/rosidl_generator_c/cmake)
[0.184s] -- Found rosidl_adapter: 3.1.5 (/opt/ros/humble/share/rosidl_adapter/cmake)
[0.191s] -- Found rosidl_generator_cpp: 3.1.5 (/opt/ros/humble/share/rosidl_generator_cpp/cmake)
[0.199s] -- Using all available rosidl_typesupport_c: rosidl_typesupport_fastrtps_c;rosidl_typesupport_introspection_c
[0.209s] -- Using all available rosidl_typesupport_cpp: rosidl_typesupport_fastrtps_cpp;rosidl_typesupport_introspection_cpp
[0.232s] -- Found rosidl_default_generators: 1.2.0 (/opt/ros/humble/share/rosidl_default_generators/cmake)
[0.238s] [31mCMake Error at /opt/ros/humble/share/rosidl_cmake/cmake/rosidl_generate_interfaces.cmake:93 (message):
[0.238s]   rosidl_generate_interfaces() the passed file 'srv/AddTwoInts.srv' doesn't
[0.238s]   exist relative to the CMAKE_CURRENT_SOURCE_DIR
[0.238s]   '/home/rosuser/ddbot_ws/src/ddbot_msgs'
[0.238s] Call Stack (most recent call first):
[0.238s]   CMakeLists.txt:12 (rosidl_generate_interfaces)
[0.238s] 
[0.238s] [0m
[0.238s] -- Configuring incomplete, errors occurred!
[0.238s] See also "/home/rosuser/ddbot_ws/build/ddbot_msgs/CMakeFiles/CMakeOutput.log".
[0.242s] gmake: *** [Makefile:226: cmake_check_build_system] Error 1
[0.271s] Invoked command in '/home/rosuser/ddbot_ws/build/ddbot_msgs' returned '2': CMAKE_PREFIX_PATH=${CMAKE_PREFIX_PATH}:/home/rosuser/ddbot_ws/install/ddbot_py_examples:/opt/ros/humble /usr/bin/cmake --build /home/rosuser/ddbot_ws/build/ddbot_msgs -- -j8 -l8
