[0.090s] DEBUG:colcon:Command line arguments: ['/usr/bin/colcon', 'build']
[0.090s] DEBUG:colcon:Parsed command line arguments: Namespace(log_base=None, log_level=None, verb_name='build', build_base='build', install_base='install', merge_install=False, symlink_install=False, test_result_base=None, continue_on_error=False, executor='parallel', parallel_workers=8, event_handlers=None, ignore_user_meta=False, metas=['./colcon.meta'], base_paths=['.'], packages_ignore=None, packages_ignore_regex=None, paths=None, packages_up_to=None, packages_up_to_regex=None, packages_above=None, packages_above_and_dependencies=None, packages_above_depth=None, packages_select_by_dep=None, packages_skip_by_dep=None, packages_skip_up_to=None, packages_select_build_failed=False, packages_skip_build_finished=False, packages_select_test_failures=False, packages_skip_test_passed=False, packages_select=None, packages_skip=None, packages_select_regex=None, packages_skip_regex=None, packages_start=None, packages_end=None, allow_overriding=[], cmake_args=None, cmake_target=None, cmake_target_skip_unavailable=False, cmake_clean_cache=False, cmake_clean_first=False, cmake_force_configure=False, ament_cmake_args=None, catkin_cmake_args=None, catkin_skip_building_tests=False, mixin_files=None, mixin=None, verb_parser=<colcon_mixin.mixin.mixin_argument.MixinArgumentDecorator object at 0x796a1bed58a0>, verb_extension=<colcon_core.verb.build.BuildVerb object at 0x796a1bed5390>, main=<bound method BuildVerb.main of <colcon_core.verb.build.BuildVerb object at 0x796a1bed5390>>, mixin_verb=('build',))
[0.234s] Level 1:colcon.colcon_core.package_discovery:discover_packages(colcon_meta) check parameters
[0.234s] Level 1:colcon.colcon_core.package_discovery:discover_packages(recursive) check parameters
[0.234s] Level 1:colcon.colcon_core.package_discovery:discover_packages(ignore) check parameters
[0.234s] Level 1:colcon.colcon_core.package_discovery:discover_packages(path) check parameters
[0.234s] Level 1:colcon.colcon_core.package_discovery:discover_packages(colcon_meta) discover
[0.234s] Level 1:colcon.colcon_core.package_discovery:discover_packages(recursive) discover
[0.234s] INFO:colcon.colcon_core.package_discovery:Crawling recursively for packages in '/home/rosuser/ddbot_ws'
[0.234s] Level 1:colcon.colcon_core.package_identification:_identify(.) by extensions ['ignore', 'ignore_ament_install']
[0.234s] Level 1:colcon.colcon_core.package_identification:_identify(.) by extension 'ignore'
[0.234s] Level 1:colcon.colcon_core.package_identification:_identify(.) by extension 'ignore_ament_install'
[0.234s] Level 1:colcon.colcon_core.package_identification:_identify(.) by extensions ['colcon_pkg']
[0.234s] Level 1:colcon.colcon_core.package_identification:_identify(.) by extension 'colcon_pkg'
[0.234s] Level 1:colcon.colcon_core.package_identification:_identify(.) by extensions ['colcon_meta']
[0.234s] Level 1:colcon.colcon_core.package_identification:_identify(.) by extension 'colcon_meta'
[0.234s] Level 1:colcon.colcon_core.package_identification:_identify(.) by extensions ['ros']
[0.234s] Level 1:colcon.colcon_core.package_identification:_identify(.) by extension 'ros'
[0.243s] Level 1:colcon.colcon_core.package_identification:_identify(.) by extensions ['cmake', 'python']
[0.243s] Level 1:colcon.colcon_core.package_identification:_identify(.) by extension 'cmake'
[0.243s] Level 1:colcon.colcon_core.package_identification:_identify(.) by extension 'python'
[0.244s] Level 1:colcon.colcon_core.package_identification:_identify(.) by extensions ['python_setup_py']
[0.244s] Level 1:colcon.colcon_core.package_identification:_identify(.) by extension 'python_setup_py'
[0.244s] Level 1:colcon.colcon_core.package_identification:_identify(build) by extensions ['ignore', 'ignore_ament_install']
[0.244s] Level 1:colcon.colcon_core.package_identification:_identify(build) by extension 'ignore'
[0.244s] Level 1:colcon.colcon_core.package_identification:_identify(build) ignored
[0.244s] Level 1:colcon.colcon_core.package_identification:_identify(install) by extensions ['ignore', 'ignore_ament_install']
[0.244s] Level 1:colcon.colcon_core.package_identification:_identify(install) by extension 'ignore'
[0.244s] Level 1:colcon.colcon_core.package_identification:_identify(install) ignored
[0.244s] Level 1:colcon.colcon_core.package_identification:_identify(log) by extensions ['ignore', 'ignore_ament_install']
[0.244s] Level 1:colcon.colcon_core.package_identification:_identify(log) by extension 'ignore'
[0.244s] Level 1:colcon.colcon_core.package_identification:_identify(log) ignored
[0.244s] Level 1:colcon.colcon_core.package_identification:_identify(src) by extensions ['ignore', 'ignore_ament_install']
[0.244s] Level 1:colcon.colcon_core.package_identification:_identify(src) by extension 'ignore'
[0.244s] Level 1:colcon.colcon_core.package_identification:_identify(src) by extension 'ignore_ament_install'
[0.244s] Level 1:colcon.colcon_core.package_identification:_identify(src) by extensions ['colcon_pkg']
[0.244s] Level 1:colcon.colcon_core.package_identification:_identify(src) by extension 'colcon_pkg'
[0.245s] Level 1:colcon.colcon_core.package_identification:_identify(src) by extensions ['colcon_meta']
[0.245s] Level 1:colcon.colcon_core.package_identification:_identify(src) by extension 'colcon_meta'
[0.245s] Level 1:colcon.colcon_core.package_identification:_identify(src) by extensions ['ros']
[0.245s] Level 1:colcon.colcon_core.package_identification:_identify(src) by extension 'ros'
[0.245s] Level 1:colcon.colcon_core.package_identification:_identify(src) by extensions ['cmake', 'python']
[0.245s] Level 1:colcon.colcon_core.package_identification:_identify(src) by extension 'cmake'
[0.245s] Level 1:colcon.colcon_core.package_identification:_identify(src) by extension 'python'
[0.245s] Level 1:colcon.colcon_core.package_identification:_identify(src) by extensions ['python_setup_py']
[0.245s] Level 1:colcon.colcon_core.package_identification:_identify(src) by extension 'python_setup_py'
[0.245s] Level 1:colcon.colcon_core.package_identification:_identify(src/ddbot_controller) by extensions ['ignore', 'ignore_ament_install']
[0.245s] Level 1:colcon.colcon_core.package_identification:_identify(src/ddbot_controller) by extension 'ignore'
[0.245s] Level 1:colcon.colcon_core.package_identification:_identify(src/ddbot_controller) by extension 'ignore_ament_install'
[0.245s] Level 1:colcon.colcon_core.package_identification:_identify(src/ddbot_controller) by extensions ['colcon_pkg']
[0.245s] Level 1:colcon.colcon_core.package_identification:_identify(src/ddbot_controller) by extension 'colcon_pkg'
[0.245s] Level 1:colcon.colcon_core.package_identification:_identify(src/ddbot_controller) by extensions ['colcon_meta']
[0.245s] Level 1:colcon.colcon_core.package_identification:_identify(src/ddbot_controller) by extension 'colcon_meta'
[0.245s] Level 1:colcon.colcon_core.package_identification:_identify(src/ddbot_controller) by extensions ['ros']
[0.245s] Level 1:colcon.colcon_core.package_identification:_identify(src/ddbot_controller) by extension 'ros'
[0.247s] DEBUG:colcon.colcon_core.package_identification:Package 'src/ddbot_controller' with type 'ros.ament_cmake' and name 'ddbot_controller'
[0.247s] Level 1:colcon.colcon_core.package_identification:_identify(src/ddbot_cpp_examples) by extensions ['ignore', 'ignore_ament_install']
[0.247s] Level 1:colcon.colcon_core.package_identification:_identify(src/ddbot_cpp_examples) by extension 'ignore'
[0.248s] Level 1:colcon.colcon_core.package_identification:_identify(src/ddbot_cpp_examples) by extension 'ignore_ament_install'
[0.248s] Level 1:colcon.colcon_core.package_identification:_identify(src/ddbot_cpp_examples) by extensions ['colcon_pkg']
[0.248s] Level 1:colcon.colcon_core.package_identification:_identify(src/ddbot_cpp_examples) by extension 'colcon_pkg'
[0.248s] Level 1:colcon.colcon_core.package_identification:_identify(src/ddbot_cpp_examples) by extensions ['colcon_meta']
[0.248s] Level 1:colcon.colcon_core.package_identification:_identify(src/ddbot_cpp_examples) by extension 'colcon_meta'
[0.248s] Level 1:colcon.colcon_core.package_identification:_identify(src/ddbot_cpp_examples) by extensions ['ros']
[0.248s] Level 1:colcon.colcon_core.package_identification:_identify(src/ddbot_cpp_examples) by extension 'ros'
[0.248s] DEBUG:colcon.colcon_core.package_identification:Package 'src/ddbot_cpp_examples' with type 'ros.ament_cmake' and name 'ddbot_cpp_examples'
[0.248s] Level 1:colcon.colcon_core.package_identification:_identify(src/ddbot_description) by extensions ['ignore', 'ignore_ament_install']
[0.248s] Level 1:colcon.colcon_core.package_identification:_identify(src/ddbot_description) by extension 'ignore'
[0.248s] Level 1:colcon.colcon_core.package_identification:_identify(src/ddbot_description) by extension 'ignore_ament_install'
[0.248s] Level 1:colcon.colcon_core.package_identification:_identify(src/ddbot_description) by extensions ['colcon_pkg']
[0.248s] Level 1:colcon.colcon_core.package_identification:_identify(src/ddbot_description) by extension 'colcon_pkg'
[0.248s] Level 1:colcon.colcon_core.package_identification:_identify(src/ddbot_description) by extensions ['colcon_meta']
[0.249s] Level 1:colcon.colcon_core.package_identification:_identify(src/ddbot_description) by extension 'colcon_meta'
[0.249s] Level 1:colcon.colcon_core.package_identification:_identify(src/ddbot_description) by extensions ['ros']
[0.249s] Level 1:colcon.colcon_core.package_identification:_identify(src/ddbot_description) by extension 'ros'
[0.249s] DEBUG:colcon.colcon_core.package_identification:Package 'src/ddbot_description' with type 'ros.ament_cmake' and name 'ddbot_description'
[0.249s] Level 1:colcon.colcon_core.package_identification:_identify(src/ddbot_py_examples) by extensions ['ignore', 'ignore_ament_install']
[0.249s] Level 1:colcon.colcon_core.package_identification:_identify(src/ddbot_py_examples) by extension 'ignore'
[0.249s] Level 1:colcon.colcon_core.package_identification:_identify(src/ddbot_py_examples) by extension 'ignore_ament_install'
[0.249s] Level 1:colcon.colcon_core.package_identification:_identify(src/ddbot_py_examples) by extensions ['colcon_pkg']
[0.249s] Level 1:colcon.colcon_core.package_identification:_identify(src/ddbot_py_examples) by extension 'colcon_pkg'
[0.249s] Level 1:colcon.colcon_core.package_identification:_identify(src/ddbot_py_examples) by extensions ['colcon_meta']
[0.249s] Level 1:colcon.colcon_core.package_identification:_identify(src/ddbot_py_examples) by extension 'colcon_meta'
[0.249s] Level 1:colcon.colcon_core.package_identification:_identify(src/ddbot_py_examples) by extensions ['ros']
[0.249s] Level 1:colcon.colcon_core.package_identification:_identify(src/ddbot_py_examples) by extension 'ros'
[0.250s] DEBUG:colcon.colcon_core.package_identification:Package 'src/ddbot_py_examples' with type 'ros.ament_python' and name 'ddbot_py_examples'
[0.250s] Level 1:colcon.colcon_core.package_discovery:discover_packages(recursive) using defaults
[0.250s] Level 1:colcon.colcon_core.package_discovery:discover_packages(ignore) discover
[0.250s] Level 1:colcon.colcon_core.package_discovery:discover_packages(ignore) using defaults
[0.250s] Level 1:colcon.colcon_core.package_discovery:discover_packages(path) discover
[0.250s] Level 1:colcon.colcon_core.package_discovery:discover_packages(path) using defaults
[0.273s] Level 1:colcon.colcon_core.package_discovery:discover_packages(prefix_path) check parameters
[0.273s] Level 1:colcon.colcon_core.package_discovery:discover_packages(prefix_path) discover
[0.276s] DEBUG:colcon.colcon_installed_package_information.package_discovery:Found 446 installed packages in /opt/ros/humble
[0.278s] Level 1:colcon.colcon_core.package_discovery:discover_packages(prefix_path) using defaults
[0.323s] Level 5:colcon.colcon_core.verb:set package 'ddbot_controller' build argument 'cmake_args' from command line to 'None'
[0.323s] Level 5:colcon.colcon_core.verb:set package 'ddbot_controller' build argument 'cmake_target' from command line to 'None'
[0.323s] Level 5:colcon.colcon_core.verb:set package 'ddbot_controller' build argument 'cmake_target_skip_unavailable' from command line to 'False'
[0.323s] Level 5:colcon.colcon_core.verb:set package 'ddbot_controller' build argument 'cmake_clean_cache' from command line to 'False'
[0.323s] Level 5:colcon.colcon_core.verb:set package 'ddbot_controller' build argument 'cmake_clean_first' from command line to 'False'
[0.323s] Level 5:colcon.colcon_core.verb:set package 'ddbot_controller' build argument 'cmake_force_configure' from command line to 'False'
[0.323s] Level 5:colcon.colcon_core.verb:set package 'ddbot_controller' build argument 'ament_cmake_args' from command line to 'None'
[0.323s] Level 5:colcon.colcon_core.verb:set package 'ddbot_controller' build argument 'catkin_cmake_args' from command line to 'None'
[0.324s] Level 5:colcon.colcon_core.verb:set package 'ddbot_controller' build argument 'catkin_skip_building_tests' from command line to 'False'
[0.324s] DEBUG:colcon.colcon_core.verb:Building package 'ddbot_controller' with the following arguments: {'ament_cmake_args': None, 'build_base': '/home/rosuser/ddbot_ws/build/ddbot_controller', 'catkin_cmake_args': None, 'catkin_skip_building_tests': False, 'cmake_args': None, 'cmake_clean_cache': False, 'cmake_clean_first': False, 'cmake_force_configure': False, 'cmake_target': None, 'cmake_target_skip_unavailable': False, 'install_base': '/home/rosuser/ddbot_ws/install/ddbot_controller', 'merge_install': False, 'path': '/home/rosuser/ddbot_ws/src/ddbot_controller', 'symlink_install': False, 'test_result_base': None}
[0.324s] Level 5:colcon.colcon_core.verb:set package 'ddbot_cpp_examples' build argument 'cmake_args' from command line to 'None'
[0.324s] Level 5:colcon.colcon_core.verb:set package 'ddbot_cpp_examples' build argument 'cmake_target' from command line to 'None'
[0.324s] Level 5:colcon.colcon_core.verb:set package 'ddbot_cpp_examples' build argument 'cmake_target_skip_unavailable' from command line to 'False'
[0.324s] Level 5:colcon.colcon_core.verb:set package 'ddbot_cpp_examples' build argument 'cmake_clean_cache' from command line to 'False'
[0.324s] Level 5:colcon.colcon_core.verb:set package 'ddbot_cpp_examples' build argument 'cmake_clean_first' from command line to 'False'
[0.324s] Level 5:colcon.colcon_core.verb:set package 'ddbot_cpp_examples' build argument 'cmake_force_configure' from command line to 'False'
[0.324s] Level 5:colcon.colcon_core.verb:set package 'ddbot_cpp_examples' build argument 'ament_cmake_args' from command line to 'None'
[0.324s] Level 5:colcon.colcon_core.verb:set package 'ddbot_cpp_examples' build argument 'catkin_cmake_args' from command line to 'None'
[0.324s] Level 5:colcon.colcon_core.verb:set package 'ddbot_cpp_examples' build argument 'catkin_skip_building_tests' from command line to 'False'
[0.324s] DEBUG:colcon.colcon_core.verb:Building package 'ddbot_cpp_examples' with the following arguments: {'ament_cmake_args': None, 'build_base': '/home/rosuser/ddbot_ws/build/ddbot_cpp_examples', 'catkin_cmake_args': None, 'catkin_skip_building_tests': False, 'cmake_args': None, 'cmake_clean_cache': False, 'cmake_clean_first': False, 'cmake_force_configure': False, 'cmake_target': None, 'cmake_target_skip_unavailable': False, 'install_base': '/home/rosuser/ddbot_ws/install/ddbot_cpp_examples', 'merge_install': False, 'path': '/home/rosuser/ddbot_ws/src/ddbot_cpp_examples', 'symlink_install': False, 'test_result_base': None}
[0.324s] Level 5:colcon.colcon_core.verb:set package 'ddbot_description' build argument 'cmake_args' from command line to 'None'
[0.324s] Level 5:colcon.colcon_core.verb:set package 'ddbot_description' build argument 'cmake_target' from command line to 'None'
[0.324s] Level 5:colcon.colcon_core.verb:set package 'ddbot_description' build argument 'cmake_target_skip_unavailable' from command line to 'False'
[0.324s] Level 5:colcon.colcon_core.verb:set package 'ddbot_description' build argument 'cmake_clean_cache' from command line to 'False'
[0.324s] Level 5:colcon.colcon_core.verb:set package 'ddbot_description' build argument 'cmake_clean_first' from command line to 'False'
[0.324s] Level 5:colcon.colcon_core.verb:set package 'ddbot_description' build argument 'cmake_force_configure' from command line to 'False'
[0.324s] Level 5:colcon.colcon_core.verb:set package 'ddbot_description' build argument 'ament_cmake_args' from command line to 'None'
[0.325s] Level 5:colcon.colcon_core.verb:set package 'ddbot_description' build argument 'catkin_cmake_args' from command line to 'None'
[0.325s] Level 5:colcon.colcon_core.verb:set package 'ddbot_description' build argument 'catkin_skip_building_tests' from command line to 'False'
[0.325s] DEBUG:colcon.colcon_core.verb:Building package 'ddbot_description' with the following arguments: {'ament_cmake_args': None, 'build_base': '/home/rosuser/ddbot_ws/build/ddbot_description', 'catkin_cmake_args': None, 'catkin_skip_building_tests': False, 'cmake_args': None, 'cmake_clean_cache': False, 'cmake_clean_first': False, 'cmake_force_configure': False, 'cmake_target': None, 'cmake_target_skip_unavailable': False, 'install_base': '/home/rosuser/ddbot_ws/install/ddbot_description', 'merge_install': False, 'path': '/home/rosuser/ddbot_ws/src/ddbot_description', 'symlink_install': False, 'test_result_base': None}
[0.325s] Level 5:colcon.colcon_core.verb:set package 'ddbot_py_examples' build argument 'cmake_args' from command line to 'None'
[0.325s] Level 5:colcon.colcon_core.verb:set package 'ddbot_py_examples' build argument 'cmake_target' from command line to 'None'
[0.325s] Level 5:colcon.colcon_core.verb:set package 'ddbot_py_examples' build argument 'cmake_target_skip_unavailable' from command line to 'False'
[0.325s] Level 5:colcon.colcon_core.verb:set package 'ddbot_py_examples' build argument 'cmake_clean_cache' from command line to 'False'
[0.325s] Level 5:colcon.colcon_core.verb:set package 'ddbot_py_examples' build argument 'cmake_clean_first' from command line to 'False'
[0.325s] Level 5:colcon.colcon_core.verb:set package 'ddbot_py_examples' build argument 'cmake_force_configure' from command line to 'False'
[0.325s] Level 5:colcon.colcon_core.verb:set package 'ddbot_py_examples' build argument 'ament_cmake_args' from command line to 'None'
[0.325s] Level 5:colcon.colcon_core.verb:set package 'ddbot_py_examples' build argument 'catkin_cmake_args' from command line to 'None'
[0.325s] Level 5:colcon.colcon_core.verb:set package 'ddbot_py_examples' build argument 'catkin_skip_building_tests' from command line to 'False'
[0.325s] DEBUG:colcon.colcon_core.verb:Building package 'ddbot_py_examples' with the following arguments: {'ament_cmake_args': None, 'build_base': '/home/rosuser/ddbot_ws/build/ddbot_py_examples', 'catkin_cmake_args': None, 'catkin_skip_building_tests': False, 'cmake_args': None, 'cmake_clean_cache': False, 'cmake_clean_first': False, 'cmake_force_configure': False, 'cmake_target': None, 'cmake_target_skip_unavailable': False, 'install_base': '/home/rosuser/ddbot_ws/install/ddbot_py_examples', 'merge_install': False, 'path': '/home/rosuser/ddbot_ws/src/ddbot_py_examples', 'symlink_install': False, 'test_result_base': None}
[0.325s] INFO:colcon.colcon_core.executor:Executing jobs using 'parallel' executor
[0.326s] DEBUG:colcon.colcon_parallel_executor.executor.parallel:run_until_complete
[0.326s] INFO:colcon.colcon_ros.task.ament_cmake.build:Building ROS package in '/home/rosuser/ddbot_ws/src/ddbot_controller' with build type 'ament_cmake'
[0.326s] INFO:colcon.colcon_cmake.task.cmake.build:Building CMake package in '/home/rosuser/ddbot_ws/src/ddbot_controller'
[0.328s] INFO:colcon.colcon_core.plugin_system:Skipping extension 'colcon_core.shell.bat': Not used on non-Windows systems
[0.328s] INFO:colcon.colcon_core.shell:Skip shell extension 'powershell' for command environment: Not usable outside of PowerShell
[0.328s] DEBUG:colcon.colcon_core.shell:Skip shell extension 'dsv' for command environment
[0.331s] INFO:colcon.colcon_ros.task.ament_cmake.build:Building ROS package in '/home/rosuser/ddbot_ws/src/ddbot_cpp_examples' with build type 'ament_cmake'
[0.331s] INFO:colcon.colcon_cmake.task.cmake.build:Building CMake package in '/home/rosuser/ddbot_ws/src/ddbot_cpp_examples'
[0.331s] INFO:colcon.colcon_core.shell:Skip shell extension 'powershell' for command environment: Not usable outside of PowerShell
[0.331s] DEBUG:colcon.colcon_core.shell:Skip shell extension 'dsv' for command environment
[0.334s] INFO:colcon.colcon_ros.task.ament_cmake.build:Building ROS package in '/home/rosuser/ddbot_ws/src/ddbot_description' with build type 'ament_cmake'
[0.334s] INFO:colcon.colcon_cmake.task.cmake.build:Building CMake package in '/home/rosuser/ddbot_ws/src/ddbot_description'
[0.334s] INFO:colcon.colcon_core.shell:Skip shell extension 'powershell' for command environment: Not usable outside of PowerShell
[0.334s] DEBUG:colcon.colcon_core.shell:Skip shell extension 'dsv' for command environment
[0.336s] INFO:colcon.colcon_ros.task.ament_python.build:Building ROS package in '/home/rosuser/ddbot_ws/src/ddbot_py_examples' with build type 'ament_python'
[0.336s] Level 1:colcon.colcon_core.shell:create_environment_hook('ddbot_py_examples', 'ament_prefix_path')
[0.337s] INFO:colcon.colcon_core.shell:Creating environment hook '/home/rosuser/ddbot_ws/install/ddbot_py_examples/share/ddbot_py_examples/hook/ament_prefix_path.ps1'
[0.337s] INFO:colcon.colcon_core.shell:Creating environment descriptor '/home/rosuser/ddbot_ws/install/ddbot_py_examples/share/ddbot_py_examples/hook/ament_prefix_path.dsv'
[0.338s] INFO:colcon.colcon_core.shell:Creating environment hook '/home/rosuser/ddbot_ws/install/ddbot_py_examples/share/ddbot_py_examples/hook/ament_prefix_path.sh'
[0.338s] INFO:colcon.colcon_core.shell:Skip shell extension 'powershell' for command environment: Not usable outside of PowerShell
[0.338s] DEBUG:colcon.colcon_core.shell:Skip shell extension 'dsv' for command environment
[0.346s] DEBUG:colcon.colcon_core.event_handler.log_command:Invoking command in '/home/rosuser/ddbot_ws/build/ddbot_controller': CMAKE_PREFIX_PATH=/opt/ros/humble /usr/bin/cmake --build /home/rosuser/ddbot_ws/build/ddbot_controller -- -j8 -l8
[0.349s] DEBUG:colcon.colcon_core.event_handler.log_command:Invoking command in '/home/rosuser/ddbot_ws/build/ddbot_cpp_examples': CMAKE_PREFIX_PATH=/opt/ros/humble /usr/bin/cmake --build /home/rosuser/ddbot_ws/build/ddbot_cpp_examples -- -j8 -l8
[0.352s] DEBUG:colcon.colcon_core.event_handler.log_command:Invoking command in '/home/rosuser/ddbot_ws/build/ddbot_description': CMAKE_PREFIX_PATH=/opt/ros/humble /usr/bin/cmake --build /home/rosuser/ddbot_ws/build/ddbot_description -- -j8 -l8
[0.580s] INFO:colcon.colcon_core.task.python.build:Building Python package in '/home/rosuser/ddbot_ws/src/ddbot_py_examples'
[0.581s] INFO:colcon.colcon_core.shell:Skip shell extension 'powershell' for command environment: Not usable outside of PowerShell
[0.581s] DEBUG:colcon.colcon_core.shell:Skip shell extension 'dsv' for command environment
[0.585s] DEBUG:colcon.colcon_core.event_handler.log_command:Invoked command in '/home/rosuser/ddbot_ws/build/ddbot_description' returned '0': CMAKE_PREFIX_PATH=/opt/ros/humble /usr/bin/cmake --build /home/rosuser/ddbot_ws/build/ddbot_description -- -j8 -l8
[0.586s] DEBUG:colcon.colcon_core.event_handler.log_command:Invoked command in '/home/rosuser/ddbot_ws/build/ddbot_cpp_examples' returned '0': CMAKE_PREFIX_PATH=/opt/ros/humble /usr/bin/cmake --build /home/rosuser/ddbot_ws/build/ddbot_cpp_examples -- -j8 -l8
[0.610s] DEBUG:colcon.colcon_core.event_handler.log_command:Invoking command in '/home/rosuser/ddbot_ws/build/ddbot_description': CMAKE_PREFIX_PATH=/opt/ros/humble /usr/bin/cmake --install /home/rosuser/ddbot_ws/build/ddbot_description
[0.612s] DEBUG:colcon.colcon_core.event_handler.log_command:Invoking command in '/home/rosuser/ddbot_ws/build/ddbot_cpp_examples': CMAKE_PREFIX_PATH=/opt/ros/humble /usr/bin/cmake --install /home/rosuser/ddbot_ws/build/ddbot_cpp_examples
[0.619s] Level 1:colcon.colcon_core.environment:create_environment_scripts_only(ddbot_description)
[0.624s] Level 1:colcon.colcon_core.environment:checking '/home/rosuser/ddbot_ws/install/ddbot_description' for CMake module files
[0.624s] DEBUG:colcon.colcon_core.event_handler.log_command:Invoked command in '/home/rosuser/ddbot_ws/build/ddbot_description' returned '0': CMAKE_PREFIX_PATH=/opt/ros/humble /usr/bin/cmake --install /home/rosuser/ddbot_ws/build/ddbot_description
[0.625s] Level 1:colcon.colcon_core.environment:checking '/home/rosuser/ddbot_ws/install/ddbot_description' for CMake config files
[0.626s] Level 1:colcon.colcon_core.shell:create_environment_hook('ddbot_description', 'cmake_prefix_path')
[0.626s] INFO:colcon.colcon_core.shell:Creating environment hook '/home/rosuser/ddbot_ws/install/ddbot_description/share/ddbot_description/hook/cmake_prefix_path.ps1'
[0.626s] INFO:colcon.colcon_core.shell:Creating environment descriptor '/home/rosuser/ddbot_ws/install/ddbot_description/share/ddbot_description/hook/cmake_prefix_path.dsv'
[0.626s] INFO:colcon.colcon_core.shell:Creating environment hook '/home/rosuser/ddbot_ws/install/ddbot_description/share/ddbot_description/hook/cmake_prefix_path.sh'
[0.627s] Level 1:colcon.colcon_core.environment:checking '/home/rosuser/ddbot_ws/install/ddbot_description/bin'
[0.627s] Level 1:colcon.colcon_core.environment:checking '/home/rosuser/ddbot_ws/install/ddbot_description/lib/pkgconfig/ddbot_description.pc'
[0.627s] Level 1:colcon.colcon_core.environment:checking '/home/rosuser/ddbot_ws/install/ddbot_description/lib/python3.10/site-packages'
[0.627s] Level 1:colcon.colcon_core.environment:checking '/home/rosuser/ddbot_ws/install/ddbot_description/bin'
[0.628s] INFO:colcon.colcon_core.shell:Creating package script '/home/rosuser/ddbot_ws/install/ddbot_description/share/ddbot_description/package.ps1'
[0.628s] INFO:colcon.colcon_core.shell:Creating package descriptor '/home/rosuser/ddbot_ws/install/ddbot_description/share/ddbot_description/package.dsv'
[0.629s] INFO:colcon.colcon_core.shell:Creating package script '/home/rosuser/ddbot_ws/install/ddbot_description/share/ddbot_description/package.sh'
[0.630s] INFO:colcon.colcon_core.shell:Creating package script '/home/rosuser/ddbot_ws/install/ddbot_description/share/ddbot_description/package.bash'
[0.631s] INFO:colcon.colcon_core.shell:Creating package script '/home/rosuser/ddbot_ws/install/ddbot_description/share/ddbot_description/package.zsh'
[0.632s] Level 1:colcon.colcon_core.environment:create_file_with_runtime_dependencies(/home/rosuser/ddbot_ws/install/ddbot_description/share/colcon-core/packages/ddbot_description)
[0.633s] Level 1:colcon.colcon_core.environment:create_environment_scripts_only(ddbot_cpp_examples)
[0.634s] Level 1:colcon.colcon_core.environment:checking '/home/rosuser/ddbot_ws/install/ddbot_cpp_examples' for CMake module files
[0.635s] DEBUG:colcon.colcon_core.event_handler.log_command:Invoked command in '/home/rosuser/ddbot_ws/build/ddbot_cpp_examples' returned '0': CMAKE_PREFIX_PATH=/opt/ros/humble /usr/bin/cmake --install /home/rosuser/ddbot_ws/build/ddbot_cpp_examples
[0.635s] Level 1:colcon.colcon_core.environment:checking '/home/rosuser/ddbot_ws/install/ddbot_cpp_examples' for CMake config files
[0.635s] Level 1:colcon.colcon_core.shell:create_environment_hook('ddbot_cpp_examples', 'cmake_prefix_path')
[0.636s] INFO:colcon.colcon_core.shell:Creating environment hook '/home/rosuser/ddbot_ws/install/ddbot_cpp_examples/share/ddbot_cpp_examples/hook/cmake_prefix_path.ps1'
[0.636s] INFO:colcon.colcon_core.shell:Creating environment descriptor '/home/rosuser/ddbot_ws/install/ddbot_cpp_examples/share/ddbot_cpp_examples/hook/cmake_prefix_path.dsv'
[0.636s] INFO:colcon.colcon_core.shell:Creating environment hook '/home/rosuser/ddbot_ws/install/ddbot_cpp_examples/share/ddbot_cpp_examples/hook/cmake_prefix_path.sh'
[0.637s] Level 1:colcon.colcon_core.environment:checking '/home/rosuser/ddbot_ws/install/ddbot_cpp_examples/bin'
[0.637s] Level 1:colcon.colcon_core.environment:checking '/home/rosuser/ddbot_ws/install/ddbot_cpp_examples/lib/pkgconfig/ddbot_cpp_examples.pc'
[0.637s] Level 1:colcon.colcon_core.environment:checking '/home/rosuser/ddbot_ws/install/ddbot_cpp_examples/lib/python3.10/site-packages'
[0.638s] Level 1:colcon.colcon_core.environment:checking '/home/rosuser/ddbot_ws/install/ddbot_cpp_examples/bin'
[0.638s] INFO:colcon.colcon_core.shell:Creating package script '/home/rosuser/ddbot_ws/install/ddbot_cpp_examples/share/ddbot_cpp_examples/package.ps1'
[0.639s] INFO:colcon.colcon_core.shell:Creating package descriptor '/home/rosuser/ddbot_ws/install/ddbot_cpp_examples/share/ddbot_cpp_examples/package.dsv'
[0.639s] INFO:colcon.colcon_core.shell:Creating package script '/home/rosuser/ddbot_ws/install/ddbot_cpp_examples/share/ddbot_cpp_examples/package.sh'
[0.639s] INFO:colcon.colcon_core.shell:Creating package script '/home/rosuser/ddbot_ws/install/ddbot_cpp_examples/share/ddbot_cpp_examples/package.bash'
[0.640s] INFO:colcon.colcon_core.shell:Creating package script '/home/rosuser/ddbot_ws/install/ddbot_cpp_examples/share/ddbot_cpp_examples/package.zsh'
[0.640s] Level 1:colcon.colcon_core.environment:create_file_with_runtime_dependencies(/home/rosuser/ddbot_ws/install/ddbot_cpp_examples/share/colcon-core/packages/ddbot_cpp_examples)
[0.642s] DEBUG:colcon.colcon_core.event_handler.log_command:Invoked command in '/home/rosuser/ddbot_ws/build/ddbot_controller' returned '2': CMAKE_PREFIX_PATH=/opt/ros/humble /usr/bin/cmake --build /home/rosuser/ddbot_ws/build/ddbot_controller -- -j8 -l8
[0.652s] Level 1:colcon.colcon_core.environment:create_environment_scripts_only(ddbot_description)
[0.652s] Level 1:colcon.colcon_core.environment:checking '/home/rosuser/ddbot_ws/install/ddbot_description' for CMake module files
[0.653s] Level 1:colcon.colcon_core.environment:checking '/home/rosuser/ddbot_ws/install/ddbot_description' for CMake config files
[0.653s] Level 1:colcon.colcon_core.shell:create_environment_hook('ddbot_description', 'cmake_prefix_path')
[0.653s] INFO:colcon.colcon_core.shell:Creating environment hook '/home/rosuser/ddbot_ws/install/ddbot_description/share/ddbot_description/hook/cmake_prefix_path.ps1'
[0.654s] INFO:colcon.colcon_core.shell:Creating environment descriptor '/home/rosuser/ddbot_ws/install/ddbot_description/share/ddbot_description/hook/cmake_prefix_path.dsv'
[0.654s] INFO:colcon.colcon_core.shell:Creating environment hook '/home/rosuser/ddbot_ws/install/ddbot_description/share/ddbot_description/hook/cmake_prefix_path.sh'
[0.655s] Level 1:colcon.colcon_core.environment:checking '/home/rosuser/ddbot_ws/install/ddbot_description/bin'
[0.655s] Level 1:colcon.colcon_core.environment:checking '/home/rosuser/ddbot_ws/install/ddbot_description/lib/pkgconfig/ddbot_description.pc'
[0.655s] Level 1:colcon.colcon_core.environment:checking '/home/rosuser/ddbot_ws/install/ddbot_description/lib/python3.10/site-packages'
[0.655s] Level 1:colcon.colcon_core.environment:checking '/home/rosuser/ddbot_ws/install/ddbot_description/bin'
[0.656s] INFO:colcon.colcon_core.shell:Creating package script '/home/rosuser/ddbot_ws/install/ddbot_description/share/ddbot_description/package.ps1'
[0.656s] INFO:colcon.colcon_core.shell:Creating package descriptor '/home/rosuser/ddbot_ws/install/ddbot_description/share/ddbot_description/package.dsv'
[0.657s] INFO:colcon.colcon_core.shell:Creating package script '/home/rosuser/ddbot_ws/install/ddbot_description/share/ddbot_description/package.sh'
[0.657s] INFO:colcon.colcon_core.shell:Creating package script '/home/rosuser/ddbot_ws/install/ddbot_description/share/ddbot_description/package.bash'
[0.658s] INFO:colcon.colcon_core.shell:Creating package script '/home/rosuser/ddbot_ws/install/ddbot_description/share/ddbot_description/package.zsh'
[0.658s] Level 1:colcon.colcon_core.environment:create_file_with_runtime_dependencies(/home/rosuser/ddbot_ws/install/ddbot_description/share/colcon-core/packages/ddbot_description)
[0.659s] Level 1:colcon.colcon_core.environment:create_environment_scripts_only(ddbot_cpp_examples)
[0.660s] Level 1:colcon.colcon_core.environment:checking '/home/rosuser/ddbot_ws/install/ddbot_cpp_examples' for CMake module files
[0.661s] Level 1:colcon.colcon_core.environment:checking '/home/rosuser/ddbot_ws/install/ddbot_cpp_examples' for CMake config files
[0.661s] Level 1:colcon.colcon_core.shell:create_environment_hook('ddbot_cpp_examples', 'cmake_prefix_path')
[0.661s] INFO:colcon.colcon_core.shell:Creating environment hook '/home/rosuser/ddbot_ws/install/ddbot_cpp_examples/share/ddbot_cpp_examples/hook/cmake_prefix_path.ps1'
[0.662s] INFO:colcon.colcon_core.shell:Creating environment descriptor '/home/rosuser/ddbot_ws/install/ddbot_cpp_examples/share/ddbot_cpp_examples/hook/cmake_prefix_path.dsv'
[0.662s] INFO:colcon.colcon_core.shell:Creating environment hook '/home/rosuser/ddbot_ws/install/ddbot_cpp_examples/share/ddbot_cpp_examples/hook/cmake_prefix_path.sh'
[0.662s] Level 1:colcon.colcon_core.environment:checking '/home/rosuser/ddbot_ws/install/ddbot_cpp_examples/bin'
[0.663s] Level 1:colcon.colcon_core.environment:checking '/home/rosuser/ddbot_ws/install/ddbot_cpp_examples/lib/pkgconfig/ddbot_cpp_examples.pc'
[0.663s] Level 1:colcon.colcon_core.environment:checking '/home/rosuser/ddbot_ws/install/ddbot_cpp_examples/lib/python3.10/site-packages'
[0.663s] Level 1:colcon.colcon_core.environment:checking '/home/rosuser/ddbot_ws/install/ddbot_cpp_examples/bin'
[0.663s] INFO:colcon.colcon_core.shell:Creating package script '/home/rosuser/ddbot_ws/install/ddbot_cpp_examples/share/ddbot_cpp_examples/package.ps1'
[0.664s] INFO:colcon.colcon_core.shell:Creating package descriptor '/home/rosuser/ddbot_ws/install/ddbot_cpp_examples/share/ddbot_cpp_examples/package.dsv'
[0.664s] INFO:colcon.colcon_core.shell:Creating package script '/home/rosuser/ddbot_ws/install/ddbot_cpp_examples/share/ddbot_cpp_examples/package.sh'
[0.665s] INFO:colcon.colcon_core.shell:Creating package script '/home/rosuser/ddbot_ws/install/ddbot_cpp_examples/share/ddbot_cpp_examples/package.bash'
[0.665s] INFO:colcon.colcon_core.shell:Creating package script '/home/rosuser/ddbot_ws/install/ddbot_cpp_examples/share/ddbot_cpp_examples/package.zsh'
[0.666s] Level 1:colcon.colcon_core.environment:create_file_with_runtime_dependencies(/home/rosuser/ddbot_ws/install/ddbot_cpp_examples/share/colcon-core/packages/ddbot_cpp_examples)
[0.667s] Level 1:colcon.colcon_core.environment:create_environment_scripts_only(ddbot_controller)
[0.667s] Level 1:colcon.colcon_core.environment:checking '/home/rosuser/ddbot_ws/install/ddbot_controller' for CMake module files
[0.668s] Level 1:colcon.colcon_core.environment:checking '/home/rosuser/ddbot_ws/install/ddbot_controller' for CMake config files
[0.668s] Level 1:colcon.colcon_core.shell:create_environment_hook('ddbot_controller', 'cmake_prefix_path')
[0.668s] INFO:colcon.colcon_core.shell:Creating environment hook '/home/rosuser/ddbot_ws/install/ddbot_controller/share/ddbot_controller/hook/cmake_prefix_path.ps1'
[0.669s] INFO:colcon.colcon_core.shell:Creating environment descriptor '/home/rosuser/ddbot_ws/install/ddbot_controller/share/ddbot_controller/hook/cmake_prefix_path.dsv'
[0.669s] INFO:colcon.colcon_core.shell:Creating environment hook '/home/rosuser/ddbot_ws/install/ddbot_controller/share/ddbot_controller/hook/cmake_prefix_path.sh'
[0.669s] Level 1:colcon.colcon_core.environment:checking '/home/rosuser/ddbot_ws/install/ddbot_controller/bin'
[0.669s] Level 1:colcon.colcon_core.environment:checking '/home/rosuser/ddbot_ws/install/ddbot_controller/lib/pkgconfig/ddbot_controller.pc'
[0.670s] Level 1:colcon.colcon_core.environment:checking '/home/rosuser/ddbot_ws/install/ddbot_controller/lib/python3.10/site-packages'
[0.670s] Level 1:colcon.colcon_core.environment:checking '/home/rosuser/ddbot_ws/install/ddbot_controller/bin'
[0.670s] INFO:colcon.colcon_core.shell:Creating package script '/home/rosuser/ddbot_ws/install/ddbot_controller/share/ddbot_controller/package.ps1'
[0.671s] INFO:colcon.colcon_core.shell:Creating package descriptor '/home/rosuser/ddbot_ws/install/ddbot_controller/share/ddbot_controller/package.dsv'
[0.671s] INFO:colcon.colcon_core.shell:Creating package script '/home/rosuser/ddbot_ws/install/ddbot_controller/share/ddbot_controller/package.sh'
[0.672s] INFO:colcon.colcon_core.shell:Creating package script '/home/rosuser/ddbot_ws/install/ddbot_controller/share/ddbot_controller/package.bash'
[0.672s] INFO:colcon.colcon_core.shell:Creating package script '/home/rosuser/ddbot_ws/install/ddbot_controller/share/ddbot_controller/package.zsh'
[0.673s] Level 1:colcon.colcon_core.environment:create_file_with_runtime_dependencies(/home/rosuser/ddbot_ws/install/ddbot_controller/share/colcon-core/packages/ddbot_controller)
[0.928s] DEBUG:colcon.colcon_parallel_executor.executor.parallel:closing loop
[0.928s] DEBUG:colcon.colcon_parallel_executor.executor.parallel:loop closed
[0.929s] DEBUG:colcon.colcon_parallel_executor.executor.parallel:run_until_complete finished with '2'
[0.929s] DEBUG:colcon.colcon_core.event_reactor:joining thread
[0.933s] INFO:colcon.colcon_core.plugin_system:Skipping extension 'colcon_notification.desktop_notification.terminal_notifier': Not used on non-Darwin systems
[0.934s] INFO:colcon.colcon_core.plugin_system:Skipping extension 'colcon_notification.desktop_notification.win32': Not used on non-Windows systems
[0.934s] INFO:colcon.colcon_notification.desktop_notification:Sending desktop notification using 'notify2'
[0.944s] DEBUG:colcon.colcon_core.event_reactor:joined thread
[0.944s] INFO:colcon.colcon_core.shell:Creating prefix script '/home/rosuser/ddbot_ws/install/local_setup.ps1'
[0.945s] INFO:colcon.colcon_core.shell:Creating prefix util module '/home/rosuser/ddbot_ws/install/_local_setup_util_ps1.py'
[0.947s] INFO:colcon.colcon_core.shell:Creating prefix chain script '/home/rosuser/ddbot_ws/install/setup.ps1'
[0.948s] INFO:colcon.colcon_core.shell:Creating prefix script '/home/rosuser/ddbot_ws/install/local_setup.sh'
[0.948s] INFO:colcon.colcon_core.shell:Creating prefix util module '/home/rosuser/ddbot_ws/install/_local_setup_util_sh.py'
[0.948s] INFO:colcon.colcon_core.shell:Creating prefix chain script '/home/rosuser/ddbot_ws/install/setup.sh'
[0.949s] INFO:colcon.colcon_core.shell:Creating prefix script '/home/rosuser/ddbot_ws/install/local_setup.bash'
[0.949s] INFO:colcon.colcon_core.shell:Creating prefix chain script '/home/rosuser/ddbot_ws/install/setup.bash'
[0.950s] INFO:colcon.colcon_core.shell:Creating prefix script '/home/rosuser/ddbot_ws/install/local_setup.zsh'
[0.950s] INFO:colcon.colcon_core.shell:Creating prefix chain script '/home/rosuser/ddbot_ws/install/setup.zsh'
