[0.091s] DEBUG:colcon:Command line arguments: ['/usr/bin/colcon', 'build']
[0.091s] DEBUG:colcon:Parsed command line arguments: Namespace(log_base=None, log_level=None, verb_name='build', build_base='build', install_base='install', merge_install=False, symlink_install=False, test_result_base=None, continue_on_error=False, executor='parallel', parallel_workers=8, event_handlers=None, ignore_user_meta=False, metas=['./colcon.meta'], base_paths=['.'], packages_ignore=None, packages_ignore_regex=None, paths=None, packages_up_to=None, packages_up_to_regex=None, packages_above=None, packages_above_and_dependencies=None, packages_above_depth=None, packages_select_by_dep=None, packages_skip_by_dep=None, packages_skip_up_to=None, packages_select_build_failed=False, packages_skip_build_finished=False, packages_select_test_failures=False, packages_skip_test_passed=False, packages_select=None, packages_skip=None, packages_select_regex=None, packages_skip_regex=None, packages_start=None, packages_end=None, allow_overriding=[], cmake_args=None, cmake_target=None, cmake_target_skip_unavailable=False, cmake_clean_cache=False, cmake_clean_first=False, cmake_force_configure=False, ament_cmake_args=None, catkin_cmake_args=None, catkin_skip_building_tests=False, mixin_files=None, mixin=None, verb_parser=<colcon_mixin.mixin.mixin_argument.MixinArgumentDecorator object at 0x745720b12740>, verb_extension=<colcon_core.verb.build.BuildVerb object at 0x745720b12230>, main=<bound method BuildVerb.main of <colcon_core.verb.build.BuildVerb object at 0x745720b12230>>, mixin_verb=('build',))
[0.235s] Level 1:colcon.colcon_core.package_discovery:discover_packages(colcon_meta) check parameters
[0.235s] Level 1:colcon.colcon_core.package_discovery:discover_packages(recursive) check parameters
[0.235s] Level 1:colcon.colcon_core.package_discovery:discover_packages(ignore) check parameters
[0.235s] Level 1:colcon.colcon_core.package_discovery:discover_packages(path) check parameters
[0.235s] Level 1:colcon.colcon_core.package_discovery:discover_packages(colcon_meta) discover
[0.235s] Level 1:colcon.colcon_core.package_discovery:discover_packages(recursive) discover
[0.235s] INFO:colcon.colcon_core.package_discovery:Crawling recursively for packages in '/home/rosuser/ddbot_ws'
[0.236s] Level 1:colcon.colcon_core.package_identification:_identify(.) by extensions ['ignore', 'ignore_ament_install']
[0.236s] Level 1:colcon.colcon_core.package_identification:_identify(.) by extension 'ignore'
[0.236s] Level 1:colcon.colcon_core.package_identification:_identify(.) by extension 'ignore_ament_install'
[0.236s] Level 1:colcon.colcon_core.package_identification:_identify(.) by extensions ['colcon_pkg']
[0.236s] Level 1:colcon.colcon_core.package_identification:_identify(.) by extension 'colcon_pkg'
[0.236s] Level 1:colcon.colcon_core.package_identification:_identify(.) by extensions ['colcon_meta']
[0.236s] Level 1:colcon.colcon_core.package_identification:_identify(.) by extension 'colcon_meta'
[0.236s] Level 1:colcon.colcon_core.package_identification:_identify(.) by extensions ['ros']
[0.236s] Level 1:colcon.colcon_core.package_identification:_identify(.) by extension 'ros'
[0.244s] Level 1:colcon.colcon_core.package_identification:_identify(.) by extensions ['cmake', 'python']
[0.244s] Level 1:colcon.colcon_core.package_identification:_identify(.) by extension 'cmake'
[0.244s] Level 1:colcon.colcon_core.package_identification:_identify(.) by extension 'python'
[0.245s] Level 1:colcon.colcon_core.package_identification:_identify(.) by extensions ['python_setup_py']
[0.245s] Level 1:colcon.colcon_core.package_identification:_identify(.) by extension 'python_setup_py'
[0.245s] Level 1:colcon.colcon_core.package_identification:_identify(build) by extensions ['ignore', 'ignore_ament_install']
[0.245s] Level 1:colcon.colcon_core.package_identification:_identify(build) by extension 'ignore'
[0.245s] Level 1:colcon.colcon_core.package_identification:_identify(build) ignored
[0.245s] Level 1:colcon.colcon_core.package_identification:_identify(install) by extensions ['ignore', 'ignore_ament_install']
[0.245s] Level 1:colcon.colcon_core.package_identification:_identify(install) by extension 'ignore'
[0.245s] Level 1:colcon.colcon_core.package_identification:_identify(install) ignored
[0.245s] Level 1:colcon.colcon_core.package_identification:_identify(log) by extensions ['ignore', 'ignore_ament_install']
[0.245s] Level 1:colcon.colcon_core.package_identification:_identify(log) by extension 'ignore'
[0.245s] Level 1:colcon.colcon_core.package_identification:_identify(log) ignored
[0.245s] Level 1:colcon.colcon_core.package_identification:_identify(src) by extensions ['ignore', 'ignore_ament_install']
[0.245s] Level 1:colcon.colcon_core.package_identification:_identify(src) by extension 'ignore'
[0.245s] Level 1:colcon.colcon_core.package_identification:_identify(src) by extension 'ignore_ament_install'
[0.246s] Level 1:colcon.colcon_core.package_identification:_identify(src) by extensions ['colcon_pkg']
[0.246s] Level 1:colcon.colcon_core.package_identification:_identify(src) by extension 'colcon_pkg'
[0.246s] Level 1:colcon.colcon_core.package_identification:_identify(src) by extensions ['colcon_meta']
[0.246s] Level 1:colcon.colcon_core.package_identification:_identify(src) by extension 'colcon_meta'
[0.246s] Level 1:colcon.colcon_core.package_identification:_identify(src) by extensions ['ros']
[0.246s] Level 1:colcon.colcon_core.package_identification:_identify(src) by extension 'ros'
[0.246s] Level 1:colcon.colcon_core.package_identification:_identify(src) by extensions ['cmake', 'python']
[0.246s] Level 1:colcon.colcon_core.package_identification:_identify(src) by extension 'cmake'
[0.246s] Level 1:colcon.colcon_core.package_identification:_identify(src) by extension 'python'
[0.246s] Level 1:colcon.colcon_core.package_identification:_identify(src) by extensions ['python_setup_py']
[0.246s] Level 1:colcon.colcon_core.package_identification:_identify(src) by extension 'python_setup_py'
[0.246s] Level 1:colcon.colcon_core.package_identification:_identify(src/ddbot_controller) by extensions ['ignore', 'ignore_ament_install']
[0.246s] Level 1:colcon.colcon_core.package_identification:_identify(src/ddbot_controller) by extension 'ignore'
[0.246s] Level 1:colcon.colcon_core.package_identification:_identify(src/ddbot_controller) by extension 'ignore_ament_install'
[0.246s] Level 1:colcon.colcon_core.package_identification:_identify(src/ddbot_controller) by extensions ['colcon_pkg']
[0.246s] Level 1:colcon.colcon_core.package_identification:_identify(src/ddbot_controller) by extension 'colcon_pkg'
[0.246s] Level 1:colcon.colcon_core.package_identification:_identify(src/ddbot_controller) by extensions ['colcon_meta']
[0.246s] Level 1:colcon.colcon_core.package_identification:_identify(src/ddbot_controller) by extension 'colcon_meta'
[0.246s] Level 1:colcon.colcon_core.package_identification:_identify(src/ddbot_controller) by extensions ['ros']
[0.246s] Level 1:colcon.colcon_core.package_identification:_identify(src/ddbot_controller) by extension 'ros'
[0.248s] DEBUG:colcon.colcon_core.package_identification:Package 'src/ddbot_controller' with type 'ros.ament_cmake' and name 'ddbot_controller'
[0.248s] Level 1:colcon.colcon_core.package_identification:_identify(src/ddbot_cpp_examples) by extensions ['ignore', 'ignore_ament_install']
[0.248s] Level 1:colcon.colcon_core.package_identification:_identify(src/ddbot_cpp_examples) by extension 'ignore'
[0.248s] Level 1:colcon.colcon_core.package_identification:_identify(src/ddbot_cpp_examples) by extension 'ignore_ament_install'
[0.248s] Level 1:colcon.colcon_core.package_identification:_identify(src/ddbot_cpp_examples) by extensions ['colcon_pkg']
[0.248s] Level 1:colcon.colcon_core.package_identification:_identify(src/ddbot_cpp_examples) by extension 'colcon_pkg'
[0.249s] Level 1:colcon.colcon_core.package_identification:_identify(src/ddbot_cpp_examples) by extensions ['colcon_meta']
[0.249s] Level 1:colcon.colcon_core.package_identification:_identify(src/ddbot_cpp_examples) by extension 'colcon_meta'
[0.249s] Level 1:colcon.colcon_core.package_identification:_identify(src/ddbot_cpp_examples) by extensions ['ros']
[0.249s] Level 1:colcon.colcon_core.package_identification:_identify(src/ddbot_cpp_examples) by extension 'ros'
[0.249s] DEBUG:colcon.colcon_core.package_identification:Package 'src/ddbot_cpp_examples' with type 'ros.ament_cmake' and name 'ddbot_cpp_examples'
[0.249s] Level 1:colcon.colcon_core.package_identification:_identify(src/ddbot_description) by extensions ['ignore', 'ignore_ament_install']
[0.249s] Level 1:colcon.colcon_core.package_identification:_identify(src/ddbot_description) by extension 'ignore'
[0.249s] Level 1:colcon.colcon_core.package_identification:_identify(src/ddbot_description) by extension 'ignore_ament_install'
[0.249s] Level 1:colcon.colcon_core.package_identification:_identify(src/ddbot_description) by extensions ['colcon_pkg']
[0.249s] Level 1:colcon.colcon_core.package_identification:_identify(src/ddbot_description) by extension 'colcon_pkg'
[0.249s] Level 1:colcon.colcon_core.package_identification:_identify(src/ddbot_description) by extensions ['colcon_meta']
[0.250s] Level 1:colcon.colcon_core.package_identification:_identify(src/ddbot_description) by extension 'colcon_meta'
[0.250s] Level 1:colcon.colcon_core.package_identification:_identify(src/ddbot_description) by extensions ['ros']
[0.250s] Level 1:colcon.colcon_core.package_identification:_identify(src/ddbot_description) by extension 'ros'
[0.250s] DEBUG:colcon.colcon_core.package_identification:Package 'src/ddbot_description' with type 'ros.ament_cmake' and name 'ddbot_description'
[0.250s] Level 1:colcon.colcon_core.package_identification:_identify(src/ddbot_msgs) by extensions ['ignore', 'ignore_ament_install']
[0.250s] Level 1:colcon.colcon_core.package_identification:_identify(src/ddbot_msgs) by extension 'ignore'
[0.250s] Level 1:colcon.colcon_core.package_identification:_identify(src/ddbot_msgs) by extension 'ignore_ament_install'
[0.250s] Level 1:colcon.colcon_core.package_identification:_identify(src/ddbot_msgs) by extensions ['colcon_pkg']
[0.250s] Level 1:colcon.colcon_core.package_identification:_identify(src/ddbot_msgs) by extension 'colcon_pkg'
[0.250s] Level 1:colcon.colcon_core.package_identification:_identify(src/ddbot_msgs) by extensions ['colcon_meta']
[0.250s] Level 1:colcon.colcon_core.package_identification:_identify(src/ddbot_msgs) by extension 'colcon_meta'
[0.250s] Level 1:colcon.colcon_core.package_identification:_identify(src/ddbot_msgs) by extensions ['ros']
[0.250s] Level 1:colcon.colcon_core.package_identification:_identify(src/ddbot_msgs) by extension 'ros'
[0.251s] DEBUG:colcon.colcon_core.package_identification:Package 'src/ddbot_msgs' with type 'ros.ament_cmake' and name 'ddbot_msgs'
[0.251s] Level 1:colcon.colcon_core.package_identification:_identify(src/ddbot_py_examples) by extensions ['ignore', 'ignore_ament_install']
[0.251s] Level 1:colcon.colcon_core.package_identification:_identify(src/ddbot_py_examples) by extension 'ignore'
[0.251s] Level 1:colcon.colcon_core.package_identification:_identify(src/ddbot_py_examples) by extension 'ignore_ament_install'
[0.251s] Level 1:colcon.colcon_core.package_identification:_identify(src/ddbot_py_examples) by extensions ['colcon_pkg']
[0.251s] Level 1:colcon.colcon_core.package_identification:_identify(src/ddbot_py_examples) by extension 'colcon_pkg'
[0.251s] Level 1:colcon.colcon_core.package_identification:_identify(src/ddbot_py_examples) by extensions ['colcon_meta']
[0.251s] Level 1:colcon.colcon_core.package_identification:_identify(src/ddbot_py_examples) by extension 'colcon_meta'
[0.251s] Level 1:colcon.colcon_core.package_identification:_identify(src/ddbot_py_examples) by extensions ['ros']
[0.251s] Level 1:colcon.colcon_core.package_identification:_identify(src/ddbot_py_examples) by extension 'ros'
[0.252s] DEBUG:colcon.colcon_core.package_identification:Package 'src/ddbot_py_examples' with type 'ros.ament_python' and name 'ddbot_py_examples'
[0.252s] Level 1:colcon.colcon_core.package_discovery:discover_packages(recursive) using defaults
[0.252s] Level 1:colcon.colcon_core.package_discovery:discover_packages(ignore) discover
[0.252s] Level 1:colcon.colcon_core.package_discovery:discover_packages(ignore) using defaults
[0.252s] Level 1:colcon.colcon_core.package_discovery:discover_packages(path) discover
[0.252s] Level 1:colcon.colcon_core.package_discovery:discover_packages(path) using defaults
[0.276s] Level 1:colcon.colcon_core.package_discovery:discover_packages(prefix_path) check parameters
[0.276s] Level 1:colcon.colcon_core.package_discovery:discover_packages(prefix_path) discover
[0.278s] DEBUG:colcon.colcon_installed_package_information.package_discovery:Found 5 installed packages in /home/rosuser/ddbot_ws/install
[0.279s] DEBUG:colcon.colcon_installed_package_information.package_discovery:Found 446 installed packages in /opt/ros/humble
[0.281s] Level 1:colcon.colcon_core.package_discovery:discover_packages(prefix_path) using defaults
[0.327s] Level 5:colcon.colcon_core.verb:set package 'ddbot_controller' build argument 'cmake_args' from command line to 'None'
[0.327s] Level 5:colcon.colcon_core.verb:set package 'ddbot_controller' build argument 'cmake_target' from command line to 'None'
[0.327s] Level 5:colcon.colcon_core.verb:set package 'ddbot_controller' build argument 'cmake_target_skip_unavailable' from command line to 'False'
[0.327s] Level 5:colcon.colcon_core.verb:set package 'ddbot_controller' build argument 'cmake_clean_cache' from command line to 'False'
[0.327s] Level 5:colcon.colcon_core.verb:set package 'ddbot_controller' build argument 'cmake_clean_first' from command line to 'False'
[0.327s] Level 5:colcon.colcon_core.verb:set package 'ddbot_controller' build argument 'cmake_force_configure' from command line to 'False'
[0.327s] Level 5:colcon.colcon_core.verb:set package 'ddbot_controller' build argument 'ament_cmake_args' from command line to 'None'
[0.328s] Level 5:colcon.colcon_core.verb:set package 'ddbot_controller' build argument 'catkin_cmake_args' from command line to 'None'
[0.328s] Level 5:colcon.colcon_core.verb:set package 'ddbot_controller' build argument 'catkin_skip_building_tests' from command line to 'False'
[0.328s] DEBUG:colcon.colcon_core.verb:Building package 'ddbot_controller' with the following arguments: {'ament_cmake_args': None, 'build_base': '/home/rosuser/ddbot_ws/build/ddbot_controller', 'catkin_cmake_args': None, 'catkin_skip_building_tests': False, 'cmake_args': None, 'cmake_clean_cache': False, 'cmake_clean_first': False, 'cmake_force_configure': False, 'cmake_target': None, 'cmake_target_skip_unavailable': False, 'install_base': '/home/rosuser/ddbot_ws/install/ddbot_controller', 'merge_install': False, 'path': '/home/rosuser/ddbot_ws/src/ddbot_controller', 'symlink_install': False, 'test_result_base': None}
[0.328s] Level 5:colcon.colcon_core.verb:set package 'ddbot_cpp_examples' build argument 'cmake_args' from command line to 'None'
[0.328s] Level 5:colcon.colcon_core.verb:set package 'ddbot_cpp_examples' build argument 'cmake_target' from command line to 'None'
[0.328s] Level 5:colcon.colcon_core.verb:set package 'ddbot_cpp_examples' build argument 'cmake_target_skip_unavailable' from command line to 'False'
[0.328s] Level 5:colcon.colcon_core.verb:set package 'ddbot_cpp_examples' build argument 'cmake_clean_cache' from command line to 'False'
[0.328s] Level 5:colcon.colcon_core.verb:set package 'ddbot_cpp_examples' build argument 'cmake_clean_first' from command line to 'False'
[0.328s] Level 5:colcon.colcon_core.verb:set package 'ddbot_cpp_examples' build argument 'cmake_force_configure' from command line to 'False'
[0.328s] Level 5:colcon.colcon_core.verb:set package 'ddbot_cpp_examples' build argument 'ament_cmake_args' from command line to 'None'
[0.328s] Level 5:colcon.colcon_core.verb:set package 'ddbot_cpp_examples' build argument 'catkin_cmake_args' from command line to 'None'
[0.328s] Level 5:colcon.colcon_core.verb:set package 'ddbot_cpp_examples' build argument 'catkin_skip_building_tests' from command line to 'False'
[0.328s] DEBUG:colcon.colcon_core.verb:Building package 'ddbot_cpp_examples' with the following arguments: {'ament_cmake_args': None, 'build_base': '/home/rosuser/ddbot_ws/build/ddbot_cpp_examples', 'catkin_cmake_args': None, 'catkin_skip_building_tests': False, 'cmake_args': None, 'cmake_clean_cache': False, 'cmake_clean_first': False, 'cmake_force_configure': False, 'cmake_target': None, 'cmake_target_skip_unavailable': False, 'install_base': '/home/rosuser/ddbot_ws/install/ddbot_cpp_examples', 'merge_install': False, 'path': '/home/rosuser/ddbot_ws/src/ddbot_cpp_examples', 'symlink_install': False, 'test_result_base': None}
[0.328s] Level 5:colcon.colcon_core.verb:set package 'ddbot_description' build argument 'cmake_args' from command line to 'None'
[0.328s] Level 5:colcon.colcon_core.verb:set package 'ddbot_description' build argument 'cmake_target' from command line to 'None'
[0.328s] Level 5:colcon.colcon_core.verb:set package 'ddbot_description' build argument 'cmake_target_skip_unavailable' from command line to 'False'
[0.328s] Level 5:colcon.colcon_core.verb:set package 'ddbot_description' build argument 'cmake_clean_cache' from command line to 'False'
[0.328s] Level 5:colcon.colcon_core.verb:set package 'ddbot_description' build argument 'cmake_clean_first' from command line to 'False'
[0.329s] Level 5:colcon.colcon_core.verb:set package 'ddbot_description' build argument 'cmake_force_configure' from command line to 'False'
[0.329s] Level 5:colcon.colcon_core.verb:set package 'ddbot_description' build argument 'ament_cmake_args' from command line to 'None'
[0.329s] Level 5:colcon.colcon_core.verb:set package 'ddbot_description' build argument 'catkin_cmake_args' from command line to 'None'
[0.329s] Level 5:colcon.colcon_core.verb:set package 'ddbot_description' build argument 'catkin_skip_building_tests' from command line to 'False'
[0.329s] DEBUG:colcon.colcon_core.verb:Building package 'ddbot_description' with the following arguments: {'ament_cmake_args': None, 'build_base': '/home/rosuser/ddbot_ws/build/ddbot_description', 'catkin_cmake_args': None, 'catkin_skip_building_tests': False, 'cmake_args': None, 'cmake_clean_cache': False, 'cmake_clean_first': False, 'cmake_force_configure': False, 'cmake_target': None, 'cmake_target_skip_unavailable': False, 'install_base': '/home/rosuser/ddbot_ws/install/ddbot_description', 'merge_install': False, 'path': '/home/rosuser/ddbot_ws/src/ddbot_description', 'symlink_install': False, 'test_result_base': None}
[0.329s] Level 5:colcon.colcon_core.verb:set package 'ddbot_msgs' build argument 'cmake_args' from command line to 'None'
[0.329s] Level 5:colcon.colcon_core.verb:set package 'ddbot_msgs' build argument 'cmake_target' from command line to 'None'
[0.329s] Level 5:colcon.colcon_core.verb:set package 'ddbot_msgs' build argument 'cmake_target_skip_unavailable' from command line to 'False'
[0.329s] Level 5:colcon.colcon_core.verb:set package 'ddbot_msgs' build argument 'cmake_clean_cache' from command line to 'False'
[0.329s] Level 5:colcon.colcon_core.verb:set package 'ddbot_msgs' build argument 'cmake_clean_first' from command line to 'False'
[0.329s] Level 5:colcon.colcon_core.verb:set package 'ddbot_msgs' build argument 'cmake_force_configure' from command line to 'False'
[0.329s] Level 5:colcon.colcon_core.verb:set package 'ddbot_msgs' build argument 'ament_cmake_args' from command line to 'None'
[0.329s] Level 5:colcon.colcon_core.verb:set package 'ddbot_msgs' build argument 'catkin_cmake_args' from command line to 'None'
[0.329s] Level 5:colcon.colcon_core.verb:set package 'ddbot_msgs' build argument 'catkin_skip_building_tests' from command line to 'False'
[0.329s] DEBUG:colcon.colcon_core.verb:Building package 'ddbot_msgs' with the following arguments: {'ament_cmake_args': None, 'build_base': '/home/rosuser/ddbot_ws/build/ddbot_msgs', 'catkin_cmake_args': None, 'catkin_skip_building_tests': False, 'cmake_args': None, 'cmake_clean_cache': False, 'cmake_clean_first': False, 'cmake_force_configure': False, 'cmake_target': None, 'cmake_target_skip_unavailable': False, 'install_base': '/home/rosuser/ddbot_ws/install/ddbot_msgs', 'merge_install': False, 'path': '/home/rosuser/ddbot_ws/src/ddbot_msgs', 'symlink_install': False, 'test_result_base': None}
[0.329s] Level 5:colcon.colcon_core.verb:set package 'ddbot_py_examples' build argument 'cmake_args' from command line to 'None'
[0.329s] Level 5:colcon.colcon_core.verb:set package 'ddbot_py_examples' build argument 'cmake_target' from command line to 'None'
[0.329s] Level 5:colcon.colcon_core.verb:set package 'ddbot_py_examples' build argument 'cmake_target_skip_unavailable' from command line to 'False'
[0.329s] Level 5:colcon.colcon_core.verb:set package 'ddbot_py_examples' build argument 'cmake_clean_cache' from command line to 'False'
[0.329s] Level 5:colcon.colcon_core.verb:set package 'ddbot_py_examples' build argument 'cmake_clean_first' from command line to 'False'
[0.329s] Level 5:colcon.colcon_core.verb:set package 'ddbot_py_examples' build argument 'cmake_force_configure' from command line to 'False'
[0.330s] Level 5:colcon.colcon_core.verb:set package 'ddbot_py_examples' build argument 'ament_cmake_args' from command line to 'None'
[0.330s] Level 5:colcon.colcon_core.verb:set package 'ddbot_py_examples' build argument 'catkin_cmake_args' from command line to 'None'
[0.330s] Level 5:colcon.colcon_core.verb:set package 'ddbot_py_examples' build argument 'catkin_skip_building_tests' from command line to 'False'
[0.330s] DEBUG:colcon.colcon_core.verb:Building package 'ddbot_py_examples' with the following arguments: {'ament_cmake_args': None, 'build_base': '/home/rosuser/ddbot_ws/build/ddbot_py_examples', 'catkin_cmake_args': None, 'catkin_skip_building_tests': False, 'cmake_args': None, 'cmake_clean_cache': False, 'cmake_clean_first': False, 'cmake_force_configure': False, 'cmake_target': None, 'cmake_target_skip_unavailable': False, 'install_base': '/home/rosuser/ddbot_ws/install/ddbot_py_examples', 'merge_install': False, 'path': '/home/rosuser/ddbot_ws/src/ddbot_py_examples', 'symlink_install': False, 'test_result_base': None}
[0.330s] INFO:colcon.colcon_core.executor:Executing jobs using 'parallel' executor
[0.331s] DEBUG:colcon.colcon_parallel_executor.executor.parallel:run_until_complete
[0.331s] INFO:colcon.colcon_ros.task.ament_cmake.build:Building ROS package in '/home/rosuser/ddbot_ws/src/ddbot_msgs' with build type 'ament_cmake'
[0.331s] INFO:colcon.colcon_cmake.task.cmake.build:Building CMake package in '/home/rosuser/ddbot_ws/src/ddbot_msgs'
[0.332s] INFO:colcon.colcon_core.plugin_system:Skipping extension 'colcon_core.shell.bat': Not used on non-Windows systems
[0.333s] INFO:colcon.colcon_core.shell:Skip shell extension 'powershell' for command environment: Not usable outside of PowerShell
[0.333s] DEBUG:colcon.colcon_core.shell:Skip shell extension 'dsv' for command environment
[0.336s] INFO:colcon.colcon_ros.task.ament_cmake.build:Building ROS package in '/home/rosuser/ddbot_ws/src/ddbot_controller' with build type 'ament_cmake'
[0.336s] INFO:colcon.colcon_cmake.task.cmake.build:Building CMake package in '/home/rosuser/ddbot_ws/src/ddbot_controller'
[0.336s] INFO:colcon.colcon_core.shell:Skip shell extension 'powershell' for command environment: Not usable outside of PowerShell
[0.336s] DEBUG:colcon.colcon_core.shell:Skip shell extension 'dsv' for command environment
[0.339s] INFO:colcon.colcon_ros.task.ament_cmake.build:Building ROS package in '/home/rosuser/ddbot_ws/src/ddbot_cpp_examples' with build type 'ament_cmake'
[0.339s] INFO:colcon.colcon_cmake.task.cmake.build:Building CMake package in '/home/rosuser/ddbot_ws/src/ddbot_cpp_examples'
[0.339s] INFO:colcon.colcon_core.shell:Skip shell extension 'powershell' for command environment: Not usable outside of PowerShell
[0.340s] DEBUG:colcon.colcon_core.shell:Skip shell extension 'dsv' for command environment
[0.343s] INFO:colcon.colcon_ros.task.ament_cmake.build:Building ROS package in '/home/rosuser/ddbot_ws/src/ddbot_description' with build type 'ament_cmake'
[0.343s] INFO:colcon.colcon_cmake.task.cmake.build:Building CMake package in '/home/rosuser/ddbot_ws/src/ddbot_description'
[0.343s] INFO:colcon.colcon_core.shell:Skip shell extension 'powershell' for command environment: Not usable outside of PowerShell
[0.343s] DEBUG:colcon.colcon_core.shell:Skip shell extension 'dsv' for command environment
[0.352s] DEBUG:colcon.colcon_core.event_handler.log_command:Invoking command in '/home/rosuser/ddbot_ws/build/ddbot_msgs': CMAKE_PREFIX_PATH=${CMAKE_PREFIX_PATH}:/home/rosuser/ddbot_ws/install/ddbot_py_examples:/opt/ros/humble /usr/bin/cmake --build /home/rosuser/ddbot_ws/build/ddbot_msgs -- -j8 -l8
[0.355s] DEBUG:colcon.colcon_core.event_handler.log_command:Invoking command in '/home/rosuser/ddbot_ws/build/ddbot_controller': CMAKE_PREFIX_PATH=${CMAKE_PREFIX_PATH}:/home/rosuser/ddbot_ws/install/ddbot_py_examples:/opt/ros/humble /usr/bin/cmake --build /home/rosuser/ddbot_ws/build/ddbot_controller -- -j8 -l8
[0.362s] DEBUG:colcon.colcon_core.event_handler.log_command:Invoking command in '/home/rosuser/ddbot_ws/build/ddbot_cpp_examples': CMAKE_PREFIX_PATH=${CMAKE_PREFIX_PATH}:/home/rosuser/ddbot_ws/install/ddbot_py_examples:/opt/ros/humble /usr/bin/cmake --build /home/rosuser/ddbot_ws/build/ddbot_cpp_examples -- -j8 -l8
[0.364s] DEBUG:colcon.colcon_core.event_handler.log_command:Invoking command in '/home/rosuser/ddbot_ws/build/ddbot_description': CMAKE_PREFIX_PATH=${CMAKE_PREFIX_PATH}:/home/rosuser/ddbot_ws/install/ddbot_py_examples:/opt/ros/humble /usr/bin/cmake --build /home/rosuser/ddbot_ws/build/ddbot_description -- -j8 -l8
[0.396s] DEBUG:colcon.colcon_core.event_handler.log_command:Invoked command in '/home/rosuser/ddbot_ws/build/ddbot_cpp_examples' returned '0': CMAKE_PREFIX_PATH=${CMAKE_PREFIX_PATH}:/home/rosuser/ddbot_ws/install/ddbot_py_examples:/opt/ros/humble /usr/bin/cmake --build /home/rosuser/ddbot_ws/build/ddbot_cpp_examples -- -j8 -l8
[0.398s] DEBUG:colcon.colcon_core.event_handler.log_command:Invoked command in '/home/rosuser/ddbot_ws/build/ddbot_description' returned '0': CMAKE_PREFIX_PATH=${CMAKE_PREFIX_PATH}:/home/rosuser/ddbot_ws/install/ddbot_py_examples:/opt/ros/humble /usr/bin/cmake --build /home/rosuser/ddbot_ws/build/ddbot_description -- -j8 -l8
[0.440s] DEBUG:colcon.colcon_core.event_handler.log_command:Invoking command in '/home/rosuser/ddbot_ws/build/ddbot_cpp_examples': CMAKE_PREFIX_PATH=${CMAKE_PREFIX_PATH}:/home/rosuser/ddbot_ws/install/ddbot_py_examples:/opt/ros/humble /usr/bin/cmake --install /home/rosuser/ddbot_ws/build/ddbot_cpp_examples
[0.454s] DEBUG:colcon.colcon_core.event_handler.log_command:Invoking command in '/home/rosuser/ddbot_ws/build/ddbot_description': CMAKE_PREFIX_PATH=${CMAKE_PREFIX_PATH}:/home/rosuser/ddbot_ws/install/ddbot_py_examples:/opt/ros/humble /usr/bin/cmake --install /home/rosuser/ddbot_ws/build/ddbot_description
[0.461s] Level 1:colcon.colcon_core.environment:create_environment_scripts_only(ddbot_cpp_examples)
[0.463s] DEBUG:colcon.colcon_core.event_handler.log_command:Invoked command in '/home/rosuser/ddbot_ws/build/ddbot_cpp_examples' returned '0': CMAKE_PREFIX_PATH=${CMAKE_PREFIX_PATH}:/home/rosuser/ddbot_ws/install/ddbot_py_examples:/opt/ros/humble /usr/bin/cmake --install /home/rosuser/ddbot_ws/build/ddbot_cpp_examples
[0.478s] Level 1:colcon.colcon_core.environment:checking '/home/rosuser/ddbot_ws/install/ddbot_cpp_examples' for CMake module files
[0.479s] Level 1:colcon.colcon_core.environment:checking '/home/rosuser/ddbot_ws/install/ddbot_cpp_examples' for CMake config files
[0.479s] Level 1:colcon.colcon_core.shell:create_environment_hook('ddbot_cpp_examples', 'cmake_prefix_path')
[0.479s] INFO:colcon.colcon_core.shell:Creating environment hook '/home/rosuser/ddbot_ws/install/ddbot_cpp_examples/share/ddbot_cpp_examples/hook/cmake_prefix_path.ps1'
[0.480s] INFO:colcon.colcon_core.shell:Creating environment descriptor '/home/rosuser/ddbot_ws/install/ddbot_cpp_examples/share/ddbot_cpp_examples/hook/cmake_prefix_path.dsv'
[0.480s] INFO:colcon.colcon_core.shell:Creating environment hook '/home/rosuser/ddbot_ws/install/ddbot_cpp_examples/share/ddbot_cpp_examples/hook/cmake_prefix_path.sh'
[0.491s] Level 1:colcon.colcon_core.environment:checking '/home/rosuser/ddbot_ws/install/ddbot_cpp_examples/bin'
[0.494s] Level 1:colcon.colcon_core.environment:checking '/home/rosuser/ddbot_ws/install/ddbot_cpp_examples/lib/pkgconfig/ddbot_cpp_examples.pc'
[0.494s] Level 1:colcon.colcon_core.environment:checking '/home/rosuser/ddbot_ws/install/ddbot_cpp_examples/lib/python3.10/site-packages'
[0.494s] Level 1:colcon.colcon_core.environment:checking '/home/rosuser/ddbot_ws/install/ddbot_cpp_examples/bin'
[0.495s] INFO:colcon.colcon_core.shell:Creating package script '/home/rosuser/ddbot_ws/install/ddbot_cpp_examples/share/ddbot_cpp_examples/package.ps1'
[0.495s] INFO:colcon.colcon_core.shell:Creating package descriptor '/home/rosuser/ddbot_ws/install/ddbot_cpp_examples/share/ddbot_cpp_examples/package.dsv'
[0.496s] INFO:colcon.colcon_core.shell:Creating package script '/home/rosuser/ddbot_ws/install/ddbot_cpp_examples/share/ddbot_cpp_examples/package.sh'
[0.496s] INFO:colcon.colcon_core.shell:Creating package script '/home/rosuser/ddbot_ws/install/ddbot_cpp_examples/share/ddbot_cpp_examples/package.bash'
[0.497s] INFO:colcon.colcon_core.shell:Creating package script '/home/rosuser/ddbot_ws/install/ddbot_cpp_examples/share/ddbot_cpp_examples/package.zsh'
[0.497s] Level 1:colcon.colcon_core.environment:create_file_with_runtime_dependencies(/home/rosuser/ddbot_ws/install/ddbot_cpp_examples/share/colcon-core/packages/ddbot_cpp_examples)
[0.503s] Level 1:colcon.colcon_core.environment:create_environment_scripts_only(ddbot_description)
[0.503s] Level 1:colcon.colcon_core.environment:checking '/home/rosuser/ddbot_ws/install/ddbot_description' for CMake module files
[0.504s] DEBUG:colcon.colcon_core.event_handler.log_command:Invoked command in '/home/rosuser/ddbot_ws/build/ddbot_description' returned '0': CMAKE_PREFIX_PATH=${CMAKE_PREFIX_PATH}:/home/rosuser/ddbot_ws/install/ddbot_py_examples:/opt/ros/humble /usr/bin/cmake --install /home/rosuser/ddbot_ws/build/ddbot_description
[0.504s] Level 1:colcon.colcon_core.environment:checking '/home/rosuser/ddbot_ws/install/ddbot_description' for CMake config files
[0.504s] Level 1:colcon.colcon_core.shell:create_environment_hook('ddbot_description', 'cmake_prefix_path')
[0.505s] INFO:colcon.colcon_core.shell:Creating environment hook '/home/rosuser/ddbot_ws/install/ddbot_description/share/ddbot_description/hook/cmake_prefix_path.ps1'
[0.505s] INFO:colcon.colcon_core.shell:Creating environment descriptor '/home/rosuser/ddbot_ws/install/ddbot_description/share/ddbot_description/hook/cmake_prefix_path.dsv'
[0.505s] INFO:colcon.colcon_core.shell:Creating environment hook '/home/rosuser/ddbot_ws/install/ddbot_description/share/ddbot_description/hook/cmake_prefix_path.sh'
[0.506s] Level 1:colcon.colcon_core.environment:checking '/home/rosuser/ddbot_ws/install/ddbot_description/bin'
[0.506s] Level 1:colcon.colcon_core.environment:checking '/home/rosuser/ddbot_ws/install/ddbot_description/lib/pkgconfig/ddbot_description.pc'
[0.506s] Level 1:colcon.colcon_core.environment:checking '/home/rosuser/ddbot_ws/install/ddbot_description/lib/python3.10/site-packages'
[0.507s] Level 1:colcon.colcon_core.environment:checking '/home/rosuser/ddbot_ws/install/ddbot_description/bin'
[0.507s] INFO:colcon.colcon_core.shell:Creating package script '/home/rosuser/ddbot_ws/install/ddbot_description/share/ddbot_description/package.ps1'
[0.508s] INFO:colcon.colcon_core.shell:Creating package descriptor '/home/rosuser/ddbot_ws/install/ddbot_description/share/ddbot_description/package.dsv'
[0.509s] INFO:colcon.colcon_core.shell:Creating package script '/home/rosuser/ddbot_ws/install/ddbot_description/share/ddbot_description/package.sh'
[0.510s] INFO:colcon.colcon_core.shell:Creating package script '/home/rosuser/ddbot_ws/install/ddbot_description/share/ddbot_description/package.bash'
[0.511s] INFO:colcon.colcon_core.shell:Creating package script '/home/rosuser/ddbot_ws/install/ddbot_description/share/ddbot_description/package.zsh'
[0.511s] Level 1:colcon.colcon_core.environment:create_file_with_runtime_dependencies(/home/rosuser/ddbot_ws/install/ddbot_description/share/colcon-core/packages/ddbot_description)
[0.524s] Level 1:colcon.colcon_core.environment:create_environment_scripts_only(ddbot_cpp_examples)
[0.524s] Level 1:colcon.colcon_core.environment:checking '/home/rosuser/ddbot_ws/install/ddbot_cpp_examples' for CMake module files
[0.525s] Level 1:colcon.colcon_core.environment:checking '/home/rosuser/ddbot_ws/install/ddbot_cpp_examples' for CMake config files
[0.525s] Level 1:colcon.colcon_core.shell:create_environment_hook('ddbot_cpp_examples', 'cmake_prefix_path')
[0.526s] INFO:colcon.colcon_core.shell:Creating environment hook '/home/rosuser/ddbot_ws/install/ddbot_cpp_examples/share/ddbot_cpp_examples/hook/cmake_prefix_path.ps1'
[0.526s] INFO:colcon.colcon_core.shell:Creating environment descriptor '/home/rosuser/ddbot_ws/install/ddbot_cpp_examples/share/ddbot_cpp_examples/hook/cmake_prefix_path.dsv'
[0.526s] INFO:colcon.colcon_core.shell:Creating environment hook '/home/rosuser/ddbot_ws/install/ddbot_cpp_examples/share/ddbot_cpp_examples/hook/cmake_prefix_path.sh'
[0.527s] Level 1:colcon.colcon_core.environment:checking '/home/rosuser/ddbot_ws/install/ddbot_cpp_examples/bin'
[0.527s] Level 1:colcon.colcon_core.environment:checking '/home/rosuser/ddbot_ws/install/ddbot_cpp_examples/lib/pkgconfig/ddbot_cpp_examples.pc'
[0.527s] Level 1:colcon.colcon_core.environment:checking '/home/rosuser/ddbot_ws/install/ddbot_cpp_examples/lib/python3.10/site-packages'
[0.527s] Level 1:colcon.colcon_core.environment:checking '/home/rosuser/ddbot_ws/install/ddbot_cpp_examples/bin'
[0.527s] INFO:colcon.colcon_core.shell:Creating package script '/home/rosuser/ddbot_ws/install/ddbot_cpp_examples/share/ddbot_cpp_examples/package.ps1'
[0.528s] INFO:colcon.colcon_core.shell:Creating package descriptor '/home/rosuser/ddbot_ws/install/ddbot_cpp_examples/share/ddbot_cpp_examples/package.dsv'
[0.528s] INFO:colcon.colcon_core.shell:Creating package script '/home/rosuser/ddbot_ws/install/ddbot_cpp_examples/share/ddbot_cpp_examples/package.sh'
[0.529s] INFO:colcon.colcon_core.shell:Creating package script '/home/rosuser/ddbot_ws/install/ddbot_cpp_examples/share/ddbot_cpp_examples/package.bash'
[0.529s] INFO:colcon.colcon_core.shell:Creating package script '/home/rosuser/ddbot_ws/install/ddbot_cpp_examples/share/ddbot_cpp_examples/package.zsh'
[0.529s] Level 1:colcon.colcon_core.environment:create_file_with_runtime_dependencies(/home/rosuser/ddbot_ws/install/ddbot_cpp_examples/share/colcon-core/packages/ddbot_cpp_examples)
[0.530s] Level 1:colcon.colcon_core.environment:create_environment_scripts_only(ddbot_description)
[0.530s] Level 1:colcon.colcon_core.environment:checking '/home/rosuser/ddbot_ws/install/ddbot_description' for CMake module files
[0.531s] Level 1:colcon.colcon_core.environment:checking '/home/rosuser/ddbot_ws/install/ddbot_description' for CMake config files
[0.532s] Level 1:colcon.colcon_core.shell:create_environment_hook('ddbot_description', 'cmake_prefix_path')
[0.532s] INFO:colcon.colcon_core.shell:Creating environment hook '/home/rosuser/ddbot_ws/install/ddbot_description/share/ddbot_description/hook/cmake_prefix_path.ps1'
[0.532s] INFO:colcon.colcon_core.shell:Creating environment descriptor '/home/rosuser/ddbot_ws/install/ddbot_description/share/ddbot_description/hook/cmake_prefix_path.dsv'
[0.532s] INFO:colcon.colcon_core.shell:Creating environment hook '/home/rosuser/ddbot_ws/install/ddbot_description/share/ddbot_description/hook/cmake_prefix_path.sh'
[0.533s] Level 1:colcon.colcon_core.environment:checking '/home/rosuser/ddbot_ws/install/ddbot_description/bin'
[0.533s] Level 1:colcon.colcon_core.environment:checking '/home/rosuser/ddbot_ws/install/ddbot_description/lib/pkgconfig/ddbot_description.pc'
[0.533s] Level 1:colcon.colcon_core.environment:checking '/home/rosuser/ddbot_ws/install/ddbot_description/lib/python3.10/site-packages'
[0.534s] Level 1:colcon.colcon_core.environment:checking '/home/rosuser/ddbot_ws/install/ddbot_description/bin'
[0.534s] INFO:colcon.colcon_core.shell:Creating package script '/home/rosuser/ddbot_ws/install/ddbot_description/share/ddbot_description/package.ps1'
[0.535s] INFO:colcon.colcon_core.shell:Creating package descriptor '/home/rosuser/ddbot_ws/install/ddbot_description/share/ddbot_description/package.dsv'
[0.535s] INFO:colcon.colcon_core.shell:Creating package script '/home/rosuser/ddbot_ws/install/ddbot_description/share/ddbot_description/package.sh'
[0.536s] INFO:colcon.colcon_core.shell:Creating package script '/home/rosuser/ddbot_ws/install/ddbot_description/share/ddbot_description/package.bash'
[0.536s] INFO:colcon.colcon_core.shell:Creating package script '/home/rosuser/ddbot_ws/install/ddbot_description/share/ddbot_description/package.zsh'
[0.537s] Level 1:colcon.colcon_core.environment:create_file_with_runtime_dependencies(/home/rosuser/ddbot_ws/install/ddbot_description/share/colcon-core/packages/ddbot_description)
[0.773s] DEBUG:colcon.colcon_core.event_handler.log_command:Invoked command in '/home/rosuser/ddbot_ws/build/ddbot_msgs' returned '0': CMAKE_PREFIX_PATH=${CMAKE_PREFIX_PATH}:/home/rosuser/ddbot_ws/install/ddbot_py_examples:/opt/ros/humble /usr/bin/cmake --build /home/rosuser/ddbot_ws/build/ddbot_msgs -- -j8 -l8
[0.776s] DEBUG:colcon.colcon_core.event_handler.log_command:Invoked command in '/home/rosuser/ddbot_ws/build/ddbot_controller' returned '0': CMAKE_PREFIX_PATH=${CMAKE_PREFIX_PATH}:/home/rosuser/ddbot_ws/install/ddbot_py_examples:/opt/ros/humble /usr/bin/cmake --build /home/rosuser/ddbot_ws/build/ddbot_controller -- -j8 -l8
[0.796s] DEBUG:colcon.colcon_core.event_handler.log_command:Invoking command in '/home/rosuser/ddbot_ws/build/ddbot_controller': CMAKE_PREFIX_PATH=${CMAKE_PREFIX_PATH}:/home/rosuser/ddbot_ws/install/ddbot_py_examples:/opt/ros/humble /usr/bin/cmake --install /home/rosuser/ddbot_ws/build/ddbot_controller
[0.836s] Level 1:colcon.colcon_core.environment:create_environment_scripts_only(ddbot_controller)
[0.836s] Level 1:colcon.colcon_core.environment:checking '/home/rosuser/ddbot_ws/install/ddbot_controller' for CMake module files
[0.837s] DEBUG:colcon.colcon_core.event_handler.log_command:Invoked command in '/home/rosuser/ddbot_ws/build/ddbot_controller' returned '0': CMAKE_PREFIX_PATH=${CMAKE_PREFIX_PATH}:/home/rosuser/ddbot_ws/install/ddbot_py_examples:/opt/ros/humble /usr/bin/cmake --install /home/rosuser/ddbot_ws/build/ddbot_controller
[0.837s] Level 1:colcon.colcon_core.environment:checking '/home/rosuser/ddbot_ws/install/ddbot_controller' for CMake config files
[0.838s] Level 1:colcon.colcon_core.shell:create_environment_hook('ddbot_controller', 'cmake_prefix_path')
[0.838s] INFO:colcon.colcon_core.shell:Creating environment hook '/home/rosuser/ddbot_ws/install/ddbot_controller/share/ddbot_controller/hook/cmake_prefix_path.ps1'
[0.838s] INFO:colcon.colcon_core.shell:Creating environment descriptor '/home/rosuser/ddbot_ws/install/ddbot_controller/share/ddbot_controller/hook/cmake_prefix_path.dsv'
[0.839s] INFO:colcon.colcon_core.shell:Creating environment hook '/home/rosuser/ddbot_ws/install/ddbot_controller/share/ddbot_controller/hook/cmake_prefix_path.sh'
[0.839s] Level 1:colcon.colcon_core.environment:checking '/home/rosuser/ddbot_ws/install/ddbot_controller/lib'
[0.839s] Level 1:colcon.colcon_core.environment:checking '/home/rosuser/ddbot_ws/install/ddbot_controller/bin'
[0.839s] Level 1:colcon.colcon_core.environment:checking '/home/rosuser/ddbot_ws/install/ddbot_controller/lib/pkgconfig/ddbot_controller.pc'
[0.839s] Level 1:colcon.colcon_core.environment:checking '/home/rosuser/ddbot_ws/install/ddbot_controller/lib/python3.10/site-packages'
[0.840s] Level 1:colcon.colcon_core.environment:checking '/home/rosuser/ddbot_ws/install/ddbot_controller/bin'
[0.840s] INFO:colcon.colcon_core.shell:Creating package script '/home/rosuser/ddbot_ws/install/ddbot_controller/share/ddbot_controller/package.ps1'
[0.840s] INFO:colcon.colcon_core.shell:Creating package descriptor '/home/rosuser/ddbot_ws/install/ddbot_controller/share/ddbot_controller/package.dsv'
[0.840s] INFO:colcon.colcon_core.shell:Creating package script '/home/rosuser/ddbot_ws/install/ddbot_controller/share/ddbot_controller/package.sh'
[0.841s] INFO:colcon.colcon_core.shell:Creating package script '/home/rosuser/ddbot_ws/install/ddbot_controller/share/ddbot_controller/package.bash'
[0.841s] INFO:colcon.colcon_core.shell:Creating package script '/home/rosuser/ddbot_ws/install/ddbot_controller/share/ddbot_controller/package.zsh'
[0.841s] Level 1:colcon.colcon_core.environment:create_file_with_runtime_dependencies(/home/rosuser/ddbot_ws/install/ddbot_controller/share/colcon-core/packages/ddbot_controller)
[0.844s] DEBUG:colcon.colcon_core.event_handler.log_command:Invoking command in '/home/rosuser/ddbot_ws/build/ddbot_msgs': CMAKE_PREFIX_PATH=${CMAKE_PREFIX_PATH}:/home/rosuser/ddbot_ws/install/ddbot_py_examples:/opt/ros/humble /usr/bin/cmake --install /home/rosuser/ddbot_ws/build/ddbot_msgs
[0.861s] Level 1:colcon.colcon_core.environment:create_environment_scripts_only(ddbot_controller)
[0.861s] Level 1:colcon.colcon_core.environment:checking '/home/rosuser/ddbot_ws/install/ddbot_controller' for CMake module files
[0.862s] Level 1:colcon.colcon_core.environment:checking '/home/rosuser/ddbot_ws/install/ddbot_controller' for CMake config files
[0.862s] Level 1:colcon.colcon_core.shell:create_environment_hook('ddbot_controller', 'cmake_prefix_path')
[0.862s] INFO:colcon.colcon_core.shell:Creating environment hook '/home/rosuser/ddbot_ws/install/ddbot_controller/share/ddbot_controller/hook/cmake_prefix_path.ps1'
[0.862s] INFO:colcon.colcon_core.shell:Creating environment descriptor '/home/rosuser/ddbot_ws/install/ddbot_controller/share/ddbot_controller/hook/cmake_prefix_path.dsv'
[0.863s] INFO:colcon.colcon_core.shell:Creating environment hook '/home/rosuser/ddbot_ws/install/ddbot_controller/share/ddbot_controller/hook/cmake_prefix_path.sh'
[0.863s] Level 1:colcon.colcon_core.environment:checking '/home/rosuser/ddbot_ws/install/ddbot_controller/lib'
[0.863s] Level 1:colcon.colcon_core.environment:checking '/home/rosuser/ddbot_ws/install/ddbot_controller/bin'
[0.863s] Level 1:colcon.colcon_core.environment:checking '/home/rosuser/ddbot_ws/install/ddbot_controller/lib/pkgconfig/ddbot_controller.pc'
[0.863s] Level 1:colcon.colcon_core.environment:checking '/home/rosuser/ddbot_ws/install/ddbot_controller/lib/python3.10/site-packages'
[0.863s] Level 1:colcon.colcon_core.environment:checking '/home/rosuser/ddbot_ws/install/ddbot_controller/bin'
[0.864s] INFO:colcon.colcon_core.shell:Creating package script '/home/rosuser/ddbot_ws/install/ddbot_controller/share/ddbot_controller/package.ps1'
[0.864s] INFO:colcon.colcon_core.shell:Creating package descriptor '/home/rosuser/ddbot_ws/install/ddbot_controller/share/ddbot_controller/package.dsv'
[0.864s] INFO:colcon.colcon_core.shell:Creating package script '/home/rosuser/ddbot_ws/install/ddbot_controller/share/ddbot_controller/package.sh'
[0.865s] INFO:colcon.colcon_core.shell:Creating package script '/home/rosuser/ddbot_ws/install/ddbot_controller/share/ddbot_controller/package.bash'
[0.865s] INFO:colcon.colcon_core.shell:Creating package script '/home/rosuser/ddbot_ws/install/ddbot_controller/share/ddbot_controller/package.zsh'
[0.865s] Level 1:colcon.colcon_core.environment:create_file_with_runtime_dependencies(/home/rosuser/ddbot_ws/install/ddbot_controller/share/colcon-core/packages/ddbot_controller)
[0.893s] Level 1:colcon.colcon_core.environment:create_environment_scripts_only(ddbot_msgs)
[0.894s] Level 1:colcon.colcon_core.environment:checking '/home/rosuser/ddbot_ws/install/ddbot_msgs' for CMake module files
[0.895s] Level 1:colcon.colcon_core.environment:checking '/home/rosuser/ddbot_ws/install/ddbot_msgs' for CMake config files
[0.895s] DEBUG:colcon.colcon_core.event_handler.log_command:Invoked command in '/home/rosuser/ddbot_ws/build/ddbot_msgs' returned '0': CMAKE_PREFIX_PATH=${CMAKE_PREFIX_PATH}:/home/rosuser/ddbot_ws/install/ddbot_py_examples:/opt/ros/humble /usr/bin/cmake --install /home/rosuser/ddbot_ws/build/ddbot_msgs
[0.895s] Level 1:colcon.colcon_core.shell:create_environment_hook('ddbot_msgs', 'cmake_prefix_path')
[0.896s] INFO:colcon.colcon_core.shell:Creating environment hook '/home/rosuser/ddbot_ws/install/ddbot_msgs/share/ddbot_msgs/hook/cmake_prefix_path.ps1'
[0.896s] INFO:colcon.colcon_core.shell:Creating environment descriptor '/home/rosuser/ddbot_ws/install/ddbot_msgs/share/ddbot_msgs/hook/cmake_prefix_path.dsv'
[0.896s] INFO:colcon.colcon_core.shell:Creating environment hook '/home/rosuser/ddbot_ws/install/ddbot_msgs/share/ddbot_msgs/hook/cmake_prefix_path.sh'
[0.897s] Level 1:colcon.colcon_core.environment:checking '/home/rosuser/ddbot_ws/install/ddbot_msgs/lib'
[0.897s] Level 1:colcon.colcon_core.shell:create_environment_hook('ddbot_msgs', 'ld_library_path_lib')
[0.897s] INFO:colcon.colcon_core.shell:Creating environment hook '/home/rosuser/ddbot_ws/install/ddbot_msgs/share/ddbot_msgs/hook/ld_library_path_lib.ps1'
[0.897s] INFO:colcon.colcon_core.shell:Creating environment descriptor '/home/rosuser/ddbot_ws/install/ddbot_msgs/share/ddbot_msgs/hook/ld_library_path_lib.dsv'
[0.897s] INFO:colcon.colcon_core.shell:Creating environment hook '/home/rosuser/ddbot_ws/install/ddbot_msgs/share/ddbot_msgs/hook/ld_library_path_lib.sh'
[0.898s] Level 1:colcon.colcon_core.environment:checking '/home/rosuser/ddbot_ws/install/ddbot_msgs/bin'
[0.898s] Level 1:colcon.colcon_core.environment:checking '/home/rosuser/ddbot_ws/install/ddbot_msgs/lib/pkgconfig/ddbot_msgs.pc'
[0.898s] Level 1:colcon.colcon_core.environment:checking '/home/rosuser/ddbot_ws/install/ddbot_msgs/lib/python3.10/site-packages'
[0.898s] Level 1:colcon.colcon_core.environment:checking '/home/rosuser/ddbot_ws/install/ddbot_msgs/bin'
[0.898s] INFO:colcon.colcon_core.shell:Creating package script '/home/rosuser/ddbot_ws/install/ddbot_msgs/share/ddbot_msgs/package.ps1'
[0.899s] INFO:colcon.colcon_core.shell:Creating package descriptor '/home/rosuser/ddbot_ws/install/ddbot_msgs/share/ddbot_msgs/package.dsv'
[0.899s] INFO:colcon.colcon_core.shell:Creating package script '/home/rosuser/ddbot_ws/install/ddbot_msgs/share/ddbot_msgs/package.sh'
[0.899s] INFO:colcon.colcon_core.shell:Creating package script '/home/rosuser/ddbot_ws/install/ddbot_msgs/share/ddbot_msgs/package.bash'
[0.899s] INFO:colcon.colcon_core.shell:Creating package script '/home/rosuser/ddbot_ws/install/ddbot_msgs/share/ddbot_msgs/package.zsh'
[0.900s] Level 1:colcon.colcon_core.environment:create_file_with_runtime_dependencies(/home/rosuser/ddbot_ws/install/ddbot_msgs/share/colcon-core/packages/ddbot_msgs)
[0.966s] Level 1:colcon.colcon_core.environment:create_environment_scripts_only(ddbot_msgs)
[0.967s] Level 1:colcon.colcon_core.environment:checking '/home/rosuser/ddbot_ws/install/ddbot_msgs' for CMake module files
[0.967s] Level 1:colcon.colcon_core.environment:checking '/home/rosuser/ddbot_ws/install/ddbot_msgs' for CMake config files
[0.968s] Level 1:colcon.colcon_core.shell:create_environment_hook('ddbot_msgs', 'cmake_prefix_path')
[0.968s] INFO:colcon.colcon_core.shell:Creating environment hook '/home/rosuser/ddbot_ws/install/ddbot_msgs/share/ddbot_msgs/hook/cmake_prefix_path.ps1'
[0.969s] INFO:colcon.colcon_core.shell:Creating environment descriptor '/home/rosuser/ddbot_ws/install/ddbot_msgs/share/ddbot_msgs/hook/cmake_prefix_path.dsv'
[0.969s] INFO:colcon.colcon_core.shell:Creating environment hook '/home/rosuser/ddbot_ws/install/ddbot_msgs/share/ddbot_msgs/hook/cmake_prefix_path.sh'
[0.969s] Level 1:colcon.colcon_core.environment:checking '/home/rosuser/ddbot_ws/install/ddbot_msgs/lib'
[0.970s] Level 1:colcon.colcon_core.shell:create_environment_hook('ddbot_msgs', 'ld_library_path_lib')
[0.970s] INFO:colcon.colcon_core.shell:Creating environment hook '/home/rosuser/ddbot_ws/install/ddbot_msgs/share/ddbot_msgs/hook/ld_library_path_lib.ps1'
[0.970s] INFO:colcon.colcon_core.shell:Creating environment descriptor '/home/rosuser/ddbot_ws/install/ddbot_msgs/share/ddbot_msgs/hook/ld_library_path_lib.dsv'
[0.971s] INFO:colcon.colcon_core.shell:Creating environment hook '/home/rosuser/ddbot_ws/install/ddbot_msgs/share/ddbot_msgs/hook/ld_library_path_lib.sh'
[0.971s] Level 1:colcon.colcon_core.environment:checking '/home/rosuser/ddbot_ws/install/ddbot_msgs/bin'
[0.971s] Level 1:colcon.colcon_core.environment:checking '/home/rosuser/ddbot_ws/install/ddbot_msgs/lib/pkgconfig/ddbot_msgs.pc'
[0.971s] Level 1:colcon.colcon_core.environment:checking '/home/rosuser/ddbot_ws/install/ddbot_msgs/lib/python3.10/site-packages'
[0.972s] Level 1:colcon.colcon_core.environment:checking '/home/rosuser/ddbot_ws/install/ddbot_msgs/bin'
[0.972s] INFO:colcon.colcon_core.shell:Creating package script '/home/rosuser/ddbot_ws/install/ddbot_msgs/share/ddbot_msgs/package.ps1'
[0.973s] INFO:colcon.colcon_core.shell:Creating package descriptor '/home/rosuser/ddbot_ws/install/ddbot_msgs/share/ddbot_msgs/package.dsv'
[0.974s] INFO:colcon.colcon_core.shell:Creating package script '/home/rosuser/ddbot_ws/install/ddbot_msgs/share/ddbot_msgs/package.sh'
[0.974s] INFO:colcon.colcon_core.shell:Creating package script '/home/rosuser/ddbot_ws/install/ddbot_msgs/share/ddbot_msgs/package.bash'
[0.974s] INFO:colcon.colcon_core.shell:Creating package script '/home/rosuser/ddbot_ws/install/ddbot_msgs/share/ddbot_msgs/package.zsh'
[0.975s] Level 1:colcon.colcon_core.environment:create_file_with_runtime_dependencies(/home/rosuser/ddbot_ws/install/ddbot_msgs/share/colcon-core/packages/ddbot_msgs)
[0.975s] INFO:colcon.colcon_ros.task.ament_python.build:Building ROS package in '/home/rosuser/ddbot_ws/src/ddbot_py_examples' with build type 'ament_python'
[0.975s] Level 1:colcon.colcon_core.shell:create_environment_hook('ddbot_py_examples', 'ament_prefix_path')
[0.976s] INFO:colcon.colcon_core.shell:Creating environment hook '/home/rosuser/ddbot_ws/install/ddbot_py_examples/share/ddbot_py_examples/hook/ament_prefix_path.ps1'
[0.977s] INFO:colcon.colcon_core.shell:Creating environment descriptor '/home/rosuser/ddbot_ws/install/ddbot_py_examples/share/ddbot_py_examples/hook/ament_prefix_path.dsv'
[0.977s] INFO:colcon.colcon_core.shell:Creating environment hook '/home/rosuser/ddbot_ws/install/ddbot_py_examples/share/ddbot_py_examples/hook/ament_prefix_path.sh'
[0.977s] INFO:colcon.colcon_core.shell:Skip shell extension 'powershell' for command environment: Not usable outside of PowerShell
[0.978s] DEBUG:colcon.colcon_core.shell:Skip shell extension 'dsv' for command environment
[1.232s] INFO:colcon.colcon_core.task.python.build:Building Python package in '/home/rosuser/ddbot_ws/src/ddbot_py_examples'
[1.233s] INFO:colcon.colcon_core.shell:Skip shell extension 'powershell' for command environment: Not usable outside of PowerShell
[1.233s] DEBUG:colcon.colcon_core.shell:Skip shell extension 'dsv' for command environment
[1.544s] DEBUG:colcon.colcon_core.event_handler.log_command:Invoking command in '/home/rosuser/ddbot_ws/src/ddbot_py_examples': PYTHONPATH=/home/rosuser/ddbot_ws/build/ddbot_py_examples/prefix_override:/usr/lib/python3/dist-packages/colcon_core/task/python/colcon_distutils_commands:/home/rosuser/ddbot_ws/install/ddbot_py_examples/lib/python3.10/site-packages:${PYTHONPATH} /usr/bin/python3 -W ignore:setup.py install is deprecated setup.py egg_info --egg-base ../../build/ddbot_py_examples build --build-base /home/rosuser/ddbot_ws/build/ddbot_py_examples/build install --record /home/rosuser/ddbot_ws/build/ddbot_py_examples/install.log --single-version-externally-managed install_data
[1.797s] Level 1:colcon.colcon_core.environment:checking '/home/rosuser/ddbot_ws/install/ddbot_py_examples' for CMake module files
[1.797s] DEBUG:colcon.colcon_core.event_handler.log_command:Invoked command in '/home/rosuser/ddbot_ws/src/ddbot_py_examples' returned '0': PYTHONPATH=/home/rosuser/ddbot_ws/build/ddbot_py_examples/prefix_override:/usr/lib/python3/dist-packages/colcon_core/task/python/colcon_distutils_commands:/home/rosuser/ddbot_ws/install/ddbot_py_examples/lib/python3.10/site-packages:${PYTHONPATH} /usr/bin/python3 -W ignore:setup.py install is deprecated setup.py egg_info --egg-base ../../build/ddbot_py_examples build --build-base /home/rosuser/ddbot_ws/build/ddbot_py_examples/build install --record /home/rosuser/ddbot_ws/build/ddbot_py_examples/install.log --single-version-externally-managed install_data
[1.798s] Level 1:colcon.colcon_core.environment:checking '/home/rosuser/ddbot_ws/install/ddbot_py_examples' for CMake config files
[1.798s] Level 1:colcon.colcon_core.environment:checking '/home/rosuser/ddbot_ws/install/ddbot_py_examples/lib'
[1.799s] Level 1:colcon.colcon_core.environment:checking '/home/rosuser/ddbot_ws/install/ddbot_py_examples/bin'
[1.799s] Level 1:colcon.colcon_core.environment:checking '/home/rosuser/ddbot_ws/install/ddbot_py_examples/lib/pkgconfig/ddbot_py_examples.pc'
[1.799s] Level 1:colcon.colcon_core.environment:checking '/home/rosuser/ddbot_ws/install/ddbot_py_examples/lib/python3.10/site-packages'
[1.799s] Level 1:colcon.colcon_core.shell:create_environment_hook('ddbot_py_examples', 'pythonpath')
[1.799s] INFO:colcon.colcon_core.shell:Creating environment hook '/home/rosuser/ddbot_ws/install/ddbot_py_examples/share/ddbot_py_examples/hook/pythonpath.ps1'
[1.800s] INFO:colcon.colcon_core.shell:Creating environment descriptor '/home/rosuser/ddbot_ws/install/ddbot_py_examples/share/ddbot_py_examples/hook/pythonpath.dsv'
[1.800s] INFO:colcon.colcon_core.shell:Creating environment hook '/home/rosuser/ddbot_ws/install/ddbot_py_examples/share/ddbot_py_examples/hook/pythonpath.sh'
[1.801s] Level 1:colcon.colcon_core.environment:checking '/home/rosuser/ddbot_ws/install/ddbot_py_examples/bin'
[1.801s] Level 1:colcon.colcon_core.environment:create_environment_scripts_only(ddbot_py_examples)
[1.801s] INFO:colcon.colcon_core.shell:Creating package script '/home/rosuser/ddbot_ws/install/ddbot_py_examples/share/ddbot_py_examples/package.ps1'
[1.802s] INFO:colcon.colcon_core.shell:Creating package descriptor '/home/rosuser/ddbot_ws/install/ddbot_py_examples/share/ddbot_py_examples/package.dsv'
[1.802s] INFO:colcon.colcon_core.shell:Creating package script '/home/rosuser/ddbot_ws/install/ddbot_py_examples/share/ddbot_py_examples/package.sh'
[1.803s] INFO:colcon.colcon_core.shell:Creating package script '/home/rosuser/ddbot_ws/install/ddbot_py_examples/share/ddbot_py_examples/package.bash'
[1.803s] INFO:colcon.colcon_core.shell:Creating package script '/home/rosuser/ddbot_ws/install/ddbot_py_examples/share/ddbot_py_examples/package.zsh'
[1.803s] Level 1:colcon.colcon_core.environment:create_file_with_runtime_dependencies(/home/rosuser/ddbot_ws/install/ddbot_py_examples/share/colcon-core/packages/ddbot_py_examples)
[1.803s] DEBUG:colcon.colcon_parallel_executor.executor.parallel:closing loop
[1.804s] DEBUG:colcon.colcon_parallel_executor.executor.parallel:loop closed
[1.804s] DEBUG:colcon.colcon_parallel_executor.executor.parallel:run_until_complete finished with '0'
[1.804s] DEBUG:colcon.colcon_core.event_reactor:joining thread
[1.809s] INFO:colcon.colcon_core.plugin_system:Skipping extension 'colcon_notification.desktop_notification.terminal_notifier': Not used on non-Darwin systems
[1.809s] INFO:colcon.colcon_core.plugin_system:Skipping extension 'colcon_notification.desktop_notification.win32': Not used on non-Windows systems
[1.809s] INFO:colcon.colcon_notification.desktop_notification:Sending desktop notification using 'notify2'
[1.817s] DEBUG:colcon.colcon_core.event_reactor:joined thread
[1.818s] INFO:colcon.colcon_core.shell:Creating prefix script '/home/rosuser/ddbot_ws/install/local_setup.ps1'
[1.819s] INFO:colcon.colcon_core.shell:Creating prefix util module '/home/rosuser/ddbot_ws/install/_local_setup_util_ps1.py'
[1.821s] INFO:colcon.colcon_core.shell:Creating prefix chain script '/home/rosuser/ddbot_ws/install/setup.ps1'
[1.822s] INFO:colcon.colcon_core.shell:Creating prefix script '/home/rosuser/ddbot_ws/install/local_setup.sh'
[1.823s] INFO:colcon.colcon_core.shell:Creating prefix util module '/home/rosuser/ddbot_ws/install/_local_setup_util_sh.py'
[1.823s] INFO:colcon.colcon_core.shell:Creating prefix chain script '/home/rosuser/ddbot_ws/install/setup.sh'
[1.825s] INFO:colcon.colcon_core.shell:Creating prefix script '/home/rosuser/ddbot_ws/install/local_setup.bash'
[1.825s] INFO:colcon.colcon_core.shell:Creating prefix chain script '/home/rosuser/ddbot_ws/install/setup.bash'
[1.827s] INFO:colcon.colcon_core.shell:Creating prefix script '/home/rosuser/ddbot_ws/install/local_setup.zsh'
[1.827s] INFO:colcon.colcon_core.shell:Creating prefix chain script '/home/rosuser/ddbot_ws/install/setup.zsh'
