[0.648s] Invoking command in '/home/rosuser/ddbot_ws/src/ddbot_py_examples': PYTHONPATH=/home/rosuser/ddbot_ws/build/ddbot_py_examples/prefix_override:/usr/lib/python3/dist-packages/colcon_core/task/python/colcon_distutils_commands:/home/rosuser/ddbot_ws/install/ddbot_py_examples/lib/python3.10/site-packages:${PYTHONPATH} /usr/bin/python3 -W ignore:setup.py install is deprecated setup.py egg_info --egg-base ../../build/ddbot_py_examples build --build-base /home/rosuser/ddbot_ws/build/ddbot_py_examples/build install --record /home/rosuser/ddbot_ws/build/ddbot_py_examples/install.log --single-version-externally-managed install_data
[0.853s] running egg_info
[0.853s] creating ../../build/ddbot_py_examples/ddbot_py_examples.egg-info
[0.853s] writing ../../build/ddbot_py_examples/ddbot_py_examples.egg-info/PKG-INFO
[0.854s] writing dependency_links to ../../build/ddbot_py_examples/ddbot_py_examples.egg-info/dependency_links.txt
[0.854s] writing entry points to ../../build/ddbot_py_examples/ddbot_py_examples.egg-info/entry_points.txt
[0.854s] writing requirements to ../../build/ddbot_py_examples/ddbot_py_examples.egg-info/requires.txt
[0.854s] writing top-level names to ../../build/ddbot_py_examples/ddbot_py_examples.egg-info/top_level.txt
[0.854s] writing manifest file '../../build/ddbot_py_examples/ddbot_py_examples.egg-info/SOURCES.txt'
[0.855s] reading manifest file '../../build/ddbot_py_examples/ddbot_py_examples.egg-info/SOURCES.txt'
[0.856s] writing manifest file '../../build/ddbot_py_examples/ddbot_py_examples.egg-info/SOURCES.txt'
[0.856s] running build
[0.856s] running build_py
[0.856s] creating /home/rosuser/ddbot_ws/build/ddbot_py_examples/build
[0.856s] creating /home/rosuser/ddbot_ws/build/ddbot_py_examples/build/lib
[0.856s] creating /home/rosuser/ddbot_ws/build/ddbot_py_examples/build/lib/ddbot_py_examples
[0.856s] copying ddbot_py_examples/__init__.py -> /home/rosuser/ddbot_ws/build/ddbot_py_examples/build/lib/ddbot_py_examples
[0.857s] running install
[0.857s] running install_lib
[0.857s] creating /home/rosuser/ddbot_ws/install/ddbot_py_examples/lib/python3.10/site-packages/ddbot_py_examples
[0.858s] copying /home/rosuser/ddbot_ws/build/ddbot_py_examples/build/lib/ddbot_py_examples/__init__.py -> /home/rosuser/ddbot_ws/install/ddbot_py_examples/lib/python3.10/site-packages/ddbot_py_examples
[0.858s] byte-compiling /home/rosuser/ddbot_ws/install/ddbot_py_examples/lib/python3.10/site-packages/ddbot_py_examples/__init__.py to __init__.cpython-310.pyc
[0.858s] running install_data
[0.858s] creating /home/rosuser/ddbot_ws/install/ddbot_py_examples/share/ament_index
[0.858s] creating /home/rosuser/ddbot_ws/install/ddbot_py_examples/share/ament_index/resource_index
[0.858s] creating /home/rosuser/ddbot_ws/install/ddbot_py_examples/share/ament_index/resource_index/packages
[0.859s] copying resource/ddbot_py_examples -> /home/rosuser/ddbot_ws/install/ddbot_py_examples/share/ament_index/resource_index/packages
[0.859s] copying package.xml -> /home/rosuser/ddbot_ws/install/ddbot_py_examples/share/ddbot_py_examples
[0.859s] running install_egg_info
[0.860s] Copying ../../build/ddbot_py_examples/ddbot_py_examples.egg-info to /home/rosuser/ddbot_ws/install/ddbot_py_examples/lib/python3.10/site-packages/ddbot_py_examples-0.0.0-py3.10.egg-info
[0.861s] running install_scripts
[0.879s] writing list of installed files to '/home/rosuser/ddbot_ws/build/ddbot_py_examples/install.log'
[0.896s] Invoked command in '/home/rosuser/ddbot_ws/src/ddbot_py_examples' returned '0': PYTHONPATH=/home/rosuser/ddbot_ws/build/ddbot_py_examples/prefix_override:/usr/lib/python3/dist-packages/colcon_core/task/python/colcon_distutils_commands:/home/rosuser/ddbot_ws/install/ddbot_py_examples/lib/python3.10/site-packages:${PYTHONPATH} /usr/bin/python3 -W ignore:setup.py install is deprecated setup.py egg_info --egg-base ../../build/ddbot_py_examples build --build-base /home/rosuser/ddbot_ws/build/ddbot_py_examples/build install --record /home/rosuser/ddbot_ws/build/ddbot_py_examples/install.log --single-version-externally-managed install_data
