[0.019s] Invoking command in '/home/rosuser/ddbot_ws/build/ddbot_controller': CMAKE_PREFIX_PATH=/opt/ros/humble /usr/bin/cmake --build /home/rosuser/ddbot_ws/build/ddbot_controller -- -j8 -l8
[0.062s] Built target ament_cmake_python_copy_ddbot_controller
[0.275s] running egg_info
[0.276s] writing ddbot_controller.egg-info/PKG-INFO
[0.276s] writing dependency_links to ddbot_controller.egg-info/dependency_links.txt
[0.276s] writing top-level names to ddbot_controller.egg-info/top_level.txt
[0.279s] reading manifest file 'ddbot_controller.egg-info/SOURCES.txt'
[0.280s] writing manifest file 'ddbot_controller.egg-info/SOURCES.txt'
[0.305s] Built target ament_cmake_python_build_ddbot_controller_egg
[0.325s] Invoked command in '/home/rosuser/ddbot_ws/build/ddbot_controller' returned '0': CMAKE_PREFIX_PATH=/opt/ros/humble /usr/bin/cmake --build /home/rosuser/ddbot_ws/build/ddbot_controller -- -j8 -l8
[0.352s] Invoking command in '/home/rosuser/ddbot_ws/build/ddbot_controller': CMAKE_PREFIX_PATH=/opt/ros/humble /usr/bin/cmake --install /home/rosuser/ddbot_ws/build/ddbot_controller
[0.360s] -- Install configuration: ""
[0.360s] -- Up-to-date: /home/rosuser/ddbot_ws/install/ddbot_controller/share/ddbot_controller/environment/pythonpath.sh
[0.360s] -- Up-to-date: /home/rosuser/ddbot_ws/install/ddbot_controller/share/ddbot_controller/environment/pythonpath.dsv
[0.360s] -- Up-to-date: /home/rosuser/ddbot_ws/install/ddbot_controller/local/lib/python3.10/dist-packages/ddbot_controller-0.0.0-py3.10.egg-info
[0.361s] -- Installing: /home/rosuser/ddbot_ws/install/ddbot_controller/local/lib/python3.10/dist-packages/ddbot_controller-0.0.0-py3.10.egg-info/SOURCES.txt
[0.361s] -- Installing: /home/rosuser/ddbot_ws/install/ddbot_controller/local/lib/python3.10/dist-packages/ddbot_controller-0.0.0-py3.10.egg-info/dependency_links.txt
[0.361s] -- Installing: /home/rosuser/ddbot_ws/install/ddbot_controller/local/lib/python3.10/dist-packages/ddbot_controller-0.0.0-py3.10.egg-info/PKG-INFO
[0.361s] -- Installing: /home/rosuser/ddbot_ws/install/ddbot_controller/local/lib/python3.10/dist-packages/ddbot_controller-0.0.0-py3.10.egg-info/top_level.txt
[0.361s] -- Up-to-date: /home/rosuser/ddbot_ws/install/ddbot_controller/local/lib/python3.10/dist-packages/ddbot_controller
[0.361s] -- Up-to-date: /home/rosuser/ddbot_ws/install/ddbot_controller/local/lib/python3.10/dist-packages/ddbot_controller/simple_controller.py
[0.361s] -- Up-to-date: /home/rosuser/ddbot_ws/install/ddbot_controller/local/lib/python3.10/dist-packages/ddbot_controller/__init__.py
[0.384s] Listing '/home/rosuser/ddbot_ws/install/ddbot_controller/local/lib/python3.10/dist-packages/ddbot_controller'...
[0.388s] -- Up-to-date: /home/rosuser/ddbot_ws/install/ddbot_controller/share/ddbot_controller/config
[0.388s] -- Installing: /home/rosuser/ddbot_ws/install/ddbot_controller/share/ddbot_controller/config/joy_teleop.yaml
[0.388s] -- Up-to-date: /home/rosuser/ddbot_ws/install/ddbot_controller/share/ddbot_controller/config/ddbot_controllers.yaml
[0.388s] -- Installing: /home/rosuser/ddbot_ws/install/ddbot_controller/share/ddbot_controller/config/joy_config.yaml
[0.388s] -- Up-to-date: /home/rosuser/ddbot_ws/install/ddbot_controller/share/ddbot_controller/launch
[0.388s] -- Installing: /home/rosuser/ddbot_ws/install/ddbot_controller/share/ddbot_controller/launch/joystick_teleop.launch.py
[0.388s] -- Up-to-date: /home/rosuser/ddbot_ws/install/ddbot_controller/share/ddbot_controller/launch/controller.launch.py
[0.388s] -- Up-to-date: /home/rosuser/ddbot_ws/install/ddbot_controller/lib/ddbot_controller/simple_controller.py
[0.388s] -- Up-to-date: /home/rosuser/ddbot_ws/install/ddbot_controller/share/ament_index/resource_index/package_run_dependencies/ddbot_controller
[0.389s] -- Up-to-date: /home/rosuser/ddbot_ws/install/ddbot_controller/share/ament_index/resource_index/parent_prefix_path/ddbot_controller
[0.389s] -- Up-to-date: /home/rosuser/ddbot_ws/install/ddbot_controller/share/ddbot_controller/environment/ament_prefix_path.sh
[0.389s] -- Up-to-date: /home/rosuser/ddbot_ws/install/ddbot_controller/share/ddbot_controller/environment/ament_prefix_path.dsv
[0.389s] -- Up-to-date: /home/rosuser/ddbot_ws/install/ddbot_controller/share/ddbot_controller/environment/path.sh
[0.389s] -- Up-to-date: /home/rosuser/ddbot_ws/install/ddbot_controller/share/ddbot_controller/environment/path.dsv
[0.389s] -- Up-to-date: /home/rosuser/ddbot_ws/install/ddbot_controller/share/ddbot_controller/local_setup.bash
[0.389s] -- Up-to-date: /home/rosuser/ddbot_ws/install/ddbot_controller/share/ddbot_controller/local_setup.sh
[0.389s] -- Up-to-date: /home/rosuser/ddbot_ws/install/ddbot_controller/share/ddbot_controller/local_setup.zsh
[0.389s] -- Up-to-date: /home/rosuser/ddbot_ws/install/ddbot_controller/share/ddbot_controller/local_setup.dsv
[0.389s] -- Installing: /home/rosuser/ddbot_ws/install/ddbot_controller/share/ddbot_controller/package.dsv
[0.390s] -- Up-to-date: /home/rosuser/ddbot_ws/install/ddbot_controller/share/ament_index/resource_index/packages/ddbot_controller
[0.390s] -- Up-to-date: /home/rosuser/ddbot_ws/install/ddbot_controller/share/ddbot_controller/cmake/ddbot_controllerConfig.cmake
[0.390s] -- Up-to-date: /home/rosuser/ddbot_ws/install/ddbot_controller/share/ddbot_controller/cmake/ddbot_controllerConfig-version.cmake
[0.390s] -- Up-to-date: /home/rosuser/ddbot_ws/install/ddbot_controller/share/ddbot_controller/package.xml
[0.391s] Invoked command in '/home/rosuser/ddbot_ws/build/ddbot_controller' returned '0': CMAKE_PREFIX_PATH=/opt/ros/humble /usr/bin/cmake --install /home/rosuser/ddbot_ws/build/ddbot_controller
