[0.091s] DEBUG:colcon:Command line arguments: ['/usr/bin/colcon', 'build']
[0.092s] DEBUG:colcon:Parsed command line arguments: Namespace(log_base=None, log_level=None, verb_name='build', build_base='build', install_base='install', merge_install=False, symlink_install=False, test_result_base=None, continue_on_error=False, executor='parallel', parallel_workers=8, event_handlers=None, ignore_user_meta=False, metas=['./colcon.meta'], base_paths=['.'], packages_ignore=None, packages_ignore_regex=None, paths=None, packages_up_to=None, packages_up_to_regex=None, packages_above=None, packages_above_and_dependencies=None, packages_above_depth=None, packages_select_by_dep=None, packages_skip_by_dep=None, packages_skip_up_to=None, packages_select_build_failed=False, packages_skip_build_finished=False, packages_select_test_failures=False, packages_skip_test_passed=False, packages_select=None, packages_skip=None, packages_select_regex=None, packages_skip_regex=None, packages_start=None, packages_end=None, allow_overriding=[], cmake_args=None, cmake_target=None, cmake_target_skip_unavailable=False, cmake_clean_cache=False, cmake_clean_first=False, cmake_force_configure=False, ament_cmake_args=None, catkin_cmake_args=None, catkin_skip_building_tests=False, mixin_files=None, mixin=None, verb_parser=<colcon_mixin.mixin.mixin_argument.MixinArgumentDecorator object at 0x75e1edbfa740>, verb_extension=<colcon_core.verb.build.BuildVerb object at 0x75e1edbfa230>, main=<bound method BuildVerb.main of <colcon_core.verb.build.BuildVerb object at 0x75e1edbfa230>>, mixin_verb=('build',))
[0.239s] Level 1:colcon.colcon_core.package_discovery:discover_packages(colcon_meta) check parameters
[0.239s] Level 1:colcon.colcon_core.package_discovery:discover_packages(recursive) check parameters
[0.239s] Level 1:colcon.colcon_core.package_discovery:discover_packages(ignore) check parameters
[0.239s] Level 1:colcon.colcon_core.package_discovery:discover_packages(path) check parameters
[0.239s] Level 1:colcon.colcon_core.package_discovery:discover_packages(colcon_meta) discover
[0.239s] Level 1:colcon.colcon_core.package_discovery:discover_packages(recursive) discover
[0.239s] INFO:colcon.colcon_core.package_discovery:Crawling recursively for packages in '/home/rosuser/ddbot_ws'
[0.239s] Level 1:colcon.colcon_core.package_identification:_identify(.) by extensions ['ignore', 'ignore_ament_install']
[0.239s] Level 1:colcon.colcon_core.package_identification:_identify(.) by extension 'ignore'
[0.239s] Level 1:colcon.colcon_core.package_identification:_identify(.) by extension 'ignore_ament_install'
[0.239s] Level 1:colcon.colcon_core.package_identification:_identify(.) by extensions ['colcon_pkg']
[0.239s] Level 1:colcon.colcon_core.package_identification:_identify(.) by extension 'colcon_pkg'
[0.239s] Level 1:colcon.colcon_core.package_identification:_identify(.) by extensions ['colcon_meta']
[0.239s] Level 1:colcon.colcon_core.package_identification:_identify(.) by extension 'colcon_meta'
[0.239s] Level 1:colcon.colcon_core.package_identification:_identify(.) by extensions ['ros']
[0.239s] Level 1:colcon.colcon_core.package_identification:_identify(.) by extension 'ros'
[0.248s] Level 1:colcon.colcon_core.package_identification:_identify(.) by extensions ['cmake', 'python']
[0.248s] Level 1:colcon.colcon_core.package_identification:_identify(.) by extension 'cmake'
[0.248s] Level 1:colcon.colcon_core.package_identification:_identify(.) by extension 'python'
[0.248s] Level 1:colcon.colcon_core.package_identification:_identify(.) by extensions ['python_setup_py']
[0.248s] Level 1:colcon.colcon_core.package_identification:_identify(.) by extension 'python_setup_py'
[0.248s] Level 1:colcon.colcon_core.package_identification:_identify(build) by extensions ['ignore', 'ignore_ament_install']
[0.249s] Level 1:colcon.colcon_core.package_identification:_identify(build) by extension 'ignore'
[0.249s] Level 1:colcon.colcon_core.package_identification:_identify(build) ignored
[0.249s] Level 1:colcon.colcon_core.package_identification:_identify(install) by extensions ['ignore', 'ignore_ament_install']
[0.249s] Level 1:colcon.colcon_core.package_identification:_identify(install) by extension 'ignore'
[0.249s] Level 1:colcon.colcon_core.package_identification:_identify(install) ignored
[0.249s] Level 1:colcon.colcon_core.package_identification:_identify(log) by extensions ['ignore', 'ignore_ament_install']
[0.249s] Level 1:colcon.colcon_core.package_identification:_identify(log) by extension 'ignore'
[0.249s] Level 1:colcon.colcon_core.package_identification:_identify(log) ignored
[0.249s] Level 1:colcon.colcon_core.package_identification:_identify(src) by extensions ['ignore', 'ignore_ament_install']
[0.249s] Level 1:colcon.colcon_core.package_identification:_identify(src) by extension 'ignore'
[0.249s] Level 1:colcon.colcon_core.package_identification:_identify(src) by extension 'ignore_ament_install'
[0.249s] Level 1:colcon.colcon_core.package_identification:_identify(src) by extensions ['colcon_pkg']
[0.249s] Level 1:colcon.colcon_core.package_identification:_identify(src) by extension 'colcon_pkg'
[0.249s] Level 1:colcon.colcon_core.package_identification:_identify(src) by extensions ['colcon_meta']
[0.249s] Level 1:colcon.colcon_core.package_identification:_identify(src) by extension 'colcon_meta'
[0.249s] Level 1:colcon.colcon_core.package_identification:_identify(src) by extensions ['ros']
[0.250s] Level 1:colcon.colcon_core.package_identification:_identify(src) by extension 'ros'
[0.250s] Level 1:colcon.colcon_core.package_identification:_identify(src) by extensions ['cmake', 'python']
[0.250s] Level 1:colcon.colcon_core.package_identification:_identify(src) by extension 'cmake'
[0.250s] Level 1:colcon.colcon_core.package_identification:_identify(src) by extension 'python'
[0.250s] Level 1:colcon.colcon_core.package_identification:_identify(src) by extensions ['python_setup_py']
[0.250s] Level 1:colcon.colcon_core.package_identification:_identify(src) by extension 'python_setup_py'
[0.250s] Level 1:colcon.colcon_core.package_identification:_identify(src/ddbot_controller) by extensions ['ignore', 'ignore_ament_install']
[0.250s] Level 1:colcon.colcon_core.package_identification:_identify(src/ddbot_controller) by extension 'ignore'
[0.250s] Level 1:colcon.colcon_core.package_identification:_identify(src/ddbot_controller) by extension 'ignore_ament_install'
[0.250s] Level 1:colcon.colcon_core.package_identification:_identify(src/ddbot_controller) by extensions ['colcon_pkg']
[0.250s] Level 1:colcon.colcon_core.package_identification:_identify(src/ddbot_controller) by extension 'colcon_pkg'
[0.250s] Level 1:colcon.colcon_core.package_identification:_identify(src/ddbot_controller) by extensions ['colcon_meta']
[0.250s] Level 1:colcon.colcon_core.package_identification:_identify(src/ddbot_controller) by extension 'colcon_meta'
[0.250s] Level 1:colcon.colcon_core.package_identification:_identify(src/ddbot_controller) by extensions ['ros']
[0.250s] Level 1:colcon.colcon_core.package_identification:_identify(src/ddbot_controller) by extension 'ros'
[0.252s] DEBUG:colcon.colcon_core.package_identification:Package 'src/ddbot_controller' with type 'ros.ament_cmake' and name 'ddbot_controller'
[0.252s] Level 1:colcon.colcon_core.package_identification:_identify(src/ddbot_cpp_examples) by extensions ['ignore', 'ignore_ament_install']
[0.252s] Level 1:colcon.colcon_core.package_identification:_identify(src/ddbot_cpp_examples) by extension 'ignore'
[0.252s] Level 1:colcon.colcon_core.package_identification:_identify(src/ddbot_cpp_examples) by extension 'ignore_ament_install'
[0.253s] Level 1:colcon.colcon_core.package_identification:_identify(src/ddbot_cpp_examples) by extensions ['colcon_pkg']
[0.253s] Level 1:colcon.colcon_core.package_identification:_identify(src/ddbot_cpp_examples) by extension 'colcon_pkg'
[0.253s] Level 1:colcon.colcon_core.package_identification:_identify(src/ddbot_cpp_examples) by extensions ['colcon_meta']
[0.253s] Level 1:colcon.colcon_core.package_identification:_identify(src/ddbot_cpp_examples) by extension 'colcon_meta'
[0.253s] Level 1:colcon.colcon_core.package_identification:_identify(src/ddbot_cpp_examples) by extensions ['ros']
[0.253s] Level 1:colcon.colcon_core.package_identification:_identify(src/ddbot_cpp_examples) by extension 'ros'
[0.253s] DEBUG:colcon.colcon_core.package_identification:Package 'src/ddbot_cpp_examples' with type 'ros.ament_cmake' and name 'ddbot_cpp_examples'
[0.253s] Level 1:colcon.colcon_core.package_identification:_identify(src/ddbot_description) by extensions ['ignore', 'ignore_ament_install']
[0.253s] Level 1:colcon.colcon_core.package_identification:_identify(src/ddbot_description) by extension 'ignore'
[0.253s] Level 1:colcon.colcon_core.package_identification:_identify(src/ddbot_description) by extension 'ignore_ament_install'
[0.254s] Level 1:colcon.colcon_core.package_identification:_identify(src/ddbot_description) by extensions ['colcon_pkg']
[0.254s] Level 1:colcon.colcon_core.package_identification:_identify(src/ddbot_description) by extension 'colcon_pkg'
[0.254s] Level 1:colcon.colcon_core.package_identification:_identify(src/ddbot_description) by extensions ['colcon_meta']
[0.254s] Level 1:colcon.colcon_core.package_identification:_identify(src/ddbot_description) by extension 'colcon_meta'
[0.254s] Level 1:colcon.colcon_core.package_identification:_identify(src/ddbot_description) by extensions ['ros']
[0.254s] Level 1:colcon.colcon_core.package_identification:_identify(src/ddbot_description) by extension 'ros'
[0.254s] DEBUG:colcon.colcon_core.package_identification:Package 'src/ddbot_description' with type 'ros.ament_cmake' and name 'ddbot_description'
[0.254s] Level 1:colcon.colcon_core.package_identification:_identify(src/ddbot_msgs) by extensions ['ignore', 'ignore_ament_install']
[0.254s] Level 1:colcon.colcon_core.package_identification:_identify(src/ddbot_msgs) by extension 'ignore'
[0.254s] Level 1:colcon.colcon_core.package_identification:_identify(src/ddbot_msgs) by extension 'ignore_ament_install'
[0.254s] Level 1:colcon.colcon_core.package_identification:_identify(src/ddbot_msgs) by extensions ['colcon_pkg']
[0.254s] Level 1:colcon.colcon_core.package_identification:_identify(src/ddbot_msgs) by extension 'colcon_pkg'
[0.254s] Level 1:colcon.colcon_core.package_identification:_identify(src/ddbot_msgs) by extensions ['colcon_meta']
[0.254s] Level 1:colcon.colcon_core.package_identification:_identify(src/ddbot_msgs) by extension 'colcon_meta'
[0.255s] Level 1:colcon.colcon_core.package_identification:_identify(src/ddbot_msgs) by extensions ['ros']
[0.255s] Level 1:colcon.colcon_core.package_identification:_identify(src/ddbot_msgs) by extension 'ros'
[0.255s] DEBUG:colcon.colcon_core.package_identification:Package 'src/ddbot_msgs' with type 'ros.ament_cmake' and name 'ddbot_msgs'
[0.255s] Level 1:colcon.colcon_core.package_identification:_identify(src/ddbot_py_examples) by extensions ['ignore', 'ignore_ament_install']
[0.255s] Level 1:colcon.colcon_core.package_identification:_identify(src/ddbot_py_examples) by extension 'ignore'
[0.255s] Level 1:colcon.colcon_core.package_identification:_identify(src/ddbot_py_examples) by extension 'ignore_ament_install'
[0.255s] Level 1:colcon.colcon_core.package_identification:_identify(src/ddbot_py_examples) by extensions ['colcon_pkg']
[0.255s] Level 1:colcon.colcon_core.package_identification:_identify(src/ddbot_py_examples) by extension 'colcon_pkg'
[0.255s] Level 1:colcon.colcon_core.package_identification:_identify(src/ddbot_py_examples) by extensions ['colcon_meta']
[0.255s] Level 1:colcon.colcon_core.package_identification:_identify(src/ddbot_py_examples) by extension 'colcon_meta'
[0.255s] Level 1:colcon.colcon_core.package_identification:_identify(src/ddbot_py_examples) by extensions ['ros']
[0.255s] Level 1:colcon.colcon_core.package_identification:_identify(src/ddbot_py_examples) by extension 'ros'
[0.256s] DEBUG:colcon.colcon_core.package_identification:Package 'src/ddbot_py_examples' with type 'ros.ament_python' and name 'ddbot_py_examples'
[0.256s] Level 1:colcon.colcon_core.package_discovery:discover_packages(recursive) using defaults
[0.256s] Level 1:colcon.colcon_core.package_discovery:discover_packages(ignore) discover
[0.256s] Level 1:colcon.colcon_core.package_discovery:discover_packages(ignore) using defaults
[0.256s] Level 1:colcon.colcon_core.package_discovery:discover_packages(path) discover
[0.256s] Level 1:colcon.colcon_core.package_discovery:discover_packages(path) using defaults
[0.286s] Level 1:colcon.colcon_core.package_discovery:discover_packages(prefix_path) check parameters
[0.286s] Level 1:colcon.colcon_core.package_discovery:discover_packages(prefix_path) discover
[0.287s] DEBUG:colcon.colcon_installed_package_information.package_discovery:Found 5 installed packages in /home/rosuser/ddbot_ws/install
[0.289s] DEBUG:colcon.colcon_installed_package_information.package_discovery:Found 446 installed packages in /opt/ros/humble
[0.291s] Level 1:colcon.colcon_core.package_discovery:discover_packages(prefix_path) using defaults
[0.369s] Level 5:colcon.colcon_core.verb:set package 'ddbot_controller' build argument 'cmake_args' from command line to 'None'
[0.369s] Level 5:colcon.colcon_core.verb:set package 'ddbot_controller' build argument 'cmake_target' from command line to 'None'
[0.369s] Level 5:colcon.colcon_core.verb:set package 'ddbot_controller' build argument 'cmake_target_skip_unavailable' from command line to 'False'
[0.369s] Level 5:colcon.colcon_core.verb:set package 'ddbot_controller' build argument 'cmake_clean_cache' from command line to 'False'
[0.369s] Level 5:colcon.colcon_core.verb:set package 'ddbot_controller' build argument 'cmake_clean_first' from command line to 'False'
[0.369s] Level 5:colcon.colcon_core.verb:set package 'ddbot_controller' build argument 'cmake_force_configure' from command line to 'False'
[0.369s] Level 5:colcon.colcon_core.verb:set package 'ddbot_controller' build argument 'ament_cmake_args' from command line to 'None'
[0.369s] Level 5:colcon.colcon_core.verb:set package 'ddbot_controller' build argument 'catkin_cmake_args' from command line to 'None'
[0.369s] Level 5:colcon.colcon_core.verb:set package 'ddbot_controller' build argument 'catkin_skip_building_tests' from command line to 'False'
[0.369s] DEBUG:colcon.colcon_core.verb:Building package 'ddbot_controller' with the following arguments: {'ament_cmake_args': None, 'build_base': '/home/rosuser/ddbot_ws/build/ddbot_controller', 'catkin_cmake_args': None, 'catkin_skip_building_tests': False, 'cmake_args': None, 'cmake_clean_cache': False, 'cmake_clean_first': False, 'cmake_force_configure': False, 'cmake_target': None, 'cmake_target_skip_unavailable': False, 'install_base': '/home/rosuser/ddbot_ws/install/ddbot_controller', 'merge_install': False, 'path': '/home/rosuser/ddbot_ws/src/ddbot_controller', 'symlink_install': False, 'test_result_base': None}
[0.370s] Level 5:colcon.colcon_core.verb:set package 'ddbot_cpp_examples' build argument 'cmake_args' from command line to 'None'
[0.370s] Level 5:colcon.colcon_core.verb:set package 'ddbot_cpp_examples' build argument 'cmake_target' from command line to 'None'
[0.370s] Level 5:colcon.colcon_core.verb:set package 'ddbot_cpp_examples' build argument 'cmake_target_skip_unavailable' from command line to 'False'
[0.370s] Level 5:colcon.colcon_core.verb:set package 'ddbot_cpp_examples' build argument 'cmake_clean_cache' from command line to 'False'
[0.370s] Level 5:colcon.colcon_core.verb:set package 'ddbot_cpp_examples' build argument 'cmake_clean_first' from command line to 'False'
[0.370s] Level 5:colcon.colcon_core.verb:set package 'ddbot_cpp_examples' build argument 'cmake_force_configure' from command line to 'False'
[0.370s] Level 5:colcon.colcon_core.verb:set package 'ddbot_cpp_examples' build argument 'ament_cmake_args' from command line to 'None'
[0.370s] Level 5:colcon.colcon_core.verb:set package 'ddbot_cpp_examples' build argument 'catkin_cmake_args' from command line to 'None'
[0.370s] Level 5:colcon.colcon_core.verb:set package 'ddbot_cpp_examples' build argument 'catkin_skip_building_tests' from command line to 'False'
[0.370s] DEBUG:colcon.colcon_core.verb:Building package 'ddbot_cpp_examples' with the following arguments: {'ament_cmake_args': None, 'build_base': '/home/rosuser/ddbot_ws/build/ddbot_cpp_examples', 'catkin_cmake_args': None, 'catkin_skip_building_tests': False, 'cmake_args': None, 'cmake_clean_cache': False, 'cmake_clean_first': False, 'cmake_force_configure': False, 'cmake_target': None, 'cmake_target_skip_unavailable': False, 'install_base': '/home/rosuser/ddbot_ws/install/ddbot_cpp_examples', 'merge_install': False, 'path': '/home/rosuser/ddbot_ws/src/ddbot_cpp_examples', 'symlink_install': False, 'test_result_base': None}
[0.371s] Level 5:colcon.colcon_core.verb:set package 'ddbot_description' build argument 'cmake_args' from command line to 'None'
[0.371s] Level 5:colcon.colcon_core.verb:set package 'ddbot_description' build argument 'cmake_target' from command line to 'None'
[0.371s] Level 5:colcon.colcon_core.verb:set package 'ddbot_description' build argument 'cmake_target_skip_unavailable' from command line to 'False'
[0.371s] Level 5:colcon.colcon_core.verb:set package 'ddbot_description' build argument 'cmake_clean_cache' from command line to 'False'
[0.371s] Level 5:colcon.colcon_core.verb:set package 'ddbot_description' build argument 'cmake_clean_first' from command line to 'False'
[0.371s] Level 5:colcon.colcon_core.verb:set package 'ddbot_description' build argument 'cmake_force_configure' from command line to 'False'
[0.371s] Level 5:colcon.colcon_core.verb:set package 'ddbot_description' build argument 'ament_cmake_args' from command line to 'None'
[0.371s] Level 5:colcon.colcon_core.verb:set package 'ddbot_description' build argument 'catkin_cmake_args' from command line to 'None'
[0.371s] Level 5:colcon.colcon_core.verb:set package 'ddbot_description' build argument 'catkin_skip_building_tests' from command line to 'False'
[0.371s] DEBUG:colcon.colcon_core.verb:Building package 'ddbot_description' with the following arguments: {'ament_cmake_args': None, 'build_base': '/home/rosuser/ddbot_ws/build/ddbot_description', 'catkin_cmake_args': None, 'catkin_skip_building_tests': False, 'cmake_args': None, 'cmake_clean_cache': False, 'cmake_clean_first': False, 'cmake_force_configure': False, 'cmake_target': None, 'cmake_target_skip_unavailable': False, 'install_base': '/home/rosuser/ddbot_ws/install/ddbot_description', 'merge_install': False, 'path': '/home/rosuser/ddbot_ws/src/ddbot_description', 'symlink_install': False, 'test_result_base': None}
[0.372s] Level 5:colcon.colcon_core.verb:set package 'ddbot_msgs' build argument 'cmake_args' from command line to 'None'
[0.372s] Level 5:colcon.colcon_core.verb:set package 'ddbot_msgs' build argument 'cmake_target' from command line to 'None'
[0.372s] Level 5:colcon.colcon_core.verb:set package 'ddbot_msgs' build argument 'cmake_target_skip_unavailable' from command line to 'False'
[0.372s] Level 5:colcon.colcon_core.verb:set package 'ddbot_msgs' build argument 'cmake_clean_cache' from command line to 'False'
[0.372s] Level 5:colcon.colcon_core.verb:set package 'ddbot_msgs' build argument 'cmake_clean_first' from command line to 'False'
[0.372s] Level 5:colcon.colcon_core.verb:set package 'ddbot_msgs' build argument 'cmake_force_configure' from command line to 'False'
[0.372s] Level 5:colcon.colcon_core.verb:set package 'ddbot_msgs' build argument 'ament_cmake_args' from command line to 'None'
[0.372s] Level 5:colcon.colcon_core.verb:set package 'ddbot_msgs' build argument 'catkin_cmake_args' from command line to 'None'
[0.372s] Level 5:colcon.colcon_core.verb:set package 'ddbot_msgs' build argument 'catkin_skip_building_tests' from command line to 'False'
[0.372s] DEBUG:colcon.colcon_core.verb:Building package 'ddbot_msgs' with the following arguments: {'ament_cmake_args': None, 'build_base': '/home/rosuser/ddbot_ws/build/ddbot_msgs', 'catkin_cmake_args': None, 'catkin_skip_building_tests': False, 'cmake_args': None, 'cmake_clean_cache': False, 'cmake_clean_first': False, 'cmake_force_configure': False, 'cmake_target': None, 'cmake_target_skip_unavailable': False, 'install_base': '/home/rosuser/ddbot_ws/install/ddbot_msgs', 'merge_install': False, 'path': '/home/rosuser/ddbot_ws/src/ddbot_msgs', 'symlink_install': False, 'test_result_base': None}
[0.373s] Level 5:colcon.colcon_core.verb:set package 'ddbot_py_examples' build argument 'cmake_args' from command line to 'None'
[0.373s] Level 5:colcon.colcon_core.verb:set package 'ddbot_py_examples' build argument 'cmake_target' from command line to 'None'
[0.373s] Level 5:colcon.colcon_core.verb:set package 'ddbot_py_examples' build argument 'cmake_target_skip_unavailable' from command line to 'False'
[0.373s] Level 5:colcon.colcon_core.verb:set package 'ddbot_py_examples' build argument 'cmake_clean_cache' from command line to 'False'
[0.373s] Level 5:colcon.colcon_core.verb:set package 'ddbot_py_examples' build argument 'cmake_clean_first' from command line to 'False'
[0.373s] Level 5:colcon.colcon_core.verb:set package 'ddbot_py_examples' build argument 'cmake_force_configure' from command line to 'False'
[0.373s] Level 5:colcon.colcon_core.verb:set package 'ddbot_py_examples' build argument 'ament_cmake_args' from command line to 'None'
[0.374s] Level 5:colcon.colcon_core.verb:set package 'ddbot_py_examples' build argument 'catkin_cmake_args' from command line to 'None'
[0.374s] Level 5:colcon.colcon_core.verb:set package 'ddbot_py_examples' build argument 'catkin_skip_building_tests' from command line to 'False'
[0.374s] DEBUG:colcon.colcon_core.verb:Building package 'ddbot_py_examples' with the following arguments: {'ament_cmake_args': None, 'build_base': '/home/rosuser/ddbot_ws/build/ddbot_py_examples', 'catkin_cmake_args': None, 'catkin_skip_building_tests': False, 'cmake_args': None, 'cmake_clean_cache': False, 'cmake_clean_first': False, 'cmake_force_configure': False, 'cmake_target': None, 'cmake_target_skip_unavailable': False, 'install_base': '/home/rosuser/ddbot_ws/install/ddbot_py_examples', 'merge_install': False, 'path': '/home/rosuser/ddbot_ws/src/ddbot_py_examples', 'symlink_install': False, 'test_result_base': None}
[0.374s] INFO:colcon.colcon_core.executor:Executing jobs using 'parallel' executor
[0.375s] DEBUG:colcon.colcon_parallel_executor.executor.parallel:run_until_complete
[0.375s] INFO:colcon.colcon_ros.task.ament_cmake.build:Building ROS package in '/home/rosuser/ddbot_ws/src/ddbot_msgs' with build type 'ament_cmake'
[0.376s] INFO:colcon.colcon_cmake.task.cmake.build:Building CMake package in '/home/rosuser/ddbot_ws/src/ddbot_msgs'
[0.379s] INFO:colcon.colcon_core.plugin_system:Skipping extension 'colcon_core.shell.bat': Not used on non-Windows systems
[0.379s] INFO:colcon.colcon_core.shell:Skip shell extension 'powershell' for command environment: Not usable outside of PowerShell
[0.379s] DEBUG:colcon.colcon_core.shell:Skip shell extension 'dsv' for command environment
[0.383s] INFO:colcon.colcon_ros.task.ament_cmake.build:Building ROS package in '/home/rosuser/ddbot_ws/src/ddbot_controller' with build type 'ament_cmake'
[0.383s] INFO:colcon.colcon_cmake.task.cmake.build:Building CMake package in '/home/rosuser/ddbot_ws/src/ddbot_controller'
[0.383s] INFO:colcon.colcon_core.shell:Skip shell extension 'powershell' for command environment: Not usable outside of PowerShell
[0.383s] DEBUG:colcon.colcon_core.shell:Skip shell extension 'dsv' for command environment
[0.387s] INFO:colcon.colcon_ros.task.ament_cmake.build:Building ROS package in '/home/rosuser/ddbot_ws/src/ddbot_cpp_examples' with build type 'ament_cmake'
[0.388s] INFO:colcon.colcon_cmake.task.cmake.build:Building CMake package in '/home/rosuser/ddbot_ws/src/ddbot_cpp_examples'
[0.388s] INFO:colcon.colcon_core.shell:Skip shell extension 'powershell' for command environment: Not usable outside of PowerShell
[0.388s] DEBUG:colcon.colcon_core.shell:Skip shell extension 'dsv' for command environment
[0.392s] INFO:colcon.colcon_ros.task.ament_cmake.build:Building ROS package in '/home/rosuser/ddbot_ws/src/ddbot_description' with build type 'ament_cmake'
[0.393s] INFO:colcon.colcon_cmake.task.cmake.build:Building CMake package in '/home/rosuser/ddbot_ws/src/ddbot_description'
[0.393s] INFO:colcon.colcon_core.shell:Skip shell extension 'powershell' for command environment: Not usable outside of PowerShell
[0.393s] DEBUG:colcon.colcon_core.shell:Skip shell extension 'dsv' for command environment
[0.400s] DEBUG:colcon.colcon_core.event_handler.log_command:Invoking command in '/home/rosuser/ddbot_ws/build/ddbot_msgs': CMAKE_PREFIX_PATH=${CMAKE_PREFIX_PATH}:/home/rosuser/ddbot_ws/install/ddbot_py_examples:/opt/ros/humble /usr/bin/cmake --build /home/rosuser/ddbot_ws/build/ddbot_msgs -- -j8 -l8
[0.406s] DEBUG:colcon.colcon_core.event_handler.log_command:Invoking command in '/home/rosuser/ddbot_ws/build/ddbot_controller': CMAKE_PREFIX_PATH=${CMAKE_PREFIX_PATH}:/home/rosuser/ddbot_ws/install/ddbot_py_examples:/opt/ros/humble /usr/bin/cmake --build /home/rosuser/ddbot_ws/build/ddbot_controller -- -j8 -l8
[0.409s] DEBUG:colcon.colcon_core.event_handler.log_command:Invoking command in '/home/rosuser/ddbot_ws/build/ddbot_cpp_examples': CMAKE_PREFIX_PATH=${CMAKE_PREFIX_PATH}:/home/rosuser/ddbot_ws/install/ddbot_py_examples:/opt/ros/humble /usr/bin/cmake --build /home/rosuser/ddbot_ws/build/ddbot_cpp_examples -- -j8 -l8
[0.416s] DEBUG:colcon.colcon_core.event_handler.log_command:Invoking command in '/home/rosuser/ddbot_ws/build/ddbot_description': CMAKE_PREFIX_PATH=${CMAKE_PREFIX_PATH}:/home/rosuser/ddbot_ws/install/ddbot_py_examples:/opt/ros/humble /usr/bin/cmake --build /home/rosuser/ddbot_ws/build/ddbot_description -- -j8 -l8
[0.451s] DEBUG:colcon.colcon_core.event_handler.log_command:Invoked command in '/home/rosuser/ddbot_ws/build/ddbot_description' returned '0': CMAKE_PREFIX_PATH=${CMAKE_PREFIX_PATH}:/home/rosuser/ddbot_ws/install/ddbot_py_examples:/opt/ros/humble /usr/bin/cmake --build /home/rosuser/ddbot_ws/build/ddbot_description -- -j8 -l8
[0.454s] DEBUG:colcon.colcon_core.event_handler.log_command:Invoked command in '/home/rosuser/ddbot_ws/build/ddbot_cpp_examples' returned '0': CMAKE_PREFIX_PATH=${CMAKE_PREFIX_PATH}:/home/rosuser/ddbot_ws/install/ddbot_py_examples:/opt/ros/humble /usr/bin/cmake --build /home/rosuser/ddbot_ws/build/ddbot_cpp_examples -- -j8 -l8
[0.506s] DEBUG:colcon.colcon_core.event_handler.log_command:Invoking command in '/home/rosuser/ddbot_ws/build/ddbot_description': CMAKE_PREFIX_PATH=${CMAKE_PREFIX_PATH}:/home/rosuser/ddbot_ws/install/ddbot_py_examples:/opt/ros/humble /usr/bin/cmake --install /home/rosuser/ddbot_ws/build/ddbot_description
[0.509s] DEBUG:colcon.colcon_core.event_handler.log_command:Invoking command in '/home/rosuser/ddbot_ws/build/ddbot_cpp_examples': CMAKE_PREFIX_PATH=${CMAKE_PREFIX_PATH}:/home/rosuser/ddbot_ws/install/ddbot_py_examples:/opt/ros/humble /usr/bin/cmake --install /home/rosuser/ddbot_ws/build/ddbot_cpp_examples
[0.518s] Level 1:colcon.colcon_core.environment:create_environment_scripts_only(ddbot_description)
[0.519s] DEBUG:colcon.colcon_core.event_handler.log_command:Invoked command in '/home/rosuser/ddbot_ws/build/ddbot_description' returned '0': CMAKE_PREFIX_PATH=${CMAKE_PREFIX_PATH}:/home/rosuser/ddbot_ws/install/ddbot_py_examples:/opt/ros/humble /usr/bin/cmake --install /home/rosuser/ddbot_ws/build/ddbot_description
[0.526s] Level 1:colcon.colcon_core.environment:checking '/home/rosuser/ddbot_ws/install/ddbot_description' for CMake module files
[0.527s] Level 1:colcon.colcon_core.environment:checking '/home/rosuser/ddbot_ws/install/ddbot_description' for CMake config files
[0.527s] Level 1:colcon.colcon_core.shell:create_environment_hook('ddbot_description', 'cmake_prefix_path')
[0.527s] INFO:colcon.colcon_core.shell:Creating environment hook '/home/rosuser/ddbot_ws/install/ddbot_description/share/ddbot_description/hook/cmake_prefix_path.ps1'
[0.528s] INFO:colcon.colcon_core.shell:Creating environment descriptor '/home/rosuser/ddbot_ws/install/ddbot_description/share/ddbot_description/hook/cmake_prefix_path.dsv'
[0.529s] INFO:colcon.colcon_core.shell:Creating environment hook '/home/rosuser/ddbot_ws/install/ddbot_description/share/ddbot_description/hook/cmake_prefix_path.sh'
[0.529s] Level 1:colcon.colcon_core.environment:checking '/home/rosuser/ddbot_ws/install/ddbot_description/bin'
[0.529s] Level 1:colcon.colcon_core.environment:checking '/home/rosuser/ddbot_ws/install/ddbot_description/lib/pkgconfig/ddbot_description.pc'
[0.530s] Level 1:colcon.colcon_core.environment:checking '/home/rosuser/ddbot_ws/install/ddbot_description/lib/python3.10/site-packages'
[0.530s] Level 1:colcon.colcon_core.environment:checking '/home/rosuser/ddbot_ws/install/ddbot_description/bin'
[0.530s] INFO:colcon.colcon_core.shell:Creating package script '/home/rosuser/ddbot_ws/install/ddbot_description/share/ddbot_description/package.ps1'
[0.531s] INFO:colcon.colcon_core.shell:Creating package descriptor '/home/rosuser/ddbot_ws/install/ddbot_description/share/ddbot_description/package.dsv'
[0.531s] INFO:colcon.colcon_core.shell:Creating package script '/home/rosuser/ddbot_ws/install/ddbot_description/share/ddbot_description/package.sh'
[0.532s] INFO:colcon.colcon_core.shell:Creating package script '/home/rosuser/ddbot_ws/install/ddbot_description/share/ddbot_description/package.bash'
[0.533s] INFO:colcon.colcon_core.shell:Creating package script '/home/rosuser/ddbot_ws/install/ddbot_description/share/ddbot_description/package.zsh'
[0.533s] Level 1:colcon.colcon_core.environment:create_file_with_runtime_dependencies(/home/rosuser/ddbot_ws/install/ddbot_description/share/colcon-core/packages/ddbot_description)
[0.535s] Level 1:colcon.colcon_core.environment:create_environment_scripts_only(ddbot_cpp_examples)
[0.535s] Level 1:colcon.colcon_core.environment:checking '/home/rosuser/ddbot_ws/install/ddbot_cpp_examples' for CMake module files
[0.536s] DEBUG:colcon.colcon_core.event_handler.log_command:Invoked command in '/home/rosuser/ddbot_ws/build/ddbot_cpp_examples' returned '0': CMAKE_PREFIX_PATH=${CMAKE_PREFIX_PATH}:/home/rosuser/ddbot_ws/install/ddbot_py_examples:/opt/ros/humble /usr/bin/cmake --install /home/rosuser/ddbot_ws/build/ddbot_cpp_examples
[0.537s] Level 1:colcon.colcon_core.environment:checking '/home/rosuser/ddbot_ws/install/ddbot_cpp_examples' for CMake config files
[0.537s] Level 1:colcon.colcon_core.shell:create_environment_hook('ddbot_cpp_examples', 'cmake_prefix_path')
[0.537s] INFO:colcon.colcon_core.shell:Creating environment hook '/home/rosuser/ddbot_ws/install/ddbot_cpp_examples/share/ddbot_cpp_examples/hook/cmake_prefix_path.ps1'
[0.538s] INFO:colcon.colcon_core.shell:Creating environment descriptor '/home/rosuser/ddbot_ws/install/ddbot_cpp_examples/share/ddbot_cpp_examples/hook/cmake_prefix_path.dsv'
[0.538s] INFO:colcon.colcon_core.shell:Creating environment hook '/home/rosuser/ddbot_ws/install/ddbot_cpp_examples/share/ddbot_cpp_examples/hook/cmake_prefix_path.sh'
[0.539s] Level 1:colcon.colcon_core.environment:checking '/home/rosuser/ddbot_ws/install/ddbot_cpp_examples/bin'
[0.539s] Level 1:colcon.colcon_core.environment:checking '/home/rosuser/ddbot_ws/install/ddbot_cpp_examples/lib/pkgconfig/ddbot_cpp_examples.pc'
[0.539s] Level 1:colcon.colcon_core.environment:checking '/home/rosuser/ddbot_ws/install/ddbot_cpp_examples/lib/python3.10/site-packages'
[0.539s] Level 1:colcon.colcon_core.environment:checking '/home/rosuser/ddbot_ws/install/ddbot_cpp_examples/bin'
[0.540s] INFO:colcon.colcon_core.shell:Creating package script '/home/rosuser/ddbot_ws/install/ddbot_cpp_examples/share/ddbot_cpp_examples/package.ps1'
[0.540s] INFO:colcon.colcon_core.shell:Creating package descriptor '/home/rosuser/ddbot_ws/install/ddbot_cpp_examples/share/ddbot_cpp_examples/package.dsv'
[0.541s] INFO:colcon.colcon_core.shell:Creating package script '/home/rosuser/ddbot_ws/install/ddbot_cpp_examples/share/ddbot_cpp_examples/package.sh'
[0.541s] INFO:colcon.colcon_core.shell:Creating package script '/home/rosuser/ddbot_ws/install/ddbot_cpp_examples/share/ddbot_cpp_examples/package.bash'
[0.541s] INFO:colcon.colcon_core.shell:Creating package script '/home/rosuser/ddbot_ws/install/ddbot_cpp_examples/share/ddbot_cpp_examples/package.zsh'
[0.542s] Level 1:colcon.colcon_core.environment:create_file_with_runtime_dependencies(/home/rosuser/ddbot_ws/install/ddbot_cpp_examples/share/colcon-core/packages/ddbot_cpp_examples)
[0.559s] Level 1:colcon.colcon_core.environment:create_environment_scripts_only(ddbot_description)
[0.559s] Level 1:colcon.colcon_core.environment:checking '/home/rosuser/ddbot_ws/install/ddbot_description' for CMake module files
[0.560s] Level 1:colcon.colcon_core.environment:checking '/home/rosuser/ddbot_ws/install/ddbot_description' for CMake config files
[0.560s] Level 1:colcon.colcon_core.shell:create_environment_hook('ddbot_description', 'cmake_prefix_path')
[0.560s] INFO:colcon.colcon_core.shell:Creating environment hook '/home/rosuser/ddbot_ws/install/ddbot_description/share/ddbot_description/hook/cmake_prefix_path.ps1'
[0.561s] INFO:colcon.colcon_core.shell:Creating environment descriptor '/home/rosuser/ddbot_ws/install/ddbot_description/share/ddbot_description/hook/cmake_prefix_path.dsv'
[0.561s] INFO:colcon.colcon_core.shell:Creating environment hook '/home/rosuser/ddbot_ws/install/ddbot_description/share/ddbot_description/hook/cmake_prefix_path.sh'
[0.562s] Level 1:colcon.colcon_core.environment:checking '/home/rosuser/ddbot_ws/install/ddbot_description/bin'
[0.562s] Level 1:colcon.colcon_core.environment:checking '/home/rosuser/ddbot_ws/install/ddbot_description/lib/pkgconfig/ddbot_description.pc'
[0.562s] Level 1:colcon.colcon_core.environment:checking '/home/rosuser/ddbot_ws/install/ddbot_description/lib/python3.10/site-packages'
[0.562s] Level 1:colcon.colcon_core.environment:checking '/home/rosuser/ddbot_ws/install/ddbot_description/bin'
[0.563s] INFO:colcon.colcon_core.shell:Creating package script '/home/rosuser/ddbot_ws/install/ddbot_description/share/ddbot_description/package.ps1'
[0.563s] INFO:colcon.colcon_core.shell:Creating package descriptor '/home/rosuser/ddbot_ws/install/ddbot_description/share/ddbot_description/package.dsv'
[0.564s] INFO:colcon.colcon_core.shell:Creating package script '/home/rosuser/ddbot_ws/install/ddbot_description/share/ddbot_description/package.sh'
[0.564s] INFO:colcon.colcon_core.shell:Creating package script '/home/rosuser/ddbot_ws/install/ddbot_description/share/ddbot_description/package.bash'
[0.565s] INFO:colcon.colcon_core.shell:Creating package script '/home/rosuser/ddbot_ws/install/ddbot_description/share/ddbot_description/package.zsh'
[0.565s] Level 1:colcon.colcon_core.environment:create_file_with_runtime_dependencies(/home/rosuser/ddbot_ws/install/ddbot_description/share/colcon-core/packages/ddbot_description)
[0.567s] Level 1:colcon.colcon_core.environment:create_environment_scripts_only(ddbot_cpp_examples)
[0.567s] Level 1:colcon.colcon_core.environment:checking '/home/rosuser/ddbot_ws/install/ddbot_cpp_examples' for CMake module files
[0.568s] Level 1:colcon.colcon_core.environment:checking '/home/rosuser/ddbot_ws/install/ddbot_cpp_examples' for CMake config files
[0.568s] Level 1:colcon.colcon_core.shell:create_environment_hook('ddbot_cpp_examples', 'cmake_prefix_path')
[0.568s] INFO:colcon.colcon_core.shell:Creating environment hook '/home/rosuser/ddbot_ws/install/ddbot_cpp_examples/share/ddbot_cpp_examples/hook/cmake_prefix_path.ps1'
[0.569s] INFO:colcon.colcon_core.shell:Creating environment descriptor '/home/rosuser/ddbot_ws/install/ddbot_cpp_examples/share/ddbot_cpp_examples/hook/cmake_prefix_path.dsv'
[0.569s] INFO:colcon.colcon_core.shell:Creating environment hook '/home/rosuser/ddbot_ws/install/ddbot_cpp_examples/share/ddbot_cpp_examples/hook/cmake_prefix_path.sh'
[0.570s] Level 1:colcon.colcon_core.environment:checking '/home/rosuser/ddbot_ws/install/ddbot_cpp_examples/bin'
[0.570s] Level 1:colcon.colcon_core.environment:checking '/home/rosuser/ddbot_ws/install/ddbot_cpp_examples/lib/pkgconfig/ddbot_cpp_examples.pc'
[0.570s] Level 1:colcon.colcon_core.environment:checking '/home/rosuser/ddbot_ws/install/ddbot_cpp_examples/lib/python3.10/site-packages'
[0.570s] Level 1:colcon.colcon_core.environment:checking '/home/rosuser/ddbot_ws/install/ddbot_cpp_examples/bin'
[0.571s] INFO:colcon.colcon_core.shell:Creating package script '/home/rosuser/ddbot_ws/install/ddbot_cpp_examples/share/ddbot_cpp_examples/package.ps1'
[0.571s] INFO:colcon.colcon_core.shell:Creating package descriptor '/home/rosuser/ddbot_ws/install/ddbot_cpp_examples/share/ddbot_cpp_examples/package.dsv'
[0.572s] INFO:colcon.colcon_core.shell:Creating package script '/home/rosuser/ddbot_ws/install/ddbot_cpp_examples/share/ddbot_cpp_examples/package.sh'
[0.572s] INFO:colcon.colcon_core.shell:Creating package script '/home/rosuser/ddbot_ws/install/ddbot_cpp_examples/share/ddbot_cpp_examples/package.bash'
[0.573s] INFO:colcon.colcon_core.shell:Creating package script '/home/rosuser/ddbot_ws/install/ddbot_cpp_examples/share/ddbot_cpp_examples/package.zsh'
[0.573s] Level 1:colcon.colcon_core.environment:create_file_with_runtime_dependencies(/home/rosuser/ddbot_ws/install/ddbot_cpp_examples/share/colcon-core/packages/ddbot_cpp_examples)
[0.821s] DEBUG:colcon.colcon_core.event_handler.log_command:Invoked command in '/home/rosuser/ddbot_ws/build/ddbot_msgs' returned '0': CMAKE_PREFIX_PATH=${CMAKE_PREFIX_PATH}:/home/rosuser/ddbot_ws/install/ddbot_py_examples:/opt/ros/humble /usr/bin/cmake --build /home/rosuser/ddbot_ws/build/ddbot_msgs -- -j8 -l8
[0.834s] DEBUG:colcon.colcon_core.event_handler.log_command:Invoked command in '/home/rosuser/ddbot_ws/build/ddbot_controller' returned '0': CMAKE_PREFIX_PATH=${CMAKE_PREFIX_PATH}:/home/rosuser/ddbot_ws/install/ddbot_py_examples:/opt/ros/humble /usr/bin/cmake --build /home/rosuser/ddbot_ws/build/ddbot_controller -- -j8 -l8
[0.854s] DEBUG:colcon.colcon_core.event_handler.log_command:Invoking command in '/home/rosuser/ddbot_ws/build/ddbot_controller': CMAKE_PREFIX_PATH=${CMAKE_PREFIX_PATH}:/home/rosuser/ddbot_ws/install/ddbot_py_examples:/opt/ros/humble /usr/bin/cmake --install /home/rosuser/ddbot_ws/build/ddbot_controller
[0.888s] DEBUG:colcon.colcon_core.event_handler.log_command:Invoking command in '/home/rosuser/ddbot_ws/build/ddbot_msgs': CMAKE_PREFIX_PATH=${CMAKE_PREFIX_PATH}:/home/rosuser/ddbot_ws/install/ddbot_py_examples:/opt/ros/humble /usr/bin/cmake --install /home/rosuser/ddbot_ws/build/ddbot_msgs
[0.894s] Level 1:colcon.colcon_core.environment:create_environment_scripts_only(ddbot_controller)
[0.895s] Level 1:colcon.colcon_core.environment:checking '/home/rosuser/ddbot_ws/install/ddbot_controller' for CMake module files
[0.895s] DEBUG:colcon.colcon_core.event_handler.log_command:Invoked command in '/home/rosuser/ddbot_ws/build/ddbot_controller' returned '0': CMAKE_PREFIX_PATH=${CMAKE_PREFIX_PATH}:/home/rosuser/ddbot_ws/install/ddbot_py_examples:/opt/ros/humble /usr/bin/cmake --install /home/rosuser/ddbot_ws/build/ddbot_controller
[0.896s] Level 1:colcon.colcon_core.environment:checking '/home/rosuser/ddbot_ws/install/ddbot_controller' for CMake config files
[0.905s] Level 1:colcon.colcon_core.shell:create_environment_hook('ddbot_controller', 'cmake_prefix_path')
[0.905s] INFO:colcon.colcon_core.shell:Creating environment hook '/home/rosuser/ddbot_ws/install/ddbot_controller/share/ddbot_controller/hook/cmake_prefix_path.ps1'
[0.906s] INFO:colcon.colcon_core.shell:Creating environment descriptor '/home/rosuser/ddbot_ws/install/ddbot_controller/share/ddbot_controller/hook/cmake_prefix_path.dsv'
[0.906s] INFO:colcon.colcon_core.shell:Creating environment hook '/home/rosuser/ddbot_ws/install/ddbot_controller/share/ddbot_controller/hook/cmake_prefix_path.sh'
[0.906s] Level 1:colcon.colcon_core.environment:checking '/home/rosuser/ddbot_ws/install/ddbot_controller/lib'
[0.907s] Level 1:colcon.colcon_core.environment:checking '/home/rosuser/ddbot_ws/install/ddbot_controller/bin'
[0.907s] Level 1:colcon.colcon_core.environment:checking '/home/rosuser/ddbot_ws/install/ddbot_controller/lib/pkgconfig/ddbot_controller.pc'
[0.907s] Level 1:colcon.colcon_core.environment:checking '/home/rosuser/ddbot_ws/install/ddbot_controller/lib/python3.10/site-packages'
[0.907s] Level 1:colcon.colcon_core.environment:checking '/home/rosuser/ddbot_ws/install/ddbot_controller/bin'
[0.908s] INFO:colcon.colcon_core.shell:Creating package script '/home/rosuser/ddbot_ws/install/ddbot_controller/share/ddbot_controller/package.ps1'
[0.908s] INFO:colcon.colcon_core.shell:Creating package descriptor '/home/rosuser/ddbot_ws/install/ddbot_controller/share/ddbot_controller/package.dsv'
[0.909s] INFO:colcon.colcon_core.shell:Creating package script '/home/rosuser/ddbot_ws/install/ddbot_controller/share/ddbot_controller/package.sh'
[0.909s] INFO:colcon.colcon_core.shell:Creating package script '/home/rosuser/ddbot_ws/install/ddbot_controller/share/ddbot_controller/package.bash'
[0.909s] INFO:colcon.colcon_core.shell:Creating package script '/home/rosuser/ddbot_ws/install/ddbot_controller/share/ddbot_controller/package.zsh'
[0.909s] Level 1:colcon.colcon_core.environment:create_file_with_runtime_dependencies(/home/rosuser/ddbot_ws/install/ddbot_controller/share/colcon-core/packages/ddbot_controller)
[0.932s] Level 1:colcon.colcon_core.environment:create_environment_scripts_only(ddbot_controller)
[0.932s] Level 1:colcon.colcon_core.environment:checking '/home/rosuser/ddbot_ws/install/ddbot_controller' for CMake module files
[0.933s] Level 1:colcon.colcon_core.environment:checking '/home/rosuser/ddbot_ws/install/ddbot_controller' for CMake config files
[0.933s] Level 1:colcon.colcon_core.shell:create_environment_hook('ddbot_controller', 'cmake_prefix_path')
[0.933s] INFO:colcon.colcon_core.shell:Creating environment hook '/home/rosuser/ddbot_ws/install/ddbot_controller/share/ddbot_controller/hook/cmake_prefix_path.ps1'
[0.934s] INFO:colcon.colcon_core.shell:Creating environment descriptor '/home/rosuser/ddbot_ws/install/ddbot_controller/share/ddbot_controller/hook/cmake_prefix_path.dsv'
[0.934s] INFO:colcon.colcon_core.shell:Creating environment hook '/home/rosuser/ddbot_ws/install/ddbot_controller/share/ddbot_controller/hook/cmake_prefix_path.sh'
[0.935s] Level 1:colcon.colcon_core.environment:checking '/home/rosuser/ddbot_ws/install/ddbot_controller/lib'
[0.935s] Level 1:colcon.colcon_core.environment:checking '/home/rosuser/ddbot_ws/install/ddbot_controller/bin'
[0.935s] Level 1:colcon.colcon_core.environment:checking '/home/rosuser/ddbot_ws/install/ddbot_controller/lib/pkgconfig/ddbot_controller.pc'
[0.935s] Level 1:colcon.colcon_core.environment:checking '/home/rosuser/ddbot_ws/install/ddbot_controller/lib/python3.10/site-packages'
[0.936s] Level 1:colcon.colcon_core.environment:checking '/home/rosuser/ddbot_ws/install/ddbot_controller/bin'
[0.936s] INFO:colcon.colcon_core.shell:Creating package script '/home/rosuser/ddbot_ws/install/ddbot_controller/share/ddbot_controller/package.ps1'
[0.937s] INFO:colcon.colcon_core.shell:Creating package descriptor '/home/rosuser/ddbot_ws/install/ddbot_controller/share/ddbot_controller/package.dsv'
[0.937s] INFO:colcon.colcon_core.shell:Creating package script '/home/rosuser/ddbot_ws/install/ddbot_controller/share/ddbot_controller/package.sh'
[0.938s] INFO:colcon.colcon_core.shell:Creating package script '/home/rosuser/ddbot_ws/install/ddbot_controller/share/ddbot_controller/package.bash'
[0.938s] INFO:colcon.colcon_core.shell:Creating package script '/home/rosuser/ddbot_ws/install/ddbot_controller/share/ddbot_controller/package.zsh'
[0.938s] Level 1:colcon.colcon_core.environment:create_file_with_runtime_dependencies(/home/rosuser/ddbot_ws/install/ddbot_controller/share/colcon-core/packages/ddbot_controller)
[0.946s] Level 1:colcon.colcon_core.environment:create_environment_scripts_only(ddbot_msgs)
[0.946s] Level 1:colcon.colcon_core.environment:checking '/home/rosuser/ddbot_ws/install/ddbot_msgs' for CMake module files
[0.947s] DEBUG:colcon.colcon_core.event_handler.log_command:Invoked command in '/home/rosuser/ddbot_ws/build/ddbot_msgs' returned '0': CMAKE_PREFIX_PATH=${CMAKE_PREFIX_PATH}:/home/rosuser/ddbot_ws/install/ddbot_py_examples:/opt/ros/humble /usr/bin/cmake --install /home/rosuser/ddbot_ws/build/ddbot_msgs
[0.947s] Level 1:colcon.colcon_core.environment:checking '/home/rosuser/ddbot_ws/install/ddbot_msgs' for CMake config files
[0.948s] Level 1:colcon.colcon_core.shell:create_environment_hook('ddbot_msgs', 'cmake_prefix_path')
[0.948s] INFO:colcon.colcon_core.shell:Creating environment hook '/home/rosuser/ddbot_ws/install/ddbot_msgs/share/ddbot_msgs/hook/cmake_prefix_path.ps1'
[0.948s] INFO:colcon.colcon_core.shell:Creating environment descriptor '/home/rosuser/ddbot_ws/install/ddbot_msgs/share/ddbot_msgs/hook/cmake_prefix_path.dsv'
[0.948s] INFO:colcon.colcon_core.shell:Creating environment hook '/home/rosuser/ddbot_ws/install/ddbot_msgs/share/ddbot_msgs/hook/cmake_prefix_path.sh'
[0.949s] Level 1:colcon.colcon_core.environment:checking '/home/rosuser/ddbot_ws/install/ddbot_msgs/lib'
[0.949s] Level 1:colcon.colcon_core.shell:create_environment_hook('ddbot_msgs', 'ld_library_path_lib')
[0.949s] INFO:colcon.colcon_core.shell:Creating environment hook '/home/rosuser/ddbot_ws/install/ddbot_msgs/share/ddbot_msgs/hook/ld_library_path_lib.ps1'
[0.949s] INFO:colcon.colcon_core.shell:Creating environment descriptor '/home/rosuser/ddbot_ws/install/ddbot_msgs/share/ddbot_msgs/hook/ld_library_path_lib.dsv'
[0.949s] INFO:colcon.colcon_core.shell:Creating environment hook '/home/rosuser/ddbot_ws/install/ddbot_msgs/share/ddbot_msgs/hook/ld_library_path_lib.sh'
[0.950s] Level 1:colcon.colcon_core.environment:checking '/home/rosuser/ddbot_ws/install/ddbot_msgs/bin'
[0.950s] Level 1:colcon.colcon_core.environment:checking '/home/rosuser/ddbot_ws/install/ddbot_msgs/lib/pkgconfig/ddbot_msgs.pc'
[0.950s] Level 1:colcon.colcon_core.environment:checking '/home/rosuser/ddbot_ws/install/ddbot_msgs/lib/python3.10/site-packages'
[0.950s] Level 1:colcon.colcon_core.environment:checking '/home/rosuser/ddbot_ws/install/ddbot_msgs/bin'
[0.951s] INFO:colcon.colcon_core.shell:Creating package script '/home/rosuser/ddbot_ws/install/ddbot_msgs/share/ddbot_msgs/package.ps1'
[0.951s] INFO:colcon.colcon_core.shell:Creating package descriptor '/home/rosuser/ddbot_ws/install/ddbot_msgs/share/ddbot_msgs/package.dsv'
[0.951s] INFO:colcon.colcon_core.shell:Creating package script '/home/rosuser/ddbot_ws/install/ddbot_msgs/share/ddbot_msgs/package.sh'
[0.951s] INFO:colcon.colcon_core.shell:Creating package script '/home/rosuser/ddbot_ws/install/ddbot_msgs/share/ddbot_msgs/package.bash'
[0.952s] INFO:colcon.colcon_core.shell:Creating package script '/home/rosuser/ddbot_ws/install/ddbot_msgs/share/ddbot_msgs/package.zsh'
[0.952s] Level 1:colcon.colcon_core.environment:create_file_with_runtime_dependencies(/home/rosuser/ddbot_ws/install/ddbot_msgs/share/colcon-core/packages/ddbot_msgs)
[1.015s] Level 1:colcon.colcon_core.environment:create_environment_scripts_only(ddbot_msgs)
[1.016s] Level 1:colcon.colcon_core.environment:checking '/home/rosuser/ddbot_ws/install/ddbot_msgs' for CMake module files
[1.016s] Level 1:colcon.colcon_core.environment:checking '/home/rosuser/ddbot_ws/install/ddbot_msgs' for CMake config files
[1.016s] Level 1:colcon.colcon_core.shell:create_environment_hook('ddbot_msgs', 'cmake_prefix_path')
[1.017s] INFO:colcon.colcon_core.shell:Creating environment hook '/home/rosuser/ddbot_ws/install/ddbot_msgs/share/ddbot_msgs/hook/cmake_prefix_path.ps1'
[1.017s] INFO:colcon.colcon_core.shell:Creating environment descriptor '/home/rosuser/ddbot_ws/install/ddbot_msgs/share/ddbot_msgs/hook/cmake_prefix_path.dsv'
[1.017s] INFO:colcon.colcon_core.shell:Creating environment hook '/home/rosuser/ddbot_ws/install/ddbot_msgs/share/ddbot_msgs/hook/cmake_prefix_path.sh'
[1.018s] Level 1:colcon.colcon_core.environment:checking '/home/rosuser/ddbot_ws/install/ddbot_msgs/lib'
[1.018s] Level 1:colcon.colcon_core.shell:create_environment_hook('ddbot_msgs', 'ld_library_path_lib')
[1.018s] INFO:colcon.colcon_core.shell:Creating environment hook '/home/rosuser/ddbot_ws/install/ddbot_msgs/share/ddbot_msgs/hook/ld_library_path_lib.ps1'
[1.018s] INFO:colcon.colcon_core.shell:Creating environment descriptor '/home/rosuser/ddbot_ws/install/ddbot_msgs/share/ddbot_msgs/hook/ld_library_path_lib.dsv'
[1.018s] INFO:colcon.colcon_core.shell:Creating environment hook '/home/rosuser/ddbot_ws/install/ddbot_msgs/share/ddbot_msgs/hook/ld_library_path_lib.sh'
[1.019s] Level 1:colcon.colcon_core.environment:checking '/home/rosuser/ddbot_ws/install/ddbot_msgs/bin'
[1.019s] Level 1:colcon.colcon_core.environment:checking '/home/rosuser/ddbot_ws/install/ddbot_msgs/lib/pkgconfig/ddbot_msgs.pc'
[1.019s] Level 1:colcon.colcon_core.environment:checking '/home/rosuser/ddbot_ws/install/ddbot_msgs/lib/python3.10/site-packages'
[1.019s] Level 1:colcon.colcon_core.environment:checking '/home/rosuser/ddbot_ws/install/ddbot_msgs/bin'
[1.020s] INFO:colcon.colcon_core.shell:Creating package script '/home/rosuser/ddbot_ws/install/ddbot_msgs/share/ddbot_msgs/package.ps1'
[1.020s] INFO:colcon.colcon_core.shell:Creating package descriptor '/home/rosuser/ddbot_ws/install/ddbot_msgs/share/ddbot_msgs/package.dsv'
[1.020s] INFO:colcon.colcon_core.shell:Creating package script '/home/rosuser/ddbot_ws/install/ddbot_msgs/share/ddbot_msgs/package.sh'
[1.021s] INFO:colcon.colcon_core.shell:Creating package script '/home/rosuser/ddbot_ws/install/ddbot_msgs/share/ddbot_msgs/package.bash'
[1.021s] INFO:colcon.colcon_core.shell:Creating package script '/home/rosuser/ddbot_ws/install/ddbot_msgs/share/ddbot_msgs/package.zsh'
[1.021s] Level 1:colcon.colcon_core.environment:create_file_with_runtime_dependencies(/home/rosuser/ddbot_ws/install/ddbot_msgs/share/colcon-core/packages/ddbot_msgs)
[1.022s] INFO:colcon.colcon_ros.task.ament_python.build:Building ROS package in '/home/rosuser/ddbot_ws/src/ddbot_py_examples' with build type 'ament_python'
[1.022s] Level 1:colcon.colcon_core.shell:create_environment_hook('ddbot_py_examples', 'ament_prefix_path')
[1.022s] INFO:colcon.colcon_core.shell:Creating environment hook '/home/rosuser/ddbot_ws/install/ddbot_py_examples/share/ddbot_py_examples/hook/ament_prefix_path.ps1'
[1.022s] INFO:colcon.colcon_core.shell:Creating environment descriptor '/home/rosuser/ddbot_ws/install/ddbot_py_examples/share/ddbot_py_examples/hook/ament_prefix_path.dsv'
[1.023s] INFO:colcon.colcon_core.shell:Creating environment hook '/home/rosuser/ddbot_ws/install/ddbot_py_examples/share/ddbot_py_examples/hook/ament_prefix_path.sh'
[1.023s] INFO:colcon.colcon_core.shell:Skip shell extension 'powershell' for command environment: Not usable outside of PowerShell
[1.023s] DEBUG:colcon.colcon_core.shell:Skip shell extension 'dsv' for command environment
[1.254s] INFO:colcon.colcon_core.task.python.build:Building Python package in '/home/rosuser/ddbot_ws/src/ddbot_py_examples'
[1.254s] INFO:colcon.colcon_core.shell:Skip shell extension 'powershell' for command environment: Not usable outside of PowerShell
[1.254s] DEBUG:colcon.colcon_core.shell:Skip shell extension 'dsv' for command environment
[1.564s] DEBUG:colcon.colcon_core.event_handler.log_command:Invoking command in '/home/rosuser/ddbot_ws/src/ddbot_py_examples': PYTHONPATH=/home/rosuser/ddbot_ws/build/ddbot_py_examples/prefix_override:/usr/lib/python3/dist-packages/colcon_core/task/python/colcon_distutils_commands:/home/rosuser/ddbot_ws/install/ddbot_py_examples/lib/python3.10/site-packages:${PYTHONPATH} /usr/bin/python3 -W ignore:setup.py install is deprecated setup.py egg_info --egg-base ../../build/ddbot_py_examples build --build-base /home/rosuser/ddbot_ws/build/ddbot_py_examples/build install --record /home/rosuser/ddbot_ws/build/ddbot_py_examples/install.log --single-version-externally-managed install_data
[1.820s] Level 1:colcon.colcon_core.environment:checking '/home/rosuser/ddbot_ws/install/ddbot_py_examples' for CMake module files
[1.821s] DEBUG:colcon.colcon_core.event_handler.log_command:Invoked command in '/home/rosuser/ddbot_ws/src/ddbot_py_examples' returned '0': PYTHONPATH=/home/rosuser/ddbot_ws/build/ddbot_py_examples/prefix_override:/usr/lib/python3/dist-packages/colcon_core/task/python/colcon_distutils_commands:/home/rosuser/ddbot_ws/install/ddbot_py_examples/lib/python3.10/site-packages:${PYTHONPATH} /usr/bin/python3 -W ignore:setup.py install is deprecated setup.py egg_info --egg-base ../../build/ddbot_py_examples build --build-base /home/rosuser/ddbot_ws/build/ddbot_py_examples/build install --record /home/rosuser/ddbot_ws/build/ddbot_py_examples/install.log --single-version-externally-managed install_data
[1.821s] Level 1:colcon.colcon_core.environment:checking '/home/rosuser/ddbot_ws/install/ddbot_py_examples' for CMake config files
[1.822s] Level 1:colcon.colcon_core.environment:checking '/home/rosuser/ddbot_ws/install/ddbot_py_examples/lib'
[1.822s] Level 1:colcon.colcon_core.environment:checking '/home/rosuser/ddbot_ws/install/ddbot_py_examples/bin'
[1.822s] Level 1:colcon.colcon_core.environment:checking '/home/rosuser/ddbot_ws/install/ddbot_py_examples/lib/pkgconfig/ddbot_py_examples.pc'
[1.822s] Level 1:colcon.colcon_core.environment:checking '/home/rosuser/ddbot_ws/install/ddbot_py_examples/lib/python3.10/site-packages'
[1.823s] Level 1:colcon.colcon_core.shell:create_environment_hook('ddbot_py_examples', 'pythonpath')
[1.823s] INFO:colcon.colcon_core.shell:Creating environment hook '/home/rosuser/ddbot_ws/install/ddbot_py_examples/share/ddbot_py_examples/hook/pythonpath.ps1'
[1.823s] INFO:colcon.colcon_core.shell:Creating environment descriptor '/home/rosuser/ddbot_ws/install/ddbot_py_examples/share/ddbot_py_examples/hook/pythonpath.dsv'
[1.824s] INFO:colcon.colcon_core.shell:Creating environment hook '/home/rosuser/ddbot_ws/install/ddbot_py_examples/share/ddbot_py_examples/hook/pythonpath.sh'
[1.824s] Level 1:colcon.colcon_core.environment:checking '/home/rosuser/ddbot_ws/install/ddbot_py_examples/bin'
[1.824s] Level 1:colcon.colcon_core.environment:create_environment_scripts_only(ddbot_py_examples)
[1.825s] INFO:colcon.colcon_core.shell:Creating package script '/home/rosuser/ddbot_ws/install/ddbot_py_examples/share/ddbot_py_examples/package.ps1'
[1.825s] INFO:colcon.colcon_core.shell:Creating package descriptor '/home/rosuser/ddbot_ws/install/ddbot_py_examples/share/ddbot_py_examples/package.dsv'
[1.826s] INFO:colcon.colcon_core.shell:Creating package script '/home/rosuser/ddbot_ws/install/ddbot_py_examples/share/ddbot_py_examples/package.sh'
[1.826s] INFO:colcon.colcon_core.shell:Creating package script '/home/rosuser/ddbot_ws/install/ddbot_py_examples/share/ddbot_py_examples/package.bash'
[1.827s] INFO:colcon.colcon_core.shell:Creating package script '/home/rosuser/ddbot_ws/install/ddbot_py_examples/share/ddbot_py_examples/package.zsh'
[1.827s] Level 1:colcon.colcon_core.environment:create_file_with_runtime_dependencies(/home/rosuser/ddbot_ws/install/ddbot_py_examples/share/colcon-core/packages/ddbot_py_examples)
[1.827s] DEBUG:colcon.colcon_parallel_executor.executor.parallel:closing loop
[1.827s] DEBUG:colcon.colcon_parallel_executor.executor.parallel:loop closed
[1.828s] DEBUG:colcon.colcon_parallel_executor.executor.parallel:run_until_complete finished with '0'
[1.828s] DEBUG:colcon.colcon_core.event_reactor:joining thread
[1.832s] INFO:colcon.colcon_core.plugin_system:Skipping extension 'colcon_notification.desktop_notification.terminal_notifier': Not used on non-Darwin systems
[1.832s] INFO:colcon.colcon_core.plugin_system:Skipping extension 'colcon_notification.desktop_notification.win32': Not used on non-Windows systems
[1.832s] INFO:colcon.colcon_notification.desktop_notification:Sending desktop notification using 'notify2'
[1.840s] DEBUG:colcon.colcon_core.event_reactor:joined thread
[1.840s] INFO:colcon.colcon_core.shell:Creating prefix script '/home/rosuser/ddbot_ws/install/local_setup.ps1'
[1.841s] INFO:colcon.colcon_core.shell:Creating prefix util module '/home/rosuser/ddbot_ws/install/_local_setup_util_ps1.py'
[1.842s] INFO:colcon.colcon_core.shell:Creating prefix chain script '/home/rosuser/ddbot_ws/install/setup.ps1'
[1.843s] INFO:colcon.colcon_core.shell:Creating prefix script '/home/rosuser/ddbot_ws/install/local_setup.sh'
[1.843s] INFO:colcon.colcon_core.shell:Creating prefix util module '/home/rosuser/ddbot_ws/install/_local_setup_util_sh.py'
[1.843s] INFO:colcon.colcon_core.shell:Creating prefix chain script '/home/rosuser/ddbot_ws/install/setup.sh'
[1.845s] INFO:colcon.colcon_core.shell:Creating prefix script '/home/rosuser/ddbot_ws/install/local_setup.bash'
[1.845s] INFO:colcon.colcon_core.shell:Creating prefix chain script '/home/rosuser/ddbot_ws/install/setup.bash'
[1.846s] INFO:colcon.colcon_core.shell:Creating prefix script '/home/rosuser/ddbot_ws/install/local_setup.zsh'
[1.846s] INFO:colcon.colcon_core.shell:Creating prefix chain script '/home/rosuser/ddbot_ws/install/setup.zsh'
