[0.016s] Invoking command in '/home/rosuser/ddbot_ws/build/ddbot_description': CMAKE_PREFIX_PATH=${CMAKE_PREFIX_PATH}:/home/rosuser/ddbot_ws/install/ddbot_py_examples:/opt/ros/humble /usr/bin/cmake --build /home/rosuser/ddbot_ws/build/ddbot_description -- -j8 -l8
[0.033s] -- Found ament_cmake: 1.3.10 (/opt/ros/humble/share/ament_cmake/cmake)
[0.134s] -- Found ament_lint_auto: 0.12.11 (/opt/ros/humble/share/ament_lint_auto/cmake)
[0.189s] -- Added test 'flake8' to check Python code syntax and style conventions
[0.190s] -- Added test 'lint_cmake' to check CMake code style
[0.190s] -- Added test 'pep257' to check Python code against some of the docstring style conventions in PEP 257
[0.191s] -- Added test 'xmllint' to check XML markup files
[0.192s] -- Configuring done
[0.194s] -- Generating done
[0.195s] -- Build files have been written to: /home/rosuser/ddbot_ws/build/ddbot_description
[0.250s] Invoked command in '/home/rosuser/ddbot_ws/build/ddbot_description' returned '0': CMAKE_PREFIX_PATH=${CMAKE_PREFIX_PATH}:/home/rosuser/ddbot_ws/install/ddbot_py_examples:/opt/ros/humble /usr/bin/cmake --build /home/rosuser/ddbot_ws/build/ddbot_description -- -j8 -l8
[0.274s] Invoking command in '/home/rosuser/ddbot_ws/build/ddbot_description': CMAKE_PREFIX_PATH=${CMAKE_PREFIX_PATH}:/home/rosuser/ddbot_ws/install/ddbot_py_examples:/opt/ros/humble /usr/bin/cmake --install /home/rosuser/ddbot_ws/build/ddbot_description
[0.281s] -- Install configuration: ""
[0.281s] -- Up-to-date: /home/rosuser/ddbot_ws/install/ddbot_description/share/ddbot_description/meshes
[0.281s] -- Up-to-date: /home/rosuser/ddbot_ws/install/ddbot_description/share/ddbot_description/meshes/imu_link.STL
[0.281s] -- Up-to-date: /home/rosuser/ddbot_ws/install/ddbot_description/share/ddbot_description/meshes/caster_front_link.STL
[0.282s] -- Up-to-date: /home/rosuser/ddbot_ws/install/ddbot_description/share/ddbot_description/meshes/wheel_right_link.STL
[0.282s] -- Up-to-date: /home/rosuser/ddbot_ws/install/ddbot_description/share/ddbot_description/meshes/base_link.STL
[0.282s] -- Up-to-date: /home/rosuser/ddbot_ws/install/ddbot_description/share/ddbot_description/meshes/caster_rear_link.STL
[0.282s] -- Up-to-date: /home/rosuser/ddbot_ws/install/ddbot_description/share/ddbot_description/meshes/wheel_left_link.STL
[0.282s] -- Up-to-date: /home/rosuser/ddbot_ws/install/ddbot_description/share/ddbot_description/urdf
[0.282s] -- Up-to-date: /home/rosuser/ddbot_ws/install/ddbot_description/share/ddbot_description/urdf/ddbot_gazebo.xacro
[0.282s] -- Up-to-date: /home/rosuser/ddbot_ws/install/ddbot_description/share/ddbot_description/urdf/ddbot.urdf.xacro
[0.282s] -- Up-to-date: /home/rosuser/ddbot_ws/install/ddbot_description/share/ddbot_description/launch
[0.282s] -- Up-to-date: /home/rosuser/ddbot_ws/install/ddbot_description/share/ddbot_description/launch/gazebo.launch.py
[0.283s] -- Up-to-date: /home/rosuser/ddbot_ws/install/ddbot_description/share/ddbot_description/launch/display.launch.py
[0.283s] -- Up-to-date: /home/rosuser/ddbot_ws/install/ddbot_description/share/ddbot_description/rviz
[0.284s] -- Up-to-date: /home/rosuser/ddbot_ws/install/ddbot_description/share/ddbot_description/rviz/display.rviz
[0.284s] -- Installing: /home/rosuser/ddbot_ws/install/ddbot_description/share/ament_index/resource_index/package_run_dependencies/ddbot_description
[0.284s] -- Up-to-date: /home/rosuser/ddbot_ws/install/ddbot_description/share/ament_index/resource_index/parent_prefix_path/ddbot_description
[0.285s] -- Up-to-date: /home/rosuser/ddbot_ws/install/ddbot_description/share/ddbot_description/environment/ament_prefix_path.sh
[0.285s] -- Installing: /home/rosuser/ddbot_ws/install/ddbot_description/share/ddbot_description/environment/ament_prefix_path.dsv
[0.285s] -- Up-to-date: /home/rosuser/ddbot_ws/install/ddbot_description/share/ddbot_description/environment/path.sh
[0.285s] -- Installing: /home/rosuser/ddbot_ws/install/ddbot_description/share/ddbot_description/environment/path.dsv
[0.285s] -- Up-to-date: /home/rosuser/ddbot_ws/install/ddbot_description/share/ddbot_description/local_setup.bash
[0.285s] -- Up-to-date: /home/rosuser/ddbot_ws/install/ddbot_description/share/ddbot_description/local_setup.sh
[0.285s] -- Up-to-date: /home/rosuser/ddbot_ws/install/ddbot_description/share/ddbot_description/local_setup.zsh
[0.285s] -- Installing: /home/rosuser/ddbot_ws/install/ddbot_description/share/ddbot_description/local_setup.dsv
[0.285s] -- Installing: /home/rosuser/ddbot_ws/install/ddbot_description/share/ddbot_description/package.dsv
[0.286s] -- Up-to-date: /home/rosuser/ddbot_ws/install/ddbot_description/share/ament_index/resource_index/packages/ddbot_description
[0.286s] -- Up-to-date: /home/rosuser/ddbot_ws/install/ddbot_description/share/ddbot_description/cmake/ddbot_descriptionConfig.cmake
[0.286s] -- Up-to-date: /home/rosuser/ddbot_ws/install/ddbot_description/share/ddbot_description/cmake/ddbot_descriptionConfig-version.cmake
[0.286s] -- Installing: /home/rosuser/ddbot_ws/install/ddbot_description/share/ddbot_description/package.xml
[0.287s] Invoked command in '/home/rosuser/ddbot_ws/build/ddbot_description' returned '0': CMAKE_PREFIX_PATH=${CMAKE_PREFIX_PATH}:/home/rosuser/ddbot_ws/install/ddbot_py_examples:/opt/ros/humble /usr/bin/cmake --install /home/rosuser/ddbot_ws/build/ddbot_description
