[0.012s] Invoking command in '/home/rosuser/ddbot_ws/build/ddbot_cpp_examples': CMAKE_PREFIX_PATH=/opt/ros/humble /usr/bin/cmake /home/rosuser/ddbot_ws/src/ddbot_cpp_examples -DCMAKE_INSTALL_PREFIX=/home/rosuser/ddbot_ws/install/ddbot_cpp_examples
[0.101s] -- The C compiler identification is GNU 11.4.0
[0.182s] -- The CXX compiler identification is GNU 11.4.0
[0.190s] -- Detecting C compiler ABI info
[0.249s] -- Detecting C compiler ABI info - done
[0.258s] -- Check for working C compiler: /usr/bin/cc - skipped
[0.258s] -- Detecting C compile features
[0.260s] -- Detecting C compile features - done
[0.262s] -- Detecting CXX compiler ABI info
[0.327s] -- Detecting CXX compiler ABI info - done
[0.333s] -- Check for working CXX compiler: /usr/bin/c++ - skipped
[0.333s] -- Detecting CXX compile features
[0.334s] -- Detecting CXX compile features - done
[0.339s] -- Found ament_cmake: 1.3.10 (/opt/ros/humble/share/ament_cmake/cmake)
[0.471s] -- Found Python3: /usr/bin/python3 (found version "3.10.12") found components: Interpreter 
[0.557s] -- Found ament_lint_auto: 0.12.11 (/opt/ros/humble/share/ament_lint_auto/cmake)
[0.625s] -- Added test 'lint_cmake' to check CMake code style
[0.627s] -- Added test 'xmllint' to check XML markup files
[0.629s] -- Configuring done
[0.632s] -- Generating done
[0.633s] -- Build files have been written to: /home/rosuser/ddbot_ws/build/ddbot_cpp_examples
[0.638s] Invoked command in '/home/rosuser/ddbot_ws/build/ddbot_cpp_examples' returned '0': CMAKE_PREFIX_PATH=/opt/ros/humble /usr/bin/cmake /home/rosuser/ddbot_ws/src/ddbot_cpp_examples -DCMAKE_INSTALL_PREFIX=/home/rosuser/ddbot_ws/install/ddbot_cpp_examples
[0.641s] Invoking command in '/home/rosuser/ddbot_ws/build/ddbot_cpp_examples': CMAKE_PREFIX_PATH=/opt/ros/humble /usr/bin/cmake --build /home/rosuser/ddbot_ws/build/ddbot_cpp_examples -- -j8 -l8
[0.671s] Invoked command in '/home/rosuser/ddbot_ws/build/ddbot_cpp_examples' returned '0': CMAKE_PREFIX_PATH=/opt/ros/humble /usr/bin/cmake --build /home/rosuser/ddbot_ws/build/ddbot_cpp_examples -- -j8 -l8
[0.696s] Invoking command in '/home/rosuser/ddbot_ws/build/ddbot_cpp_examples': CMAKE_PREFIX_PATH=/opt/ros/humble /usr/bin/cmake --install /home/rosuser/ddbot_ws/build/ddbot_cpp_examples
[0.702s] -- Install configuration: ""
[0.702s] -- Installing: /home/rosuser/ddbot_ws/install/ddbot_cpp_examples/share/ament_index/resource_index/package_run_dependencies/ddbot_cpp_examples
[0.703s] -- Installing: /home/rosuser/ddbot_ws/install/ddbot_cpp_examples/share/ament_index/resource_index/parent_prefix_path/ddbot_cpp_examples
[0.703s] -- Installing: /home/rosuser/ddbot_ws/install/ddbot_cpp_examples/share/ddbot_cpp_examples/environment/ament_prefix_path.sh
[0.703s] -- Installing: /home/rosuser/ddbot_ws/install/ddbot_cpp_examples/share/ddbot_cpp_examples/environment/ament_prefix_path.dsv
[0.703s] -- Installing: /home/rosuser/ddbot_ws/install/ddbot_cpp_examples/share/ddbot_cpp_examples/environment/path.sh
[0.703s] -- Installing: /home/rosuser/ddbot_ws/install/ddbot_cpp_examples/share/ddbot_cpp_examples/environment/path.dsv
[0.703s] -- Installing: /home/rosuser/ddbot_ws/install/ddbot_cpp_examples/share/ddbot_cpp_examples/local_setup.bash
[0.703s] -- Installing: /home/rosuser/ddbot_ws/install/ddbot_cpp_examples/share/ddbot_cpp_examples/local_setup.sh
[0.703s] -- Installing: /home/rosuser/ddbot_ws/install/ddbot_cpp_examples/share/ddbot_cpp_examples/local_setup.zsh
[0.703s] -- Installing: /home/rosuser/ddbot_ws/install/ddbot_cpp_examples/share/ddbot_cpp_examples/local_setup.dsv
[0.704s] -- Installing: /home/rosuser/ddbot_ws/install/ddbot_cpp_examples/share/ddbot_cpp_examples/package.dsv
[0.704s] -- Installing: /home/rosuser/ddbot_ws/install/ddbot_cpp_examples/share/ament_index/resource_index/packages/ddbot_cpp_examples
[0.704s] -- Installing: /home/rosuser/ddbot_ws/install/ddbot_cpp_examples/share/ddbot_cpp_examples/cmake/ddbot_cpp_examplesConfig.cmake
[0.704s] -- Installing: /home/rosuser/ddbot_ws/install/ddbot_cpp_examples/share/ddbot_cpp_examples/cmake/ddbot_cpp_examplesConfig-version.cmake
[0.704s] -- Installing: /home/rosuser/ddbot_ws/install/ddbot_cpp_examples/share/ddbot_cpp_examples/package.xml
[0.706s] Invoked command in '/home/rosuser/ddbot_ws/build/ddbot_cpp_examples' returned '0': CMAKE_PREFIX_PATH=/opt/ros/humble /usr/bin/cmake --install /home/rosuser/ddbot_ws/build/ddbot_cpp_examples
