[0.597s] Invoking command in '/home/rosuser/ddbot_ws/src/ddbot_py_examples': PYTHONPATH=/home/rosuser/ddbot_ws/build/ddbot_py_examples/prefix_override:/usr/lib/python3/dist-packages/colcon_core/task/python/colcon_distutils_commands:/home/rosuser/ddbot_ws/install/ddbot_py_examples/lib/python3.10/site-packages:${PYTHONPATH} /usr/bin/python3 -W ignore:setup.py install is deprecated setup.py egg_info --egg-base ../../build/ddbot_py_examples build --build-base /home/rosuser/ddbot_ws/build/ddbot_py_examples/build install --record /home/rosuser/ddbot_ws/build/ddbot_py_examples/install.log --single-version-externally-managed install_data
[0.801s] running egg_info
[0.802s] writing ../../build/ddbot_py_examples/ddbot_py_examples.egg-info/PKG-INFO
[0.802s] writing dependency_links to ../../build/ddbot_py_examples/ddbot_py_examples.egg-info/dependency_links.txt
[0.802s] writing entry points to ../../build/ddbot_py_examples/ddbot_py_examples.egg-info/entry_points.txt
[0.802s] writing requirements to ../../build/ddbot_py_examples/ddbot_py_examples.egg-info/requires.txt
[0.803s] writing top-level names to ../../build/ddbot_py_examples/ddbot_py_examples.egg-info/top_level.txt
[0.804s] reading manifest file '../../build/ddbot_py_examples/ddbot_py_examples.egg-info/SOURCES.txt'
[0.806s] writing manifest file '../../build/ddbot_py_examples/ddbot_py_examples.egg-info/SOURCES.txt'
[0.806s] running build
[0.806s] running build_py
[0.806s] copying ddbot_py_examples/simple_tf_kinematics.py -> /home/rosuser/ddbot_ws/build/ddbot_py_examples/build/lib/ddbot_py_examples
[0.806s] running install
[0.807s] running install_lib
[0.808s] copying /home/rosuser/ddbot_ws/build/ddbot_py_examples/build/lib/ddbot_py_examples/simple_tf_kinematics.py -> /home/rosuser/ddbot_ws/install/ddbot_py_examples/lib/python3.10/site-packages/ddbot_py_examples
[0.808s] byte-compiling /home/rosuser/ddbot_ws/install/ddbot_py_examples/lib/python3.10/site-packages/ddbot_py_examples/simple_tf_kinematics.py to simple_tf_kinematics.cpython-310.pyc
[0.809s] running install_data
[0.809s] running install_egg_info
[0.811s] removing '/home/rosuser/ddbot_ws/install/ddbot_py_examples/lib/python3.10/site-packages/ddbot_py_examples-0.0.0-py3.10.egg-info' (and everything under it)
[0.812s] Copying ../../build/ddbot_py_examples/ddbot_py_examples.egg-info to /home/rosuser/ddbot_ws/install/ddbot_py_examples/lib/python3.10/site-packages/ddbot_py_examples-0.0.0-py3.10.egg-info
[0.813s] running install_scripts
[0.830s] Installing simple_parameter script to /home/rosuser/ddbot_ws/install/ddbot_py_examples/lib/ddbot_py_examples
[0.830s] Installing simple_publisher script to /home/rosuser/ddbot_ws/install/ddbot_py_examples/lib/ddbot_py_examples
[0.830s] Installing simple_subscriber script to /home/rosuser/ddbot_ws/install/ddbot_py_examples/lib/ddbot_py_examples
[0.831s] Installing simple_tf_kinematics script to /home/rosuser/ddbot_ws/install/ddbot_py_examples/lib/ddbot_py_examples
[0.831s] writing list of installed files to '/home/rosuser/ddbot_ws/build/ddbot_py_examples/install.log'
[0.850s] Invoked command in '/home/rosuser/ddbot_ws/src/ddbot_py_examples' returned '0': PYTHONPATH=/home/rosuser/ddbot_ws/build/ddbot_py_examples/prefix_override:/usr/lib/python3/dist-packages/colcon_core/task/python/colcon_distutils_commands:/home/rosuser/ddbot_ws/install/ddbot_py_examples/lib/python3.10/site-packages:${PYTHONPATH} /usr/bin/python3 -W ignore:setup.py install is deprecated setup.py egg_info --egg-base ../../build/ddbot_py_examples build --build-base /home/rosuser/ddbot_ws/build/ddbot_py_examples/build install --record /home/rosuser/ddbot_ws/build/ddbot_py_examples/install.log --single-version-externally-managed install_data
