[0.016s] Invoking command in '/home/rosuser/ddbot_ws/build/ddbot_description': CMAKE_PREFIX_PATH=${CMAKE_PREFIX_PATH}:/home/rosuser/ddbot_ws/install/ddbot_py_examples:/opt/ros/humble /usr/bin/cmake /home/rosuser/ddbot_ws/src/ddbot_description -DCMAKE_INSTALL_PREFIX=/home/rosuser/ddbot_ws/install/ddbot_description
[0.062s] -- The C compiler identification is GNU 11.4.0
[0.107s] -- The CXX compiler identification is GNU 11.4.0
[0.113s] -- Detecting C compiler ABI info
[0.169s] -- Detecting C compiler ABI info - done
[0.175s] -- Check for working C compiler: /usr/bin/cc - skipped
[0.175s] -- Detecting C compile features
[0.176s] -- Detecting C compile features - done
[0.178s] -- Detecting CXX compiler ABI info
[0.248s] -- Detecting CXX compiler ABI info - done
[0.257s] -- Check for working CXX compiler: /usr/bin/c++ - skipped
[0.258s] -- Detecting CXX compile features
[0.258s] -- Detecting CXX compile features - done
[0.267s] -- Found ament_cmake: 1.3.10 (/opt/ros/humble/share/ament_cmake/cmake)
[0.397s] -- Found Python3: /usr/bin/python3 (found version "3.10.12") found components: Interpreter 
[0.493s] -- Found ament_lint_auto: 0.12.11 (/opt/ros/humble/share/ament_lint_auto/cmake)
[0.565s] -- Added test 'lint_cmake' to check CMake code style
[0.565s] -- Added test 'xmllint' to check XML markup files
[0.567s] -- Configuring done
[0.569s] -- Generating done
[0.570s] -- Build files have been written to: /home/rosuser/ddbot_ws/build/ddbot_description
[0.574s] Invoked command in '/home/rosuser/ddbot_ws/build/ddbot_description' returned '0': CMAKE_PREFIX_PATH=${CMAKE_PREFIX_PATH}:/home/rosuser/ddbot_ws/install/ddbot_py_examples:/opt/ros/humble /usr/bin/cmake /home/rosuser/ddbot_ws/src/ddbot_description -DCMAKE_INSTALL_PREFIX=/home/rosuser/ddbot_ws/install/ddbot_description
[0.575s] Invoking command in '/home/rosuser/ddbot_ws/build/ddbot_description': CMAKE_PREFIX_PATH=${CMAKE_PREFIX_PATH}:/home/rosuser/ddbot_ws/install/ddbot_py_examples:/opt/ros/humble /usr/bin/cmake --build /home/rosuser/ddbot_ws/build/ddbot_description -- -j8 -l8
[0.605s] Invoked command in '/home/rosuser/ddbot_ws/build/ddbot_description' returned '0': CMAKE_PREFIX_PATH=${CMAKE_PREFIX_PATH}:/home/rosuser/ddbot_ws/install/ddbot_py_examples:/opt/ros/humble /usr/bin/cmake --build /home/rosuser/ddbot_ws/build/ddbot_description -- -j8 -l8
[0.623s] Invoking command in '/home/rosuser/ddbot_ws/build/ddbot_description': CMAKE_PREFIX_PATH=${CMAKE_PREFIX_PATH}:/home/rosuser/ddbot_ws/install/ddbot_py_examples:/opt/ros/humble /usr/bin/cmake --install /home/rosuser/ddbot_ws/build/ddbot_description
[0.629s] -- Install configuration: ""
[0.630s] -- Installing: /home/rosuser/ddbot_ws/install/ddbot_description/share/ament_index/resource_index/package_run_dependencies/ddbot_description
[0.630s] -- Installing: /home/rosuser/ddbot_ws/install/ddbot_description/share/ament_index/resource_index/parent_prefix_path/ddbot_description
[0.630s] -- Installing: /home/rosuser/ddbot_ws/install/ddbot_description/share/ddbot_description/environment/ament_prefix_path.sh
[0.630s] -- Installing: /home/rosuser/ddbot_ws/install/ddbot_description/share/ddbot_description/environment/ament_prefix_path.dsv
[0.630s] -- Installing: /home/rosuser/ddbot_ws/install/ddbot_description/share/ddbot_description/environment/path.sh
[0.630s] -- Installing: /home/rosuser/ddbot_ws/install/ddbot_description/share/ddbot_description/environment/path.dsv
[0.630s] -- Installing: /home/rosuser/ddbot_ws/install/ddbot_description/share/ddbot_description/local_setup.bash
[0.631s] -- Installing: /home/rosuser/ddbot_ws/install/ddbot_description/share/ddbot_description/local_setup.sh
[0.631s] -- Installing: /home/rosuser/ddbot_ws/install/ddbot_description/share/ddbot_description/local_setup.zsh
[0.631s] -- Installing: /home/rosuser/ddbot_ws/install/ddbot_description/share/ddbot_description/local_setup.dsv
[0.631s] -- Installing: /home/rosuser/ddbot_ws/install/ddbot_description/share/ddbot_description/package.dsv
[0.631s] -- Installing: /home/rosuser/ddbot_ws/install/ddbot_description/share/ament_index/resource_index/packages/ddbot_description
[0.631s] -- Installing: /home/rosuser/ddbot_ws/install/ddbot_description/share/ddbot_description/cmake/ddbot_descriptionConfig.cmake
[0.631s] -- Installing: /home/rosuser/ddbot_ws/install/ddbot_description/share/ddbot_description/cmake/ddbot_descriptionConfig-version.cmake
[0.631s] -- Installing: /home/rosuser/ddbot_ws/install/ddbot_description/share/ddbot_description/package.xml
[0.634s] Invoked command in '/home/rosuser/ddbot_ws/build/ddbot_description' returned '0': CMAKE_PREFIX_PATH=${CMAKE_PREFIX_PATH}:/home/rosuser/ddbot_ws/install/ddbot_py_examples:/opt/ros/humble /usr/bin/cmake --install /home/rosuser/ddbot_ws/build/ddbot_description
