[0.098s] DEBUG:colcon:Command line arguments: ['/usr/bin/colcon', 'build']
[0.098s] DEBUG:colcon:Parsed command line arguments: Namespace(log_base=None, log_level=None, verb_name='build', build_base='build', install_base='install', merge_install=False, symlink_install=False, test_result_base=None, continue_on_error=False, executor='parallel', parallel_workers=8, event_handlers=None, ignore_user_meta=False, metas=['./colcon.meta'], base_paths=['.'], packages_ignore=None, packages_ignore_regex=None, paths=None, packages_up_to=None, packages_up_to_regex=None, packages_above=None, packages_above_and_dependencies=None, packages_above_depth=None, packages_select_by_dep=None, packages_skip_by_dep=None, packages_skip_up_to=None, packages_select_build_failed=False, packages_skip_build_finished=False, packages_select_test_failures=False, packages_skip_test_passed=False, packages_select=None, packages_skip=None, packages_select_regex=None, packages_skip_regex=None, packages_start=None, packages_end=None, allow_overriding=[], cmake_args=None, cmake_target=None, cmake_target_skip_unavailable=False, cmake_clean_cache=False, cmake_clean_first=False, cmake_force_configure=False, ament_cmake_args=None, catkin_cmake_args=None, catkin_skip_building_tests=False, mixin_files=None, mixin=None, verb_parser=<colcon_mixin.mixin.mixin_argument.MixinArgumentDecorator object at 0x7da3f7b3e740>, verb_extension=<colcon_core.verb.build.BuildVerb object at 0x7da3f7b3e230>, main=<bound method BuildVerb.main of <colcon_core.verb.build.BuildVerb object at 0x7da3f7b3e230>>, mixin_verb=('build',))
[0.255s] Level 1:colcon.colcon_core.package_discovery:discover_packages(colcon_meta) check parameters
[0.256s] Level 1:colcon.colcon_core.package_discovery:discover_packages(recursive) check parameters
[0.256s] Level 1:colcon.colcon_core.package_discovery:discover_packages(ignore) check parameters
[0.256s] Level 1:colcon.colcon_core.package_discovery:discover_packages(path) check parameters
[0.256s] Level 1:colcon.colcon_core.package_discovery:discover_packages(colcon_meta) discover
[0.256s] Level 1:colcon.colcon_core.package_discovery:discover_packages(recursive) discover
[0.256s] INFO:colcon.colcon_core.package_discovery:Crawling recursively for packages in '/home/rosuser/ddbot_ws'
[0.256s] Level 1:colcon.colcon_core.package_identification:_identify(.) by extensions ['ignore', 'ignore_ament_install']
[0.256s] Level 1:colcon.colcon_core.package_identification:_identify(.) by extension 'ignore'
[0.256s] Level 1:colcon.colcon_core.package_identification:_identify(.) by extension 'ignore_ament_install'
[0.256s] Level 1:colcon.colcon_core.package_identification:_identify(.) by extensions ['colcon_pkg']
[0.256s] Level 1:colcon.colcon_core.package_identification:_identify(.) by extension 'colcon_pkg'
[0.256s] Level 1:colcon.colcon_core.package_identification:_identify(.) by extensions ['colcon_meta']
[0.256s] Level 1:colcon.colcon_core.package_identification:_identify(.) by extension 'colcon_meta'
[0.256s] Level 1:colcon.colcon_core.package_identification:_identify(.) by extensions ['ros']
[0.256s] Level 1:colcon.colcon_core.package_identification:_identify(.) by extension 'ros'
[0.265s] Level 1:colcon.colcon_core.package_identification:_identify(.) by extensions ['cmake', 'python']
[0.265s] Level 1:colcon.colcon_core.package_identification:_identify(.) by extension 'cmake'
[0.265s] Level 1:colcon.colcon_core.package_identification:_identify(.) by extension 'python'
[0.265s] Level 1:colcon.colcon_core.package_identification:_identify(.) by extensions ['python_setup_py']
[0.265s] Level 1:colcon.colcon_core.package_identification:_identify(.) by extension 'python_setup_py'
[0.265s] Level 1:colcon.colcon_core.package_identification:_identify(build) by extensions ['ignore', 'ignore_ament_install']
[0.265s] Level 1:colcon.colcon_core.package_identification:_identify(build) by extension 'ignore'
[0.265s] Level 1:colcon.colcon_core.package_identification:_identify(build) ignored
[0.266s] Level 1:colcon.colcon_core.package_identification:_identify(install) by extensions ['ignore', 'ignore_ament_install']
[0.266s] Level 1:colcon.colcon_core.package_identification:_identify(install) by extension 'ignore'
[0.266s] Level 1:colcon.colcon_core.package_identification:_identify(install) ignored
[0.266s] Level 1:colcon.colcon_core.package_identification:_identify(log) by extensions ['ignore', 'ignore_ament_install']
[0.266s] Level 1:colcon.colcon_core.package_identification:_identify(log) by extension 'ignore'
[0.266s] Level 1:colcon.colcon_core.package_identification:_identify(log) ignored
[0.266s] Level 1:colcon.colcon_core.package_identification:_identify(src) by extensions ['ignore', 'ignore_ament_install']
[0.266s] Level 1:colcon.colcon_core.package_identification:_identify(src) by extension 'ignore'
[0.266s] Level 1:colcon.colcon_core.package_identification:_identify(src) by extension 'ignore_ament_install'
[0.266s] Level 1:colcon.colcon_core.package_identification:_identify(src) by extensions ['colcon_pkg']
[0.266s] Level 1:colcon.colcon_core.package_identification:_identify(src) by extension 'colcon_pkg'
[0.266s] Level 1:colcon.colcon_core.package_identification:_identify(src) by extensions ['colcon_meta']
[0.266s] Level 1:colcon.colcon_core.package_identification:_identify(src) by extension 'colcon_meta'
[0.266s] Level 1:colcon.colcon_core.package_identification:_identify(src) by extensions ['ros']
[0.266s] Level 1:colcon.colcon_core.package_identification:_identify(src) by extension 'ros'
[0.266s] Level 1:colcon.colcon_core.package_identification:_identify(src) by extensions ['cmake', 'python']
[0.266s] Level 1:colcon.colcon_core.package_identification:_identify(src) by extension 'cmake'
[0.266s] Level 1:colcon.colcon_core.package_identification:_identify(src) by extension 'python'
[0.267s] Level 1:colcon.colcon_core.package_identification:_identify(src) by extensions ['python_setup_py']
[0.267s] Level 1:colcon.colcon_core.package_identification:_identify(src) by extension 'python_setup_py'
[0.267s] Level 1:colcon.colcon_core.package_identification:_identify(src/ddbot_controller) by extensions ['ignore', 'ignore_ament_install']
[0.267s] Level 1:colcon.colcon_core.package_identification:_identify(src/ddbot_controller) by extension 'ignore'
[0.267s] Level 1:colcon.colcon_core.package_identification:_identify(src/ddbot_controller) by extension 'ignore_ament_install'
[0.267s] Level 1:colcon.colcon_core.package_identification:_identify(src/ddbot_controller) by extensions ['colcon_pkg']
[0.267s] Level 1:colcon.colcon_core.package_identification:_identify(src/ddbot_controller) by extension 'colcon_pkg'
[0.267s] Level 1:colcon.colcon_core.package_identification:_identify(src/ddbot_controller) by extensions ['colcon_meta']
[0.267s] Level 1:colcon.colcon_core.package_identification:_identify(src/ddbot_controller) by extension 'colcon_meta'
[0.267s] Level 1:colcon.colcon_core.package_identification:_identify(src/ddbot_controller) by extensions ['ros']
[0.267s] Level 1:colcon.colcon_core.package_identification:_identify(src/ddbot_controller) by extension 'ros'
[0.269s] DEBUG:colcon.colcon_core.package_identification:Package 'src/ddbot_controller' with type 'ros.ament_cmake' and name 'ddbot_controller'
[0.269s] Level 1:colcon.colcon_core.package_identification:_identify(src/ddbot_cpp_examples) by extensions ['ignore', 'ignore_ament_install']
[0.269s] Level 1:colcon.colcon_core.package_identification:_identify(src/ddbot_cpp_examples) by extension 'ignore'
[0.269s] Level 1:colcon.colcon_core.package_identification:_identify(src/ddbot_cpp_examples) by extension 'ignore_ament_install'
[0.269s] Level 1:colcon.colcon_core.package_identification:_identify(src/ddbot_cpp_examples) by extensions ['colcon_pkg']
[0.269s] Level 1:colcon.colcon_core.package_identification:_identify(src/ddbot_cpp_examples) by extension 'colcon_pkg'
[0.269s] Level 1:colcon.colcon_core.package_identification:_identify(src/ddbot_cpp_examples) by extensions ['colcon_meta']
[0.269s] Level 1:colcon.colcon_core.package_identification:_identify(src/ddbot_cpp_examples) by extension 'colcon_meta'
[0.269s] Level 1:colcon.colcon_core.package_identification:_identify(src/ddbot_cpp_examples) by extensions ['ros']
[0.269s] Level 1:colcon.colcon_core.package_identification:_identify(src/ddbot_cpp_examples) by extension 'ros'
[0.270s] DEBUG:colcon.colcon_core.package_identification:Package 'src/ddbot_cpp_examples' with type 'ros.ament_cmake' and name 'ddbot_cpp_examples'
[0.270s] Level 1:colcon.colcon_core.package_identification:_identify(src/ddbot_description) by extensions ['ignore', 'ignore_ament_install']
[0.270s] Level 1:colcon.colcon_core.package_identification:_identify(src/ddbot_description) by extension 'ignore'
[0.270s] Level 1:colcon.colcon_core.package_identification:_identify(src/ddbot_description) by extension 'ignore_ament_install'
[0.270s] Level 1:colcon.colcon_core.package_identification:_identify(src/ddbot_description) by extensions ['colcon_pkg']
[0.270s] Level 1:colcon.colcon_core.package_identification:_identify(src/ddbot_description) by extension 'colcon_pkg'
[0.270s] Level 1:colcon.colcon_core.package_identification:_identify(src/ddbot_description) by extensions ['colcon_meta']
[0.270s] Level 1:colcon.colcon_core.package_identification:_identify(src/ddbot_description) by extension 'colcon_meta'
[0.270s] Level 1:colcon.colcon_core.package_identification:_identify(src/ddbot_description) by extensions ['ros']
[0.270s] Level 1:colcon.colcon_core.package_identification:_identify(src/ddbot_description) by extension 'ros'
[0.271s] DEBUG:colcon.colcon_core.package_identification:Package 'src/ddbot_description' with type 'ros.ament_cmake' and name 'ddbot_description'
[0.271s] Level 1:colcon.colcon_core.package_identification:_identify(src/ddbot_msgs) by extensions ['ignore', 'ignore_ament_install']
[0.271s] Level 1:colcon.colcon_core.package_identification:_identify(src/ddbot_msgs) by extension 'ignore'
[0.271s] Level 1:colcon.colcon_core.package_identification:_identify(src/ddbot_msgs) by extension 'ignore_ament_install'
[0.271s] Level 1:colcon.colcon_core.package_identification:_identify(src/ddbot_msgs) by extensions ['colcon_pkg']
[0.271s] Level 1:colcon.colcon_core.package_identification:_identify(src/ddbot_msgs) by extension 'colcon_pkg'
[0.271s] Level 1:colcon.colcon_core.package_identification:_identify(src/ddbot_msgs) by extensions ['colcon_meta']
[0.271s] Level 1:colcon.colcon_core.package_identification:_identify(src/ddbot_msgs) by extension 'colcon_meta'
[0.271s] Level 1:colcon.colcon_core.package_identification:_identify(src/ddbot_msgs) by extensions ['ros']
[0.271s] Level 1:colcon.colcon_core.package_identification:_identify(src/ddbot_msgs) by extension 'ros'
[0.273s] DEBUG:colcon.colcon_core.package_identification:Package 'src/ddbot_msgs' with type 'ros.ament_cmake' and name 'ddbot_msgs'
[0.273s] Level 1:colcon.colcon_core.package_identification:_identify(src/ddbot_py_examples) by extensions ['ignore', 'ignore_ament_install']
[0.273s] Level 1:colcon.colcon_core.package_identification:_identify(src/ddbot_py_examples) by extension 'ignore'
[0.273s] Level 1:colcon.colcon_core.package_identification:_identify(src/ddbot_py_examples) by extension 'ignore_ament_install'
[0.273s] Level 1:colcon.colcon_core.package_identification:_identify(src/ddbot_py_examples) by extensions ['colcon_pkg']
[0.273s] Level 1:colcon.colcon_core.package_identification:_identify(src/ddbot_py_examples) by extension 'colcon_pkg'
[0.273s] Level 1:colcon.colcon_core.package_identification:_identify(src/ddbot_py_examples) by extensions ['colcon_meta']
[0.273s] Level 1:colcon.colcon_core.package_identification:_identify(src/ddbot_py_examples) by extension 'colcon_meta'
[0.273s] Level 1:colcon.colcon_core.package_identification:_identify(src/ddbot_py_examples) by extensions ['ros']
[0.273s] Level 1:colcon.colcon_core.package_identification:_identify(src/ddbot_py_examples) by extension 'ros'
[0.274s] DEBUG:colcon.colcon_core.package_identification:Package 'src/ddbot_py_examples' with type 'ros.ament_python' and name 'ddbot_py_examples'
[0.274s] Level 1:colcon.colcon_core.package_discovery:discover_packages(recursive) using defaults
[0.274s] Level 1:colcon.colcon_core.package_discovery:discover_packages(ignore) discover
[0.274s] Level 1:colcon.colcon_core.package_discovery:discover_packages(ignore) using defaults
[0.274s] Level 1:colcon.colcon_core.package_discovery:discover_packages(path) discover
[0.274s] Level 1:colcon.colcon_core.package_discovery:discover_packages(path) using defaults
[0.299s] Level 1:colcon.colcon_core.package_discovery:discover_packages(prefix_path) check parameters
[0.299s] Level 1:colcon.colcon_core.package_discovery:discover_packages(prefix_path) discover
[0.300s] DEBUG:colcon.colcon_installed_package_information.package_discovery:Found 5 installed packages in /home/rosuser/ddbot_ws/install
[0.302s] DEBUG:colcon.colcon_installed_package_information.package_discovery:Found 446 installed packages in /opt/ros/humble
[0.304s] Level 1:colcon.colcon_core.package_discovery:discover_packages(prefix_path) using defaults
[0.354s] Level 5:colcon.colcon_core.verb:set package 'ddbot_controller' build argument 'cmake_args' from command line to 'None'
[0.354s] Level 5:colcon.colcon_core.verb:set package 'ddbot_controller' build argument 'cmake_target' from command line to 'None'
[0.355s] Level 5:colcon.colcon_core.verb:set package 'ddbot_controller' build argument 'cmake_target_skip_unavailable' from command line to 'False'
[0.355s] Level 5:colcon.colcon_core.verb:set package 'ddbot_controller' build argument 'cmake_clean_cache' from command line to 'False'
[0.355s] Level 5:colcon.colcon_core.verb:set package 'ddbot_controller' build argument 'cmake_clean_first' from command line to 'False'
[0.355s] Level 5:colcon.colcon_core.verb:set package 'ddbot_controller' build argument 'cmake_force_configure' from command line to 'False'
[0.355s] Level 5:colcon.colcon_core.verb:set package 'ddbot_controller' build argument 'ament_cmake_args' from command line to 'None'
[0.355s] Level 5:colcon.colcon_core.verb:set package 'ddbot_controller' build argument 'catkin_cmake_args' from command line to 'None'
[0.355s] Level 5:colcon.colcon_core.verb:set package 'ddbot_controller' build argument 'catkin_skip_building_tests' from command line to 'False'
[0.355s] DEBUG:colcon.colcon_core.verb:Building package 'ddbot_controller' with the following arguments: {'ament_cmake_args': None, 'build_base': '/home/rosuser/ddbot_ws/build/ddbot_controller', 'catkin_cmake_args': None, 'catkin_skip_building_tests': False, 'cmake_args': None, 'cmake_clean_cache': False, 'cmake_clean_first': False, 'cmake_force_configure': False, 'cmake_target': None, 'cmake_target_skip_unavailable': False, 'install_base': '/home/rosuser/ddbot_ws/install/ddbot_controller', 'merge_install': False, 'path': '/home/rosuser/ddbot_ws/src/ddbot_controller', 'symlink_install': False, 'test_result_base': None}
[0.355s] Level 5:colcon.colcon_core.verb:set package 'ddbot_cpp_examples' build argument 'cmake_args' from command line to 'None'
[0.355s] Level 5:colcon.colcon_core.verb:set package 'ddbot_cpp_examples' build argument 'cmake_target' from command line to 'None'
[0.356s] Level 5:colcon.colcon_core.verb:set package 'ddbot_cpp_examples' build argument 'cmake_target_skip_unavailable' from command line to 'False'
[0.356s] Level 5:colcon.colcon_core.verb:set package 'ddbot_cpp_examples' build argument 'cmake_clean_cache' from command line to 'False'
[0.356s] Level 5:colcon.colcon_core.verb:set package 'ddbot_cpp_examples' build argument 'cmake_clean_first' from command line to 'False'
[0.356s] Level 5:colcon.colcon_core.verb:set package 'ddbot_cpp_examples' build argument 'cmake_force_configure' from command line to 'False'
[0.356s] Level 5:colcon.colcon_core.verb:set package 'ddbot_cpp_examples' build argument 'ament_cmake_args' from command line to 'None'
[0.356s] Level 5:colcon.colcon_core.verb:set package 'ddbot_cpp_examples' build argument 'catkin_cmake_args' from command line to 'None'
[0.356s] Level 5:colcon.colcon_core.verb:set package 'ddbot_cpp_examples' build argument 'catkin_skip_building_tests' from command line to 'False'
[0.356s] DEBUG:colcon.colcon_core.verb:Building package 'ddbot_cpp_examples' with the following arguments: {'ament_cmake_args': None, 'build_base': '/home/rosuser/ddbot_ws/build/ddbot_cpp_examples', 'catkin_cmake_args': None, 'catkin_skip_building_tests': False, 'cmake_args': None, 'cmake_clean_cache': False, 'cmake_clean_first': False, 'cmake_force_configure': False, 'cmake_target': None, 'cmake_target_skip_unavailable': False, 'install_base': '/home/rosuser/ddbot_ws/install/ddbot_cpp_examples', 'merge_install': False, 'path': '/home/rosuser/ddbot_ws/src/ddbot_cpp_examples', 'symlink_install': False, 'test_result_base': None}
[0.356s] Level 5:colcon.colcon_core.verb:set package 'ddbot_description' build argument 'cmake_args' from command line to 'None'
[0.356s] Level 5:colcon.colcon_core.verb:set package 'ddbot_description' build argument 'cmake_target' from command line to 'None'
[0.356s] Level 5:colcon.colcon_core.verb:set package 'ddbot_description' build argument 'cmake_target_skip_unavailable' from command line to 'False'
[0.356s] Level 5:colcon.colcon_core.verb:set package 'ddbot_description' build argument 'cmake_clean_cache' from command line to 'False'
[0.356s] Level 5:colcon.colcon_core.verb:set package 'ddbot_description' build argument 'cmake_clean_first' from command line to 'False'
[0.356s] Level 5:colcon.colcon_core.verb:set package 'ddbot_description' build argument 'cmake_force_configure' from command line to 'False'
[0.356s] Level 5:colcon.colcon_core.verb:set package 'ddbot_description' build argument 'ament_cmake_args' from command line to 'None'
[0.356s] Level 5:colcon.colcon_core.verb:set package 'ddbot_description' build argument 'catkin_cmake_args' from command line to 'None'
[0.356s] Level 5:colcon.colcon_core.verb:set package 'ddbot_description' build argument 'catkin_skip_building_tests' from command line to 'False'
[0.356s] DEBUG:colcon.colcon_core.verb:Building package 'ddbot_description' with the following arguments: {'ament_cmake_args': None, 'build_base': '/home/rosuser/ddbot_ws/build/ddbot_description', 'catkin_cmake_args': None, 'catkin_skip_building_tests': False, 'cmake_args': None, 'cmake_clean_cache': False, 'cmake_clean_first': False, 'cmake_force_configure': False, 'cmake_target': None, 'cmake_target_skip_unavailable': False, 'install_base': '/home/rosuser/ddbot_ws/install/ddbot_description', 'merge_install': False, 'path': '/home/rosuser/ddbot_ws/src/ddbot_description', 'symlink_install': False, 'test_result_base': None}
[0.356s] Level 5:colcon.colcon_core.verb:set package 'ddbot_msgs' build argument 'cmake_args' from command line to 'None'
[0.356s] Level 5:colcon.colcon_core.verb:set package 'ddbot_msgs' build argument 'cmake_target' from command line to 'None'
[0.357s] Level 5:colcon.colcon_core.verb:set package 'ddbot_msgs' build argument 'cmake_target_skip_unavailable' from command line to 'False'
[0.357s] Level 5:colcon.colcon_core.verb:set package 'ddbot_msgs' build argument 'cmake_clean_cache' from command line to 'False'
[0.357s] Level 5:colcon.colcon_core.verb:set package 'ddbot_msgs' build argument 'cmake_clean_first' from command line to 'False'
[0.357s] Level 5:colcon.colcon_core.verb:set package 'ddbot_msgs' build argument 'cmake_force_configure' from command line to 'False'
[0.357s] Level 5:colcon.colcon_core.verb:set package 'ddbot_msgs' build argument 'ament_cmake_args' from command line to 'None'
[0.357s] Level 5:colcon.colcon_core.verb:set package 'ddbot_msgs' build argument 'catkin_cmake_args' from command line to 'None'
[0.357s] Level 5:colcon.colcon_core.verb:set package 'ddbot_msgs' build argument 'catkin_skip_building_tests' from command line to 'False'
[0.357s] DEBUG:colcon.colcon_core.verb:Building package 'ddbot_msgs' with the following arguments: {'ament_cmake_args': None, 'build_base': '/home/rosuser/ddbot_ws/build/ddbot_msgs', 'catkin_cmake_args': None, 'catkin_skip_building_tests': False, 'cmake_args': None, 'cmake_clean_cache': False, 'cmake_clean_first': False, 'cmake_force_configure': False, 'cmake_target': None, 'cmake_target_skip_unavailable': False, 'install_base': '/home/rosuser/ddbot_ws/install/ddbot_msgs', 'merge_install': False, 'path': '/home/rosuser/ddbot_ws/src/ddbot_msgs', 'symlink_install': False, 'test_result_base': None}
[0.357s] Level 5:colcon.colcon_core.verb:set package 'ddbot_py_examples' build argument 'cmake_args' from command line to 'None'
[0.357s] Level 5:colcon.colcon_core.verb:set package 'ddbot_py_examples' build argument 'cmake_target' from command line to 'None'
[0.357s] Level 5:colcon.colcon_core.verb:set package 'ddbot_py_examples' build argument 'cmake_target_skip_unavailable' from command line to 'False'
[0.357s] Level 5:colcon.colcon_core.verb:set package 'ddbot_py_examples' build argument 'cmake_clean_cache' from command line to 'False'
[0.357s] Level 5:colcon.colcon_core.verb:set package 'ddbot_py_examples' build argument 'cmake_clean_first' from command line to 'False'
[0.357s] Level 5:colcon.colcon_core.verb:set package 'ddbot_py_examples' build argument 'cmake_force_configure' from command line to 'False'
[0.357s] Level 5:colcon.colcon_core.verb:set package 'ddbot_py_examples' build argument 'ament_cmake_args' from command line to 'None'
[0.357s] Level 5:colcon.colcon_core.verb:set package 'ddbot_py_examples' build argument 'catkin_cmake_args' from command line to 'None'
[0.357s] Level 5:colcon.colcon_core.verb:set package 'ddbot_py_examples' build argument 'catkin_skip_building_tests' from command line to 'False'
[0.357s] DEBUG:colcon.colcon_core.verb:Building package 'ddbot_py_examples' with the following arguments: {'ament_cmake_args': None, 'build_base': '/home/rosuser/ddbot_ws/build/ddbot_py_examples', 'catkin_cmake_args': None, 'catkin_skip_building_tests': False, 'cmake_args': None, 'cmake_clean_cache': False, 'cmake_clean_first': False, 'cmake_force_configure': False, 'cmake_target': None, 'cmake_target_skip_unavailable': False, 'install_base': '/home/rosuser/ddbot_ws/install/ddbot_py_examples', 'merge_install': False, 'path': '/home/rosuser/ddbot_ws/src/ddbot_py_examples', 'symlink_install': False, 'test_result_base': None}
[0.357s] INFO:colcon.colcon_core.executor:Executing jobs using 'parallel' executor
[0.358s] DEBUG:colcon.colcon_parallel_executor.executor.parallel:run_until_complete
[0.358s] INFO:colcon.colcon_ros.task.ament_cmake.build:Building ROS package in '/home/rosuser/ddbot_ws/src/ddbot_msgs' with build type 'ament_cmake'
[0.358s] INFO:colcon.colcon_cmake.task.cmake.build:Building CMake package in '/home/rosuser/ddbot_ws/src/ddbot_msgs'
[0.360s] INFO:colcon.colcon_core.plugin_system:Skipping extension 'colcon_core.shell.bat': Not used on non-Windows systems
[0.360s] INFO:colcon.colcon_core.shell:Skip shell extension 'powershell' for command environment: Not usable outside of PowerShell
[0.360s] DEBUG:colcon.colcon_core.shell:Skip shell extension 'dsv' for command environment
[0.363s] INFO:colcon.colcon_ros.task.ament_cmake.build:Building ROS package in '/home/rosuser/ddbot_ws/src/ddbot_controller' with build type 'ament_cmake'
[0.364s] INFO:colcon.colcon_cmake.task.cmake.build:Building CMake package in '/home/rosuser/ddbot_ws/src/ddbot_controller'
[0.364s] INFO:colcon.colcon_core.shell:Skip shell extension 'powershell' for command environment: Not usable outside of PowerShell
[0.364s] DEBUG:colcon.colcon_core.shell:Skip shell extension 'dsv' for command environment
[0.370s] INFO:colcon.colcon_ros.task.ament_cmake.build:Building ROS package in '/home/rosuser/ddbot_ws/src/ddbot_cpp_examples' with build type 'ament_cmake'
[0.371s] INFO:colcon.colcon_cmake.task.cmake.build:Building CMake package in '/home/rosuser/ddbot_ws/src/ddbot_cpp_examples'
[0.371s] INFO:colcon.colcon_core.shell:Skip shell extension 'powershell' for command environment: Not usable outside of PowerShell
[0.371s] DEBUG:colcon.colcon_core.shell:Skip shell extension 'dsv' for command environment
[0.375s] INFO:colcon.colcon_ros.task.ament_cmake.build:Building ROS package in '/home/rosuser/ddbot_ws/src/ddbot_description' with build type 'ament_cmake'
[0.376s] INFO:colcon.colcon_cmake.task.cmake.build:Building CMake package in '/home/rosuser/ddbot_ws/src/ddbot_description'
[0.376s] INFO:colcon.colcon_core.shell:Skip shell extension 'powershell' for command environment: Not usable outside of PowerShell
[0.376s] DEBUG:colcon.colcon_core.shell:Skip shell extension 'dsv' for command environment
[0.389s] DEBUG:colcon.colcon_core.event_handler.log_command:Invoking command in '/home/rosuser/ddbot_ws/build/ddbot_msgs': CMAKE_PREFIX_PATH=${CMAKE_PREFIX_PATH}:/home/rosuser/ddbot_ws/install/ddbot_py_examples:/opt/ros/humble /usr/bin/cmake --build /home/rosuser/ddbot_ws/build/ddbot_msgs -- -j8 -l8
[0.392s] DEBUG:colcon.colcon_core.event_handler.log_command:Invoking command in '/home/rosuser/ddbot_ws/build/ddbot_controller': CMAKE_PREFIX_PATH=${CMAKE_PREFIX_PATH}:/home/rosuser/ddbot_ws/install/ddbot_py_examples:/opt/ros/humble /usr/bin/cmake --build /home/rosuser/ddbot_ws/build/ddbot_controller -- -j8 -l8
[0.396s] DEBUG:colcon.colcon_core.event_handler.log_command:Invoking command in '/home/rosuser/ddbot_ws/build/ddbot_cpp_examples': CMAKE_PREFIX_PATH=${CMAKE_PREFIX_PATH}:/home/rosuser/ddbot_ws/install/ddbot_py_examples:/opt/ros/humble /usr/bin/cmake --build /home/rosuser/ddbot_ws/build/ddbot_cpp_examples -- -j8 -l8
[0.398s] DEBUG:colcon.colcon_core.event_handler.log_command:Invoking command in '/home/rosuser/ddbot_ws/build/ddbot_description': CMAKE_PREFIX_PATH=${CMAKE_PREFIX_PATH}:/home/rosuser/ddbot_ws/install/ddbot_py_examples:/opt/ros/humble /usr/bin/cmake --build /home/rosuser/ddbot_ws/build/ddbot_description -- -j8 -l8
[0.440s] DEBUG:colcon.colcon_core.event_handler.log_command:Invoked command in '/home/rosuser/ddbot_ws/build/ddbot_description' returned '0': CMAKE_PREFIX_PATH=${CMAKE_PREFIX_PATH}:/home/rosuser/ddbot_ws/install/ddbot_py_examples:/opt/ros/humble /usr/bin/cmake --build /home/rosuser/ddbot_ws/build/ddbot_description -- -j8 -l8
[0.443s] DEBUG:colcon.colcon_core.event_handler.log_command:Invoked command in '/home/rosuser/ddbot_ws/build/ddbot_cpp_examples' returned '0': CMAKE_PREFIX_PATH=${CMAKE_PREFIX_PATH}:/home/rosuser/ddbot_ws/install/ddbot_py_examples:/opt/ros/humble /usr/bin/cmake --build /home/rosuser/ddbot_ws/build/ddbot_cpp_examples -- -j8 -l8
[0.493s] DEBUG:colcon.colcon_core.event_handler.log_command:Invoking command in '/home/rosuser/ddbot_ws/build/ddbot_cpp_examples': CMAKE_PREFIX_PATH=${CMAKE_PREFIX_PATH}:/home/rosuser/ddbot_ws/install/ddbot_py_examples:/opt/ros/humble /usr/bin/cmake --install /home/rosuser/ddbot_ws/build/ddbot_cpp_examples
[0.497s] DEBUG:colcon.colcon_core.event_handler.log_command:Invoking command in '/home/rosuser/ddbot_ws/build/ddbot_description': CMAKE_PREFIX_PATH=${CMAKE_PREFIX_PATH}:/home/rosuser/ddbot_ws/install/ddbot_py_examples:/opt/ros/humble /usr/bin/cmake --install /home/rosuser/ddbot_ws/build/ddbot_description
[0.509s] Level 1:colcon.colcon_core.environment:create_environment_scripts_only(ddbot_cpp_examples)
[0.514s] DEBUG:colcon.colcon_core.event_handler.log_command:Invoked command in '/home/rosuser/ddbot_ws/build/ddbot_cpp_examples' returned '0': CMAKE_PREFIX_PATH=${CMAKE_PREFIX_PATH}:/home/rosuser/ddbot_ws/install/ddbot_py_examples:/opt/ros/humble /usr/bin/cmake --install /home/rosuser/ddbot_ws/build/ddbot_cpp_examples
[0.516s] Level 1:colcon.colcon_core.environment:checking '/home/rosuser/ddbot_ws/install/ddbot_cpp_examples' for CMake module files
[0.516s] Level 1:colcon.colcon_core.environment:checking '/home/rosuser/ddbot_ws/install/ddbot_cpp_examples' for CMake config files
[0.517s] Level 1:colcon.colcon_core.shell:create_environment_hook('ddbot_cpp_examples', 'cmake_prefix_path')
[0.517s] INFO:colcon.colcon_core.shell:Creating environment hook '/home/rosuser/ddbot_ws/install/ddbot_cpp_examples/share/ddbot_cpp_examples/hook/cmake_prefix_path.ps1'
[0.518s] INFO:colcon.colcon_core.shell:Creating environment descriptor '/home/rosuser/ddbot_ws/install/ddbot_cpp_examples/share/ddbot_cpp_examples/hook/cmake_prefix_path.dsv'
[0.519s] INFO:colcon.colcon_core.shell:Creating environment hook '/home/rosuser/ddbot_ws/install/ddbot_cpp_examples/share/ddbot_cpp_examples/hook/cmake_prefix_path.sh'
[0.520s] Level 1:colcon.colcon_core.environment:checking '/home/rosuser/ddbot_ws/install/ddbot_cpp_examples/bin'
[0.520s] Level 1:colcon.colcon_core.environment:checking '/home/rosuser/ddbot_ws/install/ddbot_cpp_examples/lib/pkgconfig/ddbot_cpp_examples.pc'
[0.520s] Level 1:colcon.colcon_core.environment:checking '/home/rosuser/ddbot_ws/install/ddbot_cpp_examples/lib/python3.10/site-packages'
[0.520s] Level 1:colcon.colcon_core.environment:checking '/home/rosuser/ddbot_ws/install/ddbot_cpp_examples/bin'
[0.521s] INFO:colcon.colcon_core.shell:Creating package script '/home/rosuser/ddbot_ws/install/ddbot_cpp_examples/share/ddbot_cpp_examples/package.ps1'
[0.522s] INFO:colcon.colcon_core.shell:Creating package descriptor '/home/rosuser/ddbot_ws/install/ddbot_cpp_examples/share/ddbot_cpp_examples/package.dsv'
[0.522s] INFO:colcon.colcon_core.shell:Creating package script '/home/rosuser/ddbot_ws/install/ddbot_cpp_examples/share/ddbot_cpp_examples/package.sh'
[0.523s] INFO:colcon.colcon_core.shell:Creating package script '/home/rosuser/ddbot_ws/install/ddbot_cpp_examples/share/ddbot_cpp_examples/package.bash'
[0.524s] INFO:colcon.colcon_core.shell:Creating package script '/home/rosuser/ddbot_ws/install/ddbot_cpp_examples/share/ddbot_cpp_examples/package.zsh'
[0.525s] Level 1:colcon.colcon_core.environment:create_file_with_runtime_dependencies(/home/rosuser/ddbot_ws/install/ddbot_cpp_examples/share/colcon-core/packages/ddbot_cpp_examples)
[0.526s] Level 1:colcon.colcon_core.environment:create_environment_scripts_only(ddbot_description)
[0.527s] Level 1:colcon.colcon_core.environment:checking '/home/rosuser/ddbot_ws/install/ddbot_description' for CMake module files
[0.527s] DEBUG:colcon.colcon_core.event_handler.log_command:Invoked command in '/home/rosuser/ddbot_ws/build/ddbot_description' returned '0': CMAKE_PREFIX_PATH=${CMAKE_PREFIX_PATH}:/home/rosuser/ddbot_ws/install/ddbot_py_examples:/opt/ros/humble /usr/bin/cmake --install /home/rosuser/ddbot_ws/build/ddbot_description
[0.528s] Level 1:colcon.colcon_core.environment:checking '/home/rosuser/ddbot_ws/install/ddbot_description' for CMake config files
[0.528s] Level 1:colcon.colcon_core.shell:create_environment_hook('ddbot_description', 'cmake_prefix_path')
[0.528s] INFO:colcon.colcon_core.shell:Creating environment hook '/home/rosuser/ddbot_ws/install/ddbot_description/share/ddbot_description/hook/cmake_prefix_path.ps1'
[0.529s] INFO:colcon.colcon_core.shell:Creating environment descriptor '/home/rosuser/ddbot_ws/install/ddbot_description/share/ddbot_description/hook/cmake_prefix_path.dsv'
[0.529s] INFO:colcon.colcon_core.shell:Creating environment hook '/home/rosuser/ddbot_ws/install/ddbot_description/share/ddbot_description/hook/cmake_prefix_path.sh'
[0.530s] Level 1:colcon.colcon_core.environment:checking '/home/rosuser/ddbot_ws/install/ddbot_description/bin'
[0.530s] Level 1:colcon.colcon_core.environment:checking '/home/rosuser/ddbot_ws/install/ddbot_description/lib/pkgconfig/ddbot_description.pc'
[0.530s] Level 1:colcon.colcon_core.environment:checking '/home/rosuser/ddbot_ws/install/ddbot_description/lib/python3.10/site-packages'
[0.530s] Level 1:colcon.colcon_core.environment:checking '/home/rosuser/ddbot_ws/install/ddbot_description/bin'
[0.531s] INFO:colcon.colcon_core.shell:Creating package script '/home/rosuser/ddbot_ws/install/ddbot_description/share/ddbot_description/package.ps1'
[0.531s] INFO:colcon.colcon_core.shell:Creating package descriptor '/home/rosuser/ddbot_ws/install/ddbot_description/share/ddbot_description/package.dsv'
[0.532s] INFO:colcon.colcon_core.shell:Creating package script '/home/rosuser/ddbot_ws/install/ddbot_description/share/ddbot_description/package.sh'
[0.532s] INFO:colcon.colcon_core.shell:Creating package script '/home/rosuser/ddbot_ws/install/ddbot_description/share/ddbot_description/package.bash'
[0.532s] INFO:colcon.colcon_core.shell:Creating package script '/home/rosuser/ddbot_ws/install/ddbot_description/share/ddbot_description/package.zsh'
[0.533s] Level 1:colcon.colcon_core.environment:create_file_with_runtime_dependencies(/home/rosuser/ddbot_ws/install/ddbot_description/share/colcon-core/packages/ddbot_description)
[0.549s] Level 1:colcon.colcon_core.environment:create_environment_scripts_only(ddbot_cpp_examples)
[0.549s] Level 1:colcon.colcon_core.environment:checking '/home/rosuser/ddbot_ws/install/ddbot_cpp_examples' for CMake module files
[0.550s] Level 1:colcon.colcon_core.environment:checking '/home/rosuser/ddbot_ws/install/ddbot_cpp_examples' for CMake config files
[0.551s] Level 1:colcon.colcon_core.shell:create_environment_hook('ddbot_cpp_examples', 'cmake_prefix_path')
[0.551s] INFO:colcon.colcon_core.shell:Creating environment hook '/home/rosuser/ddbot_ws/install/ddbot_cpp_examples/share/ddbot_cpp_examples/hook/cmake_prefix_path.ps1'
[0.552s] INFO:colcon.colcon_core.shell:Creating environment descriptor '/home/rosuser/ddbot_ws/install/ddbot_cpp_examples/share/ddbot_cpp_examples/hook/cmake_prefix_path.dsv'
[0.552s] INFO:colcon.colcon_core.shell:Creating environment hook '/home/rosuser/ddbot_ws/install/ddbot_cpp_examples/share/ddbot_cpp_examples/hook/cmake_prefix_path.sh'
[0.553s] Level 1:colcon.colcon_core.environment:checking '/home/rosuser/ddbot_ws/install/ddbot_cpp_examples/bin'
[0.553s] Level 1:colcon.colcon_core.environment:checking '/home/rosuser/ddbot_ws/install/ddbot_cpp_examples/lib/pkgconfig/ddbot_cpp_examples.pc'
[0.553s] Level 1:colcon.colcon_core.environment:checking '/home/rosuser/ddbot_ws/install/ddbot_cpp_examples/lib/python3.10/site-packages'
[0.554s] Level 1:colcon.colcon_core.environment:checking '/home/rosuser/ddbot_ws/install/ddbot_cpp_examples/bin'
[0.554s] INFO:colcon.colcon_core.shell:Creating package script '/home/rosuser/ddbot_ws/install/ddbot_cpp_examples/share/ddbot_cpp_examples/package.ps1'
[0.555s] INFO:colcon.colcon_core.shell:Creating package descriptor '/home/rosuser/ddbot_ws/install/ddbot_cpp_examples/share/ddbot_cpp_examples/package.dsv'
[0.555s] INFO:colcon.colcon_core.shell:Creating package script '/home/rosuser/ddbot_ws/install/ddbot_cpp_examples/share/ddbot_cpp_examples/package.sh'
[0.555s] INFO:colcon.colcon_core.shell:Creating package script '/home/rosuser/ddbot_ws/install/ddbot_cpp_examples/share/ddbot_cpp_examples/package.bash'
[0.556s] INFO:colcon.colcon_core.shell:Creating package script '/home/rosuser/ddbot_ws/install/ddbot_cpp_examples/share/ddbot_cpp_examples/package.zsh'
[0.556s] Level 1:colcon.colcon_core.environment:create_file_with_runtime_dependencies(/home/rosuser/ddbot_ws/install/ddbot_cpp_examples/share/colcon-core/packages/ddbot_cpp_examples)
[0.559s] Level 1:colcon.colcon_core.environment:create_environment_scripts_only(ddbot_description)
[0.560s] Level 1:colcon.colcon_core.environment:checking '/home/rosuser/ddbot_ws/install/ddbot_description' for CMake module files
[0.560s] Level 1:colcon.colcon_core.environment:checking '/home/rosuser/ddbot_ws/install/ddbot_description' for CMake config files
[0.560s] Level 1:colcon.colcon_core.shell:create_environment_hook('ddbot_description', 'cmake_prefix_path')
[0.561s] INFO:colcon.colcon_core.shell:Creating environment hook '/home/rosuser/ddbot_ws/install/ddbot_description/share/ddbot_description/hook/cmake_prefix_path.ps1'
[0.561s] INFO:colcon.colcon_core.shell:Creating environment descriptor '/home/rosuser/ddbot_ws/install/ddbot_description/share/ddbot_description/hook/cmake_prefix_path.dsv'
[0.561s] INFO:colcon.colcon_core.shell:Creating environment hook '/home/rosuser/ddbot_ws/install/ddbot_description/share/ddbot_description/hook/cmake_prefix_path.sh'
[0.562s] Level 1:colcon.colcon_core.environment:checking '/home/rosuser/ddbot_ws/install/ddbot_description/bin'
[0.562s] Level 1:colcon.colcon_core.environment:checking '/home/rosuser/ddbot_ws/install/ddbot_description/lib/pkgconfig/ddbot_description.pc'
[0.562s] Level 1:colcon.colcon_core.environment:checking '/home/rosuser/ddbot_ws/install/ddbot_description/lib/python3.10/site-packages'
[0.562s] Level 1:colcon.colcon_core.environment:checking '/home/rosuser/ddbot_ws/install/ddbot_description/bin'
[0.563s] INFO:colcon.colcon_core.shell:Creating package script '/home/rosuser/ddbot_ws/install/ddbot_description/share/ddbot_description/package.ps1'
[0.563s] INFO:colcon.colcon_core.shell:Creating package descriptor '/home/rosuser/ddbot_ws/install/ddbot_description/share/ddbot_description/package.dsv'
[0.564s] INFO:colcon.colcon_core.shell:Creating package script '/home/rosuser/ddbot_ws/install/ddbot_description/share/ddbot_description/package.sh'
[0.564s] INFO:colcon.colcon_core.shell:Creating package script '/home/rosuser/ddbot_ws/install/ddbot_description/share/ddbot_description/package.bash'
[0.565s] INFO:colcon.colcon_core.shell:Creating package script '/home/rosuser/ddbot_ws/install/ddbot_description/share/ddbot_description/package.zsh'
[0.565s] Level 1:colcon.colcon_core.environment:create_file_with_runtime_dependencies(/home/rosuser/ddbot_ws/install/ddbot_description/share/colcon-core/packages/ddbot_description)
[0.778s] DEBUG:colcon.colcon_core.event_handler.log_command:Invoked command in '/home/rosuser/ddbot_ws/build/ddbot_msgs' returned '0': CMAKE_PREFIX_PATH=${CMAKE_PREFIX_PATH}:/home/rosuser/ddbot_ws/install/ddbot_py_examples:/opt/ros/humble /usr/bin/cmake --build /home/rosuser/ddbot_ws/build/ddbot_msgs -- -j8 -l8
[0.846s] DEBUG:colcon.colcon_core.event_handler.log_command:Invoking command in '/home/rosuser/ddbot_ws/build/ddbot_msgs': CMAKE_PREFIX_PATH=${CMAKE_PREFIX_PATH}:/home/rosuser/ddbot_ws/install/ddbot_py_examples:/opt/ros/humble /usr/bin/cmake --install /home/rosuser/ddbot_ws/build/ddbot_msgs
[0.879s] DEBUG:colcon.colcon_core.event_handler.log_command:Invoked command in '/home/rosuser/ddbot_ws/build/ddbot_controller' returned '0': CMAKE_PREFIX_PATH=${CMAKE_PREFIX_PATH}:/home/rosuser/ddbot_ws/install/ddbot_py_examples:/opt/ros/humble /usr/bin/cmake --build /home/rosuser/ddbot_ws/build/ddbot_controller -- -j8 -l8
[0.899s] Level 1:colcon.colcon_core.environment:create_environment_scripts_only(ddbot_msgs)
[0.900s] Level 1:colcon.colcon_core.environment:checking '/home/rosuser/ddbot_ws/install/ddbot_msgs' for CMake module files
[0.901s] DEBUG:colcon.colcon_core.event_handler.log_command:Invoked command in '/home/rosuser/ddbot_ws/build/ddbot_msgs' returned '0': CMAKE_PREFIX_PATH=${CMAKE_PREFIX_PATH}:/home/rosuser/ddbot_ws/install/ddbot_py_examples:/opt/ros/humble /usr/bin/cmake --install /home/rosuser/ddbot_ws/build/ddbot_msgs
[0.901s] Level 1:colcon.colcon_core.environment:checking '/home/rosuser/ddbot_ws/install/ddbot_msgs' for CMake config files
[0.902s] Level 1:colcon.colcon_core.shell:create_environment_hook('ddbot_msgs', 'cmake_prefix_path')
[0.902s] INFO:colcon.colcon_core.shell:Creating environment hook '/home/rosuser/ddbot_ws/install/ddbot_msgs/share/ddbot_msgs/hook/cmake_prefix_path.ps1'
[0.903s] INFO:colcon.colcon_core.shell:Creating environment descriptor '/home/rosuser/ddbot_ws/install/ddbot_msgs/share/ddbot_msgs/hook/cmake_prefix_path.dsv'
[0.903s] INFO:colcon.colcon_core.shell:Creating environment hook '/home/rosuser/ddbot_ws/install/ddbot_msgs/share/ddbot_msgs/hook/cmake_prefix_path.sh'
[0.904s] Level 1:colcon.colcon_core.environment:checking '/home/rosuser/ddbot_ws/install/ddbot_msgs/lib'
[0.904s] Level 1:colcon.colcon_core.shell:create_environment_hook('ddbot_msgs', 'ld_library_path_lib')
[0.905s] INFO:colcon.colcon_core.shell:Creating environment hook '/home/rosuser/ddbot_ws/install/ddbot_msgs/share/ddbot_msgs/hook/ld_library_path_lib.ps1'
[0.905s] INFO:colcon.colcon_core.shell:Creating environment descriptor '/home/rosuser/ddbot_ws/install/ddbot_msgs/share/ddbot_msgs/hook/ld_library_path_lib.dsv'
[0.905s] INFO:colcon.colcon_core.shell:Creating environment hook '/home/rosuser/ddbot_ws/install/ddbot_msgs/share/ddbot_msgs/hook/ld_library_path_lib.sh'
[0.906s] Level 1:colcon.colcon_core.environment:checking '/home/rosuser/ddbot_ws/install/ddbot_msgs/bin'
[0.906s] Level 1:colcon.colcon_core.environment:checking '/home/rosuser/ddbot_ws/install/ddbot_msgs/lib/pkgconfig/ddbot_msgs.pc'
[0.906s] Level 1:colcon.colcon_core.environment:checking '/home/rosuser/ddbot_ws/install/ddbot_msgs/lib/python3.10/site-packages'
[0.906s] Level 1:colcon.colcon_core.environment:checking '/home/rosuser/ddbot_ws/install/ddbot_msgs/bin'
[0.907s] INFO:colcon.colcon_core.shell:Creating package script '/home/rosuser/ddbot_ws/install/ddbot_msgs/share/ddbot_msgs/package.ps1'
[0.907s] INFO:colcon.colcon_core.shell:Creating package descriptor '/home/rosuser/ddbot_ws/install/ddbot_msgs/share/ddbot_msgs/package.dsv'
[0.908s] INFO:colcon.colcon_core.shell:Creating package script '/home/rosuser/ddbot_ws/install/ddbot_msgs/share/ddbot_msgs/package.sh'
[0.908s] INFO:colcon.colcon_core.shell:Creating package script '/home/rosuser/ddbot_ws/install/ddbot_msgs/share/ddbot_msgs/package.bash'
[0.908s] INFO:colcon.colcon_core.shell:Creating package script '/home/rosuser/ddbot_ws/install/ddbot_msgs/share/ddbot_msgs/package.zsh'
[0.909s] Level 1:colcon.colcon_core.environment:create_file_with_runtime_dependencies(/home/rosuser/ddbot_ws/install/ddbot_msgs/share/colcon-core/packages/ddbot_msgs)
[0.915s] DEBUG:colcon.colcon_core.event_handler.log_command:Invoking command in '/home/rosuser/ddbot_ws/build/ddbot_controller': CMAKE_PREFIX_PATH=${CMAKE_PREFIX_PATH}:/home/rosuser/ddbot_ws/install/ddbot_py_examples:/opt/ros/humble /usr/bin/cmake --install /home/rosuser/ddbot_ws/build/ddbot_controller
[0.976s] Level 1:colcon.colcon_core.environment:create_environment_scripts_only(ddbot_controller)
[0.976s] Level 1:colcon.colcon_core.environment:checking '/home/rosuser/ddbot_ws/install/ddbot_controller' for CMake module files
[0.977s] DEBUG:colcon.colcon_core.event_handler.log_command:Invoked command in '/home/rosuser/ddbot_ws/build/ddbot_controller' returned '0': CMAKE_PREFIX_PATH=${CMAKE_PREFIX_PATH}:/home/rosuser/ddbot_ws/install/ddbot_py_examples:/opt/ros/humble /usr/bin/cmake --install /home/rosuser/ddbot_ws/build/ddbot_controller
[0.977s] Level 1:colcon.colcon_core.environment:checking '/home/rosuser/ddbot_ws/install/ddbot_controller' for CMake config files
[0.977s] Level 1:colcon.colcon_core.shell:create_environment_hook('ddbot_controller', 'cmake_prefix_path')
[0.977s] INFO:colcon.colcon_core.shell:Creating environment hook '/home/rosuser/ddbot_ws/install/ddbot_controller/share/ddbot_controller/hook/cmake_prefix_path.ps1'
[0.978s] INFO:colcon.colcon_core.shell:Creating environment descriptor '/home/rosuser/ddbot_ws/install/ddbot_controller/share/ddbot_controller/hook/cmake_prefix_path.dsv'
[0.978s] INFO:colcon.colcon_core.shell:Creating environment hook '/home/rosuser/ddbot_ws/install/ddbot_controller/share/ddbot_controller/hook/cmake_prefix_path.sh'
[0.978s] Level 1:colcon.colcon_core.environment:checking '/home/rosuser/ddbot_ws/install/ddbot_controller/lib'
[0.978s] Level 1:colcon.colcon_core.environment:checking '/home/rosuser/ddbot_ws/install/ddbot_controller/bin'
[0.978s] Level 1:colcon.colcon_core.environment:checking '/home/rosuser/ddbot_ws/install/ddbot_controller/lib/pkgconfig/ddbot_controller.pc'
[0.979s] Level 1:colcon.colcon_core.environment:checking '/home/rosuser/ddbot_ws/install/ddbot_controller/lib/python3.10/site-packages'
[0.979s] Level 1:colcon.colcon_core.environment:checking '/home/rosuser/ddbot_ws/install/ddbot_controller/bin'
[0.979s] INFO:colcon.colcon_core.shell:Creating package script '/home/rosuser/ddbot_ws/install/ddbot_controller/share/ddbot_controller/package.ps1'
[0.979s] INFO:colcon.colcon_core.shell:Creating package descriptor '/home/rosuser/ddbot_ws/install/ddbot_controller/share/ddbot_controller/package.dsv'
[0.980s] INFO:colcon.colcon_core.shell:Creating package script '/home/rosuser/ddbot_ws/install/ddbot_controller/share/ddbot_controller/package.sh'
[0.980s] INFO:colcon.colcon_core.shell:Creating package script '/home/rosuser/ddbot_ws/install/ddbot_controller/share/ddbot_controller/package.bash'
[0.980s] INFO:colcon.colcon_core.shell:Creating package script '/home/rosuser/ddbot_ws/install/ddbot_controller/share/ddbot_controller/package.zsh'
[0.980s] Level 1:colcon.colcon_core.environment:create_file_with_runtime_dependencies(/home/rosuser/ddbot_ws/install/ddbot_controller/share/colcon-core/packages/ddbot_controller)
[1.002s] Level 1:colcon.colcon_core.environment:create_environment_scripts_only(ddbot_controller)
[1.002s] Level 1:colcon.colcon_core.environment:checking '/home/rosuser/ddbot_ws/install/ddbot_controller' for CMake module files
[1.003s] Level 1:colcon.colcon_core.environment:checking '/home/rosuser/ddbot_ws/install/ddbot_controller' for CMake config files
[1.003s] Level 1:colcon.colcon_core.shell:create_environment_hook('ddbot_controller', 'cmake_prefix_path')
[1.003s] INFO:colcon.colcon_core.shell:Creating environment hook '/home/rosuser/ddbot_ws/install/ddbot_controller/share/ddbot_controller/hook/cmake_prefix_path.ps1'
[1.004s] INFO:colcon.colcon_core.shell:Creating environment descriptor '/home/rosuser/ddbot_ws/install/ddbot_controller/share/ddbot_controller/hook/cmake_prefix_path.dsv'
[1.004s] INFO:colcon.colcon_core.shell:Creating environment hook '/home/rosuser/ddbot_ws/install/ddbot_controller/share/ddbot_controller/hook/cmake_prefix_path.sh'
[1.005s] Level 1:colcon.colcon_core.environment:checking '/home/rosuser/ddbot_ws/install/ddbot_controller/lib'
[1.005s] Level 1:colcon.colcon_core.environment:checking '/home/rosuser/ddbot_ws/install/ddbot_controller/bin'
[1.005s] Level 1:colcon.colcon_core.environment:checking '/home/rosuser/ddbot_ws/install/ddbot_controller/lib/pkgconfig/ddbot_controller.pc'
[1.005s] Level 1:colcon.colcon_core.environment:checking '/home/rosuser/ddbot_ws/install/ddbot_controller/lib/python3.10/site-packages'
[1.006s] Level 1:colcon.colcon_core.environment:checking '/home/rosuser/ddbot_ws/install/ddbot_controller/bin'
[1.006s] INFO:colcon.colcon_core.shell:Creating package script '/home/rosuser/ddbot_ws/install/ddbot_controller/share/ddbot_controller/package.ps1'
[1.007s] INFO:colcon.colcon_core.shell:Creating package descriptor '/home/rosuser/ddbot_ws/install/ddbot_controller/share/ddbot_controller/package.dsv'
[1.007s] INFO:colcon.colcon_core.shell:Creating package script '/home/rosuser/ddbot_ws/install/ddbot_controller/share/ddbot_controller/package.sh'
[1.008s] INFO:colcon.colcon_core.shell:Creating package script '/home/rosuser/ddbot_ws/install/ddbot_controller/share/ddbot_controller/package.bash'
[1.008s] INFO:colcon.colcon_core.shell:Creating package script '/home/rosuser/ddbot_ws/install/ddbot_controller/share/ddbot_controller/package.zsh'
[1.009s] Level 1:colcon.colcon_core.environment:create_file_with_runtime_dependencies(/home/rosuser/ddbot_ws/install/ddbot_controller/share/colcon-core/packages/ddbot_controller)
[1.010s] Level 1:colcon.colcon_core.environment:create_environment_scripts_only(ddbot_msgs)
[1.010s] Level 1:colcon.colcon_core.environment:checking '/home/rosuser/ddbot_ws/install/ddbot_msgs' for CMake module files
[1.011s] Level 1:colcon.colcon_core.environment:checking '/home/rosuser/ddbot_ws/install/ddbot_msgs' for CMake config files
[1.012s] Level 1:colcon.colcon_core.shell:create_environment_hook('ddbot_msgs', 'cmake_prefix_path')
[1.012s] INFO:colcon.colcon_core.shell:Creating environment hook '/home/rosuser/ddbot_ws/install/ddbot_msgs/share/ddbot_msgs/hook/cmake_prefix_path.ps1'
[1.012s] INFO:colcon.colcon_core.shell:Creating environment descriptor '/home/rosuser/ddbot_ws/install/ddbot_msgs/share/ddbot_msgs/hook/cmake_prefix_path.dsv'
[1.013s] INFO:colcon.colcon_core.shell:Creating environment hook '/home/rosuser/ddbot_ws/install/ddbot_msgs/share/ddbot_msgs/hook/cmake_prefix_path.sh'
[1.013s] Level 1:colcon.colcon_core.environment:checking '/home/rosuser/ddbot_ws/install/ddbot_msgs/lib'
[1.013s] Level 1:colcon.colcon_core.shell:create_environment_hook('ddbot_msgs', 'ld_library_path_lib')
[1.014s] INFO:colcon.colcon_core.shell:Creating environment hook '/home/rosuser/ddbot_ws/install/ddbot_msgs/share/ddbot_msgs/hook/ld_library_path_lib.ps1'
[1.014s] INFO:colcon.colcon_core.shell:Creating environment descriptor '/home/rosuser/ddbot_ws/install/ddbot_msgs/share/ddbot_msgs/hook/ld_library_path_lib.dsv'
[1.014s] INFO:colcon.colcon_core.shell:Creating environment hook '/home/rosuser/ddbot_ws/install/ddbot_msgs/share/ddbot_msgs/hook/ld_library_path_lib.sh'
[1.015s] Level 1:colcon.colcon_core.environment:checking '/home/rosuser/ddbot_ws/install/ddbot_msgs/bin'
[1.015s] Level 1:colcon.colcon_core.environment:checking '/home/rosuser/ddbot_ws/install/ddbot_msgs/lib/pkgconfig/ddbot_msgs.pc'
[1.015s] Level 1:colcon.colcon_core.environment:checking '/home/rosuser/ddbot_ws/install/ddbot_msgs/lib/python3.10/site-packages'
[1.015s] Level 1:colcon.colcon_core.environment:checking '/home/rosuser/ddbot_ws/install/ddbot_msgs/bin'
[1.016s] INFO:colcon.colcon_core.shell:Creating package script '/home/rosuser/ddbot_ws/install/ddbot_msgs/share/ddbot_msgs/package.ps1'
[1.016s] INFO:colcon.colcon_core.shell:Creating package descriptor '/home/rosuser/ddbot_ws/install/ddbot_msgs/share/ddbot_msgs/package.dsv'
[1.017s] INFO:colcon.colcon_core.shell:Creating package script '/home/rosuser/ddbot_ws/install/ddbot_msgs/share/ddbot_msgs/package.sh'
[1.017s] INFO:colcon.colcon_core.shell:Creating package script '/home/rosuser/ddbot_ws/install/ddbot_msgs/share/ddbot_msgs/package.bash'
[1.018s] INFO:colcon.colcon_core.shell:Creating package script '/home/rosuser/ddbot_ws/install/ddbot_msgs/share/ddbot_msgs/package.zsh'
[1.018s] Level 1:colcon.colcon_core.environment:create_file_with_runtime_dependencies(/home/rosuser/ddbot_ws/install/ddbot_msgs/share/colcon-core/packages/ddbot_msgs)
[1.019s] INFO:colcon.colcon_ros.task.ament_python.build:Building ROS package in '/home/rosuser/ddbot_ws/src/ddbot_py_examples' with build type 'ament_python'
[1.019s] Level 1:colcon.colcon_core.shell:create_environment_hook('ddbot_py_examples', 'ament_prefix_path')
[1.019s] INFO:colcon.colcon_core.shell:Creating environment hook '/home/rosuser/ddbot_ws/install/ddbot_py_examples/share/ddbot_py_examples/hook/ament_prefix_path.ps1'
[1.020s] INFO:colcon.colcon_core.shell:Creating environment descriptor '/home/rosuser/ddbot_ws/install/ddbot_py_examples/share/ddbot_py_examples/hook/ament_prefix_path.dsv'
[1.020s] INFO:colcon.colcon_core.shell:Creating environment hook '/home/rosuser/ddbot_ws/install/ddbot_py_examples/share/ddbot_py_examples/hook/ament_prefix_path.sh'
[1.021s] INFO:colcon.colcon_core.shell:Skip shell extension 'powershell' for command environment: Not usable outside of PowerShell
[1.021s] DEBUG:colcon.colcon_core.shell:Skip shell extension 'dsv' for command environment
[1.321s] INFO:colcon.colcon_core.task.python.build:Building Python package in '/home/rosuser/ddbot_ws/src/ddbot_py_examples'
[1.321s] INFO:colcon.colcon_core.shell:Skip shell extension 'powershell' for command environment: Not usable outside of PowerShell
[1.321s] DEBUG:colcon.colcon_core.shell:Skip shell extension 'dsv' for command environment
[1.682s] DEBUG:colcon.colcon_core.event_handler.log_command:Invoking command in '/home/rosuser/ddbot_ws/src/ddbot_py_examples': PYTHONPATH=/home/rosuser/ddbot_ws/build/ddbot_py_examples/prefix_override:/usr/lib/python3/dist-packages/colcon_core/task/python/colcon_distutils_commands:/home/rosuser/ddbot_ws/install/ddbot_py_examples/lib/python3.10/site-packages:${PYTHONPATH} /usr/bin/python3 -W ignore:setup.py install is deprecated setup.py egg_info --egg-base ../../build/ddbot_py_examples build --build-base /home/rosuser/ddbot_ws/build/ddbot_py_examples/build install --record /home/rosuser/ddbot_ws/build/ddbot_py_examples/install.log --single-version-externally-managed install_data
[1.993s] Level 1:colcon.colcon_core.environment:checking '/home/rosuser/ddbot_ws/install/ddbot_py_examples' for CMake module files
[1.994s] DEBUG:colcon.colcon_core.event_handler.log_command:Invoked command in '/home/rosuser/ddbot_ws/src/ddbot_py_examples' returned '0': PYTHONPATH=/home/rosuser/ddbot_ws/build/ddbot_py_examples/prefix_override:/usr/lib/python3/dist-packages/colcon_core/task/python/colcon_distutils_commands:/home/rosuser/ddbot_ws/install/ddbot_py_examples/lib/python3.10/site-packages:${PYTHONPATH} /usr/bin/python3 -W ignore:setup.py install is deprecated setup.py egg_info --egg-base ../../build/ddbot_py_examples build --build-base /home/rosuser/ddbot_ws/build/ddbot_py_examples/build install --record /home/rosuser/ddbot_ws/build/ddbot_py_examples/install.log --single-version-externally-managed install_data
[1.994s] Level 1:colcon.colcon_core.environment:checking '/home/rosuser/ddbot_ws/install/ddbot_py_examples' for CMake config files
[1.994s] Level 1:colcon.colcon_core.environment:checking '/home/rosuser/ddbot_ws/install/ddbot_py_examples/lib'
[1.995s] Level 1:colcon.colcon_core.environment:checking '/home/rosuser/ddbot_ws/install/ddbot_py_examples/bin'
[1.995s] Level 1:colcon.colcon_core.environment:checking '/home/rosuser/ddbot_ws/install/ddbot_py_examples/lib/pkgconfig/ddbot_py_examples.pc'
[1.995s] Level 1:colcon.colcon_core.environment:checking '/home/rosuser/ddbot_ws/install/ddbot_py_examples/lib/python3.10/site-packages'
[1.995s] Level 1:colcon.colcon_core.shell:create_environment_hook('ddbot_py_examples', 'pythonpath')
[1.995s] INFO:colcon.colcon_core.shell:Creating environment hook '/home/rosuser/ddbot_ws/install/ddbot_py_examples/share/ddbot_py_examples/hook/pythonpath.ps1'
[1.995s] INFO:colcon.colcon_core.shell:Creating environment descriptor '/home/rosuser/ddbot_ws/install/ddbot_py_examples/share/ddbot_py_examples/hook/pythonpath.dsv'
[1.996s] INFO:colcon.colcon_core.shell:Creating environment hook '/home/rosuser/ddbot_ws/install/ddbot_py_examples/share/ddbot_py_examples/hook/pythonpath.sh'
[1.996s] Level 1:colcon.colcon_core.environment:checking '/home/rosuser/ddbot_ws/install/ddbot_py_examples/bin'
[1.996s] Level 1:colcon.colcon_core.environment:create_environment_scripts_only(ddbot_py_examples)
[1.996s] INFO:colcon.colcon_core.shell:Creating package script '/home/rosuser/ddbot_ws/install/ddbot_py_examples/share/ddbot_py_examples/package.ps1'
[1.997s] INFO:colcon.colcon_core.shell:Creating package descriptor '/home/rosuser/ddbot_ws/install/ddbot_py_examples/share/ddbot_py_examples/package.dsv'
[1.997s] INFO:colcon.colcon_core.shell:Creating package script '/home/rosuser/ddbot_ws/install/ddbot_py_examples/share/ddbot_py_examples/package.sh'
[1.997s] INFO:colcon.colcon_core.shell:Creating package script '/home/rosuser/ddbot_ws/install/ddbot_py_examples/share/ddbot_py_examples/package.bash'
[1.997s] INFO:colcon.colcon_core.shell:Creating package script '/home/rosuser/ddbot_ws/install/ddbot_py_examples/share/ddbot_py_examples/package.zsh'
[1.998s] Level 1:colcon.colcon_core.environment:create_file_with_runtime_dependencies(/home/rosuser/ddbot_ws/install/ddbot_py_examples/share/colcon-core/packages/ddbot_py_examples)
[1.998s] DEBUG:colcon.colcon_parallel_executor.executor.parallel:closing loop
[1.998s] DEBUG:colcon.colcon_parallel_executor.executor.parallel:loop closed
[1.998s] DEBUG:colcon.colcon_parallel_executor.executor.parallel:run_until_complete finished with '0'
[1.998s] DEBUG:colcon.colcon_core.event_reactor:joining thread
[2.003s] INFO:colcon.colcon_core.plugin_system:Skipping extension 'colcon_notification.desktop_notification.terminal_notifier': Not used on non-Darwin systems
[2.004s] INFO:colcon.colcon_core.plugin_system:Skipping extension 'colcon_notification.desktop_notification.win32': Not used on non-Windows systems
[2.004s] INFO:colcon.colcon_notification.desktop_notification:Sending desktop notification using 'notify2'
[2.014s] DEBUG:colcon.colcon_core.event_reactor:joined thread
[2.014s] INFO:colcon.colcon_core.shell:Creating prefix script '/home/rosuser/ddbot_ws/install/local_setup.ps1'
[2.015s] INFO:colcon.colcon_core.shell:Creating prefix util module '/home/rosuser/ddbot_ws/install/_local_setup_util_ps1.py'
[2.016s] INFO:colcon.colcon_core.shell:Creating prefix chain script '/home/rosuser/ddbot_ws/install/setup.ps1'
[2.018s] INFO:colcon.colcon_core.shell:Creating prefix script '/home/rosuser/ddbot_ws/install/local_setup.sh'
[2.018s] INFO:colcon.colcon_core.shell:Creating prefix util module '/home/rosuser/ddbot_ws/install/_local_setup_util_sh.py'
[2.019s] INFO:colcon.colcon_core.shell:Creating prefix chain script '/home/rosuser/ddbot_ws/install/setup.sh'
[2.020s] INFO:colcon.colcon_core.shell:Creating prefix script '/home/rosuser/ddbot_ws/install/local_setup.bash'
[2.020s] INFO:colcon.colcon_core.shell:Creating prefix chain script '/home/rosuser/ddbot_ws/install/setup.bash'
[2.021s] INFO:colcon.colcon_core.shell:Creating prefix script '/home/rosuser/ddbot_ws/install/local_setup.zsh'
[2.022s] INFO:colcon.colcon_core.shell:Creating prefix chain script '/home/rosuser/ddbot_ws/install/setup.zsh'
