[0.015s] Invoking command in '/home/rosuser/ddbot_ws/build/ddbot_description': CMAKE_PREFIX_PATH=${CMAKE_PREFIX_PATH}:/home/rosuser/ddbot_ws/install/ddbot_py_examples:/opt/ros/humble /usr/bin/cmake --build /home/rosuser/ddbot_ws/build/ddbot_description -- -j8 -l8
[0.033s] -- Found ament_cmake: 1.3.10 (/opt/ros/humble/share/ament_cmake/cmake)
[0.147s] -- Found ament_lint_auto: 0.12.11 (/opt/ros/humble/share/ament_lint_auto/cmake)
[0.210s] -- Added test 'flake8' to check Python code syntax and style conventions
[0.210s] -- Added test 'lint_cmake' to check CMake code style
[0.211s] -- Added test 'pep257' to check Python code against some of the docstring style conventions in PEP 257
[0.212s] -- Added test 'xmllint' to check XML markup files
[0.214s] -- Configuring done
[0.217s] -- Generating done
[0.218s] -- Build files have been written to: /home/rosuser/ddbot_ws/build/ddbot_description
[0.261s] Invoked command in '/home/rosuser/ddbot_ws/build/ddbot_description' returned '0': CMAKE_PREFIX_PATH=${CMAKE_PREFIX_PATH}:/home/rosuser/ddbot_ws/install/ddbot_py_examples:/opt/ros/humble /usr/bin/cmake --build /home/rosuser/ddbot_ws/build/ddbot_description -- -j8 -l8
[0.287s] Invoking command in '/home/rosuser/ddbot_ws/build/ddbot_description': CMAKE_PREFIX_PATH=${CMAKE_PREFIX_PATH}:/home/rosuser/ddbot_ws/install/ddbot_py_examples:/opt/ros/humble /usr/bin/cmake --install /home/rosuser/ddbot_ws/build/ddbot_description
[0.293s] -- Install configuration: ""
[0.293s] -- Up-to-date: /home/rosuser/ddbot_ws/install/ddbot_description/share/ddbot_description/meshes
[0.293s] -- Up-to-date: /home/rosuser/ddbot_ws/install/ddbot_description/share/ddbot_description/meshes/imu_link.STL
[0.294s] -- Up-to-date: /home/rosuser/ddbot_ws/install/ddbot_description/share/ddbot_description/meshes/caster_front_link.STL
[0.294s] -- Up-to-date: /home/rosuser/ddbot_ws/install/ddbot_description/share/ddbot_description/meshes/wheel_right_link.STL
[0.294s] -- Up-to-date: /home/rosuser/ddbot_ws/install/ddbot_description/share/ddbot_description/meshes/base_link.STL
[0.294s] -- Up-to-date: /home/rosuser/ddbot_ws/install/ddbot_description/share/ddbot_description/meshes/caster_rear_link.STL
[0.294s] -- Up-to-date: /home/rosuser/ddbot_ws/install/ddbot_description/share/ddbot_description/meshes/wheel_left_link.STL
[0.294s] -- Up-to-date: /home/rosuser/ddbot_ws/install/ddbot_description/share/ddbot_description/urdf
[0.294s] -- Up-to-date: /home/rosuser/ddbot_ws/install/ddbot_description/share/ddbot_description/urdf/ddbot.urdf.xacro
[0.295s] -- Installing: /home/rosuser/ddbot_ws/install/ddbot_description/share/ddbot_description/launch
[0.295s] -- Installing: /home/rosuser/ddbot_ws/install/ddbot_description/share/ddbot_description/launch/display.launch.py
[0.296s] [31mCMake Error at cmake_install.cmake:46 (file):
[0.296s]   file INSTALL cannot find
[0.296s]   "/home/rosuser/ddbot_ws/src/ddbot_description/rviz": No such file or
[0.297s]   directory.
[0.297s] 
[0.297s] [0m
[0.297s] Invoked command in '/home/rosuser/ddbot_ws/build/ddbot_description' returned '1': CMAKE_PREFIX_PATH=${CMAKE_PREFIX_PATH}:/home/rosuser/ddbot_ws/install/ddbot_py_examples:/opt/ros/humble /usr/bin/cmake --install /home/rosuser/ddbot_ws/build/ddbot_description
