[0.022s] Invoking command in '/home/rosuser/ddbot_ws/build/ddbot_controller': CMAKE_PREFIX_PATH=${CMAKE_PREFIX_PATH}:/home/rosuser/ddbot_ws/install/ddbot_py_examples:/opt/ros/humble /usr/bin/cmake /home/rosuser/ddbot_ws/src/ddbot_controller -DCMAKE_INSTALL_PREFIX=/home/rosuser/ddbot_ws/install/ddbot_controller
[0.073s] -- The C compiler identification is GNU 11.4.0
[0.140s] -- The CXX compiler identification is GNU 11.4.0
[0.146s] -- Detecting C compiler ABI info
[0.199s] -- Detecting C compiler ABI info - done
[0.205s] -- Check for working C compiler: /usr/bin/cc - skipped
[0.205s] -- Detecting C compile features
[0.205s] -- Detecting C compile features - done
[0.207s] -- Detecting CXX compiler ABI info
[0.276s] -- Detecting CXX compiler ABI info - done
[0.281s] -- Check for working CXX compiler: /usr/bin/c++ - skipped
[0.282s] -- Detecting CXX compile features
[0.282s] -- Detecting CXX compile features - done
[0.286s] -- Found ament_cmake: 1.3.10 (/opt/ros/humble/share/ament_cmake/cmake)
[0.439s] -- Found Python3: /usr/bin/python3 (found version "3.10.12") found components: Interpreter 
[0.517s] -- Found ament_lint_auto: 0.12.11 (/opt/ros/humble/share/ament_lint_auto/cmake)
[0.582s] -- Added test 'lint_cmake' to check CMake code style
[0.583s] -- Added test 'xmllint' to check XML markup files
[0.584s] -- Configuring done
[0.586s] -- Generating done
[0.587s] -- Build files have been written to: /home/rosuser/ddbot_ws/build/ddbot_controller
[0.592s] Invoked command in '/home/rosuser/ddbot_ws/build/ddbot_controller' returned '0': CMAKE_PREFIX_PATH=${CMAKE_PREFIX_PATH}:/home/rosuser/ddbot_ws/install/ddbot_py_examples:/opt/ros/humble /usr/bin/cmake /home/rosuser/ddbot_ws/src/ddbot_controller -DCMAKE_INSTALL_PREFIX=/home/rosuser/ddbot_ws/install/ddbot_controller
[0.593s] Invoking command in '/home/rosuser/ddbot_ws/build/ddbot_controller': CMAKE_PREFIX_PATH=${CMAKE_PREFIX_PATH}:/home/rosuser/ddbot_ws/install/ddbot_py_examples:/opt/ros/humble /usr/bin/cmake --build /home/rosuser/ddbot_ws/build/ddbot_controller -- -j8 -l8
[0.623s] Invoked command in '/home/rosuser/ddbot_ws/build/ddbot_controller' returned '0': CMAKE_PREFIX_PATH=${CMAKE_PREFIX_PATH}:/home/rosuser/ddbot_ws/install/ddbot_py_examples:/opt/ros/humble /usr/bin/cmake --build /home/rosuser/ddbot_ws/build/ddbot_controller -- -j8 -l8
[0.641s] Invoking command in '/home/rosuser/ddbot_ws/build/ddbot_controller': CMAKE_PREFIX_PATH=${CMAKE_PREFIX_PATH}:/home/rosuser/ddbot_ws/install/ddbot_py_examples:/opt/ros/humble /usr/bin/cmake --install /home/rosuser/ddbot_ws/build/ddbot_controller
[0.647s] -- Install configuration: ""
[0.647s] -- Installing: /home/rosuser/ddbot_ws/install/ddbot_controller/share/ament_index/resource_index/package_run_dependencies/ddbot_controller
[0.647s] -- Installing: /home/rosuser/ddbot_ws/install/ddbot_controller/share/ament_index/resource_index/parent_prefix_path/ddbot_controller
[0.648s] -- Installing: /home/rosuser/ddbot_ws/install/ddbot_controller/share/ddbot_controller/environment/ament_prefix_path.sh
[0.648s] -- Installing: /home/rosuser/ddbot_ws/install/ddbot_controller/share/ddbot_controller/environment/ament_prefix_path.dsv
[0.648s] -- Installing: /home/rosuser/ddbot_ws/install/ddbot_controller/share/ddbot_controller/environment/path.sh
[0.648s] -- Installing: /home/rosuser/ddbot_ws/install/ddbot_controller/share/ddbot_controller/environment/path.dsv
[0.648s] -- Installing: /home/rosuser/ddbot_ws/install/ddbot_controller/share/ddbot_controller/local_setup.bash
[0.648s] -- Installing: /home/rosuser/ddbot_ws/install/ddbot_controller/share/ddbot_controller/local_setup.sh
[0.648s] -- Installing: /home/rosuser/ddbot_ws/install/ddbot_controller/share/ddbot_controller/local_setup.zsh
[0.648s] -- Installing: /home/rosuser/ddbot_ws/install/ddbot_controller/share/ddbot_controller/local_setup.dsv
[0.648s] -- Installing: /home/rosuser/ddbot_ws/install/ddbot_controller/share/ddbot_controller/package.dsv
[0.649s] -- Installing: /home/rosuser/ddbot_ws/install/ddbot_controller/share/ament_index/resource_index/packages/ddbot_controller
[0.649s] -- Installing: /home/rosuser/ddbot_ws/install/ddbot_controller/share/ddbot_controller/cmake/ddbot_controllerConfig.cmake
[0.649s] -- Installing: /home/rosuser/ddbot_ws/install/ddbot_controller/share/ddbot_controller/cmake/ddbot_controllerConfig-version.cmake
[0.649s] -- Installing: /home/rosuser/ddbot_ws/install/ddbot_controller/share/ddbot_controller/package.xml
[0.651s] Invoked command in '/home/rosuser/ddbot_ws/build/ddbot_controller' returned '0': CMAKE_PREFIX_PATH=${CMAKE_PREFIX_PATH}:/home/rosuser/ddbot_ws/install/ddbot_py_examples:/opt/ros/humble /usr/bin/cmake --install /home/rosuser/ddbot_ws/build/ddbot_controller
