running egg_info
writing ../../build/ddbot_py_examples/ddbot_py_examples.egg-info/PKG-INFO
writing dependency_links to ../../build/ddbot_py_examples/ddbot_py_examples.egg-info/dependency_links.txt
writing entry points to ../../build/ddbot_py_examples/ddbot_py_examples.egg-info/entry_points.txt
writing requirements to ../../build/ddbot_py_examples/ddbot_py_examples.egg-info/requires.txt
writing top-level names to ../../build/ddbot_py_examples/ddbot_py_examples.egg-info/top_level.txt
reading manifest file '../../build/ddbot_py_examples/ddbot_py_examples.egg-info/SOURCES.txt'
writing manifest file '../../build/ddbot_py_examples/ddbot_py_examples.egg-info/SOURCES.txt'
running build
running build_py
copying ddbot_py_examples/simple_publisher.py -> /home/rosuser/ddbot_ws/build/ddbot_py_examples/build/lib/ddbot_py_examples
running install
running install_lib
copying /home/rosuser/ddbot_ws/build/ddbot_py_examples/build/lib/ddbot_py_examples/simple_publisher.py -> /home/rosuser/ddbot_ws/install/ddbot_py_examples/lib/python3.10/site-packages/ddbot_py_examples
byte-compiling /home/rosuser/ddbot_ws/install/ddbot_py_examples/lib/python3.10/site-packages/ddbot_py_examples/simple_publisher.py to simple_publisher.cpython-310.pyc
running install_data
running install_egg_info
removing '/home/rosuser/ddbot_ws/install/ddbot_py_examples/lib/python3.10/site-packages/ddbot_py_examples-0.0.0-py3.10.egg-info' (and everything under it)
Copying ../../build/ddbot_py_examples/ddbot_py_examples.egg-info to /home/rosuser/ddbot_ws/install/ddbot_py_examples/lib/python3.10/site-packages/ddbot_py_examples-0.0.0-py3.10.egg-info
running install_scripts
Installing simple_publisher script to /home/rosuser/ddbot_ws/install/ddbot_py_examples/lib/ddbot_py_examples
writing list of installed files to '/home/rosuser/ddbot_ws/build/ddbot_py_examples/install.log'
