-- Install configuration: ""
-- Up-to-date: /home/rosuser/ddbot_ws/install/ddbot_controller/share/ddbot_controller/config
-- Up-to-date: /home/rosuser/ddbot_ws/install/ddbot_controller/share/ddbot_controller/config/ddbot_controllers.yaml
-- Up-to-date: /home/rosuser/ddbot_ws/install/ddbot_controller/share/ddbot_controller/launch
-- Installing: /home/rosuser/ddbot_ws/install/ddbot_controller/share/ddbot_controller/launch/controller.launch.py
-- Up-to-date: /home/rosuser/ddbot_ws/install/ddbot_controller/share/ament_index/resource_index/package_run_dependencies/ddbot_controller
-- Up-to-date: /home/rosuser/ddbot_ws/install/ddbot_controller/share/ament_index/resource_index/parent_prefix_path/ddbot_controller
-- Up-to-date: /home/rosuser/ddbot_ws/install/ddbot_controller/share/ddbot_controller/environment/ament_prefix_path.sh
-- Up-to-date: /home/rosuser/ddbot_ws/install/ddbot_controller/share/ddbot_controller/environment/ament_prefix_path.dsv
-- Up-to-date: /home/rosuser/ddbot_ws/install/ddbot_controller/share/ddbot_controller/environment/path.sh
-- Up-to-date: /home/rosuser/ddbot_ws/install/ddbot_controller/share/ddbot_controller/environment/path.dsv
-- Up-to-date: /home/rosuser/ddbot_ws/install/ddbot_controller/share/ddbot_controller/local_setup.bash
-- Up-to-date: /home/rosuser/ddbot_ws/install/ddbot_controller/share/ddbot_controller/local_setup.sh
-- Up-to-date: /home/rosuser/ddbot_ws/install/ddbot_controller/share/ddbot_controller/local_setup.zsh
-- Up-to-date: /home/rosuser/ddbot_ws/install/ddbot_controller/share/ddbot_controller/local_setup.dsv
-- Up-to-date: /home/rosuser/ddbot_ws/install/ddbot_controller/share/ddbot_controller/package.dsv
-- Up-to-date: /home/rosuser/ddbot_ws/install/ddbot_controller/share/ament_index/resource_index/packages/ddbot_controller
-- Up-to-date: /home/rosuser/ddbot_ws/install/ddbot_controller/share/ddbot_controller/cmake/ddbot_controllerConfig.cmake
-- Up-to-date: /home/rosuser/ddbot_ws/install/ddbot_controller/share/ddbot_controller/cmake/ddbot_controllerConfig-version.cmake
-- Up-to-date: /home/rosuser/ddbot_ws/install/ddbot_controller/share/ddbot_controller/package.xml
