[0.015s] Invoking command in '/home/rosuser/ddbot_ws/build/ddbot_description': CMAKE_PREFIX_PATH=${CMAKE_PREFIX_PATH}:/home/rosuser/ddbot_ws/install/ddbot_py_examples:/opt/ros/humble /usr/bin/cmake --build /home/rosuser/ddbot_ws/build/ddbot_description -- -j8 -l8
[0.249s] Invoked command in '/home/rosuser/ddbot_ws/build/ddbot_description' returned '0': CMAKE_PREFIX_PATH=${CMAKE_PREFIX_PATH}:/home/rosuser/ddbot_ws/install/ddbot_py_examples:/opt/ros/humble /usr/bin/cmake --build /home/rosuser/ddbot_ws/build/ddbot_description -- -j8 -l8
[0.273s] Invoking command in '/home/rosuser/ddbot_ws/build/ddbot_description': CMAKE_PREFIX_PATH=${CMAKE_PREFIX_PATH}:/home/rosuser/ddbot_ws/install/ddbot_py_examples:/opt/ros/humble /usr/bin/cmake --install /home/rosuser/ddbot_ws/build/ddbot_description
[0.280s] -- Install configuration: ""
[0.280s] -- Up-to-date: /home/rosuser/ddbot_ws/install/ddbot_description/share/ddbot_description/meshes
[0.280s] -- Up-to-date: /home/rosuser/ddbot_ws/install/ddbot_description/share/ddbot_description/meshes/imu_link.STL
[0.280s] -- Up-to-date: /home/rosuser/ddbot_ws/install/ddbot_description/share/ddbot_description/meshes/caster_front_link.STL
[0.281s] -- Up-to-date: /home/rosuser/ddbot_ws/install/ddbot_description/share/ddbot_description/meshes/wheel_right_link.STL
[0.281s] -- Up-to-date: /home/rosuser/ddbot_ws/install/ddbot_description/share/ddbot_description/meshes/base_link.STL
[0.281s] -- Up-to-date: /home/rosuser/ddbot_ws/install/ddbot_description/share/ddbot_description/meshes/caster_rear_link.STL
[0.281s] -- Up-to-date: /home/rosuser/ddbot_ws/install/ddbot_description/share/ddbot_description/meshes/wheel_left_link.STL
[0.281s] -- Up-to-date: /home/rosuser/ddbot_ws/install/ddbot_description/share/ddbot_description/urdf
[0.281s] -- Installing: /home/rosuser/ddbot_ws/install/ddbot_description/share/ddbot_description/urdf/ddbot.urdf.xacro
[0.281s] -- Up-to-date: /home/rosuser/ddbot_ws/install/ddbot_description/share/ament_index/resource_index/package_run_dependencies/ddbot_description
[0.282s] -- Up-to-date: /home/rosuser/ddbot_ws/install/ddbot_description/share/ament_index/resource_index/parent_prefix_path/ddbot_description
[0.282s] -- Up-to-date: /home/rosuser/ddbot_ws/install/ddbot_description/share/ddbot_description/environment/ament_prefix_path.sh
[0.283s] -- Up-to-date: /home/rosuser/ddbot_ws/install/ddbot_description/share/ddbot_description/environment/ament_prefix_path.dsv
[0.283s] -- Up-to-date: /home/rosuser/ddbot_ws/install/ddbot_description/share/ddbot_description/environment/path.sh
[0.283s] -- Up-to-date: /home/rosuser/ddbot_ws/install/ddbot_description/share/ddbot_description/environment/path.dsv
[0.283s] -- Up-to-date: /home/rosuser/ddbot_ws/install/ddbot_description/share/ddbot_description/local_setup.bash
[0.283s] -- Up-to-date: /home/rosuser/ddbot_ws/install/ddbot_description/share/ddbot_description/local_setup.sh
[0.283s] -- Up-to-date: /home/rosuser/ddbot_ws/install/ddbot_description/share/ddbot_description/local_setup.zsh
[0.283s] -- Up-to-date: /home/rosuser/ddbot_ws/install/ddbot_description/share/ddbot_description/local_setup.dsv
[0.283s] -- Installing: /home/rosuser/ddbot_ws/install/ddbot_description/share/ddbot_description/package.dsv
[0.283s] -- Up-to-date: /home/rosuser/ddbot_ws/install/ddbot_description/share/ament_index/resource_index/packages/ddbot_description
[0.283s] -- Up-to-date: /home/rosuser/ddbot_ws/install/ddbot_description/share/ddbot_description/cmake/ddbot_descriptionConfig.cmake
[0.284s] -- Up-to-date: /home/rosuser/ddbot_ws/install/ddbot_description/share/ddbot_description/cmake/ddbot_descriptionConfig-version.cmake
[0.284s] -- Up-to-date: /home/rosuser/ddbot_ws/install/ddbot_description/share/ddbot_description/package.xml
[0.285s] Invoked command in '/home/rosuser/ddbot_ws/build/ddbot_description' returned '0': CMAKE_PREFIX_PATH=${CMAKE_PREFIX_PATH}:/home/rosuser/ddbot_ws/install/ddbot_py_examples:/opt/ros/humble /usr/bin/cmake --install /home/rosuser/ddbot_ws/build/ddbot_description
