[0.020s] Invoking command in '/home/rosuser/ddbot_ws/build/ddbot_msgs': CMAKE_PREFIX_PATH=/opt/ros/humble /usr/bin/cmake /home/rosuser/ddbot_ws/src/ddbot_msgs -DCMAKE_INSTALL_PREFIX=/home/rosuser/ddbot_ws/install/ddbot_msgs
[0.079s] -- The C compiler identification is GNU 11.4.0
[0.149s] -- The CXX compiler identification is GNU 11.4.0
[0.155s] -- Detecting C compiler ABI info
[0.209s] -- Detecting C compiler ABI info - done
[0.219s] -- Check for working C compiler: /usr/bin/cc - skipped
[0.219s] -- Detecting C compile features
[0.219s] -- Detecting C compile features - done
[0.223s] -- Detecting CXX compiler ABI info
[0.307s] -- Detecting CXX compiler ABI info - done
[0.319s] -- Check for working CXX compiler: /usr/bin/c++ - skipped
[0.319s] -- Detecting CXX compile features
[0.319s] -- Detecting CXX compile features - done
[0.323s] -- Found ament_cmake: 1.3.10 (/opt/ros/humble/share/ament_cmake/cmake)
[0.472s] -- Found Python3: /usr/bin/python3 (found version "3.10.12") found components: Interpreter 
[0.557s] -- Found ament_lint_auto: 0.12.11 (/opt/ros/humble/share/ament_lint_auto/cmake)
[0.626s] -- Added test 'lint_cmake' to check CMake code style
[0.629s] -- Added test 'xmllint' to check XML markup files
[0.629s] -- Configuring done
[0.631s] -- Generating done
[0.632s] -- Build files have been written to: /home/rosuser/ddbot_ws/build/ddbot_msgs
[0.636s] Invoked command in '/home/rosuser/ddbot_ws/build/ddbot_msgs' returned '0': CMAKE_PREFIX_PATH=/opt/ros/humble /usr/bin/cmake /home/rosuser/ddbot_ws/src/ddbot_msgs -DCMAKE_INSTALL_PREFIX=/home/rosuser/ddbot_ws/install/ddbot_msgs
[0.637s] Invoking command in '/home/rosuser/ddbot_ws/build/ddbot_msgs': CMAKE_PREFIX_PATH=/opt/ros/humble /usr/bin/cmake --build /home/rosuser/ddbot_ws/build/ddbot_msgs -- -j8 -l8
[0.667s] Invoked command in '/home/rosuser/ddbot_ws/build/ddbot_msgs' returned '0': CMAKE_PREFIX_PATH=/opt/ros/humble /usr/bin/cmake --build /home/rosuser/ddbot_ws/build/ddbot_msgs -- -j8 -l8
[0.686s] Invoking command in '/home/rosuser/ddbot_ws/build/ddbot_msgs': CMAKE_PREFIX_PATH=/opt/ros/humble /usr/bin/cmake --install /home/rosuser/ddbot_ws/build/ddbot_msgs
[0.691s] -- Install configuration: ""
[0.692s] -- Installing: /home/rosuser/ddbot_ws/install/ddbot_msgs/share/ament_index/resource_index/package_run_dependencies/ddbot_msgs
[0.692s] -- Installing: /home/rosuser/ddbot_ws/install/ddbot_msgs/share/ament_index/resource_index/parent_prefix_path/ddbot_msgs
[0.692s] -- Installing: /home/rosuser/ddbot_ws/install/ddbot_msgs/share/ddbot_msgs/environment/ament_prefix_path.sh
[0.692s] -- Installing: /home/rosuser/ddbot_ws/install/ddbot_msgs/share/ddbot_msgs/environment/ament_prefix_path.dsv
[0.692s] -- Installing: /home/rosuser/ddbot_ws/install/ddbot_msgs/share/ddbot_msgs/environment/path.sh
[0.692s] -- Installing: /home/rosuser/ddbot_ws/install/ddbot_msgs/share/ddbot_msgs/environment/path.dsv
[0.693s] -- Installing: /home/rosuser/ddbot_ws/install/ddbot_msgs/share/ddbot_msgs/local_setup.bash
[0.693s] -- Installing: /home/rosuser/ddbot_ws/install/ddbot_msgs/share/ddbot_msgs/local_setup.sh
[0.693s] -- Installing: /home/rosuser/ddbot_ws/install/ddbot_msgs/share/ddbot_msgs/local_setup.zsh
[0.693s] -- Installing: /home/rosuser/ddbot_ws/install/ddbot_msgs/share/ddbot_msgs/local_setup.dsv
[0.693s] -- Installing: /home/rosuser/ddbot_ws/install/ddbot_msgs/share/ddbot_msgs/package.dsv
[0.693s] -- Installing: /home/rosuser/ddbot_ws/install/ddbot_msgs/share/ament_index/resource_index/packages/ddbot_msgs
[0.693s] -- Installing: /home/rosuser/ddbot_ws/install/ddbot_msgs/share/ddbot_msgs/cmake/ddbot_msgsConfig.cmake
[0.694s] -- Installing: /home/rosuser/ddbot_ws/install/ddbot_msgs/share/ddbot_msgs/cmake/ddbot_msgsConfig-version.cmake
[0.694s] -- Installing: /home/rosuser/ddbot_ws/install/ddbot_msgs/share/ddbot_msgs/package.xml
[0.696s] Invoked command in '/home/rosuser/ddbot_ws/build/ddbot_msgs' returned '0': CMAKE_PREFIX_PATH=/opt/ros/humble /usr/bin/cmake --install /home/rosuser/ddbot_ws/build/ddbot_msgs
