[0.025s] Invoking command in '/home/rosuser/ddbot_ws/build/ddbot_msgs': CMAKE_PREFIX_PATH=${CMAKE_PREFIX_PATH}:/home/rosuser/ddbot_ws/install/ddbot_py_examples:/opt/ros/humble /usr/bin/cmake --build /home/rosuser/ddbot_ws/build/ddbot_msgs -- -j8 -l8
[0.044s] -- Found ament_cmake: 1.3.10 (/opt/ros/humble/share/ament_cmake/cmake)
[0.147s] -- Found std_msgs: 4.2.4 (/opt/ros/humble/share/std_msgs/cmake)
[0.167s] -- Found rosidl_generator_c: 3.1.5 (/opt/ros/humble/share/rosidl_generator_c/cmake)
[0.169s] -- Found rosidl_adapter: 3.1.5 (/opt/ros/humble/share/rosidl_adapter/cmake)
[0.174s] -- Found rosidl_generator_cpp: 3.1.5 (/opt/ros/humble/share/rosidl_generator_cpp/cmake)
[0.182s] -- Using all available rosidl_typesupport_c: rosidl_typesupport_fastrtps_c;rosidl_typesupport_introspection_c
[0.193s] -- Using all available rosidl_typesupport_cpp: rosidl_typesupport_fastrtps_cpp;rosidl_typesupport_introspection_cpp
[0.212s] -- Found rosidl_default_generators: 1.2.0 (/opt/ros/humble/share/rosidl_default_generators/cmake)
[0.482s] -- Found ament_cmake_ros: 0.10.0 (/opt/ros/humble/share/ament_cmake_ros/cmake)
[0.740s] -- Using all available rosidl_typesupport_c: rosidl_typesupport_fastrtps_c;rosidl_typesupport_introspection_c
[0.843s] -- Using all available rosidl_typesupport_cpp: rosidl_typesupport_fastrtps_cpp;rosidl_typesupport_introspection_cpp
[0.870s] -- Found PythonInterp: /usr/bin/python3 (found suitable version "3.10.12", minimum required is "3.6") 
[0.873s] -- Found python_cmake_module: 0.10.0 (/opt/ros/humble/share/python_cmake_module/cmake)
[0.899s] -- Found PythonLibs: /usr/lib/x86_64-linux-gnu/libpython3.10.so (found suitable version "3.10.12", minimum required is "3.5") 
[0.899s] -- Using PYTHON_EXECUTABLE: /usr/bin/python3
[0.899s] -- Using PYTHON_INCLUDE_DIRS: /usr/include/python3.10
[0.900s] -- Using PYTHON_LIBRARIES: /usr/lib/x86_64-linux-gnu/libpython3.10.so
[0.921s] -- Found PythonExtra: .so  
[0.954s] -- Found ament_lint_auto: 0.12.11 (/opt/ros/humble/share/ament_lint_auto/cmake)
[0.968s] -- Added test 'lint_cmake' to check CMake code style
[0.969s] -- Added test 'xmllint' to check XML markup files
[0.972s] -- Configuring done
[1.007s] -- Generating done
[1.010s] -- Build files have been written to: /home/rosuser/ddbot_ws/build/ddbot_msgs
[1.033s] [  3%] [34m[1mGenerating C code for ROS interfaces[0m
[1.042s] [  6%] [34m[1mGenerating C++ code for ROS interfaces[0m
[1.050s] [  6%] Built target ament_cmake_python_copy_ddbot_msgs
[1.359s] running egg_info
[1.359s] creating ddbot_msgs.egg-info
[1.359s] writing ddbot_msgs.egg-info/PKG-INFO
[1.359s] writing dependency_links to ddbot_msgs.egg-info/dependency_links.txt
[1.359s] writing top-level names to ddbot_msgs.egg-info/top_level.txt
[1.359s] writing manifest file 'ddbot_msgs.egg-info/SOURCES.txt'
[1.360s] [  6%] Built target ddbot_msgs__cpp
[1.363s] reading manifest file 'ddbot_msgs.egg-info/SOURCES.txt'
[1.364s] writing manifest file 'ddbot_msgs.egg-info/SOURCES.txt'
[1.372s] [  9%] [34m[1mGenerating C++ type support dispatch for ROS interfaces[0m
[1.375s] [ 12%] [34m[1mGenerating C++ type support for eProsima Fast-RTPS[0m
[1.378s] [ 16%] [34m[1mGenerating C++ introspection for ROS interfaces[0m
[1.394s] [ 19%] [32mBuilding C object CMakeFiles/ddbot_msgs__rosidl_generator_c.dir/rosidl_generator_c/ddbot_msgs/srv/detail/add_two_ints__functions.c.o[0m
[1.405s] [ 19%] Built target ament_cmake_python_build_ddbot_msgs_egg
[1.508s] [ 22%] [32m[1mLinking C shared library libddbot_msgs__rosidl_generator_c.so[0m
[1.560s] [ 22%] Built target ddbot_msgs__rosidl_generator_c
[1.572s] [ 25%] [34m[1mGenerating C introspection for ROS interfaces[0m
[1.572s] [ 29%] [34m[1mGenerating C type support dispatch for ROS interfaces[0m
[1.573s] [ 32%] [34m[1mGenerating C type support for eProsima Fast-RTPS[0m
[1.780s] [ 35%] [32mBuilding CXX object CMakeFiles/ddbot_msgs__rosidl_typesupport_cpp.dir/rosidl_typesupport_cpp/ddbot_msgs/srv/add_two_ints__type_support.cpp.o[0m
[1.809s] [ 38%] [32mBuilding CXX object CMakeFiles/ddbot_msgs__rosidl_typesupport_introspection_cpp.dir/rosidl_typesupport_introspection_cpp/ddbot_msgs/srv/detail/add_two_ints__type_support.cpp.o[0m
[1.818s] [ 41%] [32mBuilding CXX object CMakeFiles/ddbot_msgs__rosidl_typesupport_fastrtps_cpp.dir/rosidl_typesupport_fastrtps_cpp/ddbot_msgs/srv/detail/dds_fastrtps/add_two_ints__type_support.cpp.o[0m
[1.959s] [ 45%] [32mBuilding CXX object CMakeFiles/ddbot_msgs__rosidl_typesupport_c.dir/rosidl_typesupport_c/ddbot_msgs/srv/add_two_ints__type_support.cpp.o[0m
[2.006s] [ 48%] [32mBuilding C object CMakeFiles/ddbot_msgs__rosidl_typesupport_introspection_c.dir/rosidl_typesupport_introspection_c/ddbot_msgs/srv/detail/add_two_ints__type_support.c.o[0m
[2.025s] [ 51%] [32m[1mLinking CXX shared library libddbot_msgs__rosidl_typesupport_c.so[0m
[2.050s] [ 54%] [32mBuilding CXX object CMakeFiles/ddbot_msgs__rosidl_typesupport_fastrtps_c.dir/rosidl_typesupport_fastrtps_c/ddbot_msgs/srv/detail/add_two_ints__type_support_c.cpp.o[0m
[2.089s] [ 54%] Built target ddbot_msgs__rosidl_typesupport_c
[2.110s] [ 58%] [32m[1mLinking C shared library libddbot_msgs__rosidl_typesupport_introspection_c.so[0m
[2.150s] [ 58%] Built target ddbot_msgs__rosidl_typesupport_introspection_c
[2.220s] [ 61%] [32m[1mLinking CXX shared library libddbot_msgs__rosidl_typesupport_cpp.so[0m
[2.259s] [ 61%] Built target ddbot_msgs__rosidl_typesupport_cpp
[2.338s] [ 64%] [32m[1mLinking CXX shared library libddbot_msgs__rosidl_typesupport_introspection_cpp.so[0m
[2.373s] [ 64%] Built target ddbot_msgs__rosidl_typesupport_introspection_cpp
[2.409s] [ 67%] [32m[1mLinking CXX shared library libddbot_msgs__rosidl_typesupport_fastrtps_c.so[0m
[2.443s] [ 70%] [32m[1mLinking CXX shared library libddbot_msgs__rosidl_typesupport_fastrtps_cpp.so[0m
[2.493s] [ 70%] Built target ddbot_msgs__rosidl_typesupport_fastrtps_c
[2.527s] [ 70%] Built target ddbot_msgs__rosidl_typesupport_fastrtps_cpp
[2.545s] [ 70%] Built target ddbot_msgs
[2.563s] [ 74%] [34m[1mGenerating Python code for ROS interfaces[0m
[2.959s] [ 74%] Built target ddbot_msgs__py
[2.975s] [ 77%] [32mBuilding C object CMakeFiles/ddbot_msgs__rosidl_generator_py.dir/rosidl_generator_py/ddbot_msgs/srv/_add_two_ints_s.c.o[0m
[3.076s] [ 80%] [32m[1mLinking C shared library rosidl_generator_py/ddbot_msgs/libddbot_msgs__rosidl_generator_py.so[0m
[3.108s] [ 80%] Built target ddbot_msgs__rosidl_generator_py
[3.124s] [ 87%] [32mBuilding C object CMakeFiles/ddbot_msgs__rosidl_typesupport_c__pyext.dir/rosidl_generator_py/ddbot_msgs/_ddbot_msgs_s.ep.rosidl_typesupport_c.c.o[0m
[3.124s] [ 87%] [32mBuilding C object CMakeFiles/ddbot_msgs__rosidl_typesupport_fastrtps_c__pyext.dir/rosidl_generator_py/ddbot_msgs/_ddbot_msgs_s.ep.rosidl_typesupport_fastrtps_c.c.o[0m
[3.125s] [ 90%] [32mBuilding C object CMakeFiles/ddbot_msgs__rosidl_typesupport_introspection_c__pyext.dir/rosidl_generator_py/ddbot_msgs/_ddbot_msgs_s.ep.rosidl_typesupport_introspection_c.c.o[0m
[3.204s] [ 93%] [32m[1mLinking C shared library rosidl_generator_py/ddbot_msgs/ddbot_msgs_s__rosidl_typesupport_introspection_c.cpython-310-x86_64-linux-gnu.so[0m
[3.232s] [ 93%] Built target ddbot_msgs__rosidl_typesupport_introspection_c__pyext
[3.249s] [ 96%] [32m[1mLinking C shared library rosidl_generator_py/ddbot_msgs/ddbot_msgs_s__rosidl_typesupport_c.cpython-310-x86_64-linux-gnu.so[0m
[3.253s] [100%] [32m[1mLinking C shared library rosidl_generator_py/ddbot_msgs/ddbot_msgs_s__rosidl_typesupport_fastrtps_c.cpython-310-x86_64-linux-gnu.so[0m
[3.277s] [100%] Built target ddbot_msgs__rosidl_typesupport_c__pyext
[3.283s] [100%] Built target ddbot_msgs__rosidl_typesupport_fastrtps_c__pyext
[3.292s] Invoked command in '/home/rosuser/ddbot_ws/build/ddbot_msgs' returned '0': CMAKE_PREFIX_PATH=${CMAKE_PREFIX_PATH}:/home/rosuser/ddbot_ws/install/ddbot_py_examples:/opt/ros/humble /usr/bin/cmake --build /home/rosuser/ddbot_ws/build/ddbot_msgs -- -j8 -l8
[3.342s] Invoking command in '/home/rosuser/ddbot_ws/build/ddbot_msgs': CMAKE_PREFIX_PATH=${CMAKE_PREFIX_PATH}:/home/rosuser/ddbot_ws/install/ddbot_py_examples:/opt/ros/humble /usr/bin/cmake --install /home/rosuser/ddbot_ws/build/ddbot_msgs
[3.347s] -- Install configuration: ""
[3.347s] -- Installing: /home/rosuser/ddbot_ws/install/ddbot_msgs/share/ament_index/resource_index/rosidl_interfaces/ddbot_msgs
[3.348s] -- Installing: /home/rosuser/ddbot_ws/install/ddbot_msgs/include/ddbot_msgs/ddbot_msgs
[3.348s] -- Installing: /home/rosuser/ddbot_ws/install/ddbot_msgs/include/ddbot_msgs/ddbot_msgs/srv
[3.348s] -- Installing: /home/rosuser/ddbot_ws/install/ddbot_msgs/include/ddbot_msgs/ddbot_msgs/srv/detail
[3.348s] -- Installing: /home/rosuser/ddbot_ws/install/ddbot_msgs/include/ddbot_msgs/ddbot_msgs/srv/detail/add_two_ints__functions.h
[3.348s] -- Installing: /home/rosuser/ddbot_ws/install/ddbot_msgs/include/ddbot_msgs/ddbot_msgs/srv/detail/add_two_ints__type_support.h
[3.348s] -- Installing: /home/rosuser/ddbot_ws/install/ddbot_msgs/include/ddbot_msgs/ddbot_msgs/srv/detail/add_two_ints__functions.c
[3.348s] -- Installing: /home/rosuser/ddbot_ws/install/ddbot_msgs/include/ddbot_msgs/ddbot_msgs/srv/detail/add_two_ints__struct.h
[3.348s] -- Installing: /home/rosuser/ddbot_ws/install/ddbot_msgs/include/ddbot_msgs/ddbot_msgs/srv/add_two_ints.h
[3.348s] -- Installing: /home/rosuser/ddbot_ws/install/ddbot_msgs/include/ddbot_msgs/ddbot_msgs/msg
[3.348s] -- Installing: /home/rosuser/ddbot_ws/install/ddbot_msgs/include/ddbot_msgs/ddbot_msgs/msg/rosidl_generator_c__visibility_control.h
[3.349s] -- Installing: /home/rosuser/ddbot_ws/install/ddbot_msgs/share/ddbot_msgs/environment/library_path.sh
[3.349s] -- Installing: /home/rosuser/ddbot_ws/install/ddbot_msgs/share/ddbot_msgs/environment/library_path.dsv
[3.349s] -- Installing: /home/rosuser/ddbot_ws/install/ddbot_msgs/lib/libddbot_msgs__rosidl_generator_c.so
[3.349s] -- Set runtime path of "/home/rosuser/ddbot_ws/install/ddbot_msgs/lib/libddbot_msgs__rosidl_generator_c.so" to ""
[3.349s] -- Up-to-date: /home/rosuser/ddbot_ws/install/ddbot_msgs/include/ddbot_msgs/ddbot_msgs
[3.349s] -- Up-to-date: /home/rosuser/ddbot_ws/install/ddbot_msgs/include/ddbot_msgs/ddbot_msgs/srv
[3.349s] -- Up-to-date: /home/rosuser/ddbot_ws/install/ddbot_msgs/include/ddbot_msgs/ddbot_msgs/srv/detail
[3.349s] -- Installing: /home/rosuser/ddbot_ws/install/ddbot_msgs/include/ddbot_msgs/ddbot_msgs/srv/detail/add_two_ints__rosidl_typesupport_fastrtps_c.h
[3.349s] -- Up-to-date: /home/rosuser/ddbot_ws/install/ddbot_msgs/include/ddbot_msgs/ddbot_msgs/msg
[3.350s] -- Installing: /home/rosuser/ddbot_ws/install/ddbot_msgs/include/ddbot_msgs/ddbot_msgs/msg/rosidl_typesupport_fastrtps_c__visibility_control.h
[3.350s] -- Installing: /home/rosuser/ddbot_ws/install/ddbot_msgs/lib/libddbot_msgs__rosidl_typesupport_fastrtps_c.so
[3.350s] -- Set runtime path of "/home/rosuser/ddbot_ws/install/ddbot_msgs/lib/libddbot_msgs__rosidl_typesupport_fastrtps_c.so" to ""
[3.350s] -- Up-to-date: /home/rosuser/ddbot_ws/install/ddbot_msgs/include/ddbot_msgs/ddbot_msgs
[3.350s] -- Up-to-date: /home/rosuser/ddbot_ws/install/ddbot_msgs/include/ddbot_msgs/ddbot_msgs/srv
[3.350s] -- Installing: /home/rosuser/ddbot_ws/install/ddbot_msgs/include/ddbot_msgs/ddbot_msgs/srv/add_two_ints.hpp
[3.350s] -- Up-to-date: /home/rosuser/ddbot_ws/install/ddbot_msgs/include/ddbot_msgs/ddbot_msgs/srv/detail
[3.350s] -- Installing: /home/rosuser/ddbot_ws/install/ddbot_msgs/include/ddbot_msgs/ddbot_msgs/srv/detail/add_two_ints__struct.hpp
[3.350s] -- Installing: /home/rosuser/ddbot_ws/install/ddbot_msgs/include/ddbot_msgs/ddbot_msgs/srv/detail/add_two_ints__builder.hpp
[3.350s] -- Installing: /home/rosuser/ddbot_ws/install/ddbot_msgs/include/ddbot_msgs/ddbot_msgs/srv/detail/add_two_ints__traits.hpp
[3.351s] -- Up-to-date: /home/rosuser/ddbot_ws/install/ddbot_msgs/include/ddbot_msgs/ddbot_msgs
[3.351s] -- Up-to-date: /home/rosuser/ddbot_ws/install/ddbot_msgs/include/ddbot_msgs/ddbot_msgs/srv
[3.351s] -- Up-to-date: /home/rosuser/ddbot_ws/install/ddbot_msgs/include/ddbot_msgs/ddbot_msgs/srv/detail
[3.351s] -- Installing: /home/rosuser/ddbot_ws/install/ddbot_msgs/include/ddbot_msgs/ddbot_msgs/srv/detail/dds_fastrtps
[3.351s] -- Installing: /home/rosuser/ddbot_ws/install/ddbot_msgs/include/ddbot_msgs/ddbot_msgs/srv/detail/add_two_ints__rosidl_typesupport_fastrtps_cpp.hpp
[3.351s] -- Up-to-date: /home/rosuser/ddbot_ws/install/ddbot_msgs/include/ddbot_msgs/ddbot_msgs/msg
[3.351s] -- Installing: /home/rosuser/ddbot_ws/install/ddbot_msgs/include/ddbot_msgs/ddbot_msgs/msg/rosidl_typesupport_fastrtps_cpp__visibility_control.h
[3.351s] -- Installing: /home/rosuser/ddbot_ws/install/ddbot_msgs/lib/libddbot_msgs__rosidl_typesupport_fastrtps_cpp.so
[3.351s] -- Set runtime path of "/home/rosuser/ddbot_ws/install/ddbot_msgs/lib/libddbot_msgs__rosidl_typesupport_fastrtps_cpp.so" to ""
[3.351s] -- Up-to-date: /home/rosuser/ddbot_ws/install/ddbot_msgs/include/ddbot_msgs/ddbot_msgs
[3.351s] -- Up-to-date: /home/rosuser/ddbot_ws/install/ddbot_msgs/include/ddbot_msgs/ddbot_msgs/srv
[3.352s] -- Up-to-date: /home/rosuser/ddbot_ws/install/ddbot_msgs/include/ddbot_msgs/ddbot_msgs/srv/detail
[3.352s] -- Installing: /home/rosuser/ddbot_ws/install/ddbot_msgs/include/ddbot_msgs/ddbot_msgs/srv/detail/add_two_ints__type_support.c
[3.352s] -- Installing: /home/rosuser/ddbot_ws/install/ddbot_msgs/include/ddbot_msgs/ddbot_msgs/srv/detail/add_two_ints__rosidl_typesupport_introspection_c.h
[3.352s] -- Up-to-date: /home/rosuser/ddbot_ws/install/ddbot_msgs/include/ddbot_msgs/ddbot_msgs/msg
[3.352s] -- Installing: /home/rosuser/ddbot_ws/install/ddbot_msgs/include/ddbot_msgs/ddbot_msgs/msg/rosidl_typesupport_introspection_c__visibility_control.h
[3.352s] -- Installing: /home/rosuser/ddbot_ws/install/ddbot_msgs/lib/libddbot_msgs__rosidl_typesupport_introspection_c.so
[3.352s] -- Set runtime path of "/home/rosuser/ddbot_ws/install/ddbot_msgs/lib/libddbot_msgs__rosidl_typesupport_introspection_c.so" to ""
[3.352s] -- Installing: /home/rosuser/ddbot_ws/install/ddbot_msgs/lib/libddbot_msgs__rosidl_typesupport_c.so
[3.352s] -- Set runtime path of "/home/rosuser/ddbot_ws/install/ddbot_msgs/lib/libddbot_msgs__rosidl_typesupport_c.so" to ""
[3.352s] -- Up-to-date: /home/rosuser/ddbot_ws/install/ddbot_msgs/include/ddbot_msgs/ddbot_msgs
[3.352s] -- Up-to-date: /home/rosuser/ddbot_ws/install/ddbot_msgs/include/ddbot_msgs/ddbot_msgs/srv
[3.353s] -- Up-to-date: /home/rosuser/ddbot_ws/install/ddbot_msgs/include/ddbot_msgs/ddbot_msgs/srv/detail
[3.353s] -- Installing: /home/rosuser/ddbot_ws/install/ddbot_msgs/include/ddbot_msgs/ddbot_msgs/srv/detail/add_two_ints__rosidl_typesupport_introspection_cpp.hpp
[3.353s] -- Installing: /home/rosuser/ddbot_ws/install/ddbot_msgs/include/ddbot_msgs/ddbot_msgs/srv/detail/add_two_ints__type_support.cpp
[3.353s] -- Installing: /home/rosuser/ddbot_ws/install/ddbot_msgs/lib/libddbot_msgs__rosidl_typesupport_introspection_cpp.so
[3.353s] -- Set runtime path of "/home/rosuser/ddbot_ws/install/ddbot_msgs/lib/libddbot_msgs__rosidl_typesupport_introspection_cpp.so" to ""
[3.353s] -- Installing: /home/rosuser/ddbot_ws/install/ddbot_msgs/lib/libddbot_msgs__rosidl_typesupport_cpp.so
[3.353s] -- Set runtime path of "/home/rosuser/ddbot_ws/install/ddbot_msgs/lib/libddbot_msgs__rosidl_typesupport_cpp.so" to ""
[3.353s] -- Installing: /home/rosuser/ddbot_ws/install/ddbot_msgs/share/ddbot_msgs/environment/pythonpath.sh
[3.353s] -- Installing: /home/rosuser/ddbot_ws/install/ddbot_msgs/share/ddbot_msgs/environment/pythonpath.dsv
[3.353s] -- Installing: /home/rosuser/ddbot_ws/install/ddbot_msgs/local/lib/python3.10/dist-packages/ddbot_msgs-0.0.0-py3.10.egg-info
[3.354s] -- Installing: /home/rosuser/ddbot_ws/install/ddbot_msgs/local/lib/python3.10/dist-packages/ddbot_msgs-0.0.0-py3.10.egg-info/SOURCES.txt
[3.354s] -- Installing: /home/rosuser/ddbot_ws/install/ddbot_msgs/local/lib/python3.10/dist-packages/ddbot_msgs-0.0.0-py3.10.egg-info/dependency_links.txt
[3.354s] -- Installing: /home/rosuser/ddbot_ws/install/ddbot_msgs/local/lib/python3.10/dist-packages/ddbot_msgs-0.0.0-py3.10.egg-info/PKG-INFO
[3.354s] -- Installing: /home/rosuser/ddbot_ws/install/ddbot_msgs/local/lib/python3.10/dist-packages/ddbot_msgs-0.0.0-py3.10.egg-info/top_level.txt
[3.354s] -- Installing: /home/rosuser/ddbot_ws/install/ddbot_msgs/local/lib/python3.10/dist-packages/ddbot_msgs
[3.354s] -- Installing: /home/rosuser/ddbot_ws/install/ddbot_msgs/local/lib/python3.10/dist-packages/ddbot_msgs/_ddbot_msgs_s.ep.rosidl_typesupport_fastrtps_c.c
[3.354s] -- Installing: /home/rosuser/ddbot_ws/install/ddbot_msgs/local/lib/python3.10/dist-packages/ddbot_msgs/_ddbot_msgs_s.ep.rosidl_typesupport_introspection_c.c
[3.354s] -- Installing: /home/rosuser/ddbot_ws/install/ddbot_msgs/local/lib/python3.10/dist-packages/ddbot_msgs/srv
[3.354s] -- Installing: /home/rosuser/ddbot_ws/install/ddbot_msgs/local/lib/python3.10/dist-packages/ddbot_msgs/srv/_add_two_ints.py
[3.354s] -- Installing: /home/rosuser/ddbot_ws/install/ddbot_msgs/local/lib/python3.10/dist-packages/ddbot_msgs/srv/_add_two_ints_s.c
[3.354s] -- Installing: /home/rosuser/ddbot_ws/install/ddbot_msgs/local/lib/python3.10/dist-packages/ddbot_msgs/srv/__init__.py
[3.355s] -- Installing: /home/rosuser/ddbot_ws/install/ddbot_msgs/local/lib/python3.10/dist-packages/ddbot_msgs/ddbot_msgs_s__rosidl_typesupport_fastrtps_c.cpython-310-x86_64-linux-gnu.so
[3.355s] -- Installing: /home/rosuser/ddbot_ws/install/ddbot_msgs/local/lib/python3.10/dist-packages/ddbot_msgs/ddbot_msgs_s__rosidl_typesupport_introspection_c.cpython-310-x86_64-linux-gnu.so
[3.355s] -- Installing: /home/rosuser/ddbot_ws/install/ddbot_msgs/local/lib/python3.10/dist-packages/ddbot_msgs/ddbot_msgs_s__rosidl_typesupport_c.cpython-310-x86_64-linux-gnu.so
[3.355s] -- Installing: /home/rosuser/ddbot_ws/install/ddbot_msgs/local/lib/python3.10/dist-packages/ddbot_msgs/_ddbot_msgs_s.ep.rosidl_typesupport_c.c
[3.355s] -- Installing: /home/rosuser/ddbot_ws/install/ddbot_msgs/local/lib/python3.10/dist-packages/ddbot_msgs/libddbot_msgs__rosidl_generator_py.so
[3.355s] -- Installing: /home/rosuser/ddbot_ws/install/ddbot_msgs/local/lib/python3.10/dist-packages/ddbot_msgs/__init__.py
[3.382s] Listing '/home/rosuser/ddbot_ws/install/ddbot_msgs/local/lib/python3.10/dist-packages/ddbot_msgs'...
[3.382s] Compiling '/home/rosuser/ddbot_ws/install/ddbot_msgs/local/lib/python3.10/dist-packages/ddbot_msgs/__init__.py'...
[3.383s] Listing '/home/rosuser/ddbot_ws/install/ddbot_msgs/local/lib/python3.10/dist-packages/ddbot_msgs/srv'...
[3.383s] Compiling '/home/rosuser/ddbot_ws/install/ddbot_msgs/local/lib/python3.10/dist-packages/ddbot_msgs/srv/__init__.py'...
[3.383s] Compiling '/home/rosuser/ddbot_ws/install/ddbot_msgs/local/lib/python3.10/dist-packages/ddbot_msgs/srv/_add_two_ints.py'...
[3.386s] -- Installing: /home/rosuser/ddbot_ws/install/ddbot_msgs/local/lib/python3.10/dist-packages/ddbot_msgs/ddbot_msgs_s__rosidl_typesupport_fastrtps_c.cpython-310-x86_64-linux-gnu.so
[3.386s] -- Set runtime path of "/home/rosuser/ddbot_ws/install/ddbot_msgs/local/lib/python3.10/dist-packages/ddbot_msgs/ddbot_msgs_s__rosidl_typesupport_fastrtps_c.cpython-310-x86_64-linux-gnu.so" to ""
[3.387s] -- Installing: /home/rosuser/ddbot_ws/install/ddbot_msgs/local/lib/python3.10/dist-packages/ddbot_msgs/ddbot_msgs_s__rosidl_typesupport_introspection_c.cpython-310-x86_64-linux-gnu.so
[3.387s] -- Set runtime path of "/home/rosuser/ddbot_ws/install/ddbot_msgs/local/lib/python3.10/dist-packages/ddbot_msgs/ddbot_msgs_s__rosidl_typesupport_introspection_c.cpython-310-x86_64-linux-gnu.so" to ""
[3.387s] -- Installing: /home/rosuser/ddbot_ws/install/ddbot_msgs/local/lib/python3.10/dist-packages/ddbot_msgs/ddbot_msgs_s__rosidl_typesupport_c.cpython-310-x86_64-linux-gnu.so
[3.387s] -- Set runtime path of "/home/rosuser/ddbot_ws/install/ddbot_msgs/local/lib/python3.10/dist-packages/ddbot_msgs/ddbot_msgs_s__rosidl_typesupport_c.cpython-310-x86_64-linux-gnu.so" to ""
[3.388s] -- Installing: /home/rosuser/ddbot_ws/install/ddbot_msgs/lib/libddbot_msgs__rosidl_generator_py.so
[3.388s] -- Set runtime path of "/home/rosuser/ddbot_ws/install/ddbot_msgs/lib/libddbot_msgs__rosidl_generator_py.so" to ""
[3.388s] -- Installing: /home/rosuser/ddbot_ws/install/ddbot_msgs/share/ddbot_msgs/srv/AddTwoInts.idl
[3.388s] -- Installing: /home/rosuser/ddbot_ws/install/ddbot_msgs/share/ddbot_msgs/srv/AddTwoInts.srv
[3.388s] -- Installing: /home/rosuser/ddbot_ws/install/ddbot_msgs/share/ddbot_msgs/srv/AddTwoInts_Request.msg
[3.388s] -- Installing: /home/rosuser/ddbot_ws/install/ddbot_msgs/share/ddbot_msgs/srv/AddTwoInts_Response.msg
[3.388s] -- Installing: /home/rosuser/ddbot_ws/install/ddbot_msgs/share/ament_index/resource_index/package_run_dependencies/ddbot_msgs
[3.388s] -- Installing: /home/rosuser/ddbot_ws/install/ddbot_msgs/share/ament_index/resource_index/parent_prefix_path/ddbot_msgs
[3.389s] -- Up-to-date: /home/rosuser/ddbot_ws/install/ddbot_msgs/share/ddbot_msgs/environment/ament_prefix_path.sh
[3.389s] -- Installing: /home/rosuser/ddbot_ws/install/ddbot_msgs/share/ddbot_msgs/environment/ament_prefix_path.dsv
[3.389s] -- Up-to-date: /home/rosuser/ddbot_ws/install/ddbot_msgs/share/ddbot_msgs/environment/path.sh
[3.389s] -- Installing: /home/rosuser/ddbot_ws/install/ddbot_msgs/share/ddbot_msgs/environment/path.dsv
[3.389s] -- Up-to-date: /home/rosuser/ddbot_ws/install/ddbot_msgs/share/ddbot_msgs/local_setup.bash
[3.389s] -- Installing: /home/rosuser/ddbot_ws/install/ddbot_msgs/share/ddbot_msgs/local_setup.sh
[3.389s] -- Up-to-date: /home/rosuser/ddbot_ws/install/ddbot_msgs/share/ddbot_msgs/local_setup.zsh
[3.389s] -- Installing: /home/rosuser/ddbot_ws/install/ddbot_msgs/share/ddbot_msgs/local_setup.dsv
[3.389s] -- Installing: /home/rosuser/ddbot_ws/install/ddbot_msgs/share/ddbot_msgs/package.dsv
[3.390s] -- Up-to-date: /home/rosuser/ddbot_ws/install/ddbot_msgs/share/ament_index/resource_index/packages/ddbot_msgs
[3.390s] -- Installing: /home/rosuser/ddbot_ws/install/ddbot_msgs/share/ddbot_msgs/cmake/export_ddbot_msgs__rosidl_generator_cExport.cmake
[3.390s] -- Installing: /home/rosuser/ddbot_ws/install/ddbot_msgs/share/ddbot_msgs/cmake/export_ddbot_msgs__rosidl_generator_cExport-noconfig.cmake
[3.390s] -- Installing: /home/rosuser/ddbot_ws/install/ddbot_msgs/share/ddbot_msgs/cmake/export_ddbot_msgs__rosidl_typesupport_fastrtps_cExport.cmake
[3.390s] -- Installing: /home/rosuser/ddbot_ws/install/ddbot_msgs/share/ddbot_msgs/cmake/export_ddbot_msgs__rosidl_typesupport_fastrtps_cExport-noconfig.cmake
[3.390s] -- Installing: /home/rosuser/ddbot_ws/install/ddbot_msgs/share/ddbot_msgs/cmake/export_ddbot_msgs__rosidl_generator_cppExport.cmake
[3.390s] -- Installing: /home/rosuser/ddbot_ws/install/ddbot_msgs/share/ddbot_msgs/cmake/export_ddbot_msgs__rosidl_typesupport_fastrtps_cppExport.cmake
[3.390s] -- Installing: /home/rosuser/ddbot_ws/install/ddbot_msgs/share/ddbot_msgs/cmake/export_ddbot_msgs__rosidl_typesupport_fastrtps_cppExport-noconfig.cmake
[3.390s] -- Installing: /home/rosuser/ddbot_ws/install/ddbot_msgs/share/ddbot_msgs/cmake/ddbot_msgs__rosidl_typesupport_introspection_cExport.cmake
[3.390s] -- Installing: /home/rosuser/ddbot_ws/install/ddbot_msgs/share/ddbot_msgs/cmake/ddbot_msgs__rosidl_typesupport_introspection_cExport-noconfig.cmake
[3.390s] -- Installing: /home/rosuser/ddbot_ws/install/ddbot_msgs/share/ddbot_msgs/cmake/ddbot_msgs__rosidl_typesupport_cExport.cmake
[3.391s] -- Installing: /home/rosuser/ddbot_ws/install/ddbot_msgs/share/ddbot_msgs/cmake/ddbot_msgs__rosidl_typesupport_cExport-noconfig.cmake
[3.391s] -- Installing: /home/rosuser/ddbot_ws/install/ddbot_msgs/share/ddbot_msgs/cmake/ddbot_msgs__rosidl_typesupport_introspection_cppExport.cmake
[3.391s] -- Installing: /home/rosuser/ddbot_ws/install/ddbot_msgs/share/ddbot_msgs/cmake/ddbot_msgs__rosidl_typesupport_introspection_cppExport-noconfig.cmake
[3.391s] -- Installing: /home/rosuser/ddbot_ws/install/ddbot_msgs/share/ddbot_msgs/cmake/ddbot_msgs__rosidl_typesupport_cppExport.cmake
[3.391s] -- Installing: /home/rosuser/ddbot_ws/install/ddbot_msgs/share/ddbot_msgs/cmake/ddbot_msgs__rosidl_typesupport_cppExport-noconfig.cmake
[3.391s] -- Installing: /home/rosuser/ddbot_ws/install/ddbot_msgs/share/ddbot_msgs/cmake/export_ddbot_msgs__rosidl_generator_pyExport.cmake
[3.391s] -- Installing: /home/rosuser/ddbot_ws/install/ddbot_msgs/share/ddbot_msgs/cmake/export_ddbot_msgs__rosidl_generator_pyExport-noconfig.cmake
[3.391s] -- Installing: /home/rosuser/ddbot_ws/install/ddbot_msgs/share/ddbot_msgs/cmake/rosidl_cmake-extras.cmake
[3.391s] -- Installing: /home/rosuser/ddbot_ws/install/ddbot_msgs/share/ddbot_msgs/cmake/ament_cmake_export_include_directories-extras.cmake
[3.392s] -- Installing: /home/rosuser/ddbot_ws/install/ddbot_msgs/share/ddbot_msgs/cmake/ament_cmake_export_libraries-extras.cmake
[3.392s] -- Installing: /home/rosuser/ddbot_ws/install/ddbot_msgs/share/ddbot_msgs/cmake/ament_cmake_export_targets-extras.cmake
[3.392s] -- Installing: /home/rosuser/ddbot_ws/install/ddbot_msgs/share/ddbot_msgs/cmake/rosidl_cmake_export_typesupport_targets-extras.cmake
[3.392s] -- Installing: /home/rosuser/ddbot_ws/install/ddbot_msgs/share/ddbot_msgs/cmake/ament_cmake_export_dependencies-extras.cmake
[3.392s] -- Installing: /home/rosuser/ddbot_ws/install/ddbot_msgs/share/ddbot_msgs/cmake/rosidl_cmake_export_typesupport_libraries-extras.cmake
[3.392s] -- Installing: /home/rosuser/ddbot_ws/install/ddbot_msgs/share/ddbot_msgs/cmake/ddbot_msgsConfig.cmake
[3.392s] -- Up-to-date: /home/rosuser/ddbot_ws/install/ddbot_msgs/share/ddbot_msgs/cmake/ddbot_msgsConfig-version.cmake
[3.392s] -- Installing: /home/rosuser/ddbot_ws/install/ddbot_msgs/share/ddbot_msgs/package.xml
[3.394s] Invoked command in '/home/rosuser/ddbot_ws/build/ddbot_msgs' returned '0': CMAKE_PREFIX_PATH=${CMAKE_PREFIX_PATH}:/home/rosuser/ddbot_ws/install/ddbot_py_examples:/opt/ros/humble /usr/bin/cmake --install /home/rosuser/ddbot_ws/build/ddbot_msgs
